[0.069s] Invoking command in '/home/lemmy/robotis_ws/build/joystick_listener': CMAKE_PREFIX_PATH=/home/lemmy/robotis_ws/install/dynamixel_sdk_custom_interfaces:/home/lemmy/robotis_ws/install/joystick_listener:/home/lemmy/robotis_ws/install/dynamixel_sdk_examples:/home/lemmy/robotis_ws/install/dynamixel_sdk:/home/lemmy/ros2_ws/install/pantilt_bot_description:/home/lemmy/ros2_ws/install/open_manipulator_x_description:/home/lemmy/ros2_ws/install/dynamixel_hardware:/home/lemmy/robotis_ws/install/wheels_control:/home/lemmy/ros2_ws/install/my_robot_controller:/opt/ros/humble LD_LIBRARY_PATH=/home/lemmy/robotis_ws/install/dynamixel_sdk_custom_interfaces/lib:/home/lemmy/robotis_ws/install/joystick_listener/lib:/home/lemmy/robotis_ws/install/dynamixel_sdk/lib:/home/lemmy/ros2_ws/install/dynamixel_hardware/lib:/opt/ros/humble/opt/rviz_ogre_vendor/lib:/opt/ros/humble/lib/aarch64-linux-gnu:/opt/ros/humble/lib /usr/bin/cmake --build /home/lemmy/robotis_ws/build/joystick_listener -- -j4 -l4
[0.392s] [  3%] Built target joystick_listener__cpp
[0.452s] [ 12%] Built target joystick_listener__rosidl_generator_c
[0.540s] [ 12%] Built target ament_cmake_python_copy_joystick_listener
[0.600s] [ 22%] Built target joystick_listener__rosidl_typesupport_cpp
[0.643s] [ 32%] Built target joystick_listener__rosidl_typesupport_fastrtps_cpp
[0.684s] [ 41%] Built target joystick_listener__rosidl_typesupport_introspection_cpp
[0.721s] [ 51%] Built target joystick_listener__rosidl_typesupport_fastrtps_c
[0.756s] [ 61%] Built target joystick_listener__rosidl_typesupport_introspection_c
[0.766s] [ 70%] Built target joystick_listener__rosidl_typesupport_c
[0.865s] [ 70%] Built target joystick_listener
[0.975s] [ 74%] Built target joystick_listener__py
[1.085s] [ 80%] Built target joystick_listener__rosidl_generator_py
[1.211s] [ 87%] Built target joystick_listener__rosidl_typesupport_fastrtps_c__pyext
[1.251s] [ 93%] Built target joystick_listener__rosidl_typesupport_c__pyext
[1.258s] [100%] Built target joystick_listener__rosidl_typesupport_introspection_c__pyext
[1.990s] running egg_info
[1.993s] writing joystick_listener.egg-info/PKG-INFO
[1.994s] writing dependency_links to joystick_listener.egg-info/dependency_links.txt
[1.995s] writing top-level names to joystick_listener.egg-info/top_level.txt
[2.005s] reading manifest file 'joystick_listener.egg-info/SOURCES.txt'
[2.008s] writing manifest file 'joystick_listener.egg-info/SOURCES.txt'
[2.142s] [100%] Built target ament_cmake_python_build_joystick_listener_egg
[2.189s] Invoked command in '/home/lemmy/robotis_ws/build/joystick_listener' returned '0': CMAKE_PREFIX_PATH=/home/lemmy/robotis_ws/install/dynamixel_sdk_custom_interfaces:/home/lemmy/robotis_ws/install/joystick_listener:/home/lemmy/robotis_ws/install/dynamixel_sdk_examples:/home/lemmy/robotis_ws/install/dynamixel_sdk:/home/lemmy/ros2_ws/install/pantilt_bot_description:/home/lemmy/ros2_ws/install/open_manipulator_x_description:/home/lemmy/ros2_ws/install/dynamixel_hardware:/home/lemmy/robotis_ws/install/wheels_control:/home/lemmy/ros2_ws/install/my_robot_controller:/opt/ros/humble LD_LIBRARY_PATH=/home/lemmy/robotis_ws/install/dynamixel_sdk_custom_interfaces/lib:/home/lemmy/robotis_ws/install/joystick_listener/lib:/home/lemmy/robotis_ws/install/dynamixel_sdk/lib:/home/lemmy/ros2_ws/install/dynamixel_hardware/lib:/opt/ros/humble/opt/rviz_ogre_vendor/lib:/opt/ros/humble/lib/aarch64-linux-gnu:/opt/ros/humble/lib /usr/bin/cmake --build /home/lemmy/robotis_ws/build/joystick_listener -- -j4 -l4
[2.644s] Invoking command in '/home/lemmy/robotis_ws/build/joystick_listener': CMAKE_PREFIX_PATH=/home/lemmy/robotis_ws/install/dynamixel_sdk_custom_interfaces:/home/lemmy/robotis_ws/install/joystick_listener:/home/lemmy/robotis_ws/install/dynamixel_sdk_examples:/home/lemmy/robotis_ws/install/dynamixel_sdk:/home/lemmy/ros2_ws/install/pantilt_bot_description:/home/lemmy/ros2_ws/install/open_manipulator_x_description:/home/lemmy/ros2_ws/install/dynamixel_hardware:/home/lemmy/robotis_ws/install/wheels_control:/home/lemmy/ros2_ws/install/my_robot_controller:/opt/ros/humble LD_LIBRARY_PATH=/home/lemmy/robotis_ws/install/dynamixel_sdk_custom_interfaces/lib:/home/lemmy/robotis_ws/install/joystick_listener/lib:/home/lemmy/robotis_ws/install/dynamixel_sdk/lib:/home/lemmy/ros2_ws/install/dynamixel_hardware/lib:/opt/ros/humble/opt/rviz_ogre_vendor/lib:/opt/ros/humble/lib/aarch64-linux-gnu:/opt/ros/humble/lib /usr/bin/cmake --install /home/lemmy/robotis_ws/build/joystick_listener
[2.678s] -- Install configuration: ""
[2.678s] -- Up-to-date: /home/lemmy/robotis_ws/install/joystick_listener/share/ament_index/resource_index/rosidl_interfaces/joystick_listener
[2.679s] -- Up-to-date: /home/lemmy/robotis_ws/install/joystick_listener/include/joystick_listener/joystick_listener
[2.679s] -- Up-to-date: /home/lemmy/robotis_ws/install/joystick_listener/include/joystick_listener/joystick_listener/msg
[2.680s] -- Up-to-date: /home/lemmy/robotis_ws/install/joystick_listener/include/joystick_listener/joystick_listener/msg/joystick_command.h
[2.680s] -- Up-to-date: /home/lemmy/robotis_ws/install/joystick_listener/include/joystick_listener/joystick_listener/msg/detail
[2.680s] -- Up-to-date: /home/lemmy/robotis_ws/install/joystick_listener/include/joystick_listener/joystick_listener/msg/detail/joystick_command__type_support.h
[2.681s] -- Up-to-date: /home/lemmy/robotis_ws/install/joystick_listener/include/joystick_listener/joystick_listener/msg/detail/joystick_command__functions.h
[2.681s] -- Up-to-date: /home/lemmy/robotis_ws/install/joystick_listener/include/joystick_listener/joystick_listener/msg/detail/joystick_command__functions.c
[2.681s] -- Up-to-date: /home/lemmy/robotis_ws/install/joystick_listener/include/joystick_listener/joystick_listener/msg/detail/joystick_command__struct.h
[2.682s] -- Up-to-date: /home/lemmy/robotis_ws/install/joystick_listener/include/joystick_listener/joystick_listener/msg/rosidl_generator_c__visibility_control.h
[2.682s] -- Up-to-date: /home/lemmy/robotis_ws/install/joystick_listener/share/joystick_listener/environment/library_path.sh
[2.683s] -- Up-to-date: /home/lemmy/robotis_ws/install/joystick_listener/share/joystick_listener/environment/library_path.dsv
[2.683s] -- Up-to-date: /home/lemmy/robotis_ws/install/joystick_listener/lib/libjoystick_listener__rosidl_generator_c.so
[2.685s] -- Up-to-date: /home/lemmy/robotis_ws/install/joystick_listener/include/joystick_listener/joystick_listener
[2.685s] -- Up-to-date: /home/lemmy/robotis_ws/install/joystick_listener/include/joystick_listener/joystick_listener/msg
[2.686s] -- Up-to-date: /home/lemmy/robotis_ws/install/joystick_listener/include/joystick_listener/joystick_listener/msg/rosidl_typesupport_fastrtps_c__visibility_control.h
[2.686s] -- Up-to-date: /home/lemmy/robotis_ws/install/joystick_listener/include/joystick_listener/joystick_listener/msg/detail
[2.686s] -- Up-to-date: /home/lemmy/robotis_ws/install/joystick_listener/include/joystick_listener/joystick_listener/msg/detail/joystick_command__rosidl_typesupport_fastrtps_c.h
[2.688s] -- Up-to-date: /home/lemmy/robotis_ws/install/joystick_listener/lib/libjoystick_listener__rosidl_typesupport_fastrtps_c.so
[2.689s] -- Up-to-date: /home/lemmy/robotis_ws/install/joystick_listener/include/joystick_listener/joystick_listener
[2.689s] -- Up-to-date: /home/lemmy/robotis_ws/install/joystick_listener/include/joystick_listener/joystick_listener/msg
[2.690s] -- Up-to-date: /home/lemmy/robotis_ws/install/joystick_listener/include/joystick_listener/joystick_listener/msg/joystick_command.hpp
[2.690s] -- Up-to-date: /home/lemmy/robotis_ws/install/joystick_listener/include/joystick_listener/joystick_listener/msg/detail
[2.690s] -- Up-to-date: /home/lemmy/robotis_ws/install/joystick_listener/include/joystick_listener/joystick_listener/msg/detail/joystick_command__builder.hpp
[2.691s] -- Up-to-date: /home/lemmy/robotis_ws/install/joystick_listener/include/joystick_listener/joystick_listener/msg/detail/joystick_command__traits.hpp
[2.691s] -- Up-to-date: /home/lemmy/robotis_ws/install/joystick_listener/include/joystick_listener/joystick_listener/msg/detail/joystick_command__struct.hpp
[2.692s] -- Up-to-date: /home/lemmy/robotis_ws/install/joystick_listener/include/joystick_listener/joystick_listener
[2.692s] -- Up-to-date: /home/lemmy/robotis_ws/install/joystick_listener/include/joystick_listener/joystick_listener/msg
[2.692s] -- Up-to-date: /home/lemmy/robotis_ws/install/joystick_listener/include/joystick_listener/joystick_listener/msg/rosidl_typesupport_fastrtps_cpp__visibility_control.h
[2.693s] -- Up-to-date: /home/lemmy/robotis_ws/install/joystick_listener/include/joystick_listener/joystick_listener/msg/detail
[2.693s] -- Up-to-date: /home/lemmy/robotis_ws/install/joystick_listener/include/joystick_listener/joystick_listener/msg/detail/dds_fastrtps
[2.693s] -- Up-to-date: /home/lemmy/robotis_ws/install/joystick_listener/include/joystick_listener/joystick_listener/msg/detail/joystick_command__rosidl_typesupport_fastrtps_cpp.hpp
[2.694s] -- Up-to-date: /home/lemmy/robotis_ws/install/joystick_listener/lib/libjoystick_listener__rosidl_typesupport_fastrtps_cpp.so
[2.695s] -- Up-to-date: /home/lemmy/robotis_ws/install/joystick_listener/include/joystick_listener/joystick_listener
[2.696s] -- Up-to-date: /home/lemmy/robotis_ws/install/joystick_listener/include/joystick_listener/joystick_listener/msg
[2.696s] -- Up-to-date: /home/lemmy/robotis_ws/install/joystick_listener/include/joystick_listener/joystick_listener/msg/detail
[2.696s] -- Up-to-date: /home/lemmy/robotis_ws/install/joystick_listener/include/joystick_listener/joystick_listener/msg/detail/joystick_command__type_support.c
[2.697s] -- Up-to-date: /home/lemmy/robotis_ws/install/joystick_listener/include/joystick_listener/joystick_listener/msg/detail/joystick_command__rosidl_typesupport_introspection_c.h
[2.697s] -- Up-to-date: /home/lemmy/robotis_ws/install/joystick_listener/include/joystick_listener/joystick_listener/msg/rosidl_typesupport_introspection_c__visibility_control.h
[2.698s] -- Up-to-date: /home/lemmy/robotis_ws/install/joystick_listener/lib/libjoystick_listener__rosidl_typesupport_introspection_c.so
[2.700s] -- Up-to-date: /home/lemmy/robotis_ws/install/joystick_listener/lib/libjoystick_listener__rosidl_typesupport_c.so
[2.701s] -- Up-to-date: /home/lemmy/robotis_ws/install/joystick_listener/include/joystick_listener/joystick_listener
[2.702s] -- Up-to-date: /home/lemmy/robotis_ws/install/joystick_listener/include/joystick_listener/joystick_listener/msg
[2.702s] -- Up-to-date: /home/lemmy/robotis_ws/install/joystick_listener/include/joystick_listener/joystick_listener/msg/detail
[2.702s] -- Up-to-date: /home/lemmy/robotis_ws/install/joystick_listener/include/joystick_listener/joystick_listener/msg/detail/joystick_command__type_support.cpp
[2.703s] -- Up-to-date: /home/lemmy/robotis_ws/install/joystick_listener/include/joystick_listener/joystick_listener/msg/detail/joystick_command__rosidl_typesupport_introspection_cpp.hpp
[2.704s] -- Up-to-date: /home/lemmy/robotis_ws/install/joystick_listener/lib/libjoystick_listener__rosidl_typesupport_introspection_cpp.so
[2.706s] -- Up-to-date: /home/lemmy/robotis_ws/install/joystick_listener/lib/libjoystick_listener__rosidl_typesupport_cpp.so
[2.707s] -- Up-to-date: /home/lemmy/robotis_ws/install/joystick_listener/share/joystick_listener/environment/pythonpath.sh
[2.707s] -- Up-to-date: /home/lemmy/robotis_ws/install/joystick_listener/share/joystick_listener/environment/pythonpath.dsv
[2.707s] -- Up-to-date: /home/lemmy/robotis_ws/install/joystick_listener/local/lib/python3.10/dist-packages/joystick_listener-0.0.0-py3.10.egg-info
[2.708s] -- Installing: /home/lemmy/robotis_ws/install/joystick_listener/local/lib/python3.10/dist-packages/joystick_listener-0.0.0-py3.10.egg-info/SOURCES.txt
[2.709s] -- Installing: /home/lemmy/robotis_ws/install/joystick_listener/local/lib/python3.10/dist-packages/joystick_listener-0.0.0-py3.10.egg-info/dependency_links.txt
[2.711s] -- Installing: /home/lemmy/robotis_ws/install/joystick_listener/local/lib/python3.10/dist-packages/joystick_listener-0.0.0-py3.10.egg-info/PKG-INFO
[2.712s] -- Installing: /home/lemmy/robotis_ws/install/joystick_listener/local/lib/python3.10/dist-packages/joystick_listener-0.0.0-py3.10.egg-info/top_level.txt
[2.713s] -- Up-to-date: /home/lemmy/robotis_ws/install/joystick_listener/local/lib/python3.10/dist-packages/joystick_listener
[2.714s] -- Up-to-date: /home/lemmy/robotis_ws/install/joystick_listener/local/lib/python3.10/dist-packages/joystick_listener/__init__.py
[2.714s] -- Up-to-date: /home/lemmy/robotis_ws/install/joystick_listener/local/lib/python3.10/dist-packages/joystick_listener/libjoystick_listener__rosidl_generator_py.so
[2.714s] -- Up-to-date: /home/lemmy/robotis_ws/install/joystick_listener/local/lib/python3.10/dist-packages/joystick_listener/joystick_listener_s__rosidl_typesupport_c.cpython-310-aarch64-linux-gnu.so
[2.715s] -- Up-to-date: /home/lemmy/robotis_ws/install/joystick_listener/local/lib/python3.10/dist-packages/joystick_listener/_joystick_listener_s.ep.rosidl_typesupport_c.c
[2.715s] -- Up-to-date: /home/lemmy/robotis_ws/install/joystick_listener/local/lib/python3.10/dist-packages/joystick_listener/_joystick_listener_s.ep.rosidl_typesupport_introspection_c.c
[2.715s] -- Up-to-date: /home/lemmy/robotis_ws/install/joystick_listener/local/lib/python3.10/dist-packages/joystick_listener/_joystick_listener_s.ep.rosidl_typesupport_fastrtps_c.c
[2.716s] -- Up-to-date: /home/lemmy/robotis_ws/install/joystick_listener/local/lib/python3.10/dist-packages/joystick_listener/joystick_listener_s__rosidl_typesupport_fastrtps_c.cpython-310-aarch64-linux-gnu.so
[2.716s] -- Up-to-date: /home/lemmy/robotis_ws/install/joystick_listener/local/lib/python3.10/dist-packages/joystick_listener/msg
[2.716s] -- Up-to-date: /home/lemmy/robotis_ws/install/joystick_listener/local/lib/python3.10/dist-packages/joystick_listener/msg/__init__.py
[2.717s] -- Up-to-date: /home/lemmy/robotis_ws/install/joystick_listener/local/lib/python3.10/dist-packages/joystick_listener/msg/_joystick_command_s.c
[2.717s] -- Up-to-date: /home/lemmy/robotis_ws/install/joystick_listener/local/lib/python3.10/dist-packages/joystick_listener/msg/_joystick_command.py
[2.718s] -- Up-to-date: /home/lemmy/robotis_ws/install/joystick_listener/local/lib/python3.10/dist-packages/joystick_listener/joystick_listener_s__rosidl_typesupport_introspection_c.cpython-310-aarch64-linux-gnu.so
[2.866s] Listing '/home/lemmy/robotis_ws/install/joystick_listener/local/lib/python3.10/dist-packages/joystick_listener'...
[2.867s] Listing '/home/lemmy/robotis_ws/install/joystick_listener/local/lib/python3.10/dist-packages/joystick_listener/msg'...
[2.888s] -- Up-to-date: /home/lemmy/robotis_ws/install/joystick_listener/local/lib/python3.10/dist-packages/joystick_listener/joystick_listener_s__rosidl_typesupport_fastrtps_c.cpython-310-aarch64-linux-gnu.so
[2.890s] -- Up-to-date: /home/lemmy/robotis_ws/install/joystick_listener/local/lib/python3.10/dist-packages/joystick_listener/joystick_listener_s__rosidl_typesupport_introspection_c.cpython-310-aarch64-linux-gnu.so
[2.893s] -- Up-to-date: /home/lemmy/robotis_ws/install/joystick_listener/local/lib/python3.10/dist-packages/joystick_listener/joystick_listener_s__rosidl_typesupport_c.cpython-310-aarch64-linux-gnu.so
[2.895s] -- Up-to-date: /home/lemmy/robotis_ws/install/joystick_listener/lib/libjoystick_listener__rosidl_generator_py.so
[2.896s] -- Up-to-date: /home/lemmy/robotis_ws/install/joystick_listener/share/joystick_listener/msg/JoystickCommand.idl
[2.897s] -- Up-to-date: /home/lemmy/robotis_ws/install/joystick_listener/share/joystick_listener/msg/JoystickCommand.msg
[2.897s] -- Up-to-date: /home/lemmy/robotis_ws/install/joystick_listener/lib/joystick_listener/joystick_control.py
[2.898s] -- Up-to-date: /home/lemmy/robotis_ws/install/joystick_listener/share/joystick_listener/launch
[2.898s] -- Up-to-date: /home/lemmy/robotis_ws/install/joystick_listener/share/joystick_listener/launch/joystick_listener.launch.py
[2.899s] -- Up-to-date: /home/lemmy/robotis_ws/install/joystick_listener/share/ament_index/resource_index/package_run_dependencies/joystick_listener
[2.899s] -- Up-to-date: /home/lemmy/robotis_ws/install/joystick_listener/share/ament_index/resource_index/parent_prefix_path/joystick_listener
[2.900s] -- Up-to-date: /home/lemmy/robotis_ws/install/joystick_listener/share/joystick_listener/environment/ament_prefix_path.sh
[2.900s] -- Up-to-date: /home/lemmy/robotis_ws/install/joystick_listener/share/joystick_listener/environment/ament_prefix_path.dsv
[2.901s] -- Up-to-date: /home/lemmy/robotis_ws/install/joystick_listener/share/joystick_listener/environment/path.sh
[2.901s] -- Up-to-date: /home/lemmy/robotis_ws/install/joystick_listener/share/joystick_listener/environment/path.dsv
[2.901s] -- Up-to-date: /home/lemmy/robotis_ws/install/joystick_listener/share/joystick_listener/local_setup.bash
[2.902s] -- Up-to-date: /home/lemmy/robotis_ws/install/joystick_listener/share/joystick_listener/local_setup.sh
[2.902s] -- Up-to-date: /home/lemmy/robotis_ws/install/joystick_listener/share/joystick_listener/local_setup.zsh
[2.903s] -- Up-to-date: /home/lemmy/robotis_ws/install/joystick_listener/share/joystick_listener/local_setup.dsv
[2.903s] -- Installing: /home/lemmy/robotis_ws/install/joystick_listener/share/joystick_listener/package.dsv
[2.903s] -- Up-to-date: /home/lemmy/robotis_ws/install/joystick_listener/share/ament_index/resource_index/packages/joystick_listener
[2.904s] -- Up-to-date: /home/lemmy/robotis_ws/install/joystick_listener/share/joystick_listener/cmake/export_joystick_listener__rosidl_generator_cExport.cmake
[2.905s] -- Up-to-date: /home/lemmy/robotis_ws/install/joystick_listener/share/joystick_listener/cmake/export_joystick_listener__rosidl_generator_cExport-noconfig.cmake
[2.906s] -- Up-to-date: /home/lemmy/robotis_ws/install/joystick_listener/share/joystick_listener/cmake/export_joystick_listener__rosidl_typesupport_fastrtps_cExport.cmake
[2.906s] -- Up-to-date: /home/lemmy/robotis_ws/install/joystick_listener/share/joystick_listener/cmake/export_joystick_listener__rosidl_typesupport_fastrtps_cExport-noconfig.cmake
[2.907s] -- Up-to-date: /home/lemmy/robotis_ws/install/joystick_listener/share/joystick_listener/cmake/export_joystick_listener__rosidl_generator_cppExport.cmake
[2.908s] -- Up-to-date: /home/lemmy/robotis_ws/install/joystick_listener/share/joystick_listener/cmake/export_joystick_listener__rosidl_typesupport_fastrtps_cppExport.cmake
[2.908s] -- Up-to-date: /home/lemmy/robotis_ws/install/joystick_listener/share/joystick_listener/cmake/export_joystick_listener__rosidl_typesupport_fastrtps_cppExport-noconfig.cmake
[2.909s] -- Up-to-date: /home/lemmy/robotis_ws/install/joystick_listener/share/joystick_listener/cmake/joystick_listener__rosidl_typesupport_introspection_cExport.cmake
[2.910s] -- Up-to-date: /home/lemmy/robotis_ws/install/joystick_listener/share/joystick_listener/cmake/joystick_listener__rosidl_typesupport_introspection_cExport-noconfig.cmake
[2.910s] -- Up-to-date: /home/lemmy/robotis_ws/install/joystick_listener/share/joystick_listener/cmake/joystick_listener__rosidl_typesupport_cExport.cmake
[2.911s] -- Up-to-date: /home/lemmy/robotis_ws/install/joystick_listener/share/joystick_listener/cmake/joystick_listener__rosidl_typesupport_cExport-noconfig.cmake
[2.911s] -- Up-to-date: /home/lemmy/robotis_ws/install/joystick_listener/share/joystick_listener/cmake/joystick_listener__rosidl_typesupport_introspection_cppExport.cmake
[2.912s] -- Up-to-date: /home/lemmy/robotis_ws/install/joystick_listener/share/joystick_listener/cmake/joystick_listener__rosidl_typesupport_introspection_cppExport-noconfig.cmake
[2.913s] -- Up-to-date: /home/lemmy/robotis_ws/install/joystick_listener/share/joystick_listener/cmake/joystick_listener__rosidl_typesupport_cppExport.cmake
[2.913s] -- Up-to-date: /home/lemmy/robotis_ws/install/joystick_listener/share/joystick_listener/cmake/joystick_listener__rosidl_typesupport_cppExport-noconfig.cmake
[2.914s] -- Up-to-date: /home/lemmy/robotis_ws/install/joystick_listener/share/joystick_listener/cmake/export_joystick_listener__rosidl_generator_pyExport.cmake
[2.915s] -- Up-to-date: /home/lemmy/robotis_ws/install/joystick_listener/share/joystick_listener/cmake/export_joystick_listener__rosidl_generator_pyExport-noconfig.cmake
[2.915s] -- Up-to-date: /home/lemmy/robotis_ws/install/joystick_listener/share/joystick_listener/cmake/rosidl_cmake-extras.cmake
[2.915s] -- Up-to-date: /home/lemmy/robotis_ws/install/joystick_listener/share/joystick_listener/cmake/ament_cmake_export_include_directories-extras.cmake
[2.916s] -- Up-to-date: /home/lemmy/robotis_ws/install/joystick_listener/share/joystick_listener/cmake/ament_cmake_export_libraries-extras.cmake
[2.916s] -- Up-to-date: /home/lemmy/robotis_ws/install/joystick_listener/share/joystick_listener/cmake/ament_cmake_export_targets-extras.cmake
[2.917s] -- Up-to-date: /home/lemmy/robotis_ws/install/joystick_listener/share/joystick_listener/cmake/rosidl_cmake_export_typesupport_targets-extras.cmake
[2.917s] -- Up-to-date: /home/lemmy/robotis_ws/install/joystick_listener/share/joystick_listener/cmake/ament_cmake_export_dependencies-extras.cmake
[2.917s] -- Up-to-date: /home/lemmy/robotis_ws/install/joystick_listener/share/joystick_listener/cmake/rosidl_cmake_export_typesupport_libraries-extras.cmake
[2.918s] -- Up-to-date: /home/lemmy/robotis_ws/install/joystick_listener/share/joystick_listener/cmake/joystick_listenerConfig.cmake
[2.918s] -- Up-to-date: /home/lemmy/robotis_ws/install/joystick_listener/share/joystick_listener/cmake/joystick_listenerConfig-version.cmake
[2.919s] -- Up-to-date: /home/lemmy/robotis_ws/install/joystick_listener/share/joystick_listener/package.xml
[2.927s] Invoked command in '/home/lemmy/robotis_ws/build/joystick_listener' returned '0': CMAKE_PREFIX_PATH=/home/lemmy/robotis_ws/install/dynamixel_sdk_custom_interfaces:/home/lemmy/robotis_ws/install/joystick_listener:/home/lemmy/robotis_ws/install/dynamixel_sdk_examples:/home/lemmy/robotis_ws/install/dynamixel_sdk:/home/lemmy/ros2_ws/install/pantilt_bot_description:/home/lemmy/ros2_ws/install/open_manipulator_x_description:/home/lemmy/ros2_ws/install/dynamixel_hardware:/home/lemmy/robotis_ws/install/wheels_control:/home/lemmy/ros2_ws/install/my_robot_controller:/opt/ros/humble LD_LIBRARY_PATH=/home/lemmy/robotis_ws/install/dynamixel_sdk_custom_interfaces/lib:/home/lemmy/robotis_ws/install/joystick_listener/lib:/home/lemmy/robotis_ws/install/dynamixel_sdk/lib:/home/lemmy/ros2_ws/install/dynamixel_hardware/lib:/opt/ros/humble/opt/rviz_ogre_vendor/lib:/opt/ros/humble/lib/aarch64-linux-gnu:/opt/ros/humble/lib /usr/bin/cmake --install /home/lemmy/robotis_ws/build/joystick_listener
