[3.830s] Invoking command in '/home/lemmy/robotis_ws/src/wheels_control': PYTHONPATH=/home/lemmy/robotis_ws/build/wheels_control/prefix_override:/home/lemmy/robotis_ws/install/wheels_control/lib/python3.10/site-packages:${PYTHONPATH} /usr/bin/python3 -W ignore:setup.py install is deprecated setup.py egg_info --egg-base ../../build/wheels_control build --build-base /home/lemmy/robotis_ws/build/wheels_control/build install --record /home/lemmy/robotis_ws/build/wheels_control/install.log --single-version-externally-managed install_data
[5.439s] running egg_info
[5.443s] writing ../../build/wheels_control/wheels_control.egg-info/PKG-INFO
[5.445s] writing dependency_links to ../../build/wheels_control/wheels_control.egg-info/dependency_links.txt
[5.446s] writing entry points to ../../build/wheels_control/wheels_control.egg-info/entry_points.txt
[5.447s] writing requirements to ../../build/wheels_control/wheels_control.egg-info/requires.txt
[5.448s] writing top-level names to ../../build/wheels_control/wheels_control.egg-info/top_level.txt
[5.459s] reading manifest file '../../build/wheels_control/wheels_control.egg-info/SOURCES.txt'
[5.461s] adding license file 'LICENSE'
[5.464s] writing manifest file '../../build/wheels_control/wheels_control.egg-info/SOURCES.txt'
[5.465s] running build
[5.466s] running build_py
[5.466s] running install
[5.468s] running install_lib
[5.475s] running install_data
[5.476s] running install_egg_info
[5.485s] removing '/home/lemmy/robotis_ws/install/wheels_control/lib/python3.10/site-packages/wheels_control-0.0.0-py3.10.egg-info' (and everything under it)
[5.487s] Copying ../../build/wheels_control/wheels_control.egg-info to /home/lemmy/robotis_ws/install/wheels_control/lib/python3.10/site-packages/wheels_control-0.0.0-py3.10.egg-info
[5.495s] running install_scripts
[5.609s] Installing wheels_control script to /home/lemmy/robotis_ws/install/wheels_control/lib/wheels_control
[5.611s] writing list of installed files to '/home/lemmy/robotis_ws/build/wheels_control/install.log'
[5.782s] Invoked command in '/home/lemmy/robotis_ws/src/wheels_control' returned '0': PYTHONPATH=/home/lemmy/robotis_ws/build/wheels_control/prefix_override:/home/lemmy/robotis_ws/install/wheels_control/lib/python3.10/site-packages:${PYTHONPATH} /usr/bin/python3 -W ignore:setup.py install is deprecated setup.py egg_info --egg-base ../../build/wheels_control build --build-base /home/lemmy/robotis_ws/build/wheels_control/build install --record /home/lemmy/robotis_ws/build/wheels_control/install.log --single-version-externally-managed install_data
