[5.372s] Invoking command in '/home/lemmy/robotis_ws/src/wheels_control': PS1=(venv) \[\e]0;\u@\h: \w\a\]${debian_chroot:+($debian_chroot)}\[\033[01;32m\]\u@\h\[\033[00m\]:\[\033[01;34m\]\w\[\033[00m\]\$ PYTHONPATH=/home/lemmy/robotis_ws/build/wheels_control/prefix_override:/home/lemmy/robotis_ws/install/wheels_control/lib/python3.10/site-packages:${PYTHONPATH} /usr/bin/python3 -W ignore:setup.py install is deprecated setup.py egg_info --egg-base ../../build/wheels_control build --build-base /home/lemmy/robotis_ws/build/wheels_control/build install --record /home/lemmy/robotis_ws/build/wheels_control/install.log --single-version-externally-managed install_data
[8.019s] running egg_info
[8.024s] writing ../../build/wheels_control/wheels_control.egg-info/PKG-INFO
[8.026s] writing dependency_links to ../../build/wheels_control/wheels_control.egg-info/dependency_links.txt
[8.027s] writing entry points to ../../build/wheels_control/wheels_control.egg-info/entry_points.txt
[8.028s] writing requirements to ../../build/wheels_control/wheels_control.egg-info/requires.txt
[8.030s] writing top-level names to ../../build/wheels_control/wheels_control.egg-info/top_level.txt
[8.040s] reading manifest file '../../build/wheels_control/wheels_control.egg-info/SOURCES.txt'
[8.043s] adding license file 'LICENSE'
[8.045s] writing manifest file '../../build/wheels_control/wheels_control.egg-info/SOURCES.txt'
[8.046s] running build
[8.046s] running build_py
[8.047s] running install
[8.049s] running install_lib
[8.057s] running install_data
[8.066s] running install_egg_info
[8.077s] removing '/home/lemmy/robotis_ws/install/wheels_control/lib/python3.10/site-packages/wheels_control-0.0.0-py3.10.egg-info' (and everything under it)
[8.080s] Copying ../../build/wheels_control/wheels_control.egg-info to /home/lemmy/robotis_ws/install/wheels_control/lib/python3.10/site-packages/wheels_control-0.0.0-py3.10.egg-info
[8.089s] running install_scripts
[8.227s] Installing wheels_control script to /home/lemmy/robotis_ws/install/wheels_control/lib/wheels_control
[8.229s] writing list of installed files to '/home/lemmy/robotis_ws/build/wheels_control/install.log'
[8.395s] Invoked command in '/home/lemmy/robotis_ws/src/wheels_control' returned '0': PS1=(venv) \[\e]0;\u@\h: \w\a\]${debian_chroot:+($debian_chroot)}\[\033[01;32m\]\u@\h\[\033[00m\]:\[\033[01;34m\]\w\[\033[00m\]\$ PYTHONPATH=/home/lemmy/robotis_ws/build/wheels_control/prefix_override:/home/lemmy/robotis_ws/install/wheels_control/lib/python3.10/site-packages:${PYTHONPATH} /usr/bin/python3 -W ignore:setup.py install is deprecated setup.py egg_info --egg-base ../../build/wheels_control build --build-base /home/lemmy/robotis_ws/build/wheels_control/build install --record /home/lemmy/robotis_ws/build/wheels_control/install.log --single-version-externally-managed install_data
