[4.158s] Invoking command in '/home/lemmy/robotis_ws/src/wheels_control': PYTHONPATH=/home/lemmy/robotis_ws/build/wheels_control/prefix_override:/home/lemmy/robotis_ws/install/wheels_control/lib/python3.10/site-packages:${PYTHONPATH} /usr/bin/python3 -W ignore:setup.py install is deprecated setup.py egg_info --egg-base ../../build/wheels_control build --build-base /home/lemmy/robotis_ws/build/wheels_control/build install --record /home/lemmy/robotis_ws/build/wheels_control/install.log --single-version-externally-managed install_data
[5.648s] running egg_info
[5.651s] writing ../../build/wheels_control/wheels_control.egg-info/PKG-INFO
[5.653s] writing dependency_links to ../../build/wheels_control/wheels_control.egg-info/dependency_links.txt
[5.654s] writing entry points to ../../build/wheels_control/wheels_control.egg-info/entry_points.txt
[5.655s] writing requirements to ../../build/wheels_control/wheels_control.egg-info/requires.txt
[5.656s] writing top-level names to ../../build/wheels_control/wheels_control.egg-info/top_level.txt
[5.665s] reading manifest file '../../build/wheels_control/wheels_control.egg-info/SOURCES.txt'
[5.667s] adding license file 'LICENSE'
[5.671s] writing manifest file '../../build/wheels_control/wheels_control.egg-info/SOURCES.txt'
[5.673s] running build
[5.674s] running build_py
[5.674s] copying wheels_control/predefined_path.py -> /home/lemmy/robotis_ws/build/wheels_control/build/lib/wheels_control
[5.677s] running install
[5.678s] running install_lib
[5.683s] copying /home/lemmy/robotis_ws/build/wheels_control/build/lib/wheels_control/predefined_path.py -> /home/lemmy/robotis_ws/install/wheels_control/lib/python3.10/site-packages/wheels_control
[5.687s] byte-compiling /home/lemmy/robotis_ws/install/wheels_control/lib/python3.10/site-packages/wheels_control/predefined_path.py to predefined_path.cpython-310.pyc
[5.693s] running install_data
[5.694s] running install_egg_info
[5.704s] removing '/home/lemmy/robotis_ws/install/wheels_control/lib/python3.10/site-packages/wheels_control-0.0.0-py3.10.egg-info' (and everything under it)
[5.707s] Copying ../../build/wheels_control/wheels_control.egg-info to /home/lemmy/robotis_ws/install/wheels_control/lib/python3.10/site-packages/wheels_control-0.0.0-py3.10.egg-info
[5.716s] running install_scripts
[5.836s] Installing predefined_path script to /home/lemmy/robotis_ws/install/wheels_control/lib/wheels_control
[5.838s] Installing wheels_control script to /home/lemmy/robotis_ws/install/wheels_control/lib/wheels_control
[5.841s] writing list of installed files to '/home/lemmy/robotis_ws/build/wheels_control/install.log'
[6.015s] Invoked command in '/home/lemmy/robotis_ws/src/wheels_control' returned '0': PYTHONPATH=/home/lemmy/robotis_ws/build/wheels_control/prefix_override:/home/lemmy/robotis_ws/install/wheels_control/lib/python3.10/site-packages:${PYTHONPATH} /usr/bin/python3 -W ignore:setup.py install is deprecated setup.py egg_info --egg-base ../../build/wheels_control build --build-base /home/lemmy/robotis_ws/build/wheels_control/build install --record /home/lemmy/robotis_ws/build/wheels_control/install.log --single-version-externally-managed install_data
