[8.080s] Invoking command in '/home/lemmy/robotis_ws/src/wheels_control': PYTHONPATH=/home/lemmy/robotis_ws/build/wheels_control/prefix_override:/home/lemmy/robotis_ws/install/wheels_control/lib/python3.10/site-packages:${PYTHONPATH} /usr/bin/python3 -W ignore:setup.py install is deprecated setup.py egg_info --egg-base ../../build/wheels_control build --build-base /home/lemmy/robotis_ws/build/wheels_control/build install --record /home/lemmy/robotis_ws/build/wheels_control/install.log --single-version-externally-managed install_data
[11.251s] running egg_info
[11.257s] writing ../../build/wheels_control/wheels_control.egg-info/PKG-INFO
[11.261s] writing dependency_links to ../../build/wheels_control/wheels_control.egg-info/dependency_links.txt
[11.265s] writing entry points to ../../build/wheels_control/wheels_control.egg-info/entry_points.txt
[11.268s] writing requirements to ../../build/wheels_control/wheels_control.egg-info/requires.txt
[11.272s] writing top-level names to ../../build/wheels_control/wheels_control.egg-info/top_level.txt
[11.291s] reading manifest file '../../build/wheels_control/wheels_control.egg-info/SOURCES.txt'
[11.295s] adding license file 'LICENSE'
[11.301s] writing manifest file '../../build/wheels_control/wheels_control.egg-info/SOURCES.txt'
[11.304s] running build
[11.306s] running build_py
[11.310s] running install
[11.315s] running install_lib
[11.326s] running install_data
[11.328s] running install_egg_info
[11.339s] removing '/home/lemmy/robotis_ws/install/wheels_control/lib/python3.10/site-packages/wheels_control-0.0.0-py3.10.egg-info' (and everything under it)
[11.344s] Copying ../../build/wheels_control/wheels_control.egg-info to /home/lemmy/robotis_ws/install/wheels_control/lib/python3.10/site-packages/wheels_control-0.0.0-py3.10.egg-info
[11.354s] running install_scripts
[11.615s] Installing wheels_control script to /home/lemmy/robotis_ws/install/wheels_control/lib/wheels_control
[11.622s] writing list of installed files to '/home/lemmy/robotis_ws/build/wheels_control/install.log'
[11.922s] Invoked command in '/home/lemmy/robotis_ws/src/wheels_control' returned '0': PYTHONPATH=/home/lemmy/robotis_ws/build/wheels_control/prefix_override:/home/lemmy/robotis_ws/install/wheels_control/lib/python3.10/site-packages:${PYTHONPATH} /usr/bin/python3 -W ignore:setup.py install is deprecated setup.py egg_info --egg-base ../../build/wheels_control build --build-base /home/lemmy/robotis_ws/build/wheels_control/build install --record /home/lemmy/robotis_ws/build/wheels_control/install.log --single-version-externally-managed install_data
