[4.355s] Invoking command in '/home/lemmy/robotis_ws/src/wheels_control': PYTHONPATH=/home/lemmy/robotis_ws/build/wheels_control/prefix_override:/home/lemmy/robotis_ws/install/wheels_control/lib/python3.10/site-packages:${PYTHONPATH} /usr/bin/python3 -W ignore:setup.py install is deprecated setup.py egg_info --egg-base ../../build/wheels_control build --build-base /home/lemmy/robotis_ws/build/wheels_control/build install --record /home/lemmy/robotis_ws/build/wheels_control/install.log --single-version-externally-managed install_data
[5.893s] running egg_info
[5.897s] writing ../../build/wheels_control/wheels_control.egg-info/PKG-INFO
[5.900s] writing dependency_links to ../../build/wheels_control/wheels_control.egg-info/dependency_links.txt
[5.901s] writing entry points to ../../build/wheels_control/wheels_control.egg-info/entry_points.txt
[5.902s] writing requirements to ../../build/wheels_control/wheels_control.egg-info/requires.txt
[5.904s] writing top-level names to ../../build/wheels_control/wheels_control.egg-info/top_level.txt
[5.916s] reading manifest file '../../build/wheels_control/wheels_control.egg-info/SOURCES.txt'
[5.918s] adding license file 'LICENSE'
[5.922s] writing manifest file '../../build/wheels_control/wheels_control.egg-info/SOURCES.txt'
[5.923s] running build
[5.924s] running build_py
[5.928s] running install
[5.930s] running install_lib
[5.939s] running install_data
[5.941s] running install_egg_info
[5.952s] removing '/home/lemmy/robotis_ws/install/wheels_control/lib/python3.10/site-packages/wheels_control-0.0.0-py3.10.egg-info' (and everything under it)
[5.955s] Copying ../../build/wheels_control/wheels_control.egg-info to /home/lemmy/robotis_ws/install/wheels_control/lib/python3.10/site-packages/wheels_control-0.0.0-py3.10.egg-info
[5.964s] running install_scripts
[6.106s] Installing predefined_path script to /home/lemmy/robotis_ws/install/wheels_control/lib/wheels_control
[6.108s] Installing wheels_control script to /home/lemmy/robotis_ws/install/wheels_control/lib/wheels_control
[6.110s] writing list of installed files to '/home/lemmy/robotis_ws/build/wheels_control/install.log'
[6.373s] Invoked command in '/home/lemmy/robotis_ws/src/wheels_control' returned '0': PYTHONPATH=/home/lemmy/robotis_ws/build/wheels_control/prefix_override:/home/lemmy/robotis_ws/install/wheels_control/lib/python3.10/site-packages:${PYTHONPATH} /usr/bin/python3 -W ignore:setup.py install is deprecated setup.py egg_info --egg-base ../../build/wheels_control build --build-base /home/lemmy/robotis_ws/build/wheels_control/build install --record /home/lemmy/robotis_ws/build/wheels_control/install.log --single-version-externally-managed install_data
