[0.082s] Invoking command in '/home/lemmy/robotis_ws/build/dynamixel_sdk_examples': CMAKE_PREFIX_PATH=/home/lemmy/robotis_ws/install/dynamixel_sdk_custom_interfaces:/home/lemmy/robotis_ws/install/dynamixel_sdk:/home/lemmy/robotis_ws/install/joystick_listener:/home/lemmy/robotis_ws/install/dynamixel_sdk_examples:/home/lemmy/ros2_ws/install/pantilt_bot_description:/home/lemmy/ros2_ws/install/open_manipulator_x_description:/home/lemmy/ros2_ws/install/dynamixel_hardware:/home/lemmy/robotis_ws/install/wheels_control:/home/lemmy/ros2_ws/install/my_robot_controller:/opt/ros/humble LD_LIBRARY_PATH=/home/lemmy/robotis_ws/install/dynamixel_sdk_custom_interfaces/lib:/home/lemmy/robotis_ws/install/dynamixel_sdk/lib:/home/lemmy/robotis_ws/install/joystick_listener/lib:/home/lemmy/ros2_ws/install/dynamixel_hardware/lib:/opt/ros/humble/opt/rviz_ogre_vendor/lib:/opt/ros/humble/lib/aarch64-linux-gnu:/opt/ros/humble/lib /usr/bin/cmake --build /home/lemmy/robotis_ws/build/dynamixel_sdk_examples -- -j4 -l4
[0.320s] [35m[1mConsolidate compiler generated dependencies of target position_control_node[0m
[0.484s] [ 50%] Built target velocity_control_node
[0.534s] [ 75%] [32mBuilding CXX object CMakeFiles/position_control_node.dir/src/position_control_node.cpp.o[0m
[41.321s] [100%] [32m[1mLinking CXX executable position_control_node[0m
[43.522s] [100%] Built target position_control_node
[43.571s] Invoked command in '/home/lemmy/robotis_ws/build/dynamixel_sdk_examples' returned '0': CMAKE_PREFIX_PATH=/home/lemmy/robotis_ws/install/dynamixel_sdk_custom_interfaces:/home/lemmy/robotis_ws/install/dynamixel_sdk:/home/lemmy/robotis_ws/install/joystick_listener:/home/lemmy/robotis_ws/install/dynamixel_sdk_examples:/home/lemmy/ros2_ws/install/pantilt_bot_description:/home/lemmy/ros2_ws/install/open_manipulator_x_description:/home/lemmy/ros2_ws/install/dynamixel_hardware:/home/lemmy/robotis_ws/install/wheels_control:/home/lemmy/ros2_ws/install/my_robot_controller:/opt/ros/humble LD_LIBRARY_PATH=/home/lemmy/robotis_ws/install/dynamixel_sdk_custom_interfaces/lib:/home/lemmy/robotis_ws/install/dynamixel_sdk/lib:/home/lemmy/robotis_ws/install/joystick_listener/lib:/home/lemmy/ros2_ws/install/dynamixel_hardware/lib:/opt/ros/humble/opt/rviz_ogre_vendor/lib:/opt/ros/humble/lib/aarch64-linux-gnu:/opt/ros/humble/lib /usr/bin/cmake --build /home/lemmy/robotis_ws/build/dynamixel_sdk_examples -- -j4 -l4
[43.779s] Invoking command in '/home/lemmy/robotis_ws/build/dynamixel_sdk_examples': CMAKE_PREFIX_PATH=/home/lemmy/robotis_ws/install/dynamixel_sdk_custom_interfaces:/home/lemmy/robotis_ws/install/dynamixel_sdk:/home/lemmy/robotis_ws/install/joystick_listener:/home/lemmy/robotis_ws/install/dynamixel_sdk_examples:/home/lemmy/ros2_ws/install/pantilt_bot_description:/home/lemmy/ros2_ws/install/open_manipulator_x_description:/home/lemmy/ros2_ws/install/dynamixel_hardware:/home/lemmy/robotis_ws/install/wheels_control:/home/lemmy/ros2_ws/install/my_robot_controller:/opt/ros/humble LD_LIBRARY_PATH=/home/lemmy/robotis_ws/install/dynamixel_sdk_custom_interfaces/lib:/home/lemmy/robotis_ws/install/dynamixel_sdk/lib:/home/lemmy/robotis_ws/install/joystick_listener/lib:/home/lemmy/ros2_ws/install/dynamixel_hardware/lib:/opt/ros/humble/opt/rviz_ogre_vendor/lib:/opt/ros/humble/lib/aarch64-linux-gnu:/opt/ros/humble/lib /usr/bin/cmake --install /home/lemmy/robotis_ws/build/dynamixel_sdk_examples
[43.814s] -- Install configuration: ""
[43.816s] -- Up-to-date: /home/lemmy/robotis_ws/install/dynamixel_sdk_examples/lib/dynamixel_sdk_examples/velocity_control_node
[43.818s] -- Installing: /home/lemmy/robotis_ws/install/dynamixel_sdk_examples/lib/dynamixel_sdk_examples/position_control_node
[43.858s] -- Set runtime path of "/home/lemmy/robotis_ws/install/dynamixel_sdk_examples/lib/dynamixel_sdk_examples/position_control_node" to ""
[43.859s] -- Up-to-date: /home/lemmy/robotis_ws/install/dynamixel_sdk_examples/share/ament_index/resource_index/package_run_dependencies/dynamixel_sdk_examples
[43.859s] -- Up-to-date: /home/lemmy/robotis_ws/install/dynamixel_sdk_examples/share/ament_index/resource_index/parent_prefix_path/dynamixel_sdk_examples
[43.860s] -- Up-to-date: /home/lemmy/robotis_ws/install/dynamixel_sdk_examples/share/dynamixel_sdk_examples/environment/ament_prefix_path.sh
[43.860s] -- Up-to-date: /home/lemmy/robotis_ws/install/dynamixel_sdk_examples/share/dynamixel_sdk_examples/environment/ament_prefix_path.dsv
[43.861s] -- Up-to-date: /home/lemmy/robotis_ws/install/dynamixel_sdk_examples/share/dynamixel_sdk_examples/environment/path.sh
[43.861s] -- Up-to-date: /home/lemmy/robotis_ws/install/dynamixel_sdk_examples/share/dynamixel_sdk_examples/environment/path.dsv
[43.861s] -- Up-to-date: /home/lemmy/robotis_ws/install/dynamixel_sdk_examples/share/dynamixel_sdk_examples/local_setup.bash
[43.862s] -- Up-to-date: /home/lemmy/robotis_ws/install/dynamixel_sdk_examples/share/dynamixel_sdk_examples/local_setup.sh
[43.862s] -- Up-to-date: /home/lemmy/robotis_ws/install/dynamixel_sdk_examples/share/dynamixel_sdk_examples/local_setup.zsh
[43.863s] -- Up-to-date: /home/lemmy/robotis_ws/install/dynamixel_sdk_examples/share/dynamixel_sdk_examples/local_setup.dsv
[43.863s] -- Installing: /home/lemmy/robotis_ws/install/dynamixel_sdk_examples/share/dynamixel_sdk_examples/package.dsv
[43.864s] -- Up-to-date: /home/lemmy/robotis_ws/install/dynamixel_sdk_examples/share/ament_index/resource_index/packages/dynamixel_sdk_examples
[43.865s] -- Up-to-date: /home/lemmy/robotis_ws/install/dynamixel_sdk_examples/share/dynamixel_sdk_examples/cmake/dynamixel_sdk_examplesConfig.cmake
[43.865s] -- Up-to-date: /home/lemmy/robotis_ws/install/dynamixel_sdk_examples/share/dynamixel_sdk_examples/cmake/dynamixel_sdk_examplesConfig-version.cmake
[43.866s] -- Up-to-date: /home/lemmy/robotis_ws/install/dynamixel_sdk_examples/share/dynamixel_sdk_examples/package.xml
[43.874s] Invoked command in '/home/lemmy/robotis_ws/build/dynamixel_sdk_examples' returned '0': CMAKE_PREFIX_PATH=/home/lemmy/robotis_ws/install/dynamixel_sdk_custom_interfaces:/home/lemmy/robotis_ws/install/dynamixel_sdk:/home/lemmy/robotis_ws/install/joystick_listener:/home/lemmy/robotis_ws/install/dynamixel_sdk_examples:/home/lemmy/ros2_ws/install/pantilt_bot_description:/home/lemmy/ros2_ws/install/open_manipulator_x_description:/home/lemmy/ros2_ws/install/dynamixel_hardware:/home/lemmy/robotis_ws/install/wheels_control:/home/lemmy/ros2_ws/install/my_robot_controller:/opt/ros/humble LD_LIBRARY_PATH=/home/lemmy/robotis_ws/install/dynamixel_sdk_custom_interfaces/lib:/home/lemmy/robotis_ws/install/dynamixel_sdk/lib:/home/lemmy/robotis_ws/install/joystick_listener/lib:/home/lemmy/ros2_ws/install/dynamixel_hardware/lib:/opt/ros/humble/opt/rviz_ogre_vendor/lib:/opt/ros/humble/lib/aarch64-linux-gnu:/opt/ros/humble/lib /usr/bin/cmake --install /home/lemmy/robotis_ws/build/dynamixel_sdk_examples
