[0.259s] Invoking command in '/home/lemmy/robotis_ws/build/dynamixel_sdk_custom_interfaces': CMAKE_PREFIX_PATH=${CMAKE_PREFIX_PATH}:/home/lemmy/robotis_ws/install/wheels_control:/home/lemmy/ros2_ws/install/my_robot_controller:/opt/ros/humble /usr/bin/cmake --build /home/lemmy/robotis_ws/build/dynamixel_sdk_custom_interfaces -- -j4 -l4
[0.981s] [  1%] Built target dynamixel_sdk_custom_interfaces__cpp
[1.340s] [  1%] Built target ament_cmake_python_copy_dynamixel_sdk_custom_interfaces
[1.625s] [ 12%] Built target dynamixel_sdk_custom_interfaces__rosidl_typesupport_fastrtps_cpp
[1.945s] [ 23%] Built target dynamixel_sdk_custom_interfaces__rosidl_typesupport_introspection_cpp
[4.421s] running egg_info
[4.562s] writing dynamixel_sdk_custom_interfaces.egg-info/PKG-INFO
[4.571s] writing dependency_links to dynamixel_sdk_custom_interfaces.egg-info/dependency_links.txt
[4.576s] writing top-level names to dynamixel_sdk_custom_interfaces.egg-info/top_level.txt
[5.116s] reading manifest file 'dynamixel_sdk_custom_interfaces.egg-info/SOURCES.txt'
[5.124s] writing manifest file 'dynamixel_sdk_custom_interfaces.egg-info/SOURCES.txt'
[5.376s] [ 23%] Built target ament_cmake_python_build_dynamixel_sdk_custom_interfaces_egg
[5.547s] [ 35%] Built target dynamixel_sdk_custom_interfaces__rosidl_typesupport_cpp
[5.766s] [ 46%] Built target dynamixel_sdk_custom_interfaces__rosidl_generator_c
[5.929s] [ 57%] Built target dynamixel_sdk_custom_interfaces__rosidl_typesupport_fastrtps_c
[6.084s] [ 69%] Built target dynamixel_sdk_custom_interfaces__rosidl_typesupport_c
[6.288s] [ 80%] Built target dynamixel_sdk_custom_interfaces__rosidl_typesupport_introspection_c
[6.445s] [ 80%] Built target dynamixel_sdk_custom_interfaces
[6.600s] [ 81%] Built target dynamixel_sdk_custom_interfaces__py
[6.754s] [ 91%] Built target dynamixel_sdk_custom_interfaces__rosidl_generator_py
[6.890s] [ 94%] Built target dynamixel_sdk_custom_interfaces__rosidl_typesupport_fastrtps_c__pyext
[7.026s] [ 97%] Built target dynamixel_sdk_custom_interfaces__rosidl_typesupport_c__pyext
[7.168s] [100%] Built target dynamixel_sdk_custom_interfaces__rosidl_typesupport_introspection_c__pyext
[7.249s] Invoked command in '/home/lemmy/robotis_ws/build/dynamixel_sdk_custom_interfaces' returned '0': CMAKE_PREFIX_PATH=${CMAKE_PREFIX_PATH}:/home/lemmy/robotis_ws/install/wheels_control:/home/lemmy/ros2_ws/install/my_robot_controller:/opt/ros/humble /usr/bin/cmake --build /home/lemmy/robotis_ws/build/dynamixel_sdk_custom_interfaces -- -j4 -l4
[9.386s] Invoking command in '/home/lemmy/robotis_ws/build/dynamixel_sdk_custom_interfaces': CMAKE_PREFIX_PATH=${CMAKE_PREFIX_PATH}:/home/lemmy/robotis_ws/install/wheels_control:/home/lemmy/ros2_ws/install/my_robot_controller:/opt/ros/humble /usr/bin/cmake --install /home/lemmy/robotis_ws/build/dynamixel_sdk_custom_interfaces
[9.538s] -- Install configuration: ""
[9.539s] -- Up-to-date: /home/lemmy/robotis_ws/install/dynamixel_sdk_custom_interfaces/share/ament_index/resource_index/rosidl_interfaces/dynamixel_sdk_custom_interfaces
[9.540s] -- Up-to-date: /home/lemmy/robotis_ws/install/dynamixel_sdk_custom_interfaces/include/dynamixel_sdk_custom_interfaces/dynamixel_sdk_custom_interfaces
[9.540s] -- Up-to-date: /home/lemmy/robotis_ws/install/dynamixel_sdk_custom_interfaces/include/dynamixel_sdk_custom_interfaces/dynamixel_sdk_custom_interfaces/srv
[9.543s] -- Up-to-date: /home/lemmy/robotis_ws/install/dynamixel_sdk_custom_interfaces/include/dynamixel_sdk_custom_interfaces/dynamixel_sdk_custom_interfaces/srv/get_position.h
[9.544s] -- Up-to-date: /home/lemmy/robotis_ws/install/dynamixel_sdk_custom_interfaces/include/dynamixel_sdk_custom_interfaces/dynamixel_sdk_custom_interfaces/srv/get_velocity.h
[9.545s] -- Up-to-date: /home/lemmy/robotis_ws/install/dynamixel_sdk_custom_interfaces/include/dynamixel_sdk_custom_interfaces/dynamixel_sdk_custom_interfaces/srv/detail
[9.550s] -- Up-to-date: /home/lemmy/robotis_ws/install/dynamixel_sdk_custom_interfaces/include/dynamixel_sdk_custom_interfaces/dynamixel_sdk_custom_interfaces/srv/detail/get_velocity__functions.c
[9.551s] -- Up-to-date: /home/lemmy/robotis_ws/install/dynamixel_sdk_custom_interfaces/include/dynamixel_sdk_custom_interfaces/dynamixel_sdk_custom_interfaces/srv/detail/get_position__functions.h
[9.554s] -- Up-to-date: /home/lemmy/robotis_ws/install/dynamixel_sdk_custom_interfaces/include/dynamixel_sdk_custom_interfaces/dynamixel_sdk_custom_interfaces/srv/detail/get_velocity__functions.h
[9.555s] -- Up-to-date: /home/lemmy/robotis_ws/install/dynamixel_sdk_custom_interfaces/include/dynamixel_sdk_custom_interfaces/dynamixel_sdk_custom_interfaces/srv/detail/get_velocity__struct.h
[9.556s] -- Up-to-date: /home/lemmy/robotis_ws/install/dynamixel_sdk_custom_interfaces/include/dynamixel_sdk_custom_interfaces/dynamixel_sdk_custom_interfaces/srv/detail/get_position__functions.c
[9.563s] -- Up-to-date: /home/lemmy/robotis_ws/install/dynamixel_sdk_custom_interfaces/include/dynamixel_sdk_custom_interfaces/dynamixel_sdk_custom_interfaces/srv/detail/get_position__type_support.h
[9.563s] -- Up-to-date: /home/lemmy/robotis_ws/install/dynamixel_sdk_custom_interfaces/include/dynamixel_sdk_custom_interfaces/dynamixel_sdk_custom_interfaces/srv/detail/get_velocity__type_support.h
[9.564s] -- Up-to-date: /home/lemmy/robotis_ws/install/dynamixel_sdk_custom_interfaces/include/dynamixel_sdk_custom_interfaces/dynamixel_sdk_custom_interfaces/srv/detail/get_position__struct.h
[9.564s] -- Up-to-date: /home/lemmy/robotis_ws/install/dynamixel_sdk_custom_interfaces/include/dynamixel_sdk_custom_interfaces/dynamixel_sdk_custom_interfaces/msg
[9.565s] -- Up-to-date: /home/lemmy/robotis_ws/install/dynamixel_sdk_custom_interfaces/include/dynamixel_sdk_custom_interfaces/dynamixel_sdk_custom_interfaces/msg/present_load.h
[9.573s] -- Up-to-date: /home/lemmy/robotis_ws/install/dynamixel_sdk_custom_interfaces/include/dynamixel_sdk_custom_interfaces/dynamixel_sdk_custom_interfaces/msg/set_velocity.h
[9.584s] -- Up-to-date: /home/lemmy/robotis_ws/install/dynamixel_sdk_custom_interfaces/include/dynamixel_sdk_custom_interfaces/dynamixel_sdk_custom_interfaces/msg/moving_status.h
[9.591s] -- Up-to-date: /home/lemmy/robotis_ws/install/dynamixel_sdk_custom_interfaces/include/dynamixel_sdk_custom_interfaces/dynamixel_sdk_custom_interfaces/msg/status.h
[9.593s] -- Up-to-date: /home/lemmy/robotis_ws/install/dynamixel_sdk_custom_interfaces/include/dynamixel_sdk_custom_interfaces/dynamixel_sdk_custom_interfaces/msg/set_position.h
[9.594s] -- Up-to-date: /home/lemmy/robotis_ws/install/dynamixel_sdk_custom_interfaces/include/dynamixel_sdk_custom_interfaces/dynamixel_sdk_custom_interfaces/msg/detail
[9.603s] -- Up-to-date: /home/lemmy/robotis_ws/install/dynamixel_sdk_custom_interfaces/include/dynamixel_sdk_custom_interfaces/dynamixel_sdk_custom_interfaces/msg/detail/moving_status__type_support.h
[9.607s] -- Up-to-date: /home/lemmy/robotis_ws/install/dynamixel_sdk_custom_interfaces/include/dynamixel_sdk_custom_interfaces/dynamixel_sdk_custom_interfaces/msg/detail/set_position__type_support.h
[9.609s] -- Up-to-date: /home/lemmy/robotis_ws/install/dynamixel_sdk_custom_interfaces/include/dynamixel_sdk_custom_interfaces/dynamixel_sdk_custom_interfaces/msg/detail/present_load__functions.h
[9.617s] -- Up-to-date: /home/lemmy/robotis_ws/install/dynamixel_sdk_custom_interfaces/include/dynamixel_sdk_custom_interfaces/dynamixel_sdk_custom_interfaces/msg/detail/present_load__struct.h
[9.620s] -- Up-to-date: /home/lemmy/robotis_ws/install/dynamixel_sdk_custom_interfaces/include/dynamixel_sdk_custom_interfaces/dynamixel_sdk_custom_interfaces/msg/detail/present_load__type_support.h
[9.625s] -- Up-to-date: /home/lemmy/robotis_ws/install/dynamixel_sdk_custom_interfaces/include/dynamixel_sdk_custom_interfaces/dynamixel_sdk_custom_interfaces/msg/detail/set_velocity__functions.c
[9.628s] -- Up-to-date: /home/lemmy/robotis_ws/install/dynamixel_sdk_custom_interfaces/include/dynamixel_sdk_custom_interfaces/dynamixel_sdk_custom_interfaces/msg/detail/moving_status__struct.h
[9.633s] -- Up-to-date: /home/lemmy/robotis_ws/install/dynamixel_sdk_custom_interfaces/include/dynamixel_sdk_custom_interfaces/dynamixel_sdk_custom_interfaces/msg/detail/status__functions.h
[9.636s] -- Up-to-date: /home/lemmy/robotis_ws/install/dynamixel_sdk_custom_interfaces/include/dynamixel_sdk_custom_interfaces/dynamixel_sdk_custom_interfaces/msg/detail/set_velocity__struct.h
[9.638s] -- Up-to-date: /home/lemmy/robotis_ws/install/dynamixel_sdk_custom_interfaces/include/dynamixel_sdk_custom_interfaces/dynamixel_sdk_custom_interfaces/msg/detail/set_velocity__type_support.h
[9.643s] -- Up-to-date: /home/lemmy/robotis_ws/install/dynamixel_sdk_custom_interfaces/include/dynamixel_sdk_custom_interfaces/dynamixel_sdk_custom_interfaces/msg/detail/set_position__functions.h
[9.651s] -- Up-to-date: /home/lemmy/robotis_ws/install/dynamixel_sdk_custom_interfaces/include/dynamixel_sdk_custom_interfaces/dynamixel_sdk_custom_interfaces/msg/detail/present_load__functions.c
[9.655s] -- Up-to-date: /home/lemmy/robotis_ws/install/dynamixel_sdk_custom_interfaces/include/dynamixel_sdk_custom_interfaces/dynamixel_sdk_custom_interfaces/msg/detail/moving_status__functions.c
[9.659s] -- Up-to-date: /home/lemmy/robotis_ws/install/dynamixel_sdk_custom_interfaces/include/dynamixel_sdk_custom_interfaces/dynamixel_sdk_custom_interfaces/msg/detail/status__type_support.h
[9.662s] -- Up-to-date: /home/lemmy/robotis_ws/install/dynamixel_sdk_custom_interfaces/include/dynamixel_sdk_custom_interfaces/dynamixel_sdk_custom_interfaces/msg/detail/set_position__struct.h
[9.666s] -- Up-to-date: /home/lemmy/robotis_ws/install/dynamixel_sdk_custom_interfaces/include/dynamixel_sdk_custom_interfaces/dynamixel_sdk_custom_interfaces/msg/detail/moving_status__functions.h
[9.671s] -- Up-to-date: /home/lemmy/robotis_ws/install/dynamixel_sdk_custom_interfaces/include/dynamixel_sdk_custom_interfaces/dynamixel_sdk_custom_interfaces/msg/detail/status__functions.c
[9.675s] -- Up-to-date: /home/lemmy/robotis_ws/install/dynamixel_sdk_custom_interfaces/include/dynamixel_sdk_custom_interfaces/dynamixel_sdk_custom_interfaces/msg/detail/set_position__functions.c
[9.686s] -- Up-to-date: /home/lemmy/robotis_ws/install/dynamixel_sdk_custom_interfaces/include/dynamixel_sdk_custom_interfaces/dynamixel_sdk_custom_interfaces/msg/detail/set_velocity__functions.h
[9.692s] -- Up-to-date: /home/lemmy/robotis_ws/install/dynamixel_sdk_custom_interfaces/include/dynamixel_sdk_custom_interfaces/dynamixel_sdk_custom_interfaces/msg/detail/status__struct.h
[9.695s] -- Up-to-date: /home/lemmy/robotis_ws/install/dynamixel_sdk_custom_interfaces/include/dynamixel_sdk_custom_interfaces/dynamixel_sdk_custom_interfaces/msg/rosidl_generator_c__visibility_control.h
[9.704s] -- Up-to-date: /home/lemmy/robotis_ws/install/dynamixel_sdk_custom_interfaces/share/dynamixel_sdk_custom_interfaces/environment/library_path.sh
[9.713s] -- Up-to-date: /home/lemmy/robotis_ws/install/dynamixel_sdk_custom_interfaces/share/dynamixel_sdk_custom_interfaces/environment/library_path.dsv
[9.726s] -- Up-to-date: /home/lemmy/robotis_ws/install/dynamixel_sdk_custom_interfaces/lib/libdynamixel_sdk_custom_interfaces__rosidl_generator_c.so
[9.730s] -- Up-to-date: /home/lemmy/robotis_ws/install/dynamixel_sdk_custom_interfaces/include/dynamixel_sdk_custom_interfaces/dynamixel_sdk_custom_interfaces
[9.735s] -- Up-to-date: /home/lemmy/robotis_ws/install/dynamixel_sdk_custom_interfaces/include/dynamixel_sdk_custom_interfaces/dynamixel_sdk_custom_interfaces/srv
[9.737s] -- Up-to-date: /home/lemmy/robotis_ws/install/dynamixel_sdk_custom_interfaces/include/dynamixel_sdk_custom_interfaces/dynamixel_sdk_custom_interfaces/srv/detail
[9.740s] -- Up-to-date: /home/lemmy/robotis_ws/install/dynamixel_sdk_custom_interfaces/include/dynamixel_sdk_custom_interfaces/dynamixel_sdk_custom_interfaces/srv/detail/get_velocity__rosidl_typesupport_fastrtps_c.h
[9.747s] -- Up-to-date: /home/lemmy/robotis_ws/install/dynamixel_sdk_custom_interfaces/include/dynamixel_sdk_custom_interfaces/dynamixel_sdk_custom_interfaces/srv/detail/get_position__rosidl_typesupport_fastrtps_c.h
[9.750s] -- Up-to-date: /home/lemmy/robotis_ws/install/dynamixel_sdk_custom_interfaces/include/dynamixel_sdk_custom_interfaces/dynamixel_sdk_custom_interfaces/msg
[9.755s] -- Up-to-date: /home/lemmy/robotis_ws/install/dynamixel_sdk_custom_interfaces/include/dynamixel_sdk_custom_interfaces/dynamixel_sdk_custom_interfaces/msg/rosidl_typesupport_fastrtps_c__visibility_control.h
[9.757s] -- Up-to-date: /home/lemmy/robotis_ws/install/dynamixel_sdk_custom_interfaces/include/dynamixel_sdk_custom_interfaces/dynamixel_sdk_custom_interfaces/msg/detail
[9.760s] -- Up-to-date: /home/lemmy/robotis_ws/install/dynamixel_sdk_custom_interfaces/include/dynamixel_sdk_custom_interfaces/dynamixel_sdk_custom_interfaces/msg/detail/set_position__rosidl_typesupport_fastrtps_c.h
[9.762s] -- Up-to-date: /home/lemmy/robotis_ws/install/dynamixel_sdk_custom_interfaces/include/dynamixel_sdk_custom_interfaces/dynamixel_sdk_custom_interfaces/msg/detail/moving_status__rosidl_typesupport_fastrtps_c.h
[9.767s] -- Up-to-date: /home/lemmy/robotis_ws/install/dynamixel_sdk_custom_interfaces/include/dynamixel_sdk_custom_interfaces/dynamixel_sdk_custom_interfaces/msg/detail/set_velocity__rosidl_typesupport_fastrtps_c.h
[9.770s] -- Up-to-date: /home/lemmy/robotis_ws/install/dynamixel_sdk_custom_interfaces/include/dynamixel_sdk_custom_interfaces/dynamixel_sdk_custom_interfaces/msg/detail/present_load__rosidl_typesupport_fastrtps_c.h
[9.788s] -- Up-to-date: /home/lemmy/robotis_ws/install/dynamixel_sdk_custom_interfaces/include/dynamixel_sdk_custom_interfaces/dynamixel_sdk_custom_interfaces/msg/detail/status__rosidl_typesupport_fastrtps_c.h
[9.789s] -- Up-to-date: /home/lemmy/robotis_ws/install/dynamixel_sdk_custom_interfaces/lib/libdynamixel_sdk_custom_interfaces__rosidl_typesupport_fastrtps_c.so
[9.803s] -- Up-to-date: /home/lemmy/robotis_ws/install/dynamixel_sdk_custom_interfaces/include/dynamixel_sdk_custom_interfaces/dynamixel_sdk_custom_interfaces
[9.806s] -- Up-to-date: /home/lemmy/robotis_ws/install/dynamixel_sdk_custom_interfaces/include/dynamixel_sdk_custom_interfaces/dynamixel_sdk_custom_interfaces/srv
[9.812s] -- Up-to-date: /home/lemmy/robotis_ws/install/dynamixel_sdk_custom_interfaces/include/dynamixel_sdk_custom_interfaces/dynamixel_sdk_custom_interfaces/srv/get_velocity.hpp
[9.816s] -- Up-to-date: /home/lemmy/robotis_ws/install/dynamixel_sdk_custom_interfaces/include/dynamixel_sdk_custom_interfaces/dynamixel_sdk_custom_interfaces/srv/get_position.hpp
[9.818s] -- Up-to-date: /home/lemmy/robotis_ws/install/dynamixel_sdk_custom_interfaces/include/dynamixel_sdk_custom_interfaces/dynamixel_sdk_custom_interfaces/srv/detail
[9.823s] -- Up-to-date: /home/lemmy/robotis_ws/install/dynamixel_sdk_custom_interfaces/include/dynamixel_sdk_custom_interfaces/dynamixel_sdk_custom_interfaces/srv/detail/get_position__builder.hpp
[9.825s] -- Up-to-date: /home/lemmy/robotis_ws/install/dynamixel_sdk_custom_interfaces/include/dynamixel_sdk_custom_interfaces/dynamixel_sdk_custom_interfaces/srv/detail/get_velocity__traits.hpp
[9.827s] -- Up-to-date: /home/lemmy/robotis_ws/install/dynamixel_sdk_custom_interfaces/include/dynamixel_sdk_custom_interfaces/dynamixel_sdk_custom_interfaces/srv/detail/get_velocity__builder.hpp
[9.830s] -- Up-to-date: /home/lemmy/robotis_ws/install/dynamixel_sdk_custom_interfaces/include/dynamixel_sdk_custom_interfaces/dynamixel_sdk_custom_interfaces/srv/detail/get_velocity__struct.hpp
[9.834s] -- Up-to-date: /home/lemmy/robotis_ws/install/dynamixel_sdk_custom_interfaces/include/dynamixel_sdk_custom_interfaces/dynamixel_sdk_custom_interfaces/srv/detail/get_position__struct.hpp
[9.838s] -- Up-to-date: /home/lemmy/robotis_ws/install/dynamixel_sdk_custom_interfaces/include/dynamixel_sdk_custom_interfaces/dynamixel_sdk_custom_interfaces/srv/detail/get_position__traits.hpp
[9.847s] -- Up-to-date: /home/lemmy/robotis_ws/install/dynamixel_sdk_custom_interfaces/include/dynamixel_sdk_custom_interfaces/dynamixel_sdk_custom_interfaces/msg
[9.851s] -- Up-to-date: /home/lemmy/robotis_ws/install/dynamixel_sdk_custom_interfaces/include/dynamixel_sdk_custom_interfaces/dynamixel_sdk_custom_interfaces/msg/status.hpp
[9.856s] -- Up-to-date: /home/lemmy/robotis_ws/install/dynamixel_sdk_custom_interfaces/include/dynamixel_sdk_custom_interfaces/dynamixel_sdk_custom_interfaces/msg/set_velocity.hpp
[9.860s] -- Up-to-date: /home/lemmy/robotis_ws/install/dynamixel_sdk_custom_interfaces/include/dynamixel_sdk_custom_interfaces/dynamixel_sdk_custom_interfaces/msg/moving_status.hpp
[9.867s] -- Up-to-date: /home/lemmy/robotis_ws/install/dynamixel_sdk_custom_interfaces/include/dynamixel_sdk_custom_interfaces/dynamixel_sdk_custom_interfaces/msg/present_load.hpp
[9.869s] -- Up-to-date: /home/lemmy/robotis_ws/install/dynamixel_sdk_custom_interfaces/include/dynamixel_sdk_custom_interfaces/dynamixel_sdk_custom_interfaces/msg/set_position.hpp
[9.877s] -- Up-to-date: /home/lemmy/robotis_ws/install/dynamixel_sdk_custom_interfaces/include/dynamixel_sdk_custom_interfaces/dynamixel_sdk_custom_interfaces/msg/detail
[9.883s] -- Up-to-date: /home/lemmy/robotis_ws/install/dynamixel_sdk_custom_interfaces/include/dynamixel_sdk_custom_interfaces/dynamixel_sdk_custom_interfaces/msg/detail/set_velocity__traits.hpp
[9.897s] -- Up-to-date: /home/lemmy/robotis_ws/install/dynamixel_sdk_custom_interfaces/include/dynamixel_sdk_custom_interfaces/dynamixel_sdk_custom_interfaces/msg/detail/present_load__builder.hpp
[9.903s] -- Up-to-date: /home/lemmy/robotis_ws/install/dynamixel_sdk_custom_interfaces/include/dynamixel_sdk_custom_interfaces/dynamixel_sdk_custom_interfaces/msg/detail/set_velocity__builder.hpp
[9.906s] -- Up-to-date: /home/lemmy/robotis_ws/install/dynamixel_sdk_custom_interfaces/include/dynamixel_sdk_custom_interfaces/dynamixel_sdk_custom_interfaces/msg/detail/status__builder.hpp
[9.910s] -- Up-to-date: /home/lemmy/robotis_ws/install/dynamixel_sdk_custom_interfaces/include/dynamixel_sdk_custom_interfaces/dynamixel_sdk_custom_interfaces/msg/detail/set_velocity__struct.hpp
[9.915s] -- Up-to-date: /home/lemmy/robotis_ws/install/dynamixel_sdk_custom_interfaces/include/dynamixel_sdk_custom_interfaces/dynamixel_sdk_custom_interfaces/msg/detail/set_position__builder.hpp
[9.922s] -- Up-to-date: /home/lemmy/robotis_ws/install/dynamixel_sdk_custom_interfaces/include/dynamixel_sdk_custom_interfaces/dynamixel_sdk_custom_interfaces/msg/detail/status__traits.hpp
[9.927s] -- Up-to-date: /home/lemmy/robotis_ws/install/dynamixel_sdk_custom_interfaces/include/dynamixel_sdk_custom_interfaces/dynamixel_sdk_custom_interfaces/msg/detail/set_position__struct.hpp
[9.930s] -- Up-to-date: /home/lemmy/robotis_ws/install/dynamixel_sdk_custom_interfaces/include/dynamixel_sdk_custom_interfaces/dynamixel_sdk_custom_interfaces/msg/detail/status__struct.hpp
[9.933s] -- Up-to-date: /home/lemmy/robotis_ws/install/dynamixel_sdk_custom_interfaces/include/dynamixel_sdk_custom_interfaces/dynamixel_sdk_custom_interfaces/msg/detail/present_load__struct.hpp
[9.937s] -- Up-to-date: /home/lemmy/robotis_ws/install/dynamixel_sdk_custom_interfaces/include/dynamixel_sdk_custom_interfaces/dynamixel_sdk_custom_interfaces/msg/detail/moving_status__traits.hpp
[9.941s] -- Up-to-date: /home/lemmy/robotis_ws/install/dynamixel_sdk_custom_interfaces/include/dynamixel_sdk_custom_interfaces/dynamixel_sdk_custom_interfaces/msg/detail/set_position__traits.hpp
[9.948s] -- Up-to-date: /home/lemmy/robotis_ws/install/dynamixel_sdk_custom_interfaces/include/dynamixel_sdk_custom_interfaces/dynamixel_sdk_custom_interfaces/msg/detail/moving_status__struct.hpp
[9.983s] -- Up-to-date: /home/lemmy/robotis_ws/install/dynamixel_sdk_custom_interfaces/include/dynamixel_sdk_custom_interfaces/dynamixel_sdk_custom_interfaces/msg/detail/present_load__traits.hpp
[9.984s] -- Up-to-date: /home/lemmy/robotis_ws/install/dynamixel_sdk_custom_interfaces/include/dynamixel_sdk_custom_interfaces/dynamixel_sdk_custom_interfaces/msg/detail/moving_status__builder.hpp
[9.984s] -- Up-to-date: /home/lemmy/robotis_ws/install/dynamixel_sdk_custom_interfaces/include/dynamixel_sdk_custom_interfaces/dynamixel_sdk_custom_interfaces
[9.985s] -- Up-to-date: /home/lemmy/robotis_ws/install/dynamixel_sdk_custom_interfaces/include/dynamixel_sdk_custom_interfaces/dynamixel_sdk_custom_interfaces/srv
[9.986s] -- Up-to-date: /home/lemmy/robotis_ws/install/dynamixel_sdk_custom_interfaces/include/dynamixel_sdk_custom_interfaces/dynamixel_sdk_custom_interfaces/srv/detail
[10.007s] -- Up-to-date: /home/lemmy/robotis_ws/install/dynamixel_sdk_custom_interfaces/include/dynamixel_sdk_custom_interfaces/dynamixel_sdk_custom_interfaces/srv/detail/get_velocity__rosidl_typesupport_fastrtps_cpp.hpp
[10.008s] -- Up-to-date: /home/lemmy/robotis_ws/install/dynamixel_sdk_custom_interfaces/include/dynamixel_sdk_custom_interfaces/dynamixel_sdk_custom_interfaces/srv/detail/dds_fastrtps
[10.009s] -- Up-to-date: /home/lemmy/robotis_ws/install/dynamixel_sdk_custom_interfaces/include/dynamixel_sdk_custom_interfaces/dynamixel_sdk_custom_interfaces/srv/detail/get_position__rosidl_typesupport_fastrtps_cpp.hpp
[10.010s] -- Up-to-date: /home/lemmy/robotis_ws/install/dynamixel_sdk_custom_interfaces/include/dynamixel_sdk_custom_interfaces/dynamixel_sdk_custom_interfaces/msg
[10.010s] -- Up-to-date: /home/lemmy/robotis_ws/install/dynamixel_sdk_custom_interfaces/include/dynamixel_sdk_custom_interfaces/dynamixel_sdk_custom_interfaces/msg/rosidl_typesupport_fastrtps_cpp__visibility_control.h
[10.012s] -- Up-to-date: /home/lemmy/robotis_ws/install/dynamixel_sdk_custom_interfaces/include/dynamixel_sdk_custom_interfaces/dynamixel_sdk_custom_interfaces/msg/detail
[10.017s] -- Up-to-date: /home/lemmy/robotis_ws/install/dynamixel_sdk_custom_interfaces/include/dynamixel_sdk_custom_interfaces/dynamixel_sdk_custom_interfaces/msg/detail/present_load__rosidl_typesupport_fastrtps_cpp.hpp
[10.019s] -- Up-to-date: /home/lemmy/robotis_ws/install/dynamixel_sdk_custom_interfaces/include/dynamixel_sdk_custom_interfaces/dynamixel_sdk_custom_interfaces/msg/detail/set_position__rosidl_typesupport_fastrtps_cpp.hpp
[10.022s] -- Up-to-date: /home/lemmy/robotis_ws/install/dynamixel_sdk_custom_interfaces/include/dynamixel_sdk_custom_interfaces/dynamixel_sdk_custom_interfaces/msg/detail/moving_status__rosidl_typesupport_fastrtps_cpp.hpp
[10.026s] -- Up-to-date: /home/lemmy/robotis_ws/install/dynamixel_sdk_custom_interfaces/include/dynamixel_sdk_custom_interfaces/dynamixel_sdk_custom_interfaces/msg/detail/set_velocity__rosidl_typesupport_fastrtps_cpp.hpp
[10.028s] -- Up-to-date: /home/lemmy/robotis_ws/install/dynamixel_sdk_custom_interfaces/include/dynamixel_sdk_custom_interfaces/dynamixel_sdk_custom_interfaces/msg/detail/dds_fastrtps
[10.029s] -- Up-to-date: /home/lemmy/robotis_ws/install/dynamixel_sdk_custom_interfaces/include/dynamixel_sdk_custom_interfaces/dynamixel_sdk_custom_interfaces/msg/detail/status__rosidl_typesupport_fastrtps_cpp.hpp
[10.036s] -- Up-to-date: /home/lemmy/robotis_ws/install/dynamixel_sdk_custom_interfaces/lib/libdynamixel_sdk_custom_interfaces__rosidl_typesupport_fastrtps_cpp.so
[10.039s] -- Up-to-date: /home/lemmy/robotis_ws/install/dynamixel_sdk_custom_interfaces/include/dynamixel_sdk_custom_interfaces/dynamixel_sdk_custom_interfaces
[10.044s] -- Up-to-date: /home/lemmy/robotis_ws/install/dynamixel_sdk_custom_interfaces/include/dynamixel_sdk_custom_interfaces/dynamixel_sdk_custom_interfaces/srv
[10.045s] -- Up-to-date: /home/lemmy/robotis_ws/install/dynamixel_sdk_custom_interfaces/include/dynamixel_sdk_custom_interfaces/dynamixel_sdk_custom_interfaces/srv/detail
[10.045s] -- Up-to-date: /home/lemmy/robotis_ws/install/dynamixel_sdk_custom_interfaces/include/dynamixel_sdk_custom_interfaces/dynamixel_sdk_custom_interfaces/srv/detail/get_velocity__rosidl_typesupport_introspection_c.h
[10.050s] -- Up-to-date: /home/lemmy/robotis_ws/install/dynamixel_sdk_custom_interfaces/include/dynamixel_sdk_custom_interfaces/dynamixel_sdk_custom_interfaces/srv/detail/get_velocity__type_support.c
[10.053s] -- Up-to-date: /home/lemmy/robotis_ws/install/dynamixel_sdk_custom_interfaces/include/dynamixel_sdk_custom_interfaces/dynamixel_sdk_custom_interfaces/srv/detail/get_position__rosidl_typesupport_introspection_c.h
[10.055s] -- Up-to-date: /home/lemmy/robotis_ws/install/dynamixel_sdk_custom_interfaces/include/dynamixel_sdk_custom_interfaces/dynamixel_sdk_custom_interfaces/srv/detail/get_position__type_support.c
[10.059s] -- Up-to-date: /home/lemmy/robotis_ws/install/dynamixel_sdk_custom_interfaces/include/dynamixel_sdk_custom_interfaces/dynamixel_sdk_custom_interfaces/msg
[10.064s] -- Up-to-date: /home/lemmy/robotis_ws/install/dynamixel_sdk_custom_interfaces/include/dynamixel_sdk_custom_interfaces/dynamixel_sdk_custom_interfaces/msg/detail
[10.067s] -- Up-to-date: /home/lemmy/robotis_ws/install/dynamixel_sdk_custom_interfaces/include/dynamixel_sdk_custom_interfaces/dynamixel_sdk_custom_interfaces/msg/detail/moving_status__type_support.c
[10.069s] -- Up-to-date: /home/lemmy/robotis_ws/install/dynamixel_sdk_custom_interfaces/include/dynamixel_sdk_custom_interfaces/dynamixel_sdk_custom_interfaces/msg/detail/status__type_support.c
[10.071s] -- Up-to-date: /home/lemmy/robotis_ws/install/dynamixel_sdk_custom_interfaces/include/dynamixel_sdk_custom_interfaces/dynamixel_sdk_custom_interfaces/msg/detail/set_velocity__type_support.c
[10.072s] -- Up-to-date: /home/lemmy/robotis_ws/install/dynamixel_sdk_custom_interfaces/include/dynamixel_sdk_custom_interfaces/dynamixel_sdk_custom_interfaces/msg/detail/status__rosidl_typesupport_introspection_c.h
[10.075s] -- Up-to-date: /home/lemmy/robotis_ws/install/dynamixel_sdk_custom_interfaces/include/dynamixel_sdk_custom_interfaces/dynamixel_sdk_custom_interfaces/msg/detail/set_position__rosidl_typesupport_introspection_c.h
[10.114s] -- Up-to-date: /home/lemmy/robotis_ws/install/dynamixel_sdk_custom_interfaces/include/dynamixel_sdk_custom_interfaces/dynamixel_sdk_custom_interfaces/msg/detail/moving_status__rosidl_typesupport_introspection_c.h
[10.115s] -- Up-to-date: /home/lemmy/robotis_ws/install/dynamixel_sdk_custom_interfaces/include/dynamixel_sdk_custom_interfaces/dynamixel_sdk_custom_interfaces/msg/detail/present_load__rosidl_typesupport_introspection_c.h
[10.116s] -- Up-to-date: /home/lemmy/robotis_ws/install/dynamixel_sdk_custom_interfaces/include/dynamixel_sdk_custom_interfaces/dynamixel_sdk_custom_interfaces/msg/detail/present_load__type_support.c
[10.116s] -- Up-to-date: /home/lemmy/robotis_ws/install/dynamixel_sdk_custom_interfaces/include/dynamixel_sdk_custom_interfaces/dynamixel_sdk_custom_interfaces/msg/detail/set_position__type_support.c
[10.117s] -- Up-to-date: /home/lemmy/robotis_ws/install/dynamixel_sdk_custom_interfaces/include/dynamixel_sdk_custom_interfaces/dynamixel_sdk_custom_interfaces/msg/detail/set_velocity__rosidl_typesupport_introspection_c.h
[10.135s] -- Up-to-date: /home/lemmy/robotis_ws/install/dynamixel_sdk_custom_interfaces/include/dynamixel_sdk_custom_interfaces/dynamixel_sdk_custom_interfaces/msg/rosidl_typesupport_introspection_c__visibility_control.h
[10.136s] -- Up-to-date: /home/lemmy/robotis_ws/install/dynamixel_sdk_custom_interfaces/lib/libdynamixel_sdk_custom_interfaces__rosidl_typesupport_introspection_c.so
[10.137s] -- Up-to-date: /home/lemmy/robotis_ws/install/dynamixel_sdk_custom_interfaces/lib/libdynamixel_sdk_custom_interfaces__rosidl_typesupport_c.so
[10.146s] -- Up-to-date: /home/lemmy/robotis_ws/install/dynamixel_sdk_custom_interfaces/include/dynamixel_sdk_custom_interfaces/dynamixel_sdk_custom_interfaces
[10.147s] -- Up-to-date: /home/lemmy/robotis_ws/install/dynamixel_sdk_custom_interfaces/include/dynamixel_sdk_custom_interfaces/dynamixel_sdk_custom_interfaces/srv
[10.148s] -- Up-to-date: /home/lemmy/robotis_ws/install/dynamixel_sdk_custom_interfaces/include/dynamixel_sdk_custom_interfaces/dynamixel_sdk_custom_interfaces/srv/detail
[10.148s] -- Up-to-date: /home/lemmy/robotis_ws/install/dynamixel_sdk_custom_interfaces/include/dynamixel_sdk_custom_interfaces/dynamixel_sdk_custom_interfaces/srv/detail/get_position__type_support.cpp
[10.149s] -- Up-to-date: /home/lemmy/robotis_ws/install/dynamixel_sdk_custom_interfaces/include/dynamixel_sdk_custom_interfaces/dynamixel_sdk_custom_interfaces/srv/detail/get_position__rosidl_typesupport_introspection_cpp.hpp
[10.150s] -- Up-to-date: /home/lemmy/robotis_ws/install/dynamixel_sdk_custom_interfaces/include/dynamixel_sdk_custom_interfaces/dynamixel_sdk_custom_interfaces/srv/detail/get_velocity__rosidl_typesupport_introspection_cpp.hpp
[10.151s] -- Up-to-date: /home/lemmy/robotis_ws/install/dynamixel_sdk_custom_interfaces/include/dynamixel_sdk_custom_interfaces/dynamixel_sdk_custom_interfaces/srv/detail/get_velocity__type_support.cpp
[10.151s] -- Up-to-date: /home/lemmy/robotis_ws/install/dynamixel_sdk_custom_interfaces/include/dynamixel_sdk_custom_interfaces/dynamixel_sdk_custom_interfaces/msg
[10.152s] -- Up-to-date: /home/lemmy/robotis_ws/install/dynamixel_sdk_custom_interfaces/include/dynamixel_sdk_custom_interfaces/dynamixel_sdk_custom_interfaces/msg/detail
[10.153s] -- Up-to-date: /home/lemmy/robotis_ws/install/dynamixel_sdk_custom_interfaces/include/dynamixel_sdk_custom_interfaces/dynamixel_sdk_custom_interfaces/msg/detail/present_load__rosidl_typesupport_introspection_cpp.hpp
[10.171s] -- Up-to-date: /home/lemmy/robotis_ws/install/dynamixel_sdk_custom_interfaces/include/dynamixel_sdk_custom_interfaces/dynamixel_sdk_custom_interfaces/msg/detail/status__type_support.cpp
[10.179s] -- Up-to-date: /home/lemmy/robotis_ws/install/dynamixel_sdk_custom_interfaces/include/dynamixel_sdk_custom_interfaces/dynamixel_sdk_custom_interfaces/msg/detail/moving_status__type_support.cpp
[10.182s] -- Up-to-date: /home/lemmy/robotis_ws/install/dynamixel_sdk_custom_interfaces/include/dynamixel_sdk_custom_interfaces/dynamixel_sdk_custom_interfaces/msg/detail/set_position__type_support.cpp
[10.184s] -- Up-to-date: /home/lemmy/robotis_ws/install/dynamixel_sdk_custom_interfaces/include/dynamixel_sdk_custom_interfaces/dynamixel_sdk_custom_interfaces/msg/detail/set_velocity__type_support.cpp
[10.189s] -- Up-to-date: /home/lemmy/robotis_ws/install/dynamixel_sdk_custom_interfaces/include/dynamixel_sdk_custom_interfaces/dynamixel_sdk_custom_interfaces/msg/detail/set_velocity__rosidl_typesupport_introspection_cpp.hpp
[10.195s] -- Up-to-date: /home/lemmy/robotis_ws/install/dynamixel_sdk_custom_interfaces/include/dynamixel_sdk_custom_interfaces/dynamixel_sdk_custom_interfaces/msg/detail/moving_status__rosidl_typesupport_introspection_cpp.hpp
[10.199s] -- Up-to-date: /home/lemmy/robotis_ws/install/dynamixel_sdk_custom_interfaces/include/dynamixel_sdk_custom_interfaces/dynamixel_sdk_custom_interfaces/msg/detail/status__rosidl_typesupport_introspection_cpp.hpp
[10.202s] -- Up-to-date: /home/lemmy/robotis_ws/install/dynamixel_sdk_custom_interfaces/include/dynamixel_sdk_custom_interfaces/dynamixel_sdk_custom_interfaces/msg/detail/set_position__rosidl_typesupport_introspection_cpp.hpp
[10.206s] -- Up-to-date: /home/lemmy/robotis_ws/install/dynamixel_sdk_custom_interfaces/include/dynamixel_sdk_custom_interfaces/dynamixel_sdk_custom_interfaces/msg/detail/present_load__type_support.cpp
[10.211s] -- Up-to-date: /home/lemmy/robotis_ws/install/dynamixel_sdk_custom_interfaces/lib/libdynamixel_sdk_custom_interfaces__rosidl_typesupport_introspection_cpp.so
[10.215s] -- Up-to-date: /home/lemmy/robotis_ws/install/dynamixel_sdk_custom_interfaces/lib/libdynamixel_sdk_custom_interfaces__rosidl_typesupport_cpp.so
[10.219s] -- Up-to-date: /home/lemmy/robotis_ws/install/dynamixel_sdk_custom_interfaces/share/dynamixel_sdk_custom_interfaces/environment/pythonpath.sh
[10.221s] -- Up-to-date: /home/lemmy/robotis_ws/install/dynamixel_sdk_custom_interfaces/share/dynamixel_sdk_custom_interfaces/environment/pythonpath.dsv
[10.224s] -- Up-to-date: /home/lemmy/robotis_ws/install/dynamixel_sdk_custom_interfaces/lib/python3.10/site-packages/dynamixel_sdk_custom_interfaces-3.7.60-py3.10.egg-info
[10.228s] -- Installing: /home/lemmy/robotis_ws/install/dynamixel_sdk_custom_interfaces/lib/python3.10/site-packages/dynamixel_sdk_custom_interfaces-3.7.60-py3.10.egg-info/SOURCES.txt
[10.232s] -- Installing: /home/lemmy/robotis_ws/install/dynamixel_sdk_custom_interfaces/lib/python3.10/site-packages/dynamixel_sdk_custom_interfaces-3.7.60-py3.10.egg-info/dependency_links.txt
[10.235s] -- Installing: /home/lemmy/robotis_ws/install/dynamixel_sdk_custom_interfaces/lib/python3.10/site-packages/dynamixel_sdk_custom_interfaces-3.7.60-py3.10.egg-info/PKG-INFO
[10.238s] -- Installing: /home/lemmy/robotis_ws/install/dynamixel_sdk_custom_interfaces/lib/python3.10/site-packages/dynamixel_sdk_custom_interfaces-3.7.60-py3.10.egg-info/top_level.txt
[10.241s] -- Up-to-date: /home/lemmy/robotis_ws/install/dynamixel_sdk_custom_interfaces/lib/python3.10/site-packages/dynamixel_sdk_custom_interfaces
[10.242s] -- Up-to-date: /home/lemmy/robotis_ws/install/dynamixel_sdk_custom_interfaces/lib/python3.10/site-packages/dynamixel_sdk_custom_interfaces/__init__.py
[10.245s] -- Up-to-date: /home/lemmy/robotis_ws/install/dynamixel_sdk_custom_interfaces/lib/python3.10/site-packages/dynamixel_sdk_custom_interfaces/_dynamixel_sdk_custom_interfaces_s.ep.rosidl_typesupport_introspection_c.c
[10.246s] -- Up-to-date: /home/lemmy/robotis_ws/install/dynamixel_sdk_custom_interfaces/lib/python3.10/site-packages/dynamixel_sdk_custom_interfaces/dynamixel_sdk_custom_interfaces_s__rosidl_typesupport_introspection_c.cpython-310-aarch64-linux-gnu.so
[10.248s] -- Up-to-date: /home/lemmy/robotis_ws/install/dynamixel_sdk_custom_interfaces/lib/python3.10/site-packages/dynamixel_sdk_custom_interfaces/_dynamixel_sdk_custom_interfaces_s.ep.rosidl_typesupport_fastrtps_c.c
[10.250s] -- Up-to-date: /home/lemmy/robotis_ws/install/dynamixel_sdk_custom_interfaces/lib/python3.10/site-packages/dynamixel_sdk_custom_interfaces/dynamixel_sdk_custom_interfaces_s__rosidl_typesupport_fastrtps_c.cpython-310-aarch64-linux-gnu.so
[10.252s] -- Up-to-date: /home/lemmy/robotis_ws/install/dynamixel_sdk_custom_interfaces/lib/python3.10/site-packages/dynamixel_sdk_custom_interfaces/libdynamixel_sdk_custom_interfaces__rosidl_generator_py.so
[10.253s] -- Up-to-date: /home/lemmy/robotis_ws/install/dynamixel_sdk_custom_interfaces/lib/python3.10/site-packages/dynamixel_sdk_custom_interfaces/srv
[10.255s] -- Up-to-date: /home/lemmy/robotis_ws/install/dynamixel_sdk_custom_interfaces/lib/python3.10/site-packages/dynamixel_sdk_custom_interfaces/srv/__init__.py
[10.260s] -- Up-to-date: /home/lemmy/robotis_ws/install/dynamixel_sdk_custom_interfaces/lib/python3.10/site-packages/dynamixel_sdk_custom_interfaces/srv/_get_position_s.c
[10.262s] -- Up-to-date: /home/lemmy/robotis_ws/install/dynamixel_sdk_custom_interfaces/lib/python3.10/site-packages/dynamixel_sdk_custom_interfaces/srv/_get_position.py
[10.264s] -- Up-to-date: /home/lemmy/robotis_ws/install/dynamixel_sdk_custom_interfaces/lib/python3.10/site-packages/dynamixel_sdk_custom_interfaces/srv/_get_velocity.py
[10.266s] -- Up-to-date: /home/lemmy/robotis_ws/install/dynamixel_sdk_custom_interfaces/lib/python3.10/site-packages/dynamixel_sdk_custom_interfaces/srv/_get_velocity_s.c
[10.268s] -- Up-to-date: /home/lemmy/robotis_ws/install/dynamixel_sdk_custom_interfaces/lib/python3.10/site-packages/dynamixel_sdk_custom_interfaces/dynamixel_sdk_custom_interfaces_s__rosidl_typesupport_c.cpython-310-aarch64-linux-gnu.so
[10.271s] -- Up-to-date: /home/lemmy/robotis_ws/install/dynamixel_sdk_custom_interfaces/lib/python3.10/site-packages/dynamixel_sdk_custom_interfaces/msg
[10.273s] -- Up-to-date: /home/lemmy/robotis_ws/install/dynamixel_sdk_custom_interfaces/lib/python3.10/site-packages/dynamixel_sdk_custom_interfaces/msg/__init__.py
[10.275s] -- Up-to-date: /home/lemmy/robotis_ws/install/dynamixel_sdk_custom_interfaces/lib/python3.10/site-packages/dynamixel_sdk_custom_interfaces/msg/_present_load.py
[10.277s] -- Up-to-date: /home/lemmy/robotis_ws/install/dynamixel_sdk_custom_interfaces/lib/python3.10/site-packages/dynamixel_sdk_custom_interfaces/msg/_set_velocity_s.c
[10.280s] -- Up-to-date: /home/lemmy/robotis_ws/install/dynamixel_sdk_custom_interfaces/lib/python3.10/site-packages/dynamixel_sdk_custom_interfaces/msg/_moving_status_s.c
[10.282s] -- Up-to-date: /home/lemmy/robotis_ws/install/dynamixel_sdk_custom_interfaces/lib/python3.10/site-packages/dynamixel_sdk_custom_interfaces/msg/_status_s.c
[10.282s] -- Up-to-date: /home/lemmy/robotis_ws/install/dynamixel_sdk_custom_interfaces/lib/python3.10/site-packages/dynamixel_sdk_custom_interfaces/msg/_set_position.py
[10.285s] -- Up-to-date: /home/lemmy/robotis_ws/install/dynamixel_sdk_custom_interfaces/lib/python3.10/site-packages/dynamixel_sdk_custom_interfaces/msg/_set_position_s.c
[10.287s] -- Up-to-date: /home/lemmy/robotis_ws/install/dynamixel_sdk_custom_interfaces/lib/python3.10/site-packages/dynamixel_sdk_custom_interfaces/msg/_moving_status.py
[10.290s] -- Up-to-date: /home/lemmy/robotis_ws/install/dynamixel_sdk_custom_interfaces/lib/python3.10/site-packages/dynamixel_sdk_custom_interfaces/msg/_set_velocity.py
[10.292s] -- Up-to-date: /home/lemmy/robotis_ws/install/dynamixel_sdk_custom_interfaces/lib/python3.10/site-packages/dynamixel_sdk_custom_interfaces/msg/_present_load_s.c
[10.294s] -- Up-to-date: /home/lemmy/robotis_ws/install/dynamixel_sdk_custom_interfaces/lib/python3.10/site-packages/dynamixel_sdk_custom_interfaces/msg/_status.py
[10.297s] -- Up-to-date: /home/lemmy/robotis_ws/install/dynamixel_sdk_custom_interfaces/lib/python3.10/site-packages/dynamixel_sdk_custom_interfaces/_dynamixel_sdk_custom_interfaces_s.ep.rosidl_typesupport_c.c
[10.512s] Listing '/home/lemmy/robotis_ws/install/dynamixel_sdk_custom_interfaces/lib/python3.10/site-packages/dynamixel_sdk_custom_interfaces'...
[10.513s] Listing '/home/lemmy/robotis_ws/install/dynamixel_sdk_custom_interfaces/lib/python3.10/site-packages/dynamixel_sdk_custom_interfaces/msg'...
[10.514s] Listing '/home/lemmy/robotis_ws/install/dynamixel_sdk_custom_interfaces/lib/python3.10/site-packages/dynamixel_sdk_custom_interfaces/srv'...
[10.571s] -- Up-to-date: /home/lemmy/robotis_ws/install/dynamixel_sdk_custom_interfaces/lib/python3.10/site-packages/dynamixel_sdk_custom_interfaces/dynamixel_sdk_custom_interfaces_s__rosidl_typesupport_fastrtps_c.cpython-310-aarch64-linux-gnu.so
[10.575s] -- Up-to-date: /home/lemmy/robotis_ws/install/dynamixel_sdk_custom_interfaces/lib/python3.10/site-packages/dynamixel_sdk_custom_interfaces/dynamixel_sdk_custom_interfaces_s__rosidl_typesupport_introspection_c.cpython-310-aarch64-linux-gnu.so
[10.583s] -- Up-to-date: /home/lemmy/robotis_ws/install/dynamixel_sdk_custom_interfaces/lib/python3.10/site-packages/dynamixel_sdk_custom_interfaces/dynamixel_sdk_custom_interfaces_s__rosidl_typesupport_c.cpython-310-aarch64-linux-gnu.so
[10.587s] -- Up-to-date: /home/lemmy/robotis_ws/install/dynamixel_sdk_custom_interfaces/lib/libdynamixel_sdk_custom_interfaces__rosidl_generator_py.so
[10.589s] -- Up-to-date: /home/lemmy/robotis_ws/install/dynamixel_sdk_custom_interfaces/share/dynamixel_sdk_custom_interfaces/msg/SetVelocity.idl
[10.590s] -- Up-to-date: /home/lemmy/robotis_ws/install/dynamixel_sdk_custom_interfaces/share/dynamixel_sdk_custom_interfaces/msg/SetPosition.idl
[10.591s] -- Up-to-date: /home/lemmy/robotis_ws/install/dynamixel_sdk_custom_interfaces/share/dynamixel_sdk_custom_interfaces/msg/MovingStatus.idl
[10.592s] -- Up-to-date: /home/lemmy/robotis_ws/install/dynamixel_sdk_custom_interfaces/share/dynamixel_sdk_custom_interfaces/msg/PresentLoad.idl
[10.592s] -- Up-to-date: /home/lemmy/robotis_ws/install/dynamixel_sdk_custom_interfaces/share/dynamixel_sdk_custom_interfaces/srv/GetVelocity.idl
[10.594s] -- Up-to-date: /home/lemmy/robotis_ws/install/dynamixel_sdk_custom_interfaces/share/dynamixel_sdk_custom_interfaces/srv/GetPosition.idl
[10.595s] -- Up-to-date: /home/lemmy/robotis_ws/install/dynamixel_sdk_custom_interfaces/share/dynamixel_sdk_custom_interfaces/msg/SetVelocity.msg
[10.597s] -- Up-to-date: /home/lemmy/robotis_ws/install/dynamixel_sdk_custom_interfaces/share/dynamixel_sdk_custom_interfaces/msg/SetPosition.msg
[10.599s] -- Up-to-date: /home/lemmy/robotis_ws/install/dynamixel_sdk_custom_interfaces/share/dynamixel_sdk_custom_interfaces/msg/MovingStatus.msg
[10.600s] -- Up-to-date: /home/lemmy/robotis_ws/install/dynamixel_sdk_custom_interfaces/share/dynamixel_sdk_custom_interfaces/msg/PresentLoad.msg
[10.602s] -- Up-to-date: /home/lemmy/robotis_ws/install/dynamixel_sdk_custom_interfaces/share/dynamixel_sdk_custom_interfaces/srv/GetVelocity.srv
[10.604s] -- Up-to-date: /home/lemmy/robotis_ws/install/dynamixel_sdk_custom_interfaces/share/dynamixel_sdk_custom_interfaces/srv/GetVelocity_Request.msg
[10.605s] -- Up-to-date: /home/lemmy/robotis_ws/install/dynamixel_sdk_custom_interfaces/share/dynamixel_sdk_custom_interfaces/srv/GetVelocity_Response.msg
[10.606s] -- Up-to-date: /home/lemmy/robotis_ws/install/dynamixel_sdk_custom_interfaces/share/dynamixel_sdk_custom_interfaces/srv/GetPosition.srv
[10.615s] -- Up-to-date: /home/lemmy/robotis_ws/install/dynamixel_sdk_custom_interfaces/share/dynamixel_sdk_custom_interfaces/srv/GetPosition_Request.msg
[10.618s] -- Up-to-date: /home/lemmy/robotis_ws/install/dynamixel_sdk_custom_interfaces/share/dynamixel_sdk_custom_interfaces/srv/GetPosition_Response.msg
[10.620s] -- Up-to-date: /home/lemmy/robotis_ws/install/dynamixel_sdk_custom_interfaces/share/ament_index/resource_index/package_run_dependencies/dynamixel_sdk_custom_interfaces
[10.623s] -- Up-to-date: /home/lemmy/robotis_ws/install/dynamixel_sdk_custom_interfaces/share/ament_index/resource_index/parent_prefix_path/dynamixel_sdk_custom_interfaces
[10.625s] -- Up-to-date: /home/lemmy/robotis_ws/install/dynamixel_sdk_custom_interfaces/share/dynamixel_sdk_custom_interfaces/environment/ament_prefix_path.sh
[10.627s] -- Up-to-date: /home/lemmy/robotis_ws/install/dynamixel_sdk_custom_interfaces/share/dynamixel_sdk_custom_interfaces/environment/ament_prefix_path.dsv
[10.630s] -- Up-to-date: /home/lemmy/robotis_ws/install/dynamixel_sdk_custom_interfaces/share/dynamixel_sdk_custom_interfaces/environment/path.sh
[10.631s] -- Up-to-date: /home/lemmy/robotis_ws/install/dynamixel_sdk_custom_interfaces/share/dynamixel_sdk_custom_interfaces/environment/path.dsv
[10.637s] -- Up-to-date: /home/lemmy/robotis_ws/install/dynamixel_sdk_custom_interfaces/share/dynamixel_sdk_custom_interfaces/local_setup.bash
[10.637s] -- Up-to-date: /home/lemmy/robotis_ws/install/dynamixel_sdk_custom_interfaces/share/dynamixel_sdk_custom_interfaces/local_setup.sh
[10.647s] -- Up-to-date: /home/lemmy/robotis_ws/install/dynamixel_sdk_custom_interfaces/share/dynamixel_sdk_custom_interfaces/local_setup.zsh
[10.655s] -- Up-to-date: /home/lemmy/robotis_ws/install/dynamixel_sdk_custom_interfaces/share/dynamixel_sdk_custom_interfaces/local_setup.dsv
[10.662s] -- Installing: /home/lemmy/robotis_ws/install/dynamixel_sdk_custom_interfaces/share/dynamixel_sdk_custom_interfaces/package.dsv
[10.663s] -- Up-to-date: /home/lemmy/robotis_ws/install/dynamixel_sdk_custom_interfaces/share/ament_index/resource_index/packages/dynamixel_sdk_custom_interfaces
[10.667s] -- Up-to-date: /home/lemmy/robotis_ws/install/dynamixel_sdk_custom_interfaces/share/dynamixel_sdk_custom_interfaces/cmake/export_dynamixel_sdk_custom_interfaces__rosidl_generator_cExport.cmake
[10.674s] -- Up-to-date: /home/lemmy/robotis_ws/install/dynamixel_sdk_custom_interfaces/share/dynamixel_sdk_custom_interfaces/cmake/export_dynamixel_sdk_custom_interfaces__rosidl_generator_cExport-noconfig.cmake
[10.681s] -- Up-to-date: /home/lemmy/robotis_ws/install/dynamixel_sdk_custom_interfaces/share/dynamixel_sdk_custom_interfaces/cmake/export_dynamixel_sdk_custom_interfaces__rosidl_typesupport_fastrtps_cExport.cmake
[10.681s] -- Up-to-date: /home/lemmy/robotis_ws/install/dynamixel_sdk_custom_interfaces/share/dynamixel_sdk_custom_interfaces/cmake/export_dynamixel_sdk_custom_interfaces__rosidl_typesupport_fastrtps_cExport-noconfig.cmake
[10.683s] -- Up-to-date: /home/lemmy/robotis_ws/install/dynamixel_sdk_custom_interfaces/share/dynamixel_sdk_custom_interfaces/cmake/export_dynamixel_sdk_custom_interfaces__rosidl_generator_cppExport.cmake
[10.683s] -- Up-to-date: /home/lemmy/robotis_ws/install/dynamixel_sdk_custom_interfaces/share/dynamixel_sdk_custom_interfaces/cmake/export_dynamixel_sdk_custom_interfaces__rosidl_typesupport_fastrtps_cppExport.cmake
[10.684s] -- Up-to-date: /home/lemmy/robotis_ws/install/dynamixel_sdk_custom_interfaces/share/dynamixel_sdk_custom_interfaces/cmake/export_dynamixel_sdk_custom_interfaces__rosidl_typesupport_fastrtps_cppExport-noconfig.cmake
[10.685s] -- Up-to-date: /home/lemmy/robotis_ws/install/dynamixel_sdk_custom_interfaces/share/dynamixel_sdk_custom_interfaces/cmake/dynamixel_sdk_custom_interfaces__rosidl_typesupport_introspection_cExport.cmake
[10.698s] -- Up-to-date: /home/lemmy/robotis_ws/install/dynamixel_sdk_custom_interfaces/share/dynamixel_sdk_custom_interfaces/cmake/dynamixel_sdk_custom_interfaces__rosidl_typesupport_introspection_cExport-noconfig.cmake
[10.706s] -- Up-to-date: /home/lemmy/robotis_ws/install/dynamixel_sdk_custom_interfaces/share/dynamixel_sdk_custom_interfaces/cmake/dynamixel_sdk_custom_interfaces__rosidl_typesupport_cExport.cmake
[10.707s] -- Up-to-date: /home/lemmy/robotis_ws/install/dynamixel_sdk_custom_interfaces/share/dynamixel_sdk_custom_interfaces/cmake/dynamixel_sdk_custom_interfaces__rosidl_typesupport_cExport-noconfig.cmake
[10.708s] -- Up-to-date: /home/lemmy/robotis_ws/install/dynamixel_sdk_custom_interfaces/share/dynamixel_sdk_custom_interfaces/cmake/dynamixel_sdk_custom_interfaces__rosidl_typesupport_introspection_cppExport.cmake
[10.709s] -- Up-to-date: /home/lemmy/robotis_ws/install/dynamixel_sdk_custom_interfaces/share/dynamixel_sdk_custom_interfaces/cmake/dynamixel_sdk_custom_interfaces__rosidl_typesupport_introspection_cppExport-noconfig.cmake
[10.723s] -- Up-to-date: /home/lemmy/robotis_ws/install/dynamixel_sdk_custom_interfaces/share/dynamixel_sdk_custom_interfaces/cmake/dynamixel_sdk_custom_interfaces__rosidl_typesupport_cppExport.cmake
[10.726s] -- Up-to-date: /home/lemmy/robotis_ws/install/dynamixel_sdk_custom_interfaces/share/dynamixel_sdk_custom_interfaces/cmake/dynamixel_sdk_custom_interfaces__rosidl_typesupport_cppExport-noconfig.cmake
[10.727s] -- Up-to-date: /home/lemmy/robotis_ws/install/dynamixel_sdk_custom_interfaces/share/dynamixel_sdk_custom_interfaces/cmake/export_dynamixel_sdk_custom_interfaces__rosidl_generator_pyExport.cmake
[10.728s] -- Up-to-date: /home/lemmy/robotis_ws/install/dynamixel_sdk_custom_interfaces/share/dynamixel_sdk_custom_interfaces/cmake/export_dynamixel_sdk_custom_interfaces__rosidl_generator_pyExport-noconfig.cmake
[10.742s] -- Up-to-date: /home/lemmy/robotis_ws/install/dynamixel_sdk_custom_interfaces/share/dynamixel_sdk_custom_interfaces/cmake/rosidl_cmake-extras.cmake
[10.744s] -- Up-to-date: /home/lemmy/robotis_ws/install/dynamixel_sdk_custom_interfaces/share/dynamixel_sdk_custom_interfaces/cmake/ament_cmake_export_dependencies-extras.cmake
[10.746s] -- Up-to-date: /home/lemmy/robotis_ws/install/dynamixel_sdk_custom_interfaces/share/dynamixel_sdk_custom_interfaces/cmake/ament_cmake_export_include_directories-extras.cmake
[10.747s] -- Up-to-date: /home/lemmy/robotis_ws/install/dynamixel_sdk_custom_interfaces/share/dynamixel_sdk_custom_interfaces/cmake/ament_cmake_export_libraries-extras.cmake
[10.750s] -- Up-to-date: /home/lemmy/robotis_ws/install/dynamixel_sdk_custom_interfaces/share/dynamixel_sdk_custom_interfaces/cmake/ament_cmake_export_targets-extras.cmake
[10.753s] -- Up-to-date: /home/lemmy/robotis_ws/install/dynamixel_sdk_custom_interfaces/share/dynamixel_sdk_custom_interfaces/cmake/rosidl_cmake_export_typesupport_targets-extras.cmake
[10.755s] -- Up-to-date: /home/lemmy/robotis_ws/install/dynamixel_sdk_custom_interfaces/share/dynamixel_sdk_custom_interfaces/cmake/rosidl_cmake_export_typesupport_libraries-extras.cmake
[10.756s] -- Up-to-date: /home/lemmy/robotis_ws/install/dynamixel_sdk_custom_interfaces/share/dynamixel_sdk_custom_interfaces/cmake/dynamixel_sdk_custom_interfacesConfig.cmake
[10.757s] -- Up-to-date: /home/lemmy/robotis_ws/install/dynamixel_sdk_custom_interfaces/share/dynamixel_sdk_custom_interfaces/cmake/dynamixel_sdk_custom_interfacesConfig-version.cmake
[10.759s] -- Up-to-date: /home/lemmy/robotis_ws/install/dynamixel_sdk_custom_interfaces/share/dynamixel_sdk_custom_interfaces/package.xml
[10.761s] Invoked command in '/home/lemmy/robotis_ws/build/dynamixel_sdk_custom_interfaces' returned '0': CMAKE_PREFIX_PATH=${CMAKE_PREFIX_PATH}:/home/lemmy/robotis_ws/install/wheels_control:/home/lemmy/ros2_ws/install/my_robot_controller:/opt/ros/humble /usr/bin/cmake --install /home/lemmy/robotis_ws/build/dynamixel_sdk_custom_interfaces
