[6.914s] Invoking command in '/home/lemmy/robotis_ws/src/wheels_control': PS1=(venv) \[\e]0;\u@\h: \w\a\]${debian_chroot:+($debian_chroot)}\[\033[01;32m\]\u@\h\[\033[00m\]:\[\033[01;34m\]\w\[\033[00m\]\$ PYTHONPATH=/home/lemmy/robotis_ws/build/wheels_control/prefix_override:/home/lemmy/robotis_ws/install/wheels_control/lib/python3.10/site-packages:${PYTHONPATH} /usr/bin/python3 -W ignore:setup.py install is deprecated setup.py egg_info --egg-base ../../build/wheels_control build --build-base /home/lemmy/robotis_ws/build/wheels_control/build install --record /home/lemmy/robotis_ws/build/wheels_control/install.log --single-version-externally-managed install_data
[11.033s] running egg_info
[11.051s] creating ../../build/wheels_control/wheels_control.egg-info
[11.069s] writing ../../build/wheels_control/wheels_control.egg-info/PKG-INFO
[11.073s] writing dependency_links to ../../build/wheels_control/wheels_control.egg-info/dependency_links.txt
[11.082s] writing entry points to ../../build/wheels_control/wheels_control.egg-info/entry_points.txt
[11.090s] writing requirements to ../../build/wheels_control/wheels_control.egg-info/requires.txt
[11.100s] writing top-level names to ../../build/wheels_control/wheels_control.egg-info/top_level.txt
[11.113s] writing manifest file '../../build/wheels_control/wheels_control.egg-info/SOURCES.txt'
[11.139s] reading manifest file '../../build/wheels_control/wheels_control.egg-info/SOURCES.txt'
[11.149s] adding license file 'LICENSE'
[11.157s] writing manifest file '../../build/wheels_control/wheels_control.egg-info/SOURCES.txt'
[11.171s] running build
[11.173s] running build_py
[11.175s] creating /home/lemmy/robotis_ws/build/wheels_control/build
[11.177s] creating /home/lemmy/robotis_ws/build/wheels_control/build/lib
[11.178s] creating /home/lemmy/robotis_ws/build/wheels_control/build/lib/wheels_control
[11.180s] copying wheels_control/__init__.py -> /home/lemmy/robotis_ws/build/wheels_control/build/lib/wheels_control
[11.184s] copying wheels_control/wheels_control.py -> /home/lemmy/robotis_ws/build/wheels_control/build/lib/wheels_control
[11.196s] running install
[11.198s] running install_lib
[11.209s] creating /home/lemmy/robotis_ws/install/wheels_control/lib/python3.10/site-packages/wheels_control
[11.221s] copying /home/lemmy/robotis_ws/build/wheels_control/build/lib/wheels_control/__init__.py -> /home/lemmy/robotis_ws/install/wheels_control/lib/python3.10/site-packages/wheels_control
[11.225s] copying /home/lemmy/robotis_ws/build/wheels_control/build/lib/wheels_control/wheels_control.py -> /home/lemmy/robotis_ws/install/wheels_control/lib/python3.10/site-packages/wheels_control
[11.233s] byte-compiling /home/lemmy/robotis_ws/install/wheels_control/lib/python3.10/site-packages/wheels_control/__init__.py to __init__.cpython-310.pyc
[11.239s] byte-compiling /home/lemmy/robotis_ws/install/wheels_control/lib/python3.10/site-packages/wheels_control/wheels_control.py to wheels_control.cpython-310.pyc
[11.243s] running install_data
[11.244s] copying package.xml -> /home/lemmy/robotis_ws/install/wheels_control/share/wheels_control
[11.245s] creating /home/lemmy/robotis_ws/install/wheels_control/share/wheels_control/launch
[11.245s] copying launch/wheels_control.launch.py -> /home/lemmy/robotis_ws/install/wheels_control/share/wheels_control/launch
[11.291s] creating /home/lemmy/robotis_ws/install/wheels_control/share/ament_index
[11.292s] creating /home/lemmy/robotis_ws/install/wheels_control/share/ament_index/resource_index
[11.292s] creating /home/lemmy/robotis_ws/install/wheels_control/share/ament_index/resource_index/packages
[11.293s] copying resource/wheels_control -> /home/lemmy/robotis_ws/install/wheels_control/share/ament_index/resource_index/packages
[11.294s] running install_egg_info
[11.334s] Copying ../../build/wheels_control/wheels_control.egg-info to /home/lemmy/robotis_ws/install/wheels_control/lib/python3.10/site-packages/wheels_control-0.0.0-py3.10.egg-info
[11.365s] running install_scripts
[11.649s] Installing wheels_control script to /home/lemmy/robotis_ws/install/wheels_control/lib/wheels_control
[11.672s] writing list of installed files to '/home/lemmy/robotis_ws/build/wheels_control/install.log'
[12.092s] Invoked command in '/home/lemmy/robotis_ws/src/wheels_control' returned '0': PS1=(venv) \[\e]0;\u@\h: \w\a\]${debian_chroot:+($debian_chroot)}\[\033[01;32m\]\u@\h\[\033[00m\]:\[\033[01;34m\]\w\[\033[00m\]\$ PYTHONPATH=/home/lemmy/robotis_ws/build/wheels_control/prefix_override:/home/lemmy/robotis_ws/install/wheels_control/lib/python3.10/site-packages:${PYTHONPATH} /usr/bin/python3 -W ignore:setup.py install is deprecated setup.py egg_info --egg-base ../../build/wheels_control build --build-base /home/lemmy/robotis_ws/build/wheels_control/build install --record /home/lemmy/robotis_ws/build/wheels_control/install.log --single-version-externally-managed install_data
