[  9%] Built target joystick_listener__rosidl_generator_c
[ 12%] Built target joystick_listener__cpp
[ 12%] Built target ament_cmake_python_copy_joystick_listener
[35m[1mConsolidate compiler generated dependencies of target joystick_listener__rosidl_typesupport_introspection_c[0m
[35m[1mConsolidate compiler generated dependencies of target joystick_listener__rosidl_typesupport_c[0m
[ 22%] Built target joystick_listener__rosidl_typesupport_c
[ 32%] Built target joystick_listener__rosidl_typesupport_introspection_c
[ 41%] Built target joystick_listener__rosidl_typesupport_fastrtps_c
[ 51%] Built target joystick_listener__rosidl_typesupport_introspection_cpp
[ 61%] Built target joystick_listener__rosidl_typesupport_cpp
[ 70%] Built target joystick_listener__rosidl_typesupport_fastrtps_cpp
[ 70%] Built target joystick_listener
[ 74%] Built target joystick_listener__py
[35m[1mConsolidate compiler generated dependencies of target joystick_listener__rosidl_generator_py[0m
[ 80%] Built target joystick_listener__rosidl_generator_py
[35m[1mConsolidate compiler generated dependencies of target joystick_listener__rosidl_typesupport_introspection_c__pyext[0m
[35m[1mConsolidate compiler generated dependencies of target joystick_listener__rosidl_typesupport_fastrtps_c__pyext[0m
[35m[1mConsolidate compiler generated dependencies of target joystick_listener__rosidl_typesupport_c__pyext[0m
[ 87%] Built target joystick_listener__rosidl_typesupport_c__pyext
[ 93%] Built target joystick_listener__rosidl_typesupport_fastrtps_c__pyext
[100%] Built target joystick_listener__rosidl_typesupport_introspection_c__pyext
running egg_info
writing joystick_listener.egg-info/PKG-INFO
writing dependency_links to joystick_listener.egg-info/dependency_links.txt
writing top-level names to joystick_listener.egg-info/top_level.txt
reading manifest file 'joystick_listener.egg-info/SOURCES.txt'
writing manifest file 'joystick_listener.egg-info/SOURCES.txt'
[100%] Built target ament_cmake_python_build_joystick_listener_egg
