[3.829s] Invoking command in '/home/lemmy/robotis_ws/src/wheels_control': PYTHONPATH=/home/lemmy/robotis_ws/build/wheels_control/prefix_override:/home/lemmy/robotis_ws/install/wheels_control/lib/python3.10/site-packages:${PYTHONPATH} /usr/bin/python3 -W ignore:setup.py install is deprecated setup.py egg_info --egg-base ../../build/wheels_control build --build-base /home/lemmy/robotis_ws/build/wheels_control/build install --record /home/lemmy/robotis_ws/build/wheels_control/install.log --single-version-externally-managed install_data
[5.221s] running egg_info
[5.226s] writing ../../build/wheels_control/wheels_control.egg-info/PKG-INFO
[5.227s] writing dependency_links to ../../build/wheels_control/wheels_control.egg-info/dependency_links.txt
[5.229s] writing entry points to ../../build/wheels_control/wheels_control.egg-info/entry_points.txt
[5.231s] writing requirements to ../../build/wheels_control/wheels_control.egg-info/requires.txt
[5.231s] writing top-level names to ../../build/wheels_control/wheels_control.egg-info/top_level.txt
[5.251s] reading manifest file '../../build/wheels_control/wheels_control.egg-info/SOURCES.txt'
[5.259s] adding license file 'LICENSE'
[5.262s] writing manifest file '../../build/wheels_control/wheels_control.egg-info/SOURCES.txt'
[5.264s] running build
[5.265s] running build_py
[5.266s] copying wheels_control/wheels_control.py -> /home/lemmy/robotis_ws/build/wheels_control/build/lib/wheels_control
[5.268s] running install
[5.270s] running install_lib
[5.275s] copying /home/lemmy/robotis_ws/build/wheels_control/build/lib/wheels_control/wheels_control.py -> /home/lemmy/robotis_ws/install/wheels_control/lib/python3.10/site-packages/wheels_control
[5.279s] byte-compiling /home/lemmy/robotis_ws/install/wheels_control/lib/python3.10/site-packages/wheels_control/wheels_control.py to wheels_control.cpython-310.pyc
[5.284s] running install_data
[5.286s] running install_egg_info
[5.296s] removing '/home/lemmy/robotis_ws/install/wheels_control/lib/python3.10/site-packages/wheels_control-0.0.0-py3.10.egg-info' (and everything under it)
[5.298s] Copying ../../build/wheels_control/wheels_control.egg-info to /home/lemmy/robotis_ws/install/wheels_control/lib/python3.10/site-packages/wheels_control-0.0.0-py3.10.egg-info
[5.307s] running install_scripts
[5.422s] Installing predefined_path script to /home/lemmy/robotis_ws/install/wheels_control/lib/wheels_control
[5.423s] Installing wheels_control script to /home/lemmy/robotis_ws/install/wheels_control/lib/wheels_control
[5.425s] writing list of installed files to '/home/lemmy/robotis_ws/build/wheels_control/install.log'
[5.596s] Invoked command in '/home/lemmy/robotis_ws/src/wheels_control' returned '0': PYTHONPATH=/home/lemmy/robotis_ws/build/wheels_control/prefix_override:/home/lemmy/robotis_ws/install/wheels_control/lib/python3.10/site-packages:${PYTHONPATH} /usr/bin/python3 -W ignore:setup.py install is deprecated setup.py egg_info --egg-base ../../build/wheels_control build --build-base /home/lemmy/robotis_ws/build/wheels_control/build install --record /home/lemmy/robotis_ws/build/wheels_control/install.log --single-version-externally-managed install_data
