[0.162s] Invoking command in '/home/lemmy/robotis_ws/build/joystick_listener': CMAKE_PREFIX_PATH=${CMAKE_PREFIX_PATH}:/home/lemmy/robotis_ws/install/wheels_control:/home/lemmy/ros2_ws/install/my_robot_controller:/opt/ros/humble PS1=(venv) \[\e]0;\u@\h: \w\a\]${debian_chroot:+($debian_chroot)}\[\033[01;32m\]\u@\h\[\033[00m\]:\[\033[01;34m\]\w\[\033[00m\]\$ /usr/bin/cmake --build /home/lemmy/robotis_ws/build/joystick_listener -- -j4 -l4
[0.344s] -- Found ament_cmake: 1.3.8 (/opt/ros/humble/share/ament_cmake/cmake)
[1.910s] -- Found rclcpp: 16.0.8 (/opt/ros/humble/share/rclcpp/cmake)
[2.315s] -- Found rosidl_generator_c: 3.1.5 (/opt/ros/humble/share/rosidl_generator_c/cmake)
[2.331s] -- Found rosidl_adapter: 3.1.5 (/opt/ros/humble/share/rosidl_adapter/cmake)
[2.379s] -- Found rosidl_generator_cpp: 3.1.5 (/opt/ros/humble/share/rosidl_generator_cpp/cmake)
[2.493s] -- Using all available rosidl_typesupport_c: rosidl_typesupport_fastrtps_c;rosidl_typesupport_introspection_c
[2.616s] -- Using all available rosidl_typesupport_cpp: rosidl_typesupport_fastrtps_cpp;rosidl_typesupport_introspection_cpp
[3.057s] -- Found rmw_implementation_cmake: 6.1.1 (/opt/ros/humble/share/rmw_implementation_cmake/cmake)
[3.079s] -- Found rmw_fastrtps_cpp: 6.2.6 (/opt/ros/humble/share/rmw_fastrtps_cpp/cmake)
[4.522s] -- Using RMW implementation 'rmw_fastrtps_cpp' as default
[5.680s] -- Found rclpy: 3.3.12 (/opt/ros/humble/share/rclpy/cmake)
[5.694s] -- Found rosidl_default_generators: 1.2.0 (/opt/ros/humble/share/rosidl_default_generators/cmake)
[7.911s] -- Found ament_cmake_ros: 0.10.0 (/opt/ros/humble/share/ament_cmake_ros/cmake)
[9.976s] -- Using all available rosidl_typesupport_c: rosidl_typesupport_fastrtps_c;rosidl_typesupport_introspection_c
[10.650s] -- Using all available rosidl_typesupport_cpp: rosidl_typesupport_fastrtps_cpp;rosidl_typesupport_introspection_cpp
[10.790s] -- Found python_cmake_module: 0.10.0 (/opt/ros/humble/share/python_cmake_module/cmake)
[10.943s] -- Using PYTHON_EXECUTABLE: /home/lemmy/robotis_ws/venv/bin/python3
[10.943s] -- Using PYTHON_INCLUDE_DIRS: /usr/include/python3.10
[10.944s] -- Using PYTHON_LIBRARIES: /usr/lib/aarch64-linux-gnu/libpython3.10.so
[11.000s] [31mCMake Error at /opt/ros/humble/share/ament_cmake_python/cmake/ament_python_install_package.cmake:122 (add_custom_target):
[11.000s]   add_custom_target cannot create target
[11.001s]   "ament_cmake_python_copy_joystick_listener" because another target with the
[11.001s]   same name already exists.  The existing target is a custom target created
[11.001s]   in source directory "/home/lemmy/robotis_ws/src/joystick_listener".  See
[11.002s]   documentation for policy CMP0002 for more details.
[11.002s] Call Stack (most recent call first):
[11.002s]   /opt/ros/humble/share/ament_cmake_python/cmake/ament_python_install_package.cmake:39 (_ament_cmake_python_install_package)
[11.003s]   CMakeLists.txt:26 (ament_python_install_package)
[11.003s] 
[11.003s] [0m
[11.004s] [31mCMake Error at /opt/ros/humble/share/ament_cmake_python/cmake/ament_python_install_package.cmake:141 (add_custom_target):
[11.004s]   add_custom_target cannot create target
[11.004s]   "ament_cmake_python_build_joystick_listener_egg" because another target
[11.005s]   with the same name already exists.  The existing target is a custom target
[11.005s]   created in source directory "/home/lemmy/robotis_ws/src/joystick_listener".
[11.005s]   See documentation for policy CMP0002 for more details.
[11.006s] Call Stack (most recent call first):
[11.006s]   /opt/ros/humble/share/ament_cmake_python/cmake/ament_python_install_package.cmake:39 (_ament_cmake_python_install_package)
[11.006s]   CMakeLists.txt:26 (ament_python_install_package)
[11.007s] 
[11.007s] [0m
[11.007s] -- Found ament_lint_auto: 0.12.10 (/opt/ros/humble/share/ament_lint_auto/cmake)
[11.072s] -- Added test 'flake8' to check Python code syntax and style conventions
[11.074s] -- Added test 'lint_cmake' to check CMake code style
[11.076s] -- Added test 'pep257' to check Python code against some of the docstring style conventions in PEP 257
[11.086s] -- Added test 'xmllint' to check XML markup files
[11.097s] -- Configuring incomplete, errors occurred!
[11.097s] See also "/home/lemmy/robotis_ws/build/joystick_listener/CMakeFiles/CMakeOutput.log".
[11.139s] gmake: *** [Makefile:569: cmake_check_build_system] Error 1
[11.155s] Invoked command in '/home/lemmy/robotis_ws/build/joystick_listener' returned '2': CMAKE_PREFIX_PATH=${CMAKE_PREFIX_PATH}:/home/lemmy/robotis_ws/install/wheels_control:/home/lemmy/ros2_ws/install/my_robot_controller:/opt/ros/humble PS1=(venv) \[\e]0;\u@\h: \w\a\]${debian_chroot:+($debian_chroot)}\[\033[01;32m\]\u@\h\[\033[00m\]:\[\033[01;34m\]\w\[\033[00m\]\$ /usr/bin/cmake --build /home/lemmy/robotis_ws/build/joystick_listener -- -j4 -l4
