[6.293s] Invoking command in '/home/lemmy/robotis_ws/src/wheels_control': PYTHONPATH=/home/lemmy/robotis_ws/build/wheels_control/prefix_override:/home/lemmy/robotis_ws/install/wheels_control/lib/python3.10/site-packages:${PYTHONPATH} /usr/bin/python3 -W ignore:setup.py install is deprecated setup.py egg_info --egg-base ../../build/wheels_control build --build-base /home/lemmy/robotis_ws/build/wheels_control/build install --record /home/lemmy/robotis_ws/build/wheels_control/install.log --single-version-externally-managed install_data
[8.059s] running egg_info
[8.065s] writing ../../build/wheels_control/wheels_control.egg-info/PKG-INFO
[8.065s] writing dependency_links to ../../build/wheels_control/wheels_control.egg-info/dependency_links.txt
[8.066s] writing entry points to ../../build/wheels_control/wheels_control.egg-info/entry_points.txt
[8.067s] writing requirements to ../../build/wheels_control/wheels_control.egg-info/requires.txt
[8.068s] writing top-level names to ../../build/wheels_control/wheels_control.egg-info/top_level.txt
[8.081s] reading manifest file '../../build/wheels_control/wheels_control.egg-info/SOURCES.txt'
[8.084s] adding license file 'LICENSE'
[8.087s] writing manifest file '../../build/wheels_control/wheels_control.egg-info/SOURCES.txt'
[8.088s] running build
[8.089s] running build_py
[8.090s] copying wheels_control/predefined_path.py -> /home/lemmy/robotis_ws/build/wheels_control/build/lib/wheels_control
[8.093s] running install
[8.096s] running install_lib
[8.107s] copying /home/lemmy/robotis_ws/build/wheels_control/build/lib/wheels_control/predefined_path.py -> /home/lemmy/robotis_ws/install/wheels_control/lib/python3.10/site-packages/wheels_control
[8.117s] byte-compiling /home/lemmy/robotis_ws/install/wheels_control/lib/python3.10/site-packages/wheels_control/predefined_path.py to predefined_path.cpython-310.pyc
[8.125s] running install_data
[8.126s] running install_egg_info
[8.135s] removing '/home/lemmy/robotis_ws/install/wheels_control/lib/python3.10/site-packages/wheels_control-0.0.0-py3.10.egg-info' (and everything under it)
[8.137s] Copying ../../build/wheels_control/wheels_control.egg-info to /home/lemmy/robotis_ws/install/wheels_control/lib/python3.10/site-packages/wheels_control-0.0.0-py3.10.egg-info
[8.146s] running install_scripts
[8.375s] Installing predefined_path script to /home/lemmy/robotis_ws/install/wheels_control/lib/wheels_control
[8.381s] Installing wheels_control script to /home/lemmy/robotis_ws/install/wheels_control/lib/wheels_control
[8.388s] writing list of installed files to '/home/lemmy/robotis_ws/build/wheels_control/install.log'
[8.651s] Invoked command in '/home/lemmy/robotis_ws/src/wheels_control' returned '0': PYTHONPATH=/home/lemmy/robotis_ws/build/wheels_control/prefix_override:/home/lemmy/robotis_ws/install/wheels_control/lib/python3.10/site-packages:${PYTHONPATH} /usr/bin/python3 -W ignore:setup.py install is deprecated setup.py egg_info --egg-base ../../build/wheels_control build --build-base /home/lemmy/robotis_ws/build/wheels_control/build install --record /home/lemmy/robotis_ws/build/wheels_control/install.log --single-version-externally-managed install_data
