[7.230s] Invoking command in '/home/lemmy/robotis_ws/src/wheels_control': PYTHONPATH=/home/lemmy/robotis_ws/build/wheels_control/prefix_override:/home/lemmy/robotis_ws/install/wheels_control/lib/python3.10/site-packages:${PYTHONPATH} /usr/bin/python3 -W ignore:setup.py install is deprecated setup.py egg_info --egg-base ../../build/wheels_control build --build-base /home/lemmy/robotis_ws/build/wheels_control/build install --record /home/lemmy/robotis_ws/build/wheels_control/install.log --single-version-externally-managed install_data
[9.278s] running egg_info
[9.281s] writing ../../build/wheels_control/wheels_control.egg-info/PKG-INFO
[9.282s] writing dependency_links to ../../build/wheels_control/wheels_control.egg-info/dependency_links.txt
[9.284s] writing entry points to ../../build/wheels_control/wheels_control.egg-info/entry_points.txt
[9.285s] writing requirements to ../../build/wheels_control/wheels_control.egg-info/requires.txt
[9.286s] writing top-level names to ../../build/wheels_control/wheels_control.egg-info/top_level.txt
[9.295s] reading manifest file '../../build/wheels_control/wheels_control.egg-info/SOURCES.txt'
[9.297s] adding license file 'LICENSE'
[9.300s] writing manifest file '../../build/wheels_control/wheels_control.egg-info/SOURCES.txt'
[9.301s] running build
[9.302s] running build_py
[9.302s] copying wheels_control/wheels_control.py -> /home/lemmy/robotis_ws/build/wheels_control/build/lib/wheels_control
[9.304s] running install
[9.305s] running install_lib
[9.310s] copying /home/lemmy/robotis_ws/build/wheels_control/build/lib/wheels_control/wheels_control.py -> /home/lemmy/robotis_ws/install/wheels_control/lib/python3.10/site-packages/wheels_control
[9.314s] byte-compiling /home/lemmy/robotis_ws/install/wheels_control/lib/python3.10/site-packages/wheels_control/wheels_control.py to wheels_control.cpython-310.pyc
[9.317s] running install_data
[9.318s] running install_egg_info
[9.327s] removing '/home/lemmy/robotis_ws/install/wheels_control/lib/python3.10/site-packages/wheels_control-0.0.0-py3.10.egg-info' (and everything under it)
[9.329s] Copying ../../build/wheels_control/wheels_control.egg-info to /home/lemmy/robotis_ws/install/wheels_control/lib/python3.10/site-packages/wheels_control-0.0.0-py3.10.egg-info
[9.336s] running install_scripts
[9.457s] Installing wheels_control script to /home/lemmy/robotis_ws/install/wheels_control/lib/wheels_control
[9.460s] writing list of installed files to '/home/lemmy/robotis_ws/build/wheels_control/install.log'
[9.622s] Invoked command in '/home/lemmy/robotis_ws/src/wheels_control' returned '0': PYTHONPATH=/home/lemmy/robotis_ws/build/wheels_control/prefix_override:/home/lemmy/robotis_ws/install/wheels_control/lib/python3.10/site-packages:${PYTHONPATH} /usr/bin/python3 -W ignore:setup.py install is deprecated setup.py egg_info --egg-base ../../build/wheels_control build --build-base /home/lemmy/robotis_ws/build/wheels_control/build install --record /home/lemmy/robotis_ws/build/wheels_control/install.log --single-version-externally-managed install_data
