[0.160s] Invoking command in '/home/lemmy/robotis_ws/build/joystick_listener': CMAKE_PREFIX_PATH=/home/lemmy/robotis_ws/install/dynamixel_sdk_custom_interfaces:/home/lemmy/robotis_ws/install/joystick_listener:/home/lemmy/robotis_ws/install/dynamixel_sdk_examples:/home/lemmy/robotis_ws/install/dynamixel_sdk:/home/lemmy/ros2_ws/install/pantilt_bot_description:/home/lemmy/ros2_ws/install/open_manipulator_x_description:/home/lemmy/ros2_ws/install/dynamixel_hardware:/home/lemmy/robotis_ws/install/wheels_control:/home/lemmy/ros2_ws/install/my_robot_controller:/opt/ros/humble LD_LIBRARY_PATH=/home/lemmy/robotis_ws/install/dynamixel_sdk_custom_interfaces/lib:/home/lemmy/robotis_ws/install/joystick_listener/lib:/home/lemmy/robotis_ws/install/dynamixel_sdk/lib:/home/lemmy/ros2_ws/install/dynamixel_hardware/lib:/opt/ros/humble/opt/rviz_ogre_vendor/lib:/opt/ros/humble/lib/aarch64-linux-gnu:/opt/ros/humble/lib PS1=(venv) \[\e]0;\u@\h: \w\a\]${debian_chroot:+($debian_chroot)}\[\033[01;32m\]\u@\h\[\033[00m\]:\[\033[01;34m\]\w\[\033[00m\]\$ PYTHONPATH=/home/lemmy/robotis_ws/install/dynamixel_sdk_custom_interfaces/lib/python3.10/site-packages:/home/lemmy/robotis_ws/install/wheels_control/lib/python3.10/site-packages:/home/lemmy/robotis_ws/install/joystick_listener/lib/python3.10/site-packages:/home/lemmy/ros2_ws/install/my_robot_controller/lib/python3.10/site-packages:/opt/ros/humble/lib/python3.10/site-packages:/opt/ros/humble/local/lib/python3.10/dist-packages /usr/bin/cmake --build /home/lemmy/robotis_ws/build/joystick_listener -- -j4 -l4
[0.630s] [  3%] Built target joystick_listener__cpp
[0.704s] [ 12%] Built target joystick_listener__rosidl_generator_c
[0.797s] [ 12%] Built target ament_cmake_python_copy_joystick_listener
[0.951s] [ 22%] Built target joystick_listener__rosidl_typesupport_introspection_cpp
[0.961s] [ 32%] Built target joystick_listener__rosidl_typesupport_fastrtps_cpp
[0.978s] [ 41%] Built target joystick_listener__rosidl_typesupport_cpp
[1.002s] [ 51%] Built target joystick_listener__rosidl_typesupport_fastrtps_c
[1.175s] [ 61%] Built target joystick_listener__rosidl_typesupport_c
[1.211s] [ 70%] Built target joystick_listener__rosidl_typesupport_introspection_c
[1.463s] [ 70%] Built target joystick_listener
[1.661s] [ 74%] Built target joystick_listener__py
[1.908s] [ 80%] Built target joystick_listener__rosidl_generator_py
[2.223s] [ 87%] Built target joystick_listener__rosidl_typesupport_c__pyext
[2.237s] [ 93%] Built target joystick_listener__rosidl_typesupport_introspection_c__pyext
[2.273s] [100%] Built target joystick_listener__rosidl_typesupport_fastrtps_c__pyext
[2.765s] running egg_info
[2.880s] writing joystick_listener.egg-info/PKG-INFO
[2.883s] writing dependency_links to joystick_listener.egg-info/dependency_links.txt
[2.887s] writing top-level names to joystick_listener.egg-info/top_level.txt
[3.207s] reading manifest file 'joystick_listener.egg-info/SOURCES.txt'
[3.215s] writing manifest file 'joystick_listener.egg-info/SOURCES.txt'
[3.434s] [100%] Built target ament_cmake_python_build_joystick_listener_egg
[3.515s] Invoked command in '/home/lemmy/robotis_ws/build/joystick_listener' returned '0': CMAKE_PREFIX_PATH=/home/lemmy/robotis_ws/install/dynamixel_sdk_custom_interfaces:/home/lemmy/robotis_ws/install/joystick_listener:/home/lemmy/robotis_ws/install/dynamixel_sdk_examples:/home/lemmy/robotis_ws/install/dynamixel_sdk:/home/lemmy/ros2_ws/install/pantilt_bot_description:/home/lemmy/ros2_ws/install/open_manipulator_x_description:/home/lemmy/ros2_ws/install/dynamixel_hardware:/home/lemmy/robotis_ws/install/wheels_control:/home/lemmy/ros2_ws/install/my_robot_controller:/opt/ros/humble LD_LIBRARY_PATH=/home/lemmy/robotis_ws/install/dynamixel_sdk_custom_interfaces/lib:/home/lemmy/robotis_ws/install/joystick_listener/lib:/home/lemmy/robotis_ws/install/dynamixel_sdk/lib:/home/lemmy/ros2_ws/install/dynamixel_hardware/lib:/opt/ros/humble/opt/rviz_ogre_vendor/lib:/opt/ros/humble/lib/aarch64-linux-gnu:/opt/ros/humble/lib PS1=(venv) \[\e]0;\u@\h: \w\a\]${debian_chroot:+($debian_chroot)}\[\033[01;32m\]\u@\h\[\033[00m\]:\[\033[01;34m\]\w\[\033[00m\]\$ PYTHONPATH=/home/lemmy/robotis_ws/install/dynamixel_sdk_custom_interfaces/lib/python3.10/site-packages:/home/lemmy/robotis_ws/install/wheels_control/lib/python3.10/site-packages:/home/lemmy/robotis_ws/install/joystick_listener/lib/python3.10/site-packages:/home/lemmy/ros2_ws/install/my_robot_controller/lib/python3.10/site-packages:/opt/ros/humble/lib/python3.10/site-packages:/opt/ros/humble/local/lib/python3.10/dist-packages /usr/bin/cmake --build /home/lemmy/robotis_ws/build/joystick_listener -- -j4 -l4
[4.103s] Invoking command in '/home/lemmy/robotis_ws/build/joystick_listener': CMAKE_PREFIX_PATH=/home/lemmy/robotis_ws/install/dynamixel_sdk_custom_interfaces:/home/lemmy/robotis_ws/install/joystick_listener:/home/lemmy/robotis_ws/install/dynamixel_sdk_examples:/home/lemmy/robotis_ws/install/dynamixel_sdk:/home/lemmy/ros2_ws/install/pantilt_bot_description:/home/lemmy/ros2_ws/install/open_manipulator_x_description:/home/lemmy/ros2_ws/install/dynamixel_hardware:/home/lemmy/robotis_ws/install/wheels_control:/home/lemmy/ros2_ws/install/my_robot_controller:/opt/ros/humble LD_LIBRARY_PATH=/home/lemmy/robotis_ws/install/dynamixel_sdk_custom_interfaces/lib:/home/lemmy/robotis_ws/install/joystick_listener/lib:/home/lemmy/robotis_ws/install/dynamixel_sdk/lib:/home/lemmy/ros2_ws/install/dynamixel_hardware/lib:/opt/ros/humble/opt/rviz_ogre_vendor/lib:/opt/ros/humble/lib/aarch64-linux-gnu:/opt/ros/humble/lib PS1=(venv) \[\e]0;\u@\h: \w\a\]${debian_chroot:+($debian_chroot)}\[\033[01;32m\]\u@\h\[\033[00m\]:\[\033[01;34m\]\w\[\033[00m\]\$ PYTHONPATH=/home/lemmy/robotis_ws/install/dynamixel_sdk_custom_interfaces/lib/python3.10/site-packages:/home/lemmy/robotis_ws/install/wheels_control/lib/python3.10/site-packages:/home/lemmy/robotis_ws/install/joystick_listener/lib/python3.10/site-packages:/home/lemmy/ros2_ws/install/my_robot_controller/lib/python3.10/site-packages:/opt/ros/humble/lib/python3.10/site-packages:/opt/ros/humble/local/lib/python3.10/dist-packages /usr/bin/cmake --install /home/lemmy/robotis_ws/build/joystick_listener
[4.146s] -- Install configuration: ""
[4.146s] -- Up-to-date: /home/lemmy/robotis_ws/install/joystick_listener/share/ament_index/resource_index/rosidl_interfaces/joystick_listener
[4.147s] -- Up-to-date: /home/lemmy/robotis_ws/install/joystick_listener/include/joystick_listener/joystick_listener
[4.147s] -- Up-to-date: /home/lemmy/robotis_ws/install/joystick_listener/include/joystick_listener/joystick_listener/msg
[4.147s] -- Up-to-date: /home/lemmy/robotis_ws/install/joystick_listener/include/joystick_listener/joystick_listener/msg/joystick_command.h
[4.148s] -- Up-to-date: /home/lemmy/robotis_ws/install/joystick_listener/include/joystick_listener/joystick_listener/msg/detail
[4.149s] -- Up-to-date: /home/lemmy/robotis_ws/install/joystick_listener/include/joystick_listener/joystick_listener/msg/detail/joystick_command__type_support.h
[4.149s] -- Up-to-date: /home/lemmy/robotis_ws/install/joystick_listener/include/joystick_listener/joystick_listener/msg/detail/joystick_command__functions.h
[4.150s] -- Up-to-date: /home/lemmy/robotis_ws/install/joystick_listener/include/joystick_listener/joystick_listener/msg/detail/joystick_command__functions.c
[4.150s] -- Up-to-date: /home/lemmy/robotis_ws/install/joystick_listener/include/joystick_listener/joystick_listener/msg/detail/joystick_command__struct.h
[4.153s] -- Up-to-date: /home/lemmy/robotis_ws/install/joystick_listener/include/joystick_listener/joystick_listener/msg/rosidl_generator_c__visibility_control.h
[4.154s] -- Up-to-date: /home/lemmy/robotis_ws/install/joystick_listener/share/joystick_listener/environment/library_path.sh
[4.154s] -- Up-to-date: /home/lemmy/robotis_ws/install/joystick_listener/share/joystick_listener/environment/library_path.dsv
[4.155s] -- Up-to-date: /home/lemmy/robotis_ws/install/joystick_listener/lib/libjoystick_listener__rosidl_generator_c.so
[4.156s] -- Up-to-date: /home/lemmy/robotis_ws/install/joystick_listener/include/joystick_listener/joystick_listener
[4.157s] -- Up-to-date: /home/lemmy/robotis_ws/install/joystick_listener/include/joystick_listener/joystick_listener/msg
[4.158s] -- Up-to-date: /home/lemmy/robotis_ws/install/joystick_listener/include/joystick_listener/joystick_listener/msg/rosidl_typesupport_fastrtps_c__visibility_control.h
[4.159s] -- Up-to-date: /home/lemmy/robotis_ws/install/joystick_listener/include/joystick_listener/joystick_listener/msg/detail
[4.160s] -- Up-to-date: /home/lemmy/robotis_ws/install/joystick_listener/include/joystick_listener/joystick_listener/msg/detail/joystick_command__rosidl_typesupport_fastrtps_c.h
[4.161s] -- Up-to-date: /home/lemmy/robotis_ws/install/joystick_listener/lib/libjoystick_listener__rosidl_typesupport_fastrtps_c.so
[4.163s] -- Up-to-date: /home/lemmy/robotis_ws/install/joystick_listener/include/joystick_listener/joystick_listener
[4.163s] -- Up-to-date: /home/lemmy/robotis_ws/install/joystick_listener/include/joystick_listener/joystick_listener/msg
[4.163s] -- Up-to-date: /home/lemmy/robotis_ws/install/joystick_listener/include/joystick_listener/joystick_listener/msg/joystick_command.hpp
[4.164s] -- Up-to-date: /home/lemmy/robotis_ws/install/joystick_listener/include/joystick_listener/joystick_listener/msg/detail
[4.164s] -- Up-to-date: /home/lemmy/robotis_ws/install/joystick_listener/include/joystick_listener/joystick_listener/msg/detail/joystick_command__builder.hpp
[4.165s] -- Up-to-date: /home/lemmy/robotis_ws/install/joystick_listener/include/joystick_listener/joystick_listener/msg/detail/joystick_command__traits.hpp
[4.165s] -- Up-to-date: /home/lemmy/robotis_ws/install/joystick_listener/include/joystick_listener/joystick_listener/msg/detail/joystick_command__struct.hpp
[4.166s] -- Up-to-date: /home/lemmy/robotis_ws/install/joystick_listener/include/joystick_listener/joystick_listener
[4.166s] -- Up-to-date: /home/lemmy/robotis_ws/install/joystick_listener/include/joystick_listener/joystick_listener/msg
[4.167s] -- Up-to-date: /home/lemmy/robotis_ws/install/joystick_listener/include/joystick_listener/joystick_listener/msg/rosidl_typesupport_fastrtps_cpp__visibility_control.h
[4.167s] -- Up-to-date: /home/lemmy/robotis_ws/install/joystick_listener/include/joystick_listener/joystick_listener/msg/detail
[4.168s] -- Up-to-date: /home/lemmy/robotis_ws/install/joystick_listener/include/joystick_listener/joystick_listener/msg/detail/dds_fastrtps
[4.168s] -- Up-to-date: /home/lemmy/robotis_ws/install/joystick_listener/include/joystick_listener/joystick_listener/msg/detail/joystick_command__rosidl_typesupport_fastrtps_cpp.hpp
[4.171s] -- Up-to-date: /home/lemmy/robotis_ws/install/joystick_listener/lib/libjoystick_listener__rosidl_typesupport_fastrtps_cpp.so
[4.173s] -- Up-to-date: /home/lemmy/robotis_ws/install/joystick_listener/include/joystick_listener/joystick_listener
[4.174s] -- Up-to-date: /home/lemmy/robotis_ws/install/joystick_listener/include/joystick_listener/joystick_listener/msg
[4.174s] -- Up-to-date: /home/lemmy/robotis_ws/install/joystick_listener/include/joystick_listener/joystick_listener/msg/detail
[4.175s] -- Up-to-date: /home/lemmy/robotis_ws/install/joystick_listener/include/joystick_listener/joystick_listener/msg/detail/joystick_command__type_support.c
[4.175s] -- Up-to-date: /home/lemmy/robotis_ws/install/joystick_listener/include/joystick_listener/joystick_listener/msg/detail/joystick_command__rosidl_typesupport_introspection_c.h
[4.175s] -- Up-to-date: /home/lemmy/robotis_ws/install/joystick_listener/include/joystick_listener/joystick_listener/msg/rosidl_typesupport_introspection_c__visibility_control.h
[4.179s] -- Up-to-date: /home/lemmy/robotis_ws/install/joystick_listener/lib/libjoystick_listener__rosidl_typesupport_introspection_c.so
[4.181s] -- Up-to-date: /home/lemmy/robotis_ws/install/joystick_listener/lib/libjoystick_listener__rosidl_typesupport_c.so
[4.182s] -- Up-to-date: /home/lemmy/robotis_ws/install/joystick_listener/include/joystick_listener/joystick_listener
[4.183s] -- Up-to-date: /home/lemmy/robotis_ws/install/joystick_listener/include/joystick_listener/joystick_listener/msg
[4.183s] -- Up-to-date: /home/lemmy/robotis_ws/install/joystick_listener/include/joystick_listener/joystick_listener/msg/detail
[4.185s] -- Up-to-date: /home/lemmy/robotis_ws/install/joystick_listener/include/joystick_listener/joystick_listener/msg/detail/joystick_command__type_support.cpp
[4.187s] -- Up-to-date: /home/lemmy/robotis_ws/install/joystick_listener/include/joystick_listener/joystick_listener/msg/detail/joystick_command__rosidl_typesupport_introspection_cpp.hpp
[4.201s] -- Up-to-date: /home/lemmy/robotis_ws/install/joystick_listener/lib/libjoystick_listener__rosidl_typesupport_introspection_cpp.so
[4.202s] -- Up-to-date: /home/lemmy/robotis_ws/install/joystick_listener/lib/libjoystick_listener__rosidl_typesupport_cpp.so
[4.202s] -- Up-to-date: /home/lemmy/robotis_ws/install/joystick_listener/share/joystick_listener/environment/pythonpath.sh
[4.217s] -- Up-to-date: /home/lemmy/robotis_ws/install/joystick_listener/share/joystick_listener/environment/pythonpath.dsv
[4.219s] -- Up-to-date: /home/lemmy/robotis_ws/install/joystick_listener/lib/python3.10/site-packages/joystick_listener-0.0.0-py3.10.egg-info
[4.220s] -- Installing: /home/lemmy/robotis_ws/install/joystick_listener/lib/python3.10/site-packages/joystick_listener-0.0.0-py3.10.egg-info/SOURCES.txt
[4.220s] -- Installing: /home/lemmy/robotis_ws/install/joystick_listener/lib/python3.10/site-packages/joystick_listener-0.0.0-py3.10.egg-info/dependency_links.txt
[4.220s] -- Installing: /home/lemmy/robotis_ws/install/joystick_listener/lib/python3.10/site-packages/joystick_listener-0.0.0-py3.10.egg-info/PKG-INFO
[4.221s] -- Installing: /home/lemmy/robotis_ws/install/joystick_listener/lib/python3.10/site-packages/joystick_listener-0.0.0-py3.10.egg-info/top_level.txt
[4.221s] -- Up-to-date: /home/lemmy/robotis_ws/install/joystick_listener/lib/python3.10/site-packages/joystick_listener
[4.221s] -- Up-to-date: /home/lemmy/robotis_ws/install/joystick_listener/lib/python3.10/site-packages/joystick_listener/__init__.py
[4.221s] -- Up-to-date: /home/lemmy/robotis_ws/install/joystick_listener/lib/python3.10/site-packages/joystick_listener/libjoystick_listener__rosidl_generator_py.so
[4.222s] -- Up-to-date: /home/lemmy/robotis_ws/install/joystick_listener/lib/python3.10/site-packages/joystick_listener/joystick_listener_s__rosidl_typesupport_c.cpython-310-aarch64-linux-gnu.so
[4.222s] -- Up-to-date: /home/lemmy/robotis_ws/install/joystick_listener/lib/python3.10/site-packages/joystick_listener/_joystick_listener_s.ep.rosidl_typesupport_c.c
[4.222s] -- Up-to-date: /home/lemmy/robotis_ws/install/joystick_listener/lib/python3.10/site-packages/joystick_listener/_joystick_listener_s.ep.rosidl_typesupport_introspection_c.c
[4.223s] -- Up-to-date: /home/lemmy/robotis_ws/install/joystick_listener/lib/python3.10/site-packages/joystick_listener/_joystick_listener_s.ep.rosidl_typesupport_fastrtps_c.c
[4.223s] -- Up-to-date: /home/lemmy/robotis_ws/install/joystick_listener/lib/python3.10/site-packages/joystick_listener/joystick_listener_s__rosidl_typesupport_fastrtps_c.cpython-310-aarch64-linux-gnu.so
[4.224s] -- Up-to-date: /home/lemmy/robotis_ws/install/joystick_listener/lib/python3.10/site-packages/joystick_listener/msg
[4.224s] -- Up-to-date: /home/lemmy/robotis_ws/install/joystick_listener/lib/python3.10/site-packages/joystick_listener/msg/__init__.py
[4.224s] -- Up-to-date: /home/lemmy/robotis_ws/install/joystick_listener/lib/python3.10/site-packages/joystick_listener/msg/_joystick_command_s.c
[4.225s] -- Up-to-date: /home/lemmy/robotis_ws/install/joystick_listener/lib/python3.10/site-packages/joystick_listener/msg/_joystick_command.py
[4.225s] -- Up-to-date: /home/lemmy/robotis_ws/install/joystick_listener/lib/python3.10/site-packages/joystick_listener/joystick_listener_s__rosidl_typesupport_introspection_c.cpython-310-aarch64-linux-gnu.so
[4.411s] Listing '/home/lemmy/robotis_ws/install/joystick_listener/lib/python3.10/site-packages/joystick_listener'...
[4.412s] Listing '/home/lemmy/robotis_ws/install/joystick_listener/lib/python3.10/site-packages/joystick_listener/msg'...
[4.439s] -- Up-to-date: /home/lemmy/robotis_ws/install/joystick_listener/lib/python3.10/site-packages/joystick_listener/joystick_listener_s__rosidl_typesupport_fastrtps_c.cpython-310-aarch64-linux-gnu.so
[4.442s] -- Up-to-date: /home/lemmy/robotis_ws/install/joystick_listener/lib/python3.10/site-packages/joystick_listener/joystick_listener_s__rosidl_typesupport_introspection_c.cpython-310-aarch64-linux-gnu.so
[4.446s] -- Up-to-date: /home/lemmy/robotis_ws/install/joystick_listener/lib/python3.10/site-packages/joystick_listener/joystick_listener_s__rosidl_typesupport_c.cpython-310-aarch64-linux-gnu.so
[4.449s] -- Up-to-date: /home/lemmy/robotis_ws/install/joystick_listener/lib/libjoystick_listener__rosidl_generator_py.so
[4.451s] -- Up-to-date: /home/lemmy/robotis_ws/install/joystick_listener/share/joystick_listener/msg/JoystickCommand.idl
[4.452s] -- Up-to-date: /home/lemmy/robotis_ws/install/joystick_listener/share/joystick_listener/msg/JoystickCommand.msg
[4.453s] -- Installing: /home/lemmy/robotis_ws/install/joystick_listener/lib/joystick_listener/joystick_control.py
[4.456s] -- Up-to-date: /home/lemmy/robotis_ws/install/joystick_listener/share/joystick_listener/launch
[4.457s] -- Up-to-date: /home/lemmy/robotis_ws/install/joystick_listener/share/joystick_listener/launch/joystick_listener.launch.py
[4.459s] -- Up-to-date: /home/lemmy/robotis_ws/install/joystick_listener/share/ament_index/resource_index/package_run_dependencies/joystick_listener
[4.464s] -- Up-to-date: /home/lemmy/robotis_ws/install/joystick_listener/share/ament_index/resource_index/parent_prefix_path/joystick_listener
[4.468s] -- Up-to-date: /home/lemmy/robotis_ws/install/joystick_listener/share/joystick_listener/environment/ament_prefix_path.sh
[4.472s] -- Up-to-date: /home/lemmy/robotis_ws/install/joystick_listener/share/joystick_listener/environment/ament_prefix_path.dsv
[4.475s] -- Up-to-date: /home/lemmy/robotis_ws/install/joystick_listener/share/joystick_listener/environment/path.sh
[4.476s] -- Up-to-date: /home/lemmy/robotis_ws/install/joystick_listener/share/joystick_listener/environment/path.dsv
[4.477s] -- Up-to-date: /home/lemmy/robotis_ws/install/joystick_listener/share/joystick_listener/local_setup.bash
[4.477s] -- Up-to-date: /home/lemmy/robotis_ws/install/joystick_listener/share/joystick_listener/local_setup.sh
[4.478s] -- Up-to-date: /home/lemmy/robotis_ws/install/joystick_listener/share/joystick_listener/local_setup.zsh
[4.478s] -- Up-to-date: /home/lemmy/robotis_ws/install/joystick_listener/share/joystick_listener/local_setup.dsv
[4.479s] -- Installing: /home/lemmy/robotis_ws/install/joystick_listener/share/joystick_listener/package.dsv
[4.479s] -- Up-to-date: /home/lemmy/robotis_ws/install/joystick_listener/share/ament_index/resource_index/packages/joystick_listener
[4.488s] -- Up-to-date: /home/lemmy/robotis_ws/install/joystick_listener/share/joystick_listener/cmake/export_joystick_listener__rosidl_generator_cExport.cmake
[4.491s] -- Up-to-date: /home/lemmy/robotis_ws/install/joystick_listener/share/joystick_listener/cmake/export_joystick_listener__rosidl_generator_cExport-noconfig.cmake
[4.491s] -- Up-to-date: /home/lemmy/robotis_ws/install/joystick_listener/share/joystick_listener/cmake/export_joystick_listener__rosidl_typesupport_fastrtps_cExport.cmake
[4.492s] -- Up-to-date: /home/lemmy/robotis_ws/install/joystick_listener/share/joystick_listener/cmake/export_joystick_listener__rosidl_typesupport_fastrtps_cExport-noconfig.cmake
[4.493s] -- Up-to-date: /home/lemmy/robotis_ws/install/joystick_listener/share/joystick_listener/cmake/export_joystick_listener__rosidl_generator_cppExport.cmake
[4.495s] -- Up-to-date: /home/lemmy/robotis_ws/install/joystick_listener/share/joystick_listener/cmake/export_joystick_listener__rosidl_typesupport_fastrtps_cppExport.cmake
[4.495s] -- Up-to-date: /home/lemmy/robotis_ws/install/joystick_listener/share/joystick_listener/cmake/export_joystick_listener__rosidl_typesupport_fastrtps_cppExport-noconfig.cmake
[4.497s] -- Up-to-date: /home/lemmy/robotis_ws/install/joystick_listener/share/joystick_listener/cmake/joystick_listener__rosidl_typesupport_introspection_cExport.cmake
[4.497s] -- Up-to-date: /home/lemmy/robotis_ws/install/joystick_listener/share/joystick_listener/cmake/joystick_listener__rosidl_typesupport_introspection_cExport-noconfig.cmake
[4.499s] -- Up-to-date: /home/lemmy/robotis_ws/install/joystick_listener/share/joystick_listener/cmake/joystick_listener__rosidl_typesupport_cExport.cmake
[4.499s] -- Up-to-date: /home/lemmy/robotis_ws/install/joystick_listener/share/joystick_listener/cmake/joystick_listener__rosidl_typesupport_cExport-noconfig.cmake
[4.501s] -- Up-to-date: /home/lemmy/robotis_ws/install/joystick_listener/share/joystick_listener/cmake/joystick_listener__rosidl_typesupport_introspection_cppExport.cmake
[4.502s] -- Up-to-date: /home/lemmy/robotis_ws/install/joystick_listener/share/joystick_listener/cmake/joystick_listener__rosidl_typesupport_introspection_cppExport-noconfig.cmake
[4.503s] -- Up-to-date: /home/lemmy/robotis_ws/install/joystick_listener/share/joystick_listener/cmake/joystick_listener__rosidl_typesupport_cppExport.cmake
[4.504s] -- Up-to-date: /home/lemmy/robotis_ws/install/joystick_listener/share/joystick_listener/cmake/joystick_listener__rosidl_typesupport_cppExport-noconfig.cmake
[4.506s] -- Up-to-date: /home/lemmy/robotis_ws/install/joystick_listener/share/joystick_listener/cmake/export_joystick_listener__rosidl_generator_pyExport.cmake
[4.507s] -- Up-to-date: /home/lemmy/robotis_ws/install/joystick_listener/share/joystick_listener/cmake/export_joystick_listener__rosidl_generator_pyExport-noconfig.cmake
[4.507s] -- Up-to-date: /home/lemmy/robotis_ws/install/joystick_listener/share/joystick_listener/cmake/rosidl_cmake-extras.cmake
[4.508s] -- Up-to-date: /home/lemmy/robotis_ws/install/joystick_listener/share/joystick_listener/cmake/ament_cmake_export_include_directories-extras.cmake
[4.508s] -- Up-to-date: /home/lemmy/robotis_ws/install/joystick_listener/share/joystick_listener/cmake/ament_cmake_export_libraries-extras.cmake
[4.509s] -- Up-to-date: /home/lemmy/robotis_ws/install/joystick_listener/share/joystick_listener/cmake/ament_cmake_export_targets-extras.cmake
[4.509s] -- Up-to-date: /home/lemmy/robotis_ws/install/joystick_listener/share/joystick_listener/cmake/rosidl_cmake_export_typesupport_targets-extras.cmake
[4.510s] -- Up-to-date: /home/lemmy/robotis_ws/install/joystick_listener/share/joystick_listener/cmake/ament_cmake_export_dependencies-extras.cmake
[4.510s] -- Up-to-date: /home/lemmy/robotis_ws/install/joystick_listener/share/joystick_listener/cmake/rosidl_cmake_export_typesupport_libraries-extras.cmake
[4.511s] -- Up-to-date: /home/lemmy/robotis_ws/install/joystick_listener/share/joystick_listener/cmake/joystick_listenerConfig.cmake
[4.511s] -- Up-to-date: /home/lemmy/robotis_ws/install/joystick_listener/share/joystick_listener/cmake/joystick_listenerConfig-version.cmake
[4.512s] -- Up-to-date: /home/lemmy/robotis_ws/install/joystick_listener/share/joystick_listener/package.xml
[4.523s] Invoked command in '/home/lemmy/robotis_ws/build/joystick_listener' returned '0': CMAKE_PREFIX_PATH=/home/lemmy/robotis_ws/install/dynamixel_sdk_custom_interfaces:/home/lemmy/robotis_ws/install/joystick_listener:/home/lemmy/robotis_ws/install/dynamixel_sdk_examples:/home/lemmy/robotis_ws/install/dynamixel_sdk:/home/lemmy/ros2_ws/install/pantilt_bot_description:/home/lemmy/ros2_ws/install/open_manipulator_x_description:/home/lemmy/ros2_ws/install/dynamixel_hardware:/home/lemmy/robotis_ws/install/wheels_control:/home/lemmy/ros2_ws/install/my_robot_controller:/opt/ros/humble LD_LIBRARY_PATH=/home/lemmy/robotis_ws/install/dynamixel_sdk_custom_interfaces/lib:/home/lemmy/robotis_ws/install/joystick_listener/lib:/home/lemmy/robotis_ws/install/dynamixel_sdk/lib:/home/lemmy/ros2_ws/install/dynamixel_hardware/lib:/opt/ros/humble/opt/rviz_ogre_vendor/lib:/opt/ros/humble/lib/aarch64-linux-gnu:/opt/ros/humble/lib PS1=(venv) \[\e]0;\u@\h: \w\a\]${debian_chroot:+($debian_chroot)}\[\033[01;32m\]\u@\h\[\033[00m\]:\[\033[01;34m\]\w\[\033[00m\]\$ PYTHONPATH=/home/lemmy/robotis_ws/install/dynamixel_sdk_custom_interfaces/lib/python3.10/site-packages:/home/lemmy/robotis_ws/install/wheels_control/lib/python3.10/site-packages:/home/lemmy/robotis_ws/install/joystick_listener/lib/python3.10/site-packages:/home/lemmy/ros2_ws/install/my_robot_controller/lib/python3.10/site-packages:/opt/ros/humble/lib/python3.10/site-packages:/opt/ros/humble/local/lib/python3.10/dist-packages /usr/bin/cmake --install /home/lemmy/robotis_ws/build/joystick_listener
