[4.357s] Invoking command in '/home/lemmy/robotis_ws/src/wheels_control': PYTHONPATH=/home/lemmy/robotis_ws/build/wheels_control/prefix_override:/home/lemmy/robotis_ws/install/wheels_control/lib/python3.10/site-packages:${PYTHONPATH} /usr/bin/python3 -W ignore:setup.py install is deprecated setup.py egg_info --egg-base ../../build/wheels_control build --build-base /home/lemmy/robotis_ws/build/wheels_control/build install --record /home/lemmy/robotis_ws/build/wheels_control/install.log --single-version-externally-managed install_data
[6.007s] running egg_info
[6.012s] writing ../../build/wheels_control/wheels_control.egg-info/PKG-INFO
[6.015s] writing dependency_links to ../../build/wheels_control/wheels_control.egg-info/dependency_links.txt
[6.017s] writing entry points to ../../build/wheels_control/wheels_control.egg-info/entry_points.txt
[6.018s] writing requirements to ../../build/wheels_control/wheels_control.egg-info/requires.txt
[6.019s] writing top-level names to ../../build/wheels_control/wheels_control.egg-info/top_level.txt
[6.031s] reading manifest file '../../build/wheels_control/wheels_control.egg-info/SOURCES.txt'
[6.033s] adding license file 'LICENSE'
[6.038s] writing manifest file '../../build/wheels_control/wheels_control.egg-info/SOURCES.txt'
[6.039s] running build
[6.040s] running build_py
[6.041s] copying wheels_control/wheels_control.py -> /home/lemmy/robotis_ws/build/wheels_control/build/lib/wheels_control
[6.044s] running install
[6.045s] running install_lib
[6.051s] copying /home/lemmy/robotis_ws/build/wheels_control/build/lib/wheels_control/wheels_control.py -> /home/lemmy/robotis_ws/install/wheels_control/lib/python3.10/site-packages/wheels_control
[6.055s] byte-compiling /home/lemmy/robotis_ws/install/wheels_control/lib/python3.10/site-packages/wheels_control/wheels_control.py to wheels_control.cpython-310.pyc
[6.059s] running install_data
[6.061s] running install_egg_info
[6.070s] removing '/home/lemmy/robotis_ws/install/wheels_control/lib/python3.10/site-packages/wheels_control-0.0.0-py3.10.egg-info' (and everything under it)
[6.073s] Copying ../../build/wheels_control/wheels_control.egg-info to /home/lemmy/robotis_ws/install/wheels_control/lib/python3.10/site-packages/wheels_control-0.0.0-py3.10.egg-info
[6.083s] running install_scripts
[6.199s] Installing predefined_path script to /home/lemmy/robotis_ws/install/wheels_control/lib/wheels_control
[6.200s] Installing wheels_control script to /home/lemmy/robotis_ws/install/wheels_control/lib/wheels_control
[6.203s] writing list of installed files to '/home/lemmy/robotis_ws/build/wheels_control/install.log'
[6.366s] Invoked command in '/home/lemmy/robotis_ws/src/wheels_control' returned '0': PYTHONPATH=/home/lemmy/robotis_ws/build/wheels_control/prefix_override:/home/lemmy/robotis_ws/install/wheels_control/lib/python3.10/site-packages:${PYTHONPATH} /usr/bin/python3 -W ignore:setup.py install is deprecated setup.py egg_info --egg-base ../../build/wheels_control build --build-base /home/lemmy/robotis_ws/build/wheels_control/build install --record /home/lemmy/robotis_ws/build/wheels_control/install.log --single-version-externally-managed install_data
