[4.842s] Invoking command in '/home/lemmy/robotis_ws/src/wheels_control': PYTHONPATH=/home/lemmy/robotis_ws/build/wheels_control/prefix_override:/home/lemmy/robotis_ws/install/wheels_control/lib/python3.10/site-packages:${PYTHONPATH} /usr/bin/python3 -W ignore:setup.py install is deprecated setup.py egg_info --egg-base ../../build/wheels_control build --build-base /home/lemmy/robotis_ws/build/wheels_control/build install --record /home/lemmy/robotis_ws/build/wheels_control/install.log --single-version-externally-managed install_data
[6.365s] running egg_info
[6.369s] writing ../../build/wheels_control/wheels_control.egg-info/PKG-INFO
[6.370s] writing dependency_links to ../../build/wheels_control/wheels_control.egg-info/dependency_links.txt
[6.372s] writing entry points to ../../build/wheels_control/wheels_control.egg-info/entry_points.txt
[6.373s] writing requirements to ../../build/wheels_control/wheels_control.egg-info/requires.txt
[6.374s] writing top-level names to ../../build/wheels_control/wheels_control.egg-info/top_level.txt
[6.384s] reading manifest file '../../build/wheels_control/wheels_control.egg-info/SOURCES.txt'
[6.386s] adding license file 'LICENSE'
[6.389s] writing manifest file '../../build/wheels_control/wheels_control.egg-info/SOURCES.txt'
[6.390s] running build
[6.390s] running build_py
[6.391s] copying wheels_control/wheels_control.py -> /home/lemmy/robotis_ws/build/wheels_control/build/lib/wheels_control
[6.394s] running install
[6.396s] running install_lib
[6.400s] copying /home/lemmy/robotis_ws/build/wheels_control/build/lib/wheels_control/wheels_control.py -> /home/lemmy/robotis_ws/install/wheels_control/lib/python3.10/site-packages/wheels_control
[6.403s] byte-compiling /home/lemmy/robotis_ws/install/wheels_control/lib/python3.10/site-packages/wheels_control/wheels_control.py to wheels_control.cpython-310.pyc
[6.407s] running install_data
[6.408s] running install_egg_info
[6.416s] removing '/home/lemmy/robotis_ws/install/wheels_control/lib/python3.10/site-packages/wheels_control-0.0.0-py3.10.egg-info' (and everything under it)
[6.419s] Copying ../../build/wheels_control/wheels_control.egg-info to /home/lemmy/robotis_ws/install/wheels_control/lib/python3.10/site-packages/wheels_control-0.0.0-py3.10.egg-info
[6.427s] running install_scripts
[6.544s] Installing predefined_path script to /home/lemmy/robotis_ws/install/wheels_control/lib/wheels_control
[6.546s] Installing wheels_control script to /home/lemmy/robotis_ws/install/wheels_control/lib/wheels_control
[6.551s] writing list of installed files to '/home/lemmy/robotis_ws/build/wheels_control/install.log'
[6.725s] Invoked command in '/home/lemmy/robotis_ws/src/wheels_control' returned '0': PYTHONPATH=/home/lemmy/robotis_ws/build/wheels_control/prefix_override:/home/lemmy/robotis_ws/install/wheels_control/lib/python3.10/site-packages:${PYTHONPATH} /usr/bin/python3 -W ignore:setup.py install is deprecated setup.py egg_info --egg-base ../../build/wheels_control build --build-base /home/lemmy/robotis_ws/build/wheels_control/build install --record /home/lemmy/robotis_ws/build/wheels_control/install.log --single-version-externally-managed install_data
