[8.329s] Invoking command in '/home/lemmy/robotis_ws/src/wheels_control': PS1=(venv) \[\e]0;\u@\h: \w\a\]${debian_chroot:+($debian_chroot)}\[\033[01;32m\]\u@\h\[\033[00m\]:\[\033[01;34m\]\w\[\033[00m\]\$ PYTHONPATH=/home/lemmy/robotis_ws/build/wheels_control/prefix_override:/home/lemmy/robotis_ws/install/wheels_control/lib/python3.10/site-packages:${PYTHONPATH} /usr/bin/python3 -W ignore:setup.py install is deprecated setup.py egg_info --egg-base ../../build/wheels_control build --build-base /home/lemmy/robotis_ws/build/wheels_control/build install --record /home/lemmy/robotis_ws/build/wheels_control/install.log --single-version-externally-managed install_data
[10.691s] running egg_info
[10.694s] writing ../../build/wheels_control/wheels_control.egg-info/PKG-INFO
[10.696s] writing dependency_links to ../../build/wheels_control/wheels_control.egg-info/dependency_links.txt
[10.699s] writing entry points to ../../build/wheels_control/wheels_control.egg-info/entry_points.txt
[10.703s] writing requirements to ../../build/wheels_control/wheels_control.egg-info/requires.txt
[10.707s] writing top-level names to ../../build/wheels_control/wheels_control.egg-info/top_level.txt
[10.725s] reading manifest file '../../build/wheels_control/wheels_control.egg-info/SOURCES.txt'
[10.735s] adding license file 'LICENSE'
[10.738s] writing manifest file '../../build/wheels_control/wheels_control.egg-info/SOURCES.txt'
[10.739s] running build
[10.739s] running build_py
[10.741s] running install
[10.742s] running install_lib
[10.748s] running install_data
[10.749s] running install_egg_info
[10.756s] removing '/home/lemmy/robotis_ws/install/wheels_control/lib/python3.10/site-packages/wheels_control-0.0.0-py3.10.egg-info' (and everything under it)
[10.758s] Copying ../../build/wheels_control/wheels_control.egg-info to /home/lemmy/robotis_ws/install/wheels_control/lib/python3.10/site-packages/wheels_control-0.0.0-py3.10.egg-info
[10.765s] running install_scripts
[10.876s] Installing wheels_control script to /home/lemmy/robotis_ws/install/wheels_control/lib/wheels_control
[10.878s] writing list of installed files to '/home/lemmy/robotis_ws/build/wheels_control/install.log'
[11.073s] Invoked command in '/home/lemmy/robotis_ws/src/wheels_control' returned '0': PS1=(venv) \[\e]0;\u@\h: \w\a\]${debian_chroot:+($debian_chroot)}\[\033[01;32m\]\u@\h\[\033[00m\]:\[\033[01;34m\]\w\[\033[00m\]\$ PYTHONPATH=/home/lemmy/robotis_ws/build/wheels_control/prefix_override:/home/lemmy/robotis_ws/install/wheels_control/lib/python3.10/site-packages:${PYTHONPATH} /usr/bin/python3 -W ignore:setup.py install is deprecated setup.py egg_info --egg-base ../../build/wheels_control build --build-base /home/lemmy/robotis_ws/build/wheels_control/build install --record /home/lemmy/robotis_ws/build/wheels_control/install.log --single-version-externally-managed install_data
