[3.996s] Invoking command in '/home/lemmy/robotis_ws/src/wheels_control': PYTHONPATH=/home/lemmy/robotis_ws/build/wheels_control/prefix_override:/home/lemmy/robotis_ws/install/wheels_control/lib/python3.10/site-packages:${PYTHONPATH} /usr/bin/python3 -W ignore:setup.py install is deprecated setup.py egg_info --egg-base ../../build/wheels_control build --build-base /home/lemmy/robotis_ws/build/wheels_control/build install --record /home/lemmy/robotis_ws/build/wheels_control/install.log --single-version-externally-managed install_data
[5.812s] running egg_info
[5.815s] writing ../../build/wheels_control/wheels_control.egg-info/PKG-INFO
[5.817s] writing dependency_links to ../../build/wheels_control/wheels_control.egg-info/dependency_links.txt
[5.818s] writing entry points to ../../build/wheels_control/wheels_control.egg-info/entry_points.txt
[5.819s] writing requirements to ../../build/wheels_control/wheels_control.egg-info/requires.txt
[5.820s] writing top-level names to ../../build/wheels_control/wheels_control.egg-info/top_level.txt
[5.828s] reading manifest file '../../build/wheels_control/wheels_control.egg-info/SOURCES.txt'
[5.830s] adding license file 'LICENSE'
[5.833s] writing manifest file '../../build/wheels_control/wheels_control.egg-info/SOURCES.txt'
[5.834s] running build
[5.835s] running build_py
[5.836s] running install
[5.837s] running install_lib
[5.844s] running install_data
[5.845s] running install_egg_info
[5.853s] removing '/home/lemmy/robotis_ws/install/wheels_control/lib/python3.10/site-packages/wheels_control-0.0.0-py3.10.egg-info' (and everything under it)
[5.854s] Copying ../../build/wheels_control/wheels_control.egg-info to /home/lemmy/robotis_ws/install/wheels_control/lib/python3.10/site-packages/wheels_control-0.0.0-py3.10.egg-info
[5.861s] running install_scripts
[5.985s] Installing wheels_control script to /home/lemmy/robotis_ws/install/wheels_control/lib/wheels_control
[5.990s] writing list of installed files to '/home/lemmy/robotis_ws/build/wheels_control/install.log'
[6.140s] Invoked command in '/home/lemmy/robotis_ws/src/wheels_control' returned '0': PYTHONPATH=/home/lemmy/robotis_ws/build/wheels_control/prefix_override:/home/lemmy/robotis_ws/install/wheels_control/lib/python3.10/site-packages:${PYTHONPATH} /usr/bin/python3 -W ignore:setup.py install is deprecated setup.py egg_info --egg-base ../../build/wheels_control build --build-base /home/lemmy/robotis_ws/build/wheels_control/build install --record /home/lemmy/robotis_ws/build/wheels_control/install.log --single-version-externally-managed install_data
