[12.592s] Invoking command in '/home/lemmy/robotis_ws/src/wheels_control': PYTHONPATH=/home/lemmy/robotis_ws/build/wheels_control/prefix_override:/home/lemmy/robotis_ws/install/wheels_control/lib/python3.10/site-packages:${PYTHONPATH} /usr/bin/python3 -W ignore:setup.py install is deprecated setup.py egg_info --egg-base ../../build/wheels_control build --build-base /home/lemmy/robotis_ws/build/wheels_control/build install --record /home/lemmy/robotis_ws/build/wheels_control/install.log --single-version-externally-managed install_data
[19.896s] running egg_info
[19.933s] writing ../../build/wheels_control/wheels_control.egg-info/PKG-INFO
[19.942s] writing dependency_links to ../../build/wheels_control/wheels_control.egg-info/dependency_links.txt
[19.946s] writing entry points to ../../build/wheels_control/wheels_control.egg-info/entry_points.txt
[19.963s] writing requirements to ../../build/wheels_control/wheels_control.egg-info/requires.txt
[19.969s] writing top-level names to ../../build/wheels_control/wheels_control.egg-info/top_level.txt
[20.020s] reading manifest file '../../build/wheels_control/wheels_control.egg-info/SOURCES.txt'
[20.053s] adding license file 'LICENSE'
[20.094s] writing manifest file '../../build/wheels_control/wheels_control.egg-info/SOURCES.txt'
[20.110s] running build
[20.114s] running build_py
[20.123s] running install
[20.127s] running install_lib
[20.198s] running install_data
[20.204s] running install_egg_info
[20.295s] removing '/home/lemmy/robotis_ws/install/wheels_control/lib/python3.10/site-packages/wheels_control-0.0.0-py3.10.egg-info' (and everything under it)
[20.298s] Copying ../../build/wheels_control/wheels_control.egg-info to /home/lemmy/robotis_ws/install/wheels_control/lib/python3.10/site-packages/wheels_control-0.0.0-py3.10.egg-info
[20.375s] running install_scripts
[21.131s] Installing wheels_control script to /home/lemmy/robotis_ws/install/wheels_control/lib/wheels_control
[21.152s] writing list of installed files to '/home/lemmy/robotis_ws/build/wheels_control/install.log'
[22.375s] Invoked command in '/home/lemmy/robotis_ws/src/wheels_control' returned '0': PYTHONPATH=/home/lemmy/robotis_ws/build/wheels_control/prefix_override:/home/lemmy/robotis_ws/install/wheels_control/lib/python3.10/site-packages:${PYTHONPATH} /usr/bin/python3 -W ignore:setup.py install is deprecated setup.py egg_info --egg-base ../../build/wheels_control build --build-base /home/lemmy/robotis_ws/build/wheels_control/build install --record /home/lemmy/robotis_ws/build/wheels_control/install.log --single-version-externally-managed install_data
