[3.885s] Invoking command in '/home/lemmy/robotis_ws/src/wheels_control': PYTHONPATH=/home/lemmy/robotis_ws/build/wheels_control/prefix_override:/home/lemmy/robotis_ws/install/wheels_control/lib/python3.10/site-packages:${PYTHONPATH} /usr/bin/python3 -W ignore:setup.py install is deprecated setup.py egg_info --egg-base ../../build/wheels_control build --build-base /home/lemmy/robotis_ws/build/wheels_control/build install --record /home/lemmy/robotis_ws/build/wheels_control/install.log --single-version-externally-managed install_data
[5.200s] running egg_info
[5.203s] writing ../../build/wheels_control/wheels_control.egg-info/PKG-INFO
[5.205s] writing dependency_links to ../../build/wheels_control/wheels_control.egg-info/dependency_links.txt
[5.206s] writing entry points to ../../build/wheels_control/wheels_control.egg-info/entry_points.txt
[5.207s] writing requirements to ../../build/wheels_control/wheels_control.egg-info/requires.txt
[5.208s] writing top-level names to ../../build/wheels_control/wheels_control.egg-info/top_level.txt
[5.218s] reading manifest file '../../build/wheels_control/wheels_control.egg-info/SOURCES.txt'
[5.220s] adding license file 'LICENSE'
[5.223s] writing manifest file '../../build/wheels_control/wheels_control.egg-info/SOURCES.txt'
[5.224s] running build
[5.224s] running build_py
[5.227s] running install
[5.228s] running install_lib
[5.235s] running install_data
[5.237s] running install_egg_info
[5.247s] removing '/home/lemmy/robotis_ws/install/wheels_control/lib/python3.10/site-packages/wheels_control-0.0.0-py3.10.egg-info' (and everything under it)
[5.249s] Copying ../../build/wheels_control/wheels_control.egg-info to /home/lemmy/robotis_ws/install/wheels_control/lib/python3.10/site-packages/wheels_control-0.0.0-py3.10.egg-info
[5.257s] running install_scripts
[5.382s] Installing predefined_path script to /home/lemmy/robotis_ws/install/wheels_control/lib/wheels_control
[5.387s] Installing wheels_control script to /home/lemmy/robotis_ws/install/wheels_control/lib/wheels_control
[5.392s] writing list of installed files to '/home/lemmy/robotis_ws/build/wheels_control/install.log'
[5.584s] Invoked command in '/home/lemmy/robotis_ws/src/wheels_control' returned '0': PYTHONPATH=/home/lemmy/robotis_ws/build/wheels_control/prefix_override:/home/lemmy/robotis_ws/install/wheels_control/lib/python3.10/site-packages:${PYTHONPATH} /usr/bin/python3 -W ignore:setup.py install is deprecated setup.py egg_info --egg-base ../../build/wheels_control build --build-base /home/lemmy/robotis_ws/build/wheels_control/build install --record /home/lemmy/robotis_ws/build/wheels_control/install.log --single-version-externally-managed install_data
