[4.929s] Invoking command in '/home/lemmy/robotis_ws/src/wheels_control': PYTHONPATH=/home/lemmy/robotis_ws/build/wheels_control/prefix_override:/home/lemmy/robotis_ws/install/wheels_control/lib/python3.10/site-packages:${PYTHONPATH} /usr/bin/python3 -W ignore:setup.py install is deprecated setup.py egg_info --egg-base ../../build/wheels_control build --build-base /home/lemmy/robotis_ws/build/wheels_control/build install --record /home/lemmy/robotis_ws/build/wheels_control/install.log --single-version-externally-managed install_data
[6.820s] running egg_info
[6.822s] writing ../../build/wheels_control/wheels_control.egg-info/PKG-INFO
[6.824s] writing dependency_links to ../../build/wheels_control/wheels_control.egg-info/dependency_links.txt
[6.825s] writing entry points to ../../build/wheels_control/wheels_control.egg-info/entry_points.txt
[6.826s] writing requirements to ../../build/wheels_control/wheels_control.egg-info/requires.txt
[6.827s] writing top-level names to ../../build/wheels_control/wheels_control.egg-info/top_level.txt
[6.837s] reading manifest file '../../build/wheels_control/wheels_control.egg-info/SOURCES.txt'
[6.840s] adding license file 'LICENSE'
[6.842s] writing manifest file '../../build/wheels_control/wheels_control.egg-info/SOURCES.txt'
[6.843s] running build
[6.844s] running build_py
[6.845s] running install
[6.847s] running install_lib
[6.853s] running install_data
[6.854s] running install_egg_info
[6.861s] removing '/home/lemmy/robotis_ws/install/wheels_control/lib/python3.10/site-packages/wheels_control-0.0.0-py3.10.egg-info' (and everything under it)
[6.863s] Copying ../../build/wheels_control/wheels_control.egg-info to /home/lemmy/robotis_ws/install/wheels_control/lib/python3.10/site-packages/wheels_control-0.0.0-py3.10.egg-info
[6.869s] running install_scripts
[6.974s] Installing wheels_control script to /home/lemmy/robotis_ws/install/wheels_control/lib/wheels_control
[6.978s] writing list of installed files to '/home/lemmy/robotis_ws/build/wheels_control/install.log'
[7.156s] Invoked command in '/home/lemmy/robotis_ws/src/wheels_control' returned '0': PYTHONPATH=/home/lemmy/robotis_ws/build/wheels_control/prefix_override:/home/lemmy/robotis_ws/install/wheels_control/lib/python3.10/site-packages:${PYTHONPATH} /usr/bin/python3 -W ignore:setup.py install is deprecated setup.py egg_info --egg-base ../../build/wheels_control build --build-base /home/lemmy/robotis_ws/build/wheels_control/build install --record /home/lemmy/robotis_ws/build/wheels_control/install.log --single-version-externally-managed install_data
