[0.075s] Invoking command in '/home/lemmy/robotis_ws/build/dynamixel_sdk_examples': CMAKE_PREFIX_PATH=/home/lemmy/robotis_ws/install/dynamixel_sdk_custom_interfaces:/home/lemmy/robotis_ws/install/dynamixel_sdk:/home/lemmy/robotis_ws/install/joystick_listener:/home/lemmy/robotis_ws/install/dynamixel_sdk_examples:/home/lemmy/ros2_ws/install/pantilt_bot_description:/home/lemmy/ros2_ws/install/open_manipulator_x_description:/home/lemmy/ros2_ws/install/dynamixel_hardware:/home/lemmy/robotis_ws/install/wheels_control:/home/lemmy/ros2_ws/install/my_robot_controller:/opt/ros/humble LD_LIBRARY_PATH=/home/lemmy/robotis_ws/install/dynamixel_sdk_custom_interfaces/lib:/home/lemmy/robotis_ws/install/dynamixel_sdk/lib:/home/lemmy/robotis_ws/install/joystick_listener/lib:/home/lemmy/ros2_ws/install/dynamixel_hardware/lib:/opt/ros/humble/opt/rviz_ogre_vendor/lib:/opt/ros/humble/lib/aarch64-linux-gnu:/opt/ros/humble/lib PYTHONPATH=/home/lemmy/robotis_ws/install/dynamixel_sdk_custom_interfaces/lib/python3.10/site-packages:/home/lemmy/robotis_ws/install/wheels_control/lib/python3.10/site-packages:/home/lemmy/robotis_ws/install/joystick_listener/lib/python3.10/site-packages:/home/lemmy/ros2_ws/install/my_robot_controller/lib/python3.10/site-packages:/opt/ros/humble/lib/python3.10/site-packages:/opt/ros/humble/local/lib/python3.10/dist-packages /usr/bin/cmake --build /home/lemmy/robotis_ws/build/dynamixel_sdk_examples -- -j4 -l4
[0.332s] [35m[1mConsolidate compiler generated dependencies of target position_control_node[0m
[0.395s] [ 50%] Built target velocity_control_node
[0.479s] [ 75%] [32mBuilding CXX object CMakeFiles/position_control_node.dir/src/position_control_node.cpp.o[0m
[11.209s] [01m[K/home/lemmy/robotis_ws/src/DynamixelSDK/dynamixel_sdk_examples/src/position_control_node.cpp:[m[K In member function ‘[01m[Kvoid PositionControlNode::handle_position(dynamixel_sdk_custom_interfaces::msg::SetPosition_<std::allocator<void> >::SharedPtr)[m[K’:
[11.209s] [01m[K/home/lemmy/robotis_ws/src/DynamixelSDK/dynamixel_sdk_examples/src/position_control_node.cpp:157:30:[m[K [01;31m[Kerror: [m[Kcannot convert ‘[01m[Kdynamixel_sdk_custom_interfaces::msg::SetPosition_<std::allocator<void> >::_ids_type[m[K’ {aka ‘[01m[Kstd::vector<unsigned char>[m[K’} to ‘[01m[Kconst std::vector<int, std::allocator<int> >&[m[K’
[11.210s]   157 |     publishMovingStatus([01;31m[Kmsg->ids[m[K, moving_statuses);
[11.210s]       |                         [01;31m[K~~~~~^~~[m[K
[11.210s]       |                              [01;31m[K|[m[K
[11.211s]       |                              [01;31m[Kdynamixel_sdk_custom_interfaces::msg::SetPosition_<std::allocator<void> >::_ids_type {aka std::vector<unsigned char>}[m[K
[11.211s] In file included from [01m[K/home/lemmy/robotis_ws/src/DynamixelSDK/dynamixel_sdk_examples/src/position_control_node.cpp:13[m[K:
[11.212s] [01m[K/home/lemmy/robotis_ws/src/DynamixelSDK/dynamixel_sdk_examples/include/position_control_node.hpp:45:56:[m[K [01;36m[Knote: [m[K  initializing argument 1 of ‘[01m[Kvoid PositionControlNode::publishMovingStatus(const std::vector<int, std::allocator<int> >&, const std::vector<unsigned char>&)[m[K’
[11.212s]    45 |   void publishMovingStatus([01;36m[Kconst std::vector<int32_t>& ids[m[K, const std::vector<uint8_t>& moving_statuses);
[11.212s]       |                            [01;36m[K~~~~~~~~~~~~~~~~~~~~~~~~~~~~^~~[m[K
[11.213s] [01m[K/home/lemmy/robotis_ws/src/DynamixelSDK/dynamixel_sdk_examples/src/position_control_node.cpp:158:29:[m[K [01;31m[Kerror: [m[Kcannot convert ‘[01m[Kdynamixel_sdk_custom_interfaces::msg::SetPosition_<std::allocator<void> >::_ids_type[m[K’ {aka ‘[01m[Kstd::vector<unsigned char>[m[K’} to ‘[01m[Kconst std::vector<int, std::allocator<int> >&[m[K’
[11.213s]   158 |     publishPresentLoad([01;31m[Kmsg->ids[m[K, loads);
[11.214s]       |                        [01;31m[K~~~~~^~~[m[K
[11.214s]       |                             [01;31m[K|[m[K
[11.214s]       |                             [01;31m[Kdynamixel_sdk_custom_interfaces::msg::SetPosition_<std::allocator<void> >::_ids_type {aka std::vector<unsigned char>}[m[K
[11.215s] In file included from [01m[K/home/lemmy/robotis_ws/src/DynamixelSDK/dynamixel_sdk_examples/src/position_control_node.cpp:13[m[K:
[11.215s] [01m[K/home/lemmy/robotis_ws/src/DynamixelSDK/dynamixel_sdk_examples/include/position_control_node.hpp:46:55:[m[K [01;36m[Knote: [m[K  initializing argument 1 of ‘[01m[Kvoid PositionControlNode::publishPresentLoad(const std::vector<int, std::allocator<int> >&, const std::vector<int, std::allocator<int> >&)[m[K’
[11.215s]    46 |   void publishPresentLoad([01;36m[Kconst std::vector<int32_t>& ids[m[K, const std::vector<int32_t>& loads);
[11.216s]       |                           [01;36m[K~~~~~~~~~~~~~~~~~~~~~~~~~~~~^~~[m[K
[21.135s] gmake[2]: *** [CMakeFiles/position_control_node.dir/build.make:76: CMakeFiles/position_control_node.dir/src/position_control_node.cpp.o] Error 1
[21.136s] gmake[1]: *** [CMakeFiles/Makefile2:165: CMakeFiles/position_control_node.dir/all] Error 2
[21.137s] gmake: *** [Makefile:146: all] Error 2
[21.143s] Invoked command in '/home/lemmy/robotis_ws/build/dynamixel_sdk_examples' returned '2': CMAKE_PREFIX_PATH=/home/lemmy/robotis_ws/install/dynamixel_sdk_custom_interfaces:/home/lemmy/robotis_ws/install/dynamixel_sdk:/home/lemmy/robotis_ws/install/joystick_listener:/home/lemmy/robotis_ws/install/dynamixel_sdk_examples:/home/lemmy/ros2_ws/install/pantilt_bot_description:/home/lemmy/ros2_ws/install/open_manipulator_x_description:/home/lemmy/ros2_ws/install/dynamixel_hardware:/home/lemmy/robotis_ws/install/wheels_control:/home/lemmy/ros2_ws/install/my_robot_controller:/opt/ros/humble LD_LIBRARY_PATH=/home/lemmy/robotis_ws/install/dynamixel_sdk_custom_interfaces/lib:/home/lemmy/robotis_ws/install/dynamixel_sdk/lib:/home/lemmy/robotis_ws/install/joystick_listener/lib:/home/lemmy/ros2_ws/install/dynamixel_hardware/lib:/opt/ros/humble/opt/rviz_ogre_vendor/lib:/opt/ros/humble/lib/aarch64-linux-gnu:/opt/ros/humble/lib PYTHONPATH=/home/lemmy/robotis_ws/install/dynamixel_sdk_custom_interfaces/lib/python3.10/site-packages:/home/lemmy/robotis_ws/install/wheels_control/lib/python3.10/site-packages:/home/lemmy/robotis_ws/install/joystick_listener/lib/python3.10/site-packages:/home/lemmy/ros2_ws/install/my_robot_controller/lib/python3.10/site-packages:/opt/ros/humble/lib/python3.10/site-packages:/opt/ros/humble/local/lib/python3.10/dist-packages /usr/bin/cmake --build /home/lemmy/robotis_ws/build/dynamixel_sdk_examples -- -j4 -l4
