[4.616s] Invoking command in '/home/lemmy/robotis_ws/src/wheels_control': PYTHONPATH=/home/lemmy/robotis_ws/build/wheels_control/prefix_override:/home/lemmy/robotis_ws/install/wheels_control/lib/python3.10/site-packages:${PYTHONPATH} /usr/bin/python3 -W ignore:setup.py install is deprecated setup.py egg_info --egg-base ../../build/wheels_control build --build-base /home/lemmy/robotis_ws/build/wheels_control/build install --record /home/lemmy/robotis_ws/build/wheels_control/install.log --single-version-externally-managed install_data
[6.241s] running egg_info
[6.246s] writing ../../build/wheels_control/wheels_control.egg-info/PKG-INFO
[6.247s] writing dependency_links to ../../build/wheels_control/wheels_control.egg-info/dependency_links.txt
[6.249s] writing entry points to ../../build/wheels_control/wheels_control.egg-info/entry_points.txt
[6.250s] writing requirements to ../../build/wheels_control/wheels_control.egg-info/requires.txt
[6.251s] writing top-level names to ../../build/wheels_control/wheels_control.egg-info/top_level.txt
[6.265s] reading manifest file '../../build/wheels_control/wheels_control.egg-info/SOURCES.txt'
[6.267s] adding license file 'LICENSE'
[6.270s] writing manifest file '../../build/wheels_control/wheels_control.egg-info/SOURCES.txt'
[6.272s] running build
[6.272s] running build_py
[6.274s] running install
[6.276s] running install_lib
[6.284s] running install_data
[6.285s] running install_egg_info
[6.294s] removing '/home/lemmy/robotis_ws/install/wheels_control/lib/python3.10/site-packages/wheels_control-0.0.0-py3.10.egg-info' (and everything under it)
[6.297s] Copying ../../build/wheels_control/wheels_control.egg-info to /home/lemmy/robotis_ws/install/wheels_control/lib/python3.10/site-packages/wheels_control-0.0.0-py3.10.egg-info
[6.305s] running install_scripts
[6.413s] Installing wheels_control script to /home/lemmy/robotis_ws/install/wheels_control/lib/wheels_control
[6.416s] writing list of installed files to '/home/lemmy/robotis_ws/build/wheels_control/install.log'
[6.586s] Invoked command in '/home/lemmy/robotis_ws/src/wheels_control' returned '0': PYTHONPATH=/home/lemmy/robotis_ws/build/wheels_control/prefix_override:/home/lemmy/robotis_ws/install/wheels_control/lib/python3.10/site-packages:${PYTHONPATH} /usr/bin/python3 -W ignore:setup.py install is deprecated setup.py egg_info --egg-base ../../build/wheels_control build --build-base /home/lemmy/robotis_ws/build/wheels_control/build install --record /home/lemmy/robotis_ws/build/wheels_control/install.log --single-version-externally-managed install_data
