[01m[K/home/lemmy/robotis_ws/src/DynamixelSDK/dynamixel_sdk_examples/src/position_control_node.cpp:[m[K In member function ‘[01m[Kvoid PositionControlNode::handle_position(dynamixel_sdk_custom_interfaces::msg::SetPosition_<std::allocator<void> >::SharedPtr)[m[K’:
[01m[K/home/lemmy/robotis_ws/src/DynamixelSDK/dynamixel_sdk_examples/src/position_control_node.cpp:155:30:[m[K [01;31m[Kerror: [m[Kcannot convert ‘[01m[Kdynamixel_sdk_custom_interfaces::msg::SetPosition_<std::allocator<void> >::_ids_type[m[K’ {aka ‘[01m[Kstd::vector<unsigned char>[m[K’} to ‘[01m[Kconst std::vector<int, std::allocator<int> >&[m[K’
  155 |     publishMovingStatus([01;31m[Kmsg->ids[m[K, moving_statuses);
      |                         [01;31m[K~~~~~^~~[m[K
      |                              [01;31m[K|[m[K
      |                              [01;31m[Kdynamixel_sdk_custom_interfaces::msg::SetPosition_<std::allocator<void> >::_ids_type {aka std::vector<unsigned char>}[m[K
In file included from [01m[K/home/lemmy/robotis_ws/src/DynamixelSDK/dynamixel_sdk_examples/src/position_control_node.cpp:13[m[K:
[01m[K/home/lemmy/robotis_ws/src/DynamixelSDK/dynamixel_sdk_examples/include/position_control_node.hpp:45:56:[m[K [01;36m[Knote: [m[K  initializing argument 1 of ‘[01m[Kvoid PositionControlNode::publishMovingStatus(const std::vector<int, std::allocator<int> >&, const std::vector<unsigned char>&)[m[K’
   45 |   void publishMovingStatus([01;36m[Kconst std::vector<int32_t>& ids[m[K, const std::vector<uint8_t>& moving_statuses);
      |                            [01;36m[K~~~~~~~~~~~~~~~~~~~~~~~~~~~~^~~[m[K
[01m[K/home/lemmy/robotis_ws/src/DynamixelSDK/dynamixel_sdk_examples/src/position_control_node.cpp:156:29:[m[K [01;31m[Kerror: [m[Kcannot convert ‘[01m[Kdynamixel_sdk_custom_interfaces::msg::SetPosition_<std::allocator<void> >::_ids_type[m[K’ {aka ‘[01m[Kstd::vector<unsigned char>[m[K’} to ‘[01m[Kconst std::vector<int, std::allocator<int> >&[m[K’
  156 |     publishPresentLoad([01;31m[Kmsg->ids[m[K, loads);
      |                        [01;31m[K~~~~~^~~[m[K
      |                             [01;31m[K|[m[K
      |                             [01;31m[Kdynamixel_sdk_custom_interfaces::msg::SetPosition_<std::allocator<void> >::_ids_type {aka std::vector<unsigned char>}[m[K
In file included from [01m[K/home/lemmy/robotis_ws/src/DynamixelSDK/dynamixel_sdk_examples/src/position_control_node.cpp:13[m[K:
[01m[K/home/lemmy/robotis_ws/src/DynamixelSDK/dynamixel_sdk_examples/include/position_control_node.hpp:46:55:[m[K [01;36m[Knote: [m[K  initializing argument 1 of ‘[01m[Kvoid PositionControlNode::publishPresentLoad(const std::vector<int, std::allocator<int> >&, const std::vector<int, std::allocator<int> >&)[m[K’
   46 |   void publishPresentLoad([01;36m[Kconst std::vector<int32_t>& ids[m[K, const std::vector<int32_t>& loads);
      |                           [01;36m[K~~~~~~~~~~~~~~~~~~~~~~~~~~~~^~~[m[K
gmake[2]: *** [CMakeFiles/position_control_node.dir/build.make:76: CMakeFiles/position_control_node.dir/src/position_control_node.cpp.o] Error 1
gmake[1]: *** [CMakeFiles/Makefile2:165: CMakeFiles/position_control_node.dir/all] Error 2
gmake: *** [Makefile:146: all] Error 2
