[0.248s] Invoking command in '/home/lemmy/robotis_ws/build/dynamixel_sdk': CMAKE_PREFIX_PATH=${CMAKE_PREFIX_PATH}:/home/lemmy/robotis_ws/install/wheels_control:/home/lemmy/robotis_ws/install/joystick_control:/home/lemmy/ros2_ws/install/my_robot_controller:/opt/ros/humble PS1=(venv) \[\e]0;\u@\h: \w\a\]${debian_chroot:+($debian_chroot)}\[\033[01;32m\]\u@\h\[\033[00m\]:\[\033[01;34m\]\w\[\033[00m\]\$ /usr/bin/cmake /home/lemmy/robotis_ws/src/DynamixelSDK/dynamixel_sdk -DCMAKE_INSTALL_PREFIX=/home/lemmy/robotis_ws/install/dynamixel_sdk
[0.934s] -- The C compiler identification is GNU 11.4.0
[1.715s] -- The CXX compiler identification is GNU 11.4.0
[1.759s] -- Detecting C compiler ABI info
[2.552s] -- Detecting C compiler ABI info - done
[2.606s] -- Check for working C compiler: /usr/bin/cc - skipped
[2.627s] -- Detecting C compile features
[2.631s] -- Detecting C compile features - done
[2.660s] -- Detecting CXX compiler ABI info
[3.508s] -- Detecting CXX compiler ABI info - done
[3.581s] -- Check for working CXX compiler: /usr/bin/c++ - skipped
[3.581s] -- Detecting CXX compile features
[3.582s] -- Detecting CXX compile features - done
[3.666s] -- Found ament_cmake: 1.3.8 (/opt/ros/humble/share/ament_cmake/cmake)
[7.587s] -- Found Python3: /home/lemmy/robotis_ws/venv/bin/python3 (found version "3.10.12") found components: Interpreter 
[9.531s] -- Configuring done
[9.590s] -- Generating done
[9.609s] -- Build files have been written to: /home/lemmy/robotis_ws/build/dynamixel_sdk
[9.659s] Invoked command in '/home/lemmy/robotis_ws/build/dynamixel_sdk' returned '0': CMAKE_PREFIX_PATH=${CMAKE_PREFIX_PATH}:/home/lemmy/robotis_ws/install/wheels_control:/home/lemmy/robotis_ws/install/joystick_control:/home/lemmy/ros2_ws/install/my_robot_controller:/opt/ros/humble PS1=(venv) \[\e]0;\u@\h: \w\a\]${debian_chroot:+($debian_chroot)}\[\033[01;32m\]\u@\h\[\033[00m\]:\[\033[01;34m\]\w\[\033[00m\]\$ /usr/bin/cmake /home/lemmy/robotis_ws/src/DynamixelSDK/dynamixel_sdk -DCMAKE_INSTALL_PREFIX=/home/lemmy/robotis_ws/install/dynamixel_sdk
[9.665s] Invoking command in '/home/lemmy/robotis_ws/build/dynamixel_sdk': CMAKE_PREFIX_PATH=${CMAKE_PREFIX_PATH}:/home/lemmy/robotis_ws/install/wheels_control:/home/lemmy/robotis_ws/install/joystick_control:/home/lemmy/ros2_ws/install/my_robot_controller:/opt/ros/humble PS1=(venv) \[\e]0;\u@\h: \w\a\]${debian_chroot:+($debian_chroot)}\[\033[01;32m\]\u@\h\[\033[00m\]:\[\033[01;34m\]\w\[\033[00m\]\$ /usr/bin/cmake --build /home/lemmy/robotis_ws/build/dynamixel_sdk -- -j4 -l4
[10.407s] [ 10%] [32mBuilding CXX object CMakeFiles/dynamixel_sdk.dir/src/dynamixel_sdk/packet_handler.cpp.o[0m
[10.444s] [ 20%] [32mBuilding CXX object CMakeFiles/dynamixel_sdk.dir/src/dynamixel_sdk/protocol1_packet_handler.cpp.o[0m
[11.577s] [ 30%] [32mBuilding CXX object CMakeFiles/dynamixel_sdk.dir/src/dynamixel_sdk/group_sync_read.cpp.o[0m
[12.155s] [ 40%] [32mBuilding CXX object CMakeFiles/dynamixel_sdk.dir/src/dynamixel_sdk/protocol2_packet_handler.cpp.o[0m
[12.390s] [ 50%] [32mBuilding CXX object CMakeFiles/dynamixel_sdk.dir/src/dynamixel_sdk/group_sync_write.cpp.o[0m
[16.413s] [ 60%] [32mBuilding CXX object CMakeFiles/dynamixel_sdk.dir/src/dynamixel_sdk/port_handler.cpp.o[0m
[16.616s] [ 70%] [32mBuilding CXX object CMakeFiles/dynamixel_sdk.dir/src/dynamixel_sdk/port_handler_linux.cpp.o[0m
[17.125s] [ 80%] [32mBuilding CXX object CMakeFiles/dynamixel_sdk.dir/src/dynamixel_sdk/group_bulk_write.cpp.o[0m
[20.861s] [ 90%] [32mBuilding CXX object CMakeFiles/dynamixel_sdk.dir/src/dynamixel_sdk/group_bulk_read.cpp.o[0m
[24.376s] [100%] [32m[1mLinking CXX shared library libdynamixel_sdk.so[0m
[24.953s] [100%] Built target dynamixel_sdk
