[0.068s] Invoking command in '/home/lemmy/robotis_ws/build/joystick_listener': CMAKE_PREFIX_PATH=/home/lemmy/robotis_ws/install/dynamixel_sdk_custom_interfaces:/home/lemmy/robotis_ws/install/joystick_listener:/home/lemmy/robotis_ws/install/dynamixel_sdk_examples:/home/lemmy/robotis_ws/install/dynamixel_sdk:/home/lemmy/ros2_ws/install/pantilt_bot_description:/home/lemmy/ros2_ws/install/open_manipulator_x_description:/home/lemmy/ros2_ws/install/dynamixel_hardware:/home/lemmy/robotis_ws/install/wheels_control:/home/lemmy/ros2_ws/install/my_robot_controller:/opt/ros/humble LD_LIBRARY_PATH=/home/lemmy/robotis_ws/install/dynamixel_sdk_custom_interfaces/lib:/home/lemmy/robotis_ws/install/joystick_listener/lib:/home/lemmy/robotis_ws/install/dynamixel_sdk/lib:/home/lemmy/ros2_ws/install/dynamixel_hardware/lib:/opt/ros/humble/opt/rviz_ogre_vendor/lib:/opt/ros/humble/lib/aarch64-linux-gnu:/opt/ros/humble/lib PYTHONPATH=/home/lemmy/robotis_ws/install/dynamixel_sdk_custom_interfaces/lib/python3.10/site-packages:/home/lemmy/robotis_ws/install/wheels_control/lib/python3.10/site-packages:/home/lemmy/robotis_ws/install/joystick_listener/lib/python3.10/site-packages:/home/lemmy/ros2_ws/install/my_robot_controller/lib/python3.10/site-packages:/opt/ros/humble/lib/python3.10/site-packages:/opt/ros/humble/local/lib/python3.10/dist-packages /usr/bin/cmake --build /home/lemmy/robotis_ws/build/joystick_listener -- -j4 -l4
[0.391s] [  3%] Built target joystick_listener__cpp
[0.439s] [ 12%] Built target joystick_listener__rosidl_generator_c
[0.502s] [ 12%] Built target ament_cmake_python_copy_joystick_listener
[0.559s] [ 22%] Built target joystick_listener__rosidl_typesupport_cpp
[0.600s] [ 32%] Built target joystick_listener__rosidl_typesupport_fastrtps_cpp
[0.670s] [ 41%] Built target joystick_listener__rosidl_typesupport_introspection_cpp
[0.718s] [ 51%] Built target joystick_listener__rosidl_typesupport_fastrtps_c
[0.776s] [ 61%] Built target joystick_listener__rosidl_typesupport_c
[0.787s] [ 70%] Built target joystick_listener__rosidl_typesupport_introspection_c
[0.899s] [ 70%] Built target joystick_listener
[1.012s] [ 74%] Built target joystick_listener__py
[1.138s] [ 80%] Built target joystick_listener__rosidl_generator_py
[1.368s] [ 87%] Built target joystick_listener__rosidl_typesupport_fastrtps_c__pyext
[1.394s] [ 93%] Built target joystick_listener__rosidl_typesupport_c__pyext
[1.406s] [100%] Built target joystick_listener__rosidl_typesupport_introspection_c__pyext
[1.707s] running egg_info
[1.749s] writing joystick_listener.egg-info/PKG-INFO
[1.751s] writing dependency_links to joystick_listener.egg-info/dependency_links.txt
[1.753s] writing top-level names to joystick_listener.egg-info/top_level.txt
[1.887s] reading manifest file 'joystick_listener.egg-info/SOURCES.txt'
[1.890s] writing manifest file 'joystick_listener.egg-info/SOURCES.txt'
[2.021s] [100%] Built target ament_cmake_python_build_joystick_listener_egg
[2.065s] Invoked command in '/home/lemmy/robotis_ws/build/joystick_listener' returned '0': CMAKE_PREFIX_PATH=/home/lemmy/robotis_ws/install/dynamixel_sdk_custom_interfaces:/home/lemmy/robotis_ws/install/joystick_listener:/home/lemmy/robotis_ws/install/dynamixel_sdk_examples:/home/lemmy/robotis_ws/install/dynamixel_sdk:/home/lemmy/ros2_ws/install/pantilt_bot_description:/home/lemmy/ros2_ws/install/open_manipulator_x_description:/home/lemmy/ros2_ws/install/dynamixel_hardware:/home/lemmy/robotis_ws/install/wheels_control:/home/lemmy/ros2_ws/install/my_robot_controller:/opt/ros/humble LD_LIBRARY_PATH=/home/lemmy/robotis_ws/install/dynamixel_sdk_custom_interfaces/lib:/home/lemmy/robotis_ws/install/joystick_listener/lib:/home/lemmy/robotis_ws/install/dynamixel_sdk/lib:/home/lemmy/ros2_ws/install/dynamixel_hardware/lib:/opt/ros/humble/opt/rviz_ogre_vendor/lib:/opt/ros/humble/lib/aarch64-linux-gnu:/opt/ros/humble/lib PYTHONPATH=/home/lemmy/robotis_ws/install/dynamixel_sdk_custom_interfaces/lib/python3.10/site-packages:/home/lemmy/robotis_ws/install/wheels_control/lib/python3.10/site-packages:/home/lemmy/robotis_ws/install/joystick_listener/lib/python3.10/site-packages:/home/lemmy/ros2_ws/install/my_robot_controller/lib/python3.10/site-packages:/opt/ros/humble/lib/python3.10/site-packages:/opt/ros/humble/local/lib/python3.10/dist-packages /usr/bin/cmake --build /home/lemmy/robotis_ws/build/joystick_listener -- -j4 -l4
[2.445s] Invoking command in '/home/lemmy/robotis_ws/build/joystick_listener': CMAKE_PREFIX_PATH=/home/lemmy/robotis_ws/install/dynamixel_sdk_custom_interfaces:/home/lemmy/robotis_ws/install/joystick_listener:/home/lemmy/robotis_ws/install/dynamixel_sdk_examples:/home/lemmy/robotis_ws/install/dynamixel_sdk:/home/lemmy/ros2_ws/install/pantilt_bot_description:/home/lemmy/ros2_ws/install/open_manipulator_x_description:/home/lemmy/ros2_ws/install/dynamixel_hardware:/home/lemmy/robotis_ws/install/wheels_control:/home/lemmy/ros2_ws/install/my_robot_controller:/opt/ros/humble LD_LIBRARY_PATH=/home/lemmy/robotis_ws/install/dynamixel_sdk_custom_interfaces/lib:/home/lemmy/robotis_ws/install/joystick_listener/lib:/home/lemmy/robotis_ws/install/dynamixel_sdk/lib:/home/lemmy/ros2_ws/install/dynamixel_hardware/lib:/opt/ros/humble/opt/rviz_ogre_vendor/lib:/opt/ros/humble/lib/aarch64-linux-gnu:/opt/ros/humble/lib PYTHONPATH=/home/lemmy/robotis_ws/install/dynamixel_sdk_custom_interfaces/lib/python3.10/site-packages:/home/lemmy/robotis_ws/install/wheels_control/lib/python3.10/site-packages:/home/lemmy/robotis_ws/install/joystick_listener/lib/python3.10/site-packages:/home/lemmy/ros2_ws/install/my_robot_controller/lib/python3.10/site-packages:/opt/ros/humble/lib/python3.10/site-packages:/opt/ros/humble/local/lib/python3.10/dist-packages /usr/bin/cmake --install /home/lemmy/robotis_ws/build/joystick_listener
[2.478s] -- Install configuration: ""
[2.479s] -- Up-to-date: /home/lemmy/robotis_ws/install/joystick_listener/share/ament_index/resource_index/rosidl_interfaces/joystick_listener
[2.479s] -- Up-to-date: /home/lemmy/robotis_ws/install/joystick_listener/include/joystick_listener/joystick_listener
[2.481s] -- Up-to-date: /home/lemmy/robotis_ws/install/joystick_listener/include/joystick_listener/joystick_listener/msg
[2.482s] -- Up-to-date: /home/lemmy/robotis_ws/install/joystick_listener/include/joystick_listener/joystick_listener/msg/joystick_command.h
[2.483s] -- Up-to-date: /home/lemmy/robotis_ws/install/joystick_listener/include/joystick_listener/joystick_listener/msg/detail
[2.483s] -- Up-to-date: /home/lemmy/robotis_ws/install/joystick_listener/include/joystick_listener/joystick_listener/msg/detail/joystick_command__type_support.h
[2.484s] -- Up-to-date: /home/lemmy/robotis_ws/install/joystick_listener/include/joystick_listener/joystick_listener/msg/detail/joystick_command__functions.h
[2.485s] -- Up-to-date: /home/lemmy/robotis_ws/install/joystick_listener/include/joystick_listener/joystick_listener/msg/detail/joystick_command__functions.c
[2.485s] -- Up-to-date: /home/lemmy/robotis_ws/install/joystick_listener/include/joystick_listener/joystick_listener/msg/detail/joystick_command__struct.h
[2.486s] -- Up-to-date: /home/lemmy/robotis_ws/install/joystick_listener/include/joystick_listener/joystick_listener/msg/rosidl_generator_c__visibility_control.h
[2.487s] -- Up-to-date: /home/lemmy/robotis_ws/install/joystick_listener/share/joystick_listener/environment/library_path.sh
[2.488s] -- Up-to-date: /home/lemmy/robotis_ws/install/joystick_listener/share/joystick_listener/environment/library_path.dsv
[2.488s] -- Up-to-date: /home/lemmy/robotis_ws/install/joystick_listener/lib/libjoystick_listener__rosidl_generator_c.so
[2.489s] -- Up-to-date: /home/lemmy/robotis_ws/install/joystick_listener/include/joystick_listener/joystick_listener
[2.490s] -- Up-to-date: /home/lemmy/robotis_ws/install/joystick_listener/include/joystick_listener/joystick_listener/msg
[2.490s] -- Up-to-date: /home/lemmy/robotis_ws/install/joystick_listener/include/joystick_listener/joystick_listener/msg/rosidl_typesupport_fastrtps_c__visibility_control.h
[2.492s] -- Up-to-date: /home/lemmy/robotis_ws/install/joystick_listener/include/joystick_listener/joystick_listener/msg/detail
[2.493s] -- Up-to-date: /home/lemmy/robotis_ws/install/joystick_listener/include/joystick_listener/joystick_listener/msg/detail/joystick_command__rosidl_typesupport_fastrtps_c.h
[2.494s] -- Up-to-date: /home/lemmy/robotis_ws/install/joystick_listener/lib/libjoystick_listener__rosidl_typesupport_fastrtps_c.so
[2.495s] -- Up-to-date: /home/lemmy/robotis_ws/install/joystick_listener/include/joystick_listener/joystick_listener
[2.496s] -- Up-to-date: /home/lemmy/robotis_ws/install/joystick_listener/include/joystick_listener/joystick_listener/msg
[2.497s] -- Up-to-date: /home/lemmy/robotis_ws/install/joystick_listener/include/joystick_listener/joystick_listener/msg/joystick_command.hpp
[2.497s] -- Up-to-date: /home/lemmy/robotis_ws/install/joystick_listener/include/joystick_listener/joystick_listener/msg/detail
[2.498s] -- Up-to-date: /home/lemmy/robotis_ws/install/joystick_listener/include/joystick_listener/joystick_listener/msg/detail/joystick_command__builder.hpp
[2.499s] -- Up-to-date: /home/lemmy/robotis_ws/install/joystick_listener/include/joystick_listener/joystick_listener/msg/detail/joystick_command__traits.hpp
[2.500s] -- Up-to-date: /home/lemmy/robotis_ws/install/joystick_listener/include/joystick_listener/joystick_listener/msg/detail/joystick_command__struct.hpp
[2.501s] -- Up-to-date: /home/lemmy/robotis_ws/install/joystick_listener/include/joystick_listener/joystick_listener
[2.502s] -- Up-to-date: /home/lemmy/robotis_ws/install/joystick_listener/include/joystick_listener/joystick_listener/msg
[2.502s] -- Up-to-date: /home/lemmy/robotis_ws/install/joystick_listener/include/joystick_listener/joystick_listener/msg/rosidl_typesupport_fastrtps_cpp__visibility_control.h
[2.503s] -- Up-to-date: /home/lemmy/robotis_ws/install/joystick_listener/include/joystick_listener/joystick_listener/msg/detail
[2.503s] -- Up-to-date: /home/lemmy/robotis_ws/install/joystick_listener/include/joystick_listener/joystick_listener/msg/detail/dds_fastrtps
[2.504s] -- Up-to-date: /home/lemmy/robotis_ws/install/joystick_listener/include/joystick_listener/joystick_listener/msg/detail/joystick_command__rosidl_typesupport_fastrtps_cpp.hpp
[2.504s] -- Up-to-date: /home/lemmy/robotis_ws/install/joystick_listener/lib/libjoystick_listener__rosidl_typesupport_fastrtps_cpp.so
[2.505s] -- Up-to-date: /home/lemmy/robotis_ws/install/joystick_listener/include/joystick_listener/joystick_listener
[2.505s] -- Up-to-date: /home/lemmy/robotis_ws/install/joystick_listener/include/joystick_listener/joystick_listener/msg
[2.506s] -- Up-to-date: /home/lemmy/robotis_ws/install/joystick_listener/include/joystick_listener/joystick_listener/msg/detail
[2.507s] -- Up-to-date: /home/lemmy/robotis_ws/install/joystick_listener/include/joystick_listener/joystick_listener/msg/detail/joystick_command__type_support.c
[2.508s] -- Up-to-date: /home/lemmy/robotis_ws/install/joystick_listener/include/joystick_listener/joystick_listener/msg/detail/joystick_command__rosidl_typesupport_introspection_c.h
[2.508s] -- Up-to-date: /home/lemmy/robotis_ws/install/joystick_listener/include/joystick_listener/joystick_listener/msg/rosidl_typesupport_introspection_c__visibility_control.h
[2.509s] -- Up-to-date: /home/lemmy/robotis_ws/install/joystick_listener/lib/libjoystick_listener__rosidl_typesupport_introspection_c.so
[2.510s] -- Up-to-date: /home/lemmy/robotis_ws/install/joystick_listener/lib/libjoystick_listener__rosidl_typesupport_c.so
[2.510s] -- Up-to-date: /home/lemmy/robotis_ws/install/joystick_listener/include/joystick_listener/joystick_listener
[2.511s] -- Up-to-date: /home/lemmy/robotis_ws/install/joystick_listener/include/joystick_listener/joystick_listener/msg
[2.512s] -- Up-to-date: /home/lemmy/robotis_ws/install/joystick_listener/include/joystick_listener/joystick_listener/msg/detail
[2.512s] -- Up-to-date: /home/lemmy/robotis_ws/install/joystick_listener/include/joystick_listener/joystick_listener/msg/detail/joystick_command__type_support.cpp
[2.513s] -- Up-to-date: /home/lemmy/robotis_ws/install/joystick_listener/include/joystick_listener/joystick_listener/msg/detail/joystick_command__rosidl_typesupport_introspection_cpp.hpp
[2.514s] -- Up-to-date: /home/lemmy/robotis_ws/install/joystick_listener/lib/libjoystick_listener__rosidl_typesupport_introspection_cpp.so
[2.514s] -- Up-to-date: /home/lemmy/robotis_ws/install/joystick_listener/lib/libjoystick_listener__rosidl_typesupport_cpp.so
[2.515s] -- Up-to-date: /home/lemmy/robotis_ws/install/joystick_listener/share/joystick_listener/environment/pythonpath.sh
[2.515s] -- Up-to-date: /home/lemmy/robotis_ws/install/joystick_listener/share/joystick_listener/environment/pythonpath.dsv
[2.516s] -- Up-to-date: /home/lemmy/robotis_ws/install/joystick_listener/lib/python3.10/site-packages/joystick_listener-0.0.0-py3.10.egg-info
[2.517s] -- Installing: /home/lemmy/robotis_ws/install/joystick_listener/lib/python3.10/site-packages/joystick_listener-0.0.0-py3.10.egg-info/SOURCES.txt
[2.518s] -- Installing: /home/lemmy/robotis_ws/install/joystick_listener/lib/python3.10/site-packages/joystick_listener-0.0.0-py3.10.egg-info/dependency_links.txt
[2.518s] -- Installing: /home/lemmy/robotis_ws/install/joystick_listener/lib/python3.10/site-packages/joystick_listener-0.0.0-py3.10.egg-info/PKG-INFO
[2.519s] -- Installing: /home/lemmy/robotis_ws/install/joystick_listener/lib/python3.10/site-packages/joystick_listener-0.0.0-py3.10.egg-info/top_level.txt
[2.521s] -- Up-to-date: /home/lemmy/robotis_ws/install/joystick_listener/lib/python3.10/site-packages/joystick_listener
[2.523s] -- Up-to-date: /home/lemmy/robotis_ws/install/joystick_listener/lib/python3.10/site-packages/joystick_listener/__init__.py
[2.524s] -- Up-to-date: /home/lemmy/robotis_ws/install/joystick_listener/lib/python3.10/site-packages/joystick_listener/libjoystick_listener__rosidl_generator_py.so
[2.525s] -- Up-to-date: /home/lemmy/robotis_ws/install/joystick_listener/lib/python3.10/site-packages/joystick_listener/joystick_listener_s__rosidl_typesupport_c.cpython-310-aarch64-linux-gnu.so
[2.526s] -- Up-to-date: /home/lemmy/robotis_ws/install/joystick_listener/lib/python3.10/site-packages/joystick_listener/_joystick_listener_s.ep.rosidl_typesupport_c.c
[2.526s] -- Up-to-date: /home/lemmy/robotis_ws/install/joystick_listener/lib/python3.10/site-packages/joystick_listener/_joystick_listener_s.ep.rosidl_typesupport_introspection_c.c
[2.527s] -- Up-to-date: /home/lemmy/robotis_ws/install/joystick_listener/lib/python3.10/site-packages/joystick_listener/_joystick_listener_s.ep.rosidl_typesupport_fastrtps_c.c
[2.527s] -- Up-to-date: /home/lemmy/robotis_ws/install/joystick_listener/lib/python3.10/site-packages/joystick_listener/joystick_listener_s__rosidl_typesupport_fastrtps_c.cpython-310-aarch64-linux-gnu.so
[2.528s] -- Up-to-date: /home/lemmy/robotis_ws/install/joystick_listener/lib/python3.10/site-packages/joystick_listener/msg
[2.528s] -- Up-to-date: /home/lemmy/robotis_ws/install/joystick_listener/lib/python3.10/site-packages/joystick_listener/msg/__init__.py
[2.529s] -- Up-to-date: /home/lemmy/robotis_ws/install/joystick_listener/lib/python3.10/site-packages/joystick_listener/msg/_joystick_command_s.c
[2.529s] -- Up-to-date: /home/lemmy/robotis_ws/install/joystick_listener/lib/python3.10/site-packages/joystick_listener/msg/_joystick_command.py
[2.530s] -- Up-to-date: /home/lemmy/robotis_ws/install/joystick_listener/lib/python3.10/site-packages/joystick_listener/joystick_listener_s__rosidl_typesupport_introspection_c.cpython-310-aarch64-linux-gnu.so
[2.699s] Listing '/home/lemmy/robotis_ws/install/joystick_listener/lib/python3.10/site-packages/joystick_listener'...
[2.700s] Listing '/home/lemmy/robotis_ws/install/joystick_listener/lib/python3.10/site-packages/joystick_listener/msg'...
[2.726s] -- Up-to-date: /home/lemmy/robotis_ws/install/joystick_listener/lib/python3.10/site-packages/joystick_listener/joystick_listener_s__rosidl_typesupport_fastrtps_c.cpython-310-aarch64-linux-gnu.so
[2.729s] -- Up-to-date: /home/lemmy/robotis_ws/install/joystick_listener/lib/python3.10/site-packages/joystick_listener/joystick_listener_s__rosidl_typesupport_introspection_c.cpython-310-aarch64-linux-gnu.so
[2.732s] -- Up-to-date: /home/lemmy/robotis_ws/install/joystick_listener/lib/python3.10/site-packages/joystick_listener/joystick_listener_s__rosidl_typesupport_c.cpython-310-aarch64-linux-gnu.so
[2.734s] -- Up-to-date: /home/lemmy/robotis_ws/install/joystick_listener/lib/libjoystick_listener__rosidl_generator_py.so
[2.736s] -- Up-to-date: /home/lemmy/robotis_ws/install/joystick_listener/share/joystick_listener/msg/JoystickCommand.idl
[2.737s] -- Up-to-date: /home/lemmy/robotis_ws/install/joystick_listener/share/joystick_listener/msg/JoystickCommand.msg
[2.738s] -- Up-to-date: /home/lemmy/robotis_ws/install/joystick_listener/lib/joystick_listener/joystick_control.py
[2.738s] -- Up-to-date: /home/lemmy/robotis_ws/install/joystick_listener/share/joystick_listener/launch
[2.739s] -- Up-to-date: /home/lemmy/robotis_ws/install/joystick_listener/share/joystick_listener/launch/joystick_listener.launch.py
[2.740s] -- Up-to-date: /home/lemmy/robotis_ws/install/joystick_listener/share/ament_index/resource_index/package_run_dependencies/joystick_listener
[2.741s] -- Up-to-date: /home/lemmy/robotis_ws/install/joystick_listener/share/ament_index/resource_index/parent_prefix_path/joystick_listener
[2.742s] -- Up-to-date: /home/lemmy/robotis_ws/install/joystick_listener/share/joystick_listener/environment/ament_prefix_path.sh
[2.743s] -- Up-to-date: /home/lemmy/robotis_ws/install/joystick_listener/share/joystick_listener/environment/ament_prefix_path.dsv
[2.743s] -- Up-to-date: /home/lemmy/robotis_ws/install/joystick_listener/share/joystick_listener/environment/path.sh
[2.744s] -- Up-to-date: /home/lemmy/robotis_ws/install/joystick_listener/share/joystick_listener/environment/path.dsv
[2.744s] -- Up-to-date: /home/lemmy/robotis_ws/install/joystick_listener/share/joystick_listener/local_setup.bash
[2.745s] -- Up-to-date: /home/lemmy/robotis_ws/install/joystick_listener/share/joystick_listener/local_setup.sh
[2.746s] -- Up-to-date: /home/lemmy/robotis_ws/install/joystick_listener/share/joystick_listener/local_setup.zsh
[2.747s] -- Up-to-date: /home/lemmy/robotis_ws/install/joystick_listener/share/joystick_listener/local_setup.dsv
[2.748s] -- Installing: /home/lemmy/robotis_ws/install/joystick_listener/share/joystick_listener/package.dsv
[2.748s] -- Up-to-date: /home/lemmy/robotis_ws/install/joystick_listener/share/ament_index/resource_index/packages/joystick_listener
[2.749s] -- Up-to-date: /home/lemmy/robotis_ws/install/joystick_listener/share/joystick_listener/cmake/export_joystick_listener__rosidl_generator_cExport.cmake
[2.750s] -- Up-to-date: /home/lemmy/robotis_ws/install/joystick_listener/share/joystick_listener/cmake/export_joystick_listener__rosidl_generator_cExport-noconfig.cmake
[2.751s] -- Up-to-date: /home/lemmy/robotis_ws/install/joystick_listener/share/joystick_listener/cmake/export_joystick_listener__rosidl_typesupport_fastrtps_cExport.cmake
[2.751s] -- Up-to-date: /home/lemmy/robotis_ws/install/joystick_listener/share/joystick_listener/cmake/export_joystick_listener__rosidl_typesupport_fastrtps_cExport-noconfig.cmake
[2.752s] -- Up-to-date: /home/lemmy/robotis_ws/install/joystick_listener/share/joystick_listener/cmake/export_joystick_listener__rosidl_generator_cppExport.cmake
[2.752s] -- Up-to-date: /home/lemmy/robotis_ws/install/joystick_listener/share/joystick_listener/cmake/export_joystick_listener__rosidl_typesupport_fastrtps_cppExport.cmake
[2.753s] -- Up-to-date: /home/lemmy/robotis_ws/install/joystick_listener/share/joystick_listener/cmake/export_joystick_listener__rosidl_typesupport_fastrtps_cppExport-noconfig.cmake
[2.754s] -- Up-to-date: /home/lemmy/robotis_ws/install/joystick_listener/share/joystick_listener/cmake/joystick_listener__rosidl_typesupport_introspection_cExport.cmake
[2.755s] -- Up-to-date: /home/lemmy/robotis_ws/install/joystick_listener/share/joystick_listener/cmake/joystick_listener__rosidl_typesupport_introspection_cExport-noconfig.cmake
[2.755s] -- Up-to-date: /home/lemmy/robotis_ws/install/joystick_listener/share/joystick_listener/cmake/joystick_listener__rosidl_typesupport_cExport.cmake
[2.756s] -- Up-to-date: /home/lemmy/robotis_ws/install/joystick_listener/share/joystick_listener/cmake/joystick_listener__rosidl_typesupport_cExport-noconfig.cmake
[2.757s] -- Up-to-date: /home/lemmy/robotis_ws/install/joystick_listener/share/joystick_listener/cmake/joystick_listener__rosidl_typesupport_introspection_cppExport.cmake
[2.758s] -- Up-to-date: /home/lemmy/robotis_ws/install/joystick_listener/share/joystick_listener/cmake/joystick_listener__rosidl_typesupport_introspection_cppExport-noconfig.cmake
[2.759s] -- Up-to-date: /home/lemmy/robotis_ws/install/joystick_listener/share/joystick_listener/cmake/joystick_listener__rosidl_typesupport_cppExport.cmake
[2.759s] -- Up-to-date: /home/lemmy/robotis_ws/install/joystick_listener/share/joystick_listener/cmake/joystick_listener__rosidl_typesupport_cppExport-noconfig.cmake
[2.760s] -- Up-to-date: /home/lemmy/robotis_ws/install/joystick_listener/share/joystick_listener/cmake/export_joystick_listener__rosidl_generator_pyExport.cmake
[2.761s] -- Up-to-date: /home/lemmy/robotis_ws/install/joystick_listener/share/joystick_listener/cmake/export_joystick_listener__rosidl_generator_pyExport-noconfig.cmake
[2.761s] -- Up-to-date: /home/lemmy/robotis_ws/install/joystick_listener/share/joystick_listener/cmake/rosidl_cmake-extras.cmake
[2.762s] -- Up-to-date: /home/lemmy/robotis_ws/install/joystick_listener/share/joystick_listener/cmake/ament_cmake_export_include_directories-extras.cmake
[2.763s] -- Up-to-date: /home/lemmy/robotis_ws/install/joystick_listener/share/joystick_listener/cmake/ament_cmake_export_libraries-extras.cmake
[2.764s] -- Up-to-date: /home/lemmy/robotis_ws/install/joystick_listener/share/joystick_listener/cmake/ament_cmake_export_targets-extras.cmake
[2.765s] -- Up-to-date: /home/lemmy/robotis_ws/install/joystick_listener/share/joystick_listener/cmake/rosidl_cmake_export_typesupport_targets-extras.cmake
[2.765s] -- Up-to-date: /home/lemmy/robotis_ws/install/joystick_listener/share/joystick_listener/cmake/ament_cmake_export_dependencies-extras.cmake
[2.766s] -- Up-to-date: /home/lemmy/robotis_ws/install/joystick_listener/share/joystick_listener/cmake/rosidl_cmake_export_typesupport_libraries-extras.cmake
[2.767s] -- Up-to-date: /home/lemmy/robotis_ws/install/joystick_listener/share/joystick_listener/cmake/joystick_listenerConfig.cmake
[2.767s] -- Up-to-date: /home/lemmy/robotis_ws/install/joystick_listener/share/joystick_listener/cmake/joystick_listenerConfig-version.cmake
[2.768s] -- Up-to-date: /home/lemmy/robotis_ws/install/joystick_listener/share/joystick_listener/package.xml
[2.774s] Invoked command in '/home/lemmy/robotis_ws/build/joystick_listener' returned '0': CMAKE_PREFIX_PATH=/home/lemmy/robotis_ws/install/dynamixel_sdk_custom_interfaces:/home/lemmy/robotis_ws/install/joystick_listener:/home/lemmy/robotis_ws/install/dynamixel_sdk_examples:/home/lemmy/robotis_ws/install/dynamixel_sdk:/home/lemmy/ros2_ws/install/pantilt_bot_description:/home/lemmy/ros2_ws/install/open_manipulator_x_description:/home/lemmy/ros2_ws/install/dynamixel_hardware:/home/lemmy/robotis_ws/install/wheels_control:/home/lemmy/ros2_ws/install/my_robot_controller:/opt/ros/humble LD_LIBRARY_PATH=/home/lemmy/robotis_ws/install/dynamixel_sdk_custom_interfaces/lib:/home/lemmy/robotis_ws/install/joystick_listener/lib:/home/lemmy/robotis_ws/install/dynamixel_sdk/lib:/home/lemmy/ros2_ws/install/dynamixel_hardware/lib:/opt/ros/humble/opt/rviz_ogre_vendor/lib:/opt/ros/humble/lib/aarch64-linux-gnu:/opt/ros/humble/lib PYTHONPATH=/home/lemmy/robotis_ws/install/dynamixel_sdk_custom_interfaces/lib/python3.10/site-packages:/home/lemmy/robotis_ws/install/wheels_control/lib/python3.10/site-packages:/home/lemmy/robotis_ws/install/joystick_listener/lib/python3.10/site-packages:/home/lemmy/ros2_ws/install/my_robot_controller/lib/python3.10/site-packages:/opt/ros/humble/lib/python3.10/site-packages:/opt/ros/humble/local/lib/python3.10/dist-packages /usr/bin/cmake --install /home/lemmy/robotis_ws/build/joystick_listener
