[0.070s] Invoking command in '/home/lemmy/robotis_ws/build/dynamixel_sdk_examples': CMAKE_PREFIX_PATH=/home/lemmy/robotis_ws/install/dynamixel_sdk_custom_interfaces:/home/lemmy/robotis_ws/install/dynamixel_sdk:/home/lemmy/robotis_ws/install/joystick_listener:/home/lemmy/robotis_ws/install/dynamixel_sdk_examples:/home/lemmy/ros2_ws/install/pantilt_bot_description:/home/lemmy/ros2_ws/install/open_manipulator_x_description:/home/lemmy/ros2_ws/install/dynamixel_hardware:/home/lemmy/robotis_ws/install/wheels_control:/home/lemmy/ros2_ws/install/my_robot_controller:/opt/ros/humble LD_LIBRARY_PATH=/home/lemmy/robotis_ws/install/dynamixel_sdk_custom_interfaces/lib:/home/lemmy/robotis_ws/install/dynamixel_sdk/lib:/home/lemmy/robotis_ws/install/joystick_listener/lib:/home/lemmy/ros2_ws/install/dynamixel_hardware/lib:/opt/ros/humble/opt/rviz_ogre_vendor/lib:/opt/ros/humble/lib/aarch64-linux-gnu:/opt/ros/humble/lib PYTHONPATH=/home/lemmy/robotis_ws/install/dynamixel_sdk_custom_interfaces/lib/python3.10/site-packages:/home/lemmy/robotis_ws/install/wheels_control/lib/python3.10/site-packages:/home/lemmy/robotis_ws/install/joystick_listener/lib/python3.10/site-packages:/home/lemmy/ros2_ws/install/my_robot_controller/lib/python3.10/site-packages:/opt/ros/humble/lib/python3.10/site-packages:/opt/ros/humble/local/lib/python3.10/dist-packages /usr/bin/cmake --build /home/lemmy/robotis_ws/build/dynamixel_sdk_examples -- -j4 -l4
[0.316s] [35m[1mConsolidate compiler generated dependencies of target position_control_node[0m
[0.409s] [ 50%] Built target velocity_control_node
[0.463s] [ 75%] [32mBuilding CXX object CMakeFiles/position_control_node.dir/src/position_control_node.cpp.o[0m
[10.846s] [01m[K/home/lemmy/robotis_ws/src/DynamixelSDK/dynamixel_sdk_examples/src/position_control_node.cpp:[m[K In member function ‘[01m[Kvoid PositionControlNode::update_motor_status(uint8_t, uint32_t)[m[K’:
[10.847s] [01m[K/home/lemmy/robotis_ws/src/DynamixelSDK/dynamixel_sdk_examples/src/position_control_node.cpp:100:67:[m[K [01;31m[Kerror: [m[Kno matching function for call to ‘[01m[Kdynamixel_sdk_custom_interfaces::msg::Status_<std::allocator<void> >::Status_(<brace-enclosed initializer list>)[m[K’
[10.847s]   100 |         moving_status_publisher_->publish(Status{id, moving_status[01;31m[K}[m[K);
[10.848s]       |                                                                   [01;31m[K^[m[K
[10.848s] In file included from [01m[K/home/lemmy/robotis_ws/install/dynamixel_sdk_custom_interfaces/include/dynamixel_sdk_custom_interfaces/dynamixel_sdk_custom_interfaces/msg/status.hpp:7[m[K,
[10.848s]                  from [01m[K/home/lemmy/robotis_ws/src/DynamixelSDK/dynamixel_sdk_examples/src/position_control_node.cpp:7[m[K:
[10.849s] [01m[K/home/lemmy/robotis_ws/install/dynamixel_sdk_custom_interfaces/include/dynamixel_sdk_custom_interfaces/dynamixel_sdk_custom_interfaces/msg/detail/status__struct.hpp:41:12:[m[K [01;36m[Knote: [m[Kcandidate: ‘[01m[Kdynamixel_sdk_custom_interfaces::msg::Status_<ContainerAllocator>::Status_(const ContainerAllocator&, rosidl_runtime_cpp::MessageInitialization) [with ContainerAllocator = std::allocator<void>][m[K’
[10.850s]    41 |   explicit [01;36m[KStatus_[m[K(const ContainerAllocator & _alloc, rosidl_runtime_cpp::MessageInitialization _init = rosidl_runtime_cpp::MessageInitialization::ALL)
[10.850s]       |            [01;36m[K^~~~~~~[m[K
[10.851s] [01m[K/home/lemmy/robotis_ws/install/dynamixel_sdk_custom_interfaces/include/dynamixel_sdk_custom_interfaces/dynamixel_sdk_custom_interfaces/msg/detail/status__struct.hpp:41:47:[m[K [01;36m[Knote: [m[K  no known conversion for argument 1 from ‘[01m[Kuint8_t[m[K’ {aka ‘[01m[Kunsigned char[m[K’} to ‘[01m[Kconst std::allocator<void>&[m[K’
[10.851s]    41 |   explicit Status_([01;36m[Kconst ContainerAllocator & _alloc[m[K, rosidl_runtime_cpp::MessageInitialization _init = rosidl_runtime_cpp::MessageInitialization::ALL)
[10.851s]       |                    [01;36m[K~~~~~~~~~~~~~~~~~~~~~~~~~~~^~~~~~[m[K
[10.852s] [01m[K/home/lemmy/robotis_ws/install/dynamixel_sdk_custom_interfaces/include/dynamixel_sdk_custom_interfaces/dynamixel_sdk_custom_interfaces/msg/detail/status__struct.hpp:36:12:[m[K [01;36m[Knote: [m[Kcandidate: ‘[01m[Kdynamixel_sdk_custom_interfaces::msg::Status_<ContainerAllocator>::Status_(rosidl_runtime_cpp::MessageInitialization) [with ContainerAllocator = std::allocator<void>][m[K’
[10.852s]    36 |   explicit [01;36m[KStatus_[m[K(rosidl_runtime_cpp::MessageInitialization _init = rosidl_runtime_cpp::MessageInitialization::ALL)
[10.853s]       |            [01;36m[K^~~~~~~[m[K
[10.853s] [01m[K/home/lemmy/robotis_ws/install/dynamixel_sdk_custom_interfaces/include/dynamixel_sdk_custom_interfaces/dynamixel_sdk_custom_interfaces/msg/detail/status__struct.hpp:36:12:[m[K [01;36m[Knote: [m[K  candidate expects 1 argument, 2 provided
[10.853s] [01m[K/home/lemmy/robotis_ws/install/dynamixel_sdk_custom_interfaces/include/dynamixel_sdk_custom_interfaces/dynamixel_sdk_custom_interfaces/msg/detail/status__struct.hpp:32:8:[m[K [01;36m[Knote: [m[Kcandidate: ‘[01m[Kdynamixel_sdk_custom_interfaces::msg::Status_<std::allocator<void> >::Status_(const dynamixel_sdk_custom_interfaces::msg::Status_<std::allocator<void> >&)[m[K’
[10.853s]    32 | struct [01;36m[KStatus_[m[K
[10.854s]       |        [01;36m[K^~~~~~~[m[K
[10.855s] [01m[K/home/lemmy/robotis_ws/install/dynamixel_sdk_custom_interfaces/include/dynamixel_sdk_custom_interfaces/dynamixel_sdk_custom_interfaces/msg/detail/status__struct.hpp:32:8:[m[K [01;36m[Knote: [m[K  candidate expects 1 argument, 2 provided
[10.855s] [01m[K/home/lemmy/robotis_ws/install/dynamixel_sdk_custom_interfaces/include/dynamixel_sdk_custom_interfaces/dynamixel_sdk_custom_interfaces/msg/detail/status__struct.hpp:32:8:[m[K [01;36m[Knote: [m[Kcandidate: ‘[01m[Kdynamixel_sdk_custom_interfaces::msg::Status_<std::allocator<void> >::Status_(dynamixel_sdk_custom_interfaces::msg::Status_<std::allocator<void> >&&)[m[K’
[10.855s] [01m[K/home/lemmy/robotis_ws/install/dynamixel_sdk_custom_interfaces/include/dynamixel_sdk_custom_interfaces/dynamixel_sdk_custom_interfaces/msg/detail/status__struct.hpp:32:8:[m[K [01;36m[Knote: [m[K  candidate expects 1 argument, 2 provided
[10.856s] [01m[K/home/lemmy/robotis_ws/src/DynamixelSDK/dynamixel_sdk_examples/src/position_control_node.cpp:109:57:[m[K [01;31m[Kerror: [m[Kno matching function for call to ‘[01m[Kdynamixel_sdk_custom_interfaces::msg::Status_<std::allocator<void> >::Status_(<brace-enclosed initializer list>)[m[K’
[10.856s]   109 |         load_publisher_->publish(Status{id, present_load[01;31m[K}[m[K);
[10.857s]       |                                                         [01;31m[K^[m[K
[10.857s] In file included from [01m[K/home/lemmy/robotis_ws/install/dynamixel_sdk_custom_interfaces/include/dynamixel_sdk_custom_interfaces/dynamixel_sdk_custom_interfaces/msg/status.hpp:7[m[K,
[10.858s]                  from [01m[K/home/lemmy/robotis_ws/src/DynamixelSDK/dynamixel_sdk_examples/src/position_control_node.cpp:7[m[K:
[10.859s] [01m[K/home/lemmy/robotis_ws/install/dynamixel_sdk_custom_interfaces/include/dynamixel_sdk_custom_interfaces/dynamixel_sdk_custom_interfaces/msg/detail/status__struct.hpp:41:12:[m[K [01;36m[Knote: [m[Kcandidate: ‘[01m[Kdynamixel_sdk_custom_interfaces::msg::Status_<ContainerAllocator>::Status_(const ContainerAllocator&, rosidl_runtime_cpp::MessageInitialization) [with ContainerAllocator = std::allocator<void>][m[K’
[10.859s]    41 |   explicit [01;36m[KStatus_[m[K(const ContainerAllocator & _alloc, rosidl_runtime_cpp::MessageInitialization _init = rosidl_runtime_cpp::MessageInitialization::ALL)
[10.859s]       |            [01;36m[K^~~~~~~[m[K
[10.860s] [01m[K/home/lemmy/robotis_ws/install/dynamixel_sdk_custom_interfaces/include/dynamixel_sdk_custom_interfaces/dynamixel_sdk_custom_interfaces/msg/detail/status__struct.hpp:41:47:[m[K [01;36m[Knote: [m[K  no known conversion for argument 1 from ‘[01m[Kuint8_t[m[K’ {aka ‘[01m[Kunsigned char[m[K’} to ‘[01m[Kconst std::allocator<void>&[m[K’
[10.860s]    41 |   explicit Status_([01;36m[Kconst ContainerAllocator & _alloc[m[K, rosidl_runtime_cpp::MessageInitialization _init = rosidl_runtime_cpp::MessageInitialization::ALL)
[10.860s]       |                    [01;36m[K~~~~~~~~~~~~~~~~~~~~~~~~~~~^~~~~~[m[K
[10.861s] [01m[K/home/lemmy/robotis_ws/install/dynamixel_sdk_custom_interfaces/include/dynamixel_sdk_custom_interfaces/dynamixel_sdk_custom_interfaces/msg/detail/status__struct.hpp:36:12:[m[K [01;36m[Knote: [m[Kcandidate: ‘[01m[Kdynamixel_sdk_custom_interfaces::msg::Status_<ContainerAllocator>::Status_(rosidl_runtime_cpp::MessageInitialization) [with ContainerAllocator = std::allocator<void>][m[K’
[10.861s]    36 |   explicit [01;36m[KStatus_[m[K(rosidl_runtime_cpp::MessageInitialization _init = rosidl_runtime_cpp::MessageInitialization::ALL)
[10.862s]       |            [01;36m[K^~~~~~~[m[K
[10.862s] [01m[K/home/lemmy/robotis_ws/install/dynamixel_sdk_custom_interfaces/include/dynamixel_sdk_custom_interfaces/dynamixel_sdk_custom_interfaces/msg/detail/status__struct.hpp:36:12:[m[K [01;36m[Knote: [m[K  candidate expects 1 argument, 2 provided
[10.862s] [01m[K/home/lemmy/robotis_ws/install/dynamixel_sdk_custom_interfaces/include/dynamixel_sdk_custom_interfaces/dynamixel_sdk_custom_interfaces/msg/detail/status__struct.hpp:32:8:[m[K [01;36m[Knote: [m[Kcandidate: ‘[01m[Kdynamixel_sdk_custom_interfaces::msg::Status_<std::allocator<void> >::Status_(const dynamixel_sdk_custom_interfaces::msg::Status_<std::allocator<void> >&)[m[K’
[10.862s]    32 | struct [01;36m[KStatus_[m[K
[10.863s]       |        [01;36m[K^~~~~~~[m[K
[10.863s] [01m[K/home/lemmy/robotis_ws/install/dynamixel_sdk_custom_interfaces/include/dynamixel_sdk_custom_interfaces/dynamixel_sdk_custom_interfaces/msg/detail/status__struct.hpp:32:8:[m[K [01;36m[Knote: [m[K  candidate expects 1 argument, 2 provided
[10.864s] [01m[K/home/lemmy/robotis_ws/install/dynamixel_sdk_custom_interfaces/include/dynamixel_sdk_custom_interfaces/dynamixel_sdk_custom_interfaces/msg/detail/status__struct.hpp:32:8:[m[K [01;36m[Knote: [m[Kcandidate: ‘[01m[Kdynamixel_sdk_custom_interfaces::msg::Status_<std::allocator<void> >::Status_(dynamixel_sdk_custom_interfaces::msg::Status_<std::allocator<void> >&&)[m[K’
[10.864s] [01m[K/home/lemmy/robotis_ws/install/dynamixel_sdk_custom_interfaces/include/dynamixel_sdk_custom_interfaces/dynamixel_sdk_custom_interfaces/msg/detail/status__struct.hpp:32:8:[m[K [01;36m[Knote: [m[K  candidate expects 1 argument, 2 provided
[19.735s] gmake[2]: *** [CMakeFiles/position_control_node.dir/build.make:76: CMakeFiles/position_control_node.dir/src/position_control_node.cpp.o] Error 1
[19.736s] gmake[1]: *** [CMakeFiles/Makefile2:165: CMakeFiles/position_control_node.dir/all] Error 2
[19.737s] gmake: *** [Makefile:146: all] Error 2
[19.743s] Invoked command in '/home/lemmy/robotis_ws/build/dynamixel_sdk_examples' returned '2': CMAKE_PREFIX_PATH=/home/lemmy/robotis_ws/install/dynamixel_sdk_custom_interfaces:/home/lemmy/robotis_ws/install/dynamixel_sdk:/home/lemmy/robotis_ws/install/joystick_listener:/home/lemmy/robotis_ws/install/dynamixel_sdk_examples:/home/lemmy/ros2_ws/install/pantilt_bot_description:/home/lemmy/ros2_ws/install/open_manipulator_x_description:/home/lemmy/ros2_ws/install/dynamixel_hardware:/home/lemmy/robotis_ws/install/wheels_control:/home/lemmy/ros2_ws/install/my_robot_controller:/opt/ros/humble LD_LIBRARY_PATH=/home/lemmy/robotis_ws/install/dynamixel_sdk_custom_interfaces/lib:/home/lemmy/robotis_ws/install/dynamixel_sdk/lib:/home/lemmy/robotis_ws/install/joystick_listener/lib:/home/lemmy/ros2_ws/install/dynamixel_hardware/lib:/opt/ros/humble/opt/rviz_ogre_vendor/lib:/opt/ros/humble/lib/aarch64-linux-gnu:/opt/ros/humble/lib PYTHONPATH=/home/lemmy/robotis_ws/install/dynamixel_sdk_custom_interfaces/lib/python3.10/site-packages:/home/lemmy/robotis_ws/install/wheels_control/lib/python3.10/site-packages:/home/lemmy/robotis_ws/install/joystick_listener/lib/python3.10/site-packages:/home/lemmy/ros2_ws/install/my_robot_controller/lib/python3.10/site-packages:/opt/ros/humble/lib/python3.10/site-packages:/opt/ros/humble/local/lib/python3.10/dist-packages /usr/bin/cmake --build /home/lemmy/robotis_ws/build/dynamixel_sdk_examples -- -j4 -l4
