[0.099s] Invoking command in '/home/lemmy/robotis_ws/build/dynamixel_sdk': CMAKE_PREFIX_PATH=${CMAKE_PREFIX_PATH}:/home/lemmy/robotis_ws/install/wheels_control:/home/lemmy/ros2_ws/install/my_robot_controller:/opt/ros/humble /usr/bin/cmake --build /home/lemmy/robotis_ws/build/dynamixel_sdk -- -j4 -l4
[0.429s] [100%] Built target dynamixel_sdk
[1.819s] Invoked command in '/home/lemmy/robotis_ws/build/dynamixel_sdk' returned '0': CMAKE_PREFIX_PATH=${CMAKE_PREFIX_PATH}:/home/lemmy/robotis_ws/install/wheels_control:/home/lemmy/ros2_ws/install/my_robot_controller:/opt/ros/humble /usr/bin/cmake --build /home/lemmy/robotis_ws/build/dynamixel_sdk -- -j4 -l4
[2.162s] Invoking command in '/home/lemmy/robotis_ws/build/dynamixel_sdk': CMAKE_PREFIX_PATH=${CMAKE_PREFIX_PATH}:/home/lemmy/robotis_ws/install/wheels_control:/home/lemmy/ros2_ws/install/my_robot_controller:/opt/ros/humble /usr/bin/cmake --install /home/lemmy/robotis_ws/build/dynamixel_sdk
[2.206s] -- Install configuration: ""
[2.208s] -- Up-to-date: /home/lemmy/robotis_ws/install/dynamixel_sdk/include/
[2.211s] -- Up-to-date: /home/lemmy/robotis_ws/install/dynamixel_sdk/include//dynamixel_sdk
[2.212s] -- Up-to-date: /home/lemmy/robotis_ws/install/dynamixel_sdk/include//dynamixel_sdk/port_handler.h
[2.214s] -- Up-to-date: /home/lemmy/robotis_ws/install/dynamixel_sdk/include//dynamixel_sdk/dynamixel_sdk.h
[2.215s] -- Up-to-date: /home/lemmy/robotis_ws/install/dynamixel_sdk/include//dynamixel_sdk/protocol2_packet_handler.h
[2.217s] -- Up-to-date: /home/lemmy/robotis_ws/install/dynamixel_sdk/include//dynamixel_sdk/port_handler_mac.h
[2.220s] -- Up-to-date: /home/lemmy/robotis_ws/install/dynamixel_sdk/include//dynamixel_sdk/port_handler_linux.h
[2.223s] -- Up-to-date: /home/lemmy/robotis_ws/install/dynamixel_sdk/include//dynamixel_sdk/protocol1_packet_handler.h
[2.224s] -- Up-to-date: /home/lemmy/robotis_ws/install/dynamixel_sdk/include//dynamixel_sdk/port_handler_windows.h
[2.226s] -- Up-to-date: /home/lemmy/robotis_ws/install/dynamixel_sdk/include//dynamixel_sdk/group_bulk_read.h
[2.228s] -- Up-to-date: /home/lemmy/robotis_ws/install/dynamixel_sdk/include//dynamixel_sdk/group_sync_write.h
[2.229s] -- Up-to-date: /home/lemmy/robotis_ws/install/dynamixel_sdk/include//dynamixel_sdk/group_sync_read.h
[2.231s] -- Up-to-date: /home/lemmy/robotis_ws/install/dynamixel_sdk/include//dynamixel_sdk/packet_handler.h
[2.233s] -- Up-to-date: /home/lemmy/robotis_ws/install/dynamixel_sdk/include//dynamixel_sdk/group_bulk_write.h
[2.234s] -- Up-to-date: /home/lemmy/robotis_ws/install/dynamixel_sdk/include//dynamixel_sdk/port_handler_arduino.h
[2.240s] -- Up-to-date: /home/lemmy/robotis_ws/install/dynamixel_sdk/lib/libdynamixel_sdk.so
[2.242s] -- Up-to-date: /home/lemmy/robotis_ws/install/dynamixel_sdk/share/dynamixel_sdk/environment/library_path.sh
[2.243s] -- Up-to-date: /home/lemmy/robotis_ws/install/dynamixel_sdk/share/dynamixel_sdk/environment/library_path.dsv
[2.245s] -- Up-to-date: /home/lemmy/robotis_ws/install/dynamixel_sdk/share/ament_index/resource_index/package_run_dependencies/dynamixel_sdk
[2.246s] -- Up-to-date: /home/lemmy/robotis_ws/install/dynamixel_sdk/share/ament_index/resource_index/parent_prefix_path/dynamixel_sdk
[2.249s] -- Up-to-date: /home/lemmy/robotis_ws/install/dynamixel_sdk/share/dynamixel_sdk/environment/ament_prefix_path.sh
[2.251s] -- Up-to-date: /home/lemmy/robotis_ws/install/dynamixel_sdk/share/dynamixel_sdk/environment/ament_prefix_path.dsv
[2.252s] -- Up-to-date: /home/lemmy/robotis_ws/install/dynamixel_sdk/share/dynamixel_sdk/environment/path.sh
[2.253s] -- Up-to-date: /home/lemmy/robotis_ws/install/dynamixel_sdk/share/dynamixel_sdk/environment/path.dsv
[2.255s] -- Up-to-date: /home/lemmy/robotis_ws/install/dynamixel_sdk/share/dynamixel_sdk/local_setup.bash
[2.256s] -- Up-to-date: /home/lemmy/robotis_ws/install/dynamixel_sdk/share/dynamixel_sdk/local_setup.sh
[2.258s] -- Up-to-date: /home/lemmy/robotis_ws/install/dynamixel_sdk/share/dynamixel_sdk/local_setup.zsh
[2.260s] -- Up-to-date: /home/lemmy/robotis_ws/install/dynamixel_sdk/share/dynamixel_sdk/local_setup.dsv
[2.262s] -- Installing: /home/lemmy/robotis_ws/install/dynamixel_sdk/share/dynamixel_sdk/package.dsv
[2.263s] -- Up-to-date: /home/lemmy/robotis_ws/install/dynamixel_sdk/share/ament_index/resource_index/packages/dynamixel_sdk
[2.264s] -- Up-to-date: /home/lemmy/robotis_ws/install/dynamixel_sdk/share/dynamixel_sdk/cmake/ament_cmake_export_include_directories-extras.cmake
[2.266s] -- Up-to-date: /home/lemmy/robotis_ws/install/dynamixel_sdk/share/dynamixel_sdk/cmake/ament_cmake_export_libraries-extras.cmake
[2.268s] -- Up-to-date: /home/lemmy/robotis_ws/install/dynamixel_sdk/share/dynamixel_sdk/cmake/dynamixel_sdkConfig.cmake
[2.270s] -- Up-to-date: /home/lemmy/robotis_ws/install/dynamixel_sdk/share/dynamixel_sdk/cmake/dynamixel_sdkConfig-version.cmake
[2.273s] -- Up-to-date: /home/lemmy/robotis_ws/install/dynamixel_sdk/share/dynamixel_sdk/package.xml
[2.276s] Invoked command in '/home/lemmy/robotis_ws/build/dynamixel_sdk' returned '0': CMAKE_PREFIX_PATH=${CMAKE_PREFIX_PATH}:/home/lemmy/robotis_ws/install/wheels_control:/home/lemmy/ros2_ws/install/my_robot_controller:/opt/ros/humble /usr/bin/cmake --install /home/lemmy/robotis_ws/build/dynamixel_sdk
