[0.074s] Invoking command in '/home/lemmy/robotis_ws/build/dynamixel_sdk_examples': CMAKE_PREFIX_PATH=/home/lemmy/robotis_ws/install/dynamixel_sdk_custom_interfaces:/home/lemmy/robotis_ws/install/dynamixel_sdk:/home/lemmy/robotis_ws/install/joystick_listener:/home/lemmy/robotis_ws/install/dynamixel_sdk_examples:/home/lemmy/ros2_ws/install/pantilt_bot_description:/home/lemmy/ros2_ws/install/open_manipulator_x_description:/home/lemmy/ros2_ws/install/dynamixel_hardware:/home/lemmy/robotis_ws/install/wheels_control:/home/lemmy/ros2_ws/install/my_robot_controller:/opt/ros/humble LD_LIBRARY_PATH=/home/lemmy/robotis_ws/install/dynamixel_sdk_custom_interfaces/lib:/home/lemmy/robotis_ws/install/dynamixel_sdk/lib:/home/lemmy/robotis_ws/install/joystick_listener/lib:/home/lemmy/ros2_ws/install/dynamixel_hardware/lib:/opt/ros/humble/opt/rviz_ogre_vendor/lib:/opt/ros/humble/lib/aarch64-linux-gnu:/opt/ros/humble/lib PYTHONPATH=/home/lemmy/robotis_ws/install/dynamixel_sdk_custom_interfaces/lib/python3.10/site-packages:/home/lemmy/robotis_ws/install/wheels_control/lib/python3.10/site-packages:/home/lemmy/robotis_ws/install/joystick_listener/lib/python3.10/site-packages:/home/lemmy/ros2_ws/install/my_robot_controller/lib/python3.10/site-packages:/opt/ros/humble/lib/python3.10/site-packages:/opt/ros/humble/local/lib/python3.10/dist-packages /usr/bin/cmake --build /home/lemmy/robotis_ws/build/dynamixel_sdk_examples -- -j4 -l4
[0.282s] [35m[1mConsolidate compiler generated dependencies of target position_control_node[0m
[0.393s] [ 25%] [32mBuilding CXX object CMakeFiles/position_control_node.dir/src/position_control_node.cpp.o[0m
[0.395s] [ 50%] [32mBuilding CXX object CMakeFiles/velocity_control_node.dir/src/velocity_control_node.cpp.o[0m
[12.332s] [01m[K/home/lemmy/robotis_ws/src/DynamixelSDK/dynamixel_sdk_examples/src/position_control_node.cpp:[m[K In member function ‘[01m[Kvoid PositionControlNode::handle_position(dynamixel_sdk_custom_interfaces::msg::SetPosition_<std::allocator<void> >::SharedPtr)[m[K’:
[12.333s] [01m[K/home/lemmy/robotis_ws/src/DynamixelSDK/dynamixel_sdk_examples/src/position_control_node.cpp:155:30:[m[K [01;31m[Kerror: [m[Kcannot convert ‘[01m[Kdynamixel_sdk_custom_interfaces::msg::SetPosition_<std::allocator<void> >::_ids_type[m[K’ {aka ‘[01m[Kstd::vector<unsigned char>[m[K’} to ‘[01m[Kconst std::vector<int, std::allocator<int> >&[m[K’
[12.333s]   155 |     publishMovingStatus([01;31m[Kmsg->ids[m[K, moving_statuses);
[12.334s]       |                         [01;31m[K~~~~~^~~[m[K
[12.335s]       |                              [01;31m[K|[m[K
[12.335s]       |                              [01;31m[Kdynamixel_sdk_custom_interfaces::msg::SetPosition_<std::allocator<void> >::_ids_type {aka std::vector<unsigned char>}[m[K
[12.336s] In file included from [01m[K/home/lemmy/robotis_ws/src/DynamixelSDK/dynamixel_sdk_examples/src/position_control_node.cpp:13[m[K:
[12.336s] [01m[K/home/lemmy/robotis_ws/src/DynamixelSDK/dynamixel_sdk_examples/include/position_control_node.hpp:45:56:[m[K [01;36m[Knote: [m[K  initializing argument 1 of ‘[01m[Kvoid PositionControlNode::publishMovingStatus(const std::vector<int, std::allocator<int> >&, const std::vector<int, std::allocator<int> >&)[m[K’
[12.337s]    45 |   void publishMovingStatus([01;36m[Kconst std::vector<int32_t>& ids[m[K, const std::vector<int32_t>& moving_statuses);
[12.338s]       |                            [01;36m[K~~~~~~~~~~~~~~~~~~~~~~~~~~~~^~~[m[K
[12.338s] [01m[K/home/lemmy/robotis_ws/src/DynamixelSDK/dynamixel_sdk_examples/src/position_control_node.cpp:156:29:[m[K [01;31m[Kerror: [m[Kcannot convert ‘[01m[Kdynamixel_sdk_custom_interfaces::msg::SetPosition_<std::allocator<void> >::_ids_type[m[K’ {aka ‘[01m[Kstd::vector<unsigned char>[m[K’} to ‘[01m[Kconst std::vector<int, std::allocator<int> >&[m[K’
[12.339s]   156 |     publishPresentLoad([01;31m[Kmsg->ids[m[K, loads);
[12.339s]       |                        [01;31m[K~~~~~^~~[m[K
[12.340s]       |                             [01;31m[K|[m[K
[12.340s]       |                             [01;31m[Kdynamixel_sdk_custom_interfaces::msg::SetPosition_<std::allocator<void> >::_ids_type {aka std::vector<unsigned char>}[m[K
[12.341s] In file included from [01m[K/home/lemmy/robotis_ws/src/DynamixelSDK/dynamixel_sdk_examples/src/position_control_node.cpp:13[m[K:
[12.342s] [01m[K/home/lemmy/robotis_ws/src/DynamixelSDK/dynamixel_sdk_examples/include/position_control_node.hpp:46:55:[m[K [01;36m[Knote: [m[K  initializing argument 1 of ‘[01m[Kvoid PositionControlNode::publishPresentLoad(const std::vector<int, std::allocator<int> >&, const std::vector<int, std::allocator<int> >&)[m[K’
[12.342s]    46 |   void publishPresentLoad([01;36m[Kconst std::vector<int32_t>& ids[m[K, const std::vector<int32_t>& loads);
[12.343s]       |                           [01;36m[K~~~~~~~~~~~~~~~~~~~~~~~~~~~~^~~[m[K
[12.343s] [01m[K/home/lemmy/robotis_ws/src/DynamixelSDK/dynamixel_sdk_examples/src/position_control_node.cpp:[m[K At global scope:
[12.344s] [01m[K/home/lemmy/robotis_ws/src/DynamixelSDK/dynamixel_sdk_examples/src/position_control_node.cpp:159:6:[m[K [01;31m[Kerror: [m[Kno declaration matches ‘[01m[Kvoid PositionControlNode::publishMovingStatus(const std::vector<int, std::allocator<int> >&, const std::vector<unsigned char>&)[m[K’
[12.344s]   159 | void [01;31m[KPositionControlNode[m[K::publishMovingStatus(const std::vector<int32_t>& ids, const std::vector<uint8_t>& moving_statuses) {
[12.345s]       |      [01;31m[K^~~~~~~~~~~~~~~~~~~[m[K
[12.346s] In file included from [01m[K/home/lemmy/robotis_ws/src/DynamixelSDK/dynamixel_sdk_examples/src/position_control_node.cpp:13[m[K:
[12.347s] [01m[K/home/lemmy/robotis_ws/src/DynamixelSDK/dynamixel_sdk_examples/include/position_control_node.hpp:45:8:[m[K [01;36m[Knote: [m[Kcandidate is: ‘[01m[Kvoid PositionControlNode::publishMovingStatus(const std::vector<int, std::allocator<int> >&, const std::vector<int, std::allocator<int> >&)[m[K’
[12.347s]    45 |   void [01;36m[KpublishMovingStatus[m[K(const std::vector<int32_t>& ids, const std::vector<int32_t>& moving_statuses);
[12.348s]       |        [01;36m[K^~~~~~~~~~~~~~~~~~~[m[K
[12.348s] [01m[K/home/lemmy/robotis_ws/src/DynamixelSDK/dynamixel_sdk_examples/include/position_control_node.hpp:32:7:[m[K [01;36m[Knote: [m[K‘[01m[Kclass PositionControlNode[m[K’ defined here
[12.349s]    32 | class [01;36m[KPositionControlNode[m[K : public rclcpp::Node
[12.350s]       |       [01;36m[K^~~~~~~~~~~~~~~~~~~[m[K
[23.060s] gmake[2]: *** [CMakeFiles/position_control_node.dir/build.make:76: CMakeFiles/position_control_node.dir/src/position_control_node.cpp.o] Error 1
[23.061s] gmake[1]: *** [CMakeFiles/Makefile2:165: CMakeFiles/position_control_node.dir/all] Error 2
[23.061s] gmake[1]: *** Waiting for unfinished jobs....
[37.561s] [ 75%] [32m[1mLinking CXX executable velocity_control_node[0m
[39.401s] [ 75%] Built target velocity_control_node
[39.405s] gmake: *** [Makefile:146: all] Error 2
[39.410s] Invoked command in '/home/lemmy/robotis_ws/build/dynamixel_sdk_examples' returned '2': CMAKE_PREFIX_PATH=/home/lemmy/robotis_ws/install/dynamixel_sdk_custom_interfaces:/home/lemmy/robotis_ws/install/dynamixel_sdk:/home/lemmy/robotis_ws/install/joystick_listener:/home/lemmy/robotis_ws/install/dynamixel_sdk_examples:/home/lemmy/ros2_ws/install/pantilt_bot_description:/home/lemmy/ros2_ws/install/open_manipulator_x_description:/home/lemmy/ros2_ws/install/dynamixel_hardware:/home/lemmy/robotis_ws/install/wheels_control:/home/lemmy/ros2_ws/install/my_robot_controller:/opt/ros/humble LD_LIBRARY_PATH=/home/lemmy/robotis_ws/install/dynamixel_sdk_custom_interfaces/lib:/home/lemmy/robotis_ws/install/dynamixel_sdk/lib:/home/lemmy/robotis_ws/install/joystick_listener/lib:/home/lemmy/ros2_ws/install/dynamixel_hardware/lib:/opt/ros/humble/opt/rviz_ogre_vendor/lib:/opt/ros/humble/lib/aarch64-linux-gnu:/opt/ros/humble/lib PYTHONPATH=/home/lemmy/robotis_ws/install/dynamixel_sdk_custom_interfaces/lib/python3.10/site-packages:/home/lemmy/robotis_ws/install/wheels_control/lib/python3.10/site-packages:/home/lemmy/robotis_ws/install/joystick_listener/lib/python3.10/site-packages:/home/lemmy/ros2_ws/install/my_robot_controller/lib/python3.10/site-packages:/opt/ros/humble/lib/python3.10/site-packages:/opt/ros/humble/local/lib/python3.10/dist-packages /usr/bin/cmake --build /home/lemmy/robotis_ws/build/dynamixel_sdk_examples -- -j4 -l4
