[3.826s] Invoking command in '/home/lemmy/robotis_ws/src/wheels_control': PYTHONPATH=/home/lemmy/robotis_ws/build/wheels_control/prefix_override:/home/lemmy/robotis_ws/install/wheels_control/lib/python3.10/site-packages:${PYTHONPATH} /usr/bin/python3 -W ignore:setup.py install is deprecated setup.py egg_info --egg-base ../../build/wheels_control build --build-base /home/lemmy/robotis_ws/build/wheels_control/build install --record /home/lemmy/robotis_ws/build/wheels_control/install.log --single-version-externally-managed install_data
[5.154s] running egg_info
[5.158s] writing ../../build/wheels_control/wheels_control.egg-info/PKG-INFO
[5.160s] writing dependency_links to ../../build/wheels_control/wheels_control.egg-info/dependency_links.txt
[5.161s] writing entry points to ../../build/wheels_control/wheels_control.egg-info/entry_points.txt
[5.162s] writing requirements to ../../build/wheels_control/wheels_control.egg-info/requires.txt
[5.163s] writing top-level names to ../../build/wheels_control/wheels_control.egg-info/top_level.txt
[5.173s] reading manifest file '../../build/wheels_control/wheels_control.egg-info/SOURCES.txt'
[5.175s] adding license file 'LICENSE'
[5.179s] writing manifest file '../../build/wheels_control/wheels_control.egg-info/SOURCES.txt'
[5.179s] running build
[5.180s] running build_py
[5.181s] copying wheels_control/predefined_path.py -> /home/lemmy/robotis_ws/build/wheels_control/build/lib/wheels_control
[5.183s] running install
[5.185s] running install_lib
[5.191s] copying /home/lemmy/robotis_ws/build/wheels_control/build/lib/wheels_control/predefined_path.py -> /home/lemmy/robotis_ws/install/wheels_control/lib/python3.10/site-packages/wheels_control
[5.195s] byte-compiling /home/lemmy/robotis_ws/install/wheels_control/lib/python3.10/site-packages/wheels_control/predefined_path.py to predefined_path.cpython-310.pyc
[5.201s] running install_data
[5.202s] running install_egg_info
[5.211s] removing '/home/lemmy/robotis_ws/install/wheels_control/lib/python3.10/site-packages/wheels_control-0.0.0-py3.10.egg-info' (and everything under it)
[5.213s] Copying ../../build/wheels_control/wheels_control.egg-info to /home/lemmy/robotis_ws/install/wheels_control/lib/python3.10/site-packages/wheels_control-0.0.0-py3.10.egg-info
[5.221s] running install_scripts
[5.333s] Installing predefined_path script to /home/lemmy/robotis_ws/install/wheels_control/lib/wheels_control
[5.335s] Installing wheels_control script to /home/lemmy/robotis_ws/install/wheels_control/lib/wheels_control
[5.337s] writing list of installed files to '/home/lemmy/robotis_ws/build/wheels_control/install.log'
[5.525s] Invoked command in '/home/lemmy/robotis_ws/src/wheels_control' returned '0': PYTHONPATH=/home/lemmy/robotis_ws/build/wheels_control/prefix_override:/home/lemmy/robotis_ws/install/wheels_control/lib/python3.10/site-packages:${PYTHONPATH} /usr/bin/python3 -W ignore:setup.py install is deprecated setup.py egg_info --egg-base ../../build/wheels_control build --build-base /home/lemmy/robotis_ws/build/wheels_control/build install --record /home/lemmy/robotis_ws/build/wheels_control/install.log --single-version-externally-managed install_data
