[6.041s] Invoking command in '/home/lemmy/robotis_ws/src/wheels_control': PYTHONPATH=/home/lemmy/robotis_ws/build/wheels_control/prefix_override:/home/lemmy/robotis_ws/install/wheels_control/lib/python3.10/site-packages:${PYTHONPATH} /usr/bin/python3 -W ignore:setup.py install is deprecated setup.py egg_info --egg-base ../../build/wheels_control build --build-base /home/lemmy/robotis_ws/build/wheels_control/build install --record /home/lemmy/robotis_ws/build/wheels_control/install.log --single-version-externally-managed install_data
[8.496s] running egg_info
[8.500s] writing ../../build/wheels_control/wheels_control.egg-info/PKG-INFO
[8.502s] writing dependency_links to ../../build/wheels_control/wheels_control.egg-info/dependency_links.txt
[8.505s] writing entry points to ../../build/wheels_control/wheels_control.egg-info/entry_points.txt
[8.509s] writing requirements to ../../build/wheels_control/wheels_control.egg-info/requires.txt
[8.518s] writing top-level names to ../../build/wheels_control/wheels_control.egg-info/top_level.txt
[8.534s] reading manifest file '../../build/wheels_control/wheels_control.egg-info/SOURCES.txt'
[8.535s] adding license file 'LICENSE'
[8.536s] writing manifest file '../../build/wheels_control/wheels_control.egg-info/SOURCES.txt'
[8.537s] running build
[8.537s] running build_py
[8.554s] copying wheels_control/wheels_control.py -> /home/lemmy/robotis_ws/build/wheels_control/build/lib/wheels_control
[8.555s] running install
[8.558s] running install_lib
[8.559s] copying /home/lemmy/robotis_ws/build/wheels_control/build/lib/wheels_control/wheels_control.py -> /home/lemmy/robotis_ws/install/wheels_control/lib/python3.10/site-packages/wheels_control
[8.560s] byte-compiling /home/lemmy/robotis_ws/install/wheels_control/lib/python3.10/site-packages/wheels_control/wheels_control.py to wheels_control.cpython-310.pyc
[8.561s] running install_data
[8.561s] running install_egg_info
[8.569s] removing '/home/lemmy/robotis_ws/install/wheels_control/lib/python3.10/site-packages/wheels_control-0.0.0-py3.10.egg-info' (and everything under it)
[8.575s] Copying ../../build/wheels_control/wheels_control.egg-info to /home/lemmy/robotis_ws/install/wheels_control/lib/python3.10/site-packages/wheels_control-0.0.0-py3.10.egg-info
[8.583s] running install_scripts
[8.725s] Installing wheels_control script to /home/lemmy/robotis_ws/install/wheels_control/lib/wheels_control
[8.728s] writing list of installed files to '/home/lemmy/robotis_ws/build/wheels_control/install.log'
[9.043s] Invoked command in '/home/lemmy/robotis_ws/src/wheels_control' returned '0': PYTHONPATH=/home/lemmy/robotis_ws/build/wheels_control/prefix_override:/home/lemmy/robotis_ws/install/wheels_control/lib/python3.10/site-packages:${PYTHONPATH} /usr/bin/python3 -W ignore:setup.py install is deprecated setup.py egg_info --egg-base ../../build/wheels_control build --build-base /home/lemmy/robotis_ws/build/wheels_control/build install --record /home/lemmy/robotis_ws/build/wheels_control/install.log --single-version-externally-managed install_data
