[4.340s] Invoking command in '/home/lemmy/robotis_ws/src/wheels_control': PYTHONPATH=/home/lemmy/robotis_ws/build/wheels_control/prefix_override:/home/lemmy/robotis_ws/install/wheels_control/lib/python3.10/site-packages:${PYTHONPATH} /usr/bin/python3 -W ignore:setup.py install is deprecated setup.py egg_info --egg-base ../../build/wheels_control build --build-base /home/lemmy/robotis_ws/build/wheels_control/build install --record /home/lemmy/robotis_ws/build/wheels_control/install.log --single-version-externally-managed install_data
[5.945s] running egg_info
[5.949s] writing ../../build/wheels_control/wheels_control.egg-info/PKG-INFO
[5.951s] writing dependency_links to ../../build/wheels_control/wheels_control.egg-info/dependency_links.txt
[5.953s] writing entry points to ../../build/wheels_control/wheels_control.egg-info/entry_points.txt
[5.956s] writing requirements to ../../build/wheels_control/wheels_control.egg-info/requires.txt
[5.958s] writing top-level names to ../../build/wheels_control/wheels_control.egg-info/top_level.txt
[5.986s] reading manifest file '../../build/wheels_control/wheels_control.egg-info/SOURCES.txt'
[5.987s] adding license file 'LICENSE'
[5.988s] writing manifest file '../../build/wheels_control/wheels_control.egg-info/SOURCES.txt'
[5.988s] running build
[5.990s] running build_py
[5.992s] copying wheels_control/predefined_path.py -> /home/lemmy/robotis_ws/build/wheels_control/build/lib/wheels_control
[5.992s] running install
[5.999s] running install_lib
[6.006s] copying /home/lemmy/robotis_ws/build/wheels_control/build/lib/wheels_control/predefined_path.py -> /home/lemmy/robotis_ws/install/wheels_control/lib/python3.10/site-packages/wheels_control
[6.016s] byte-compiling /home/lemmy/robotis_ws/install/wheels_control/lib/python3.10/site-packages/wheels_control/predefined_path.py to predefined_path.cpython-310.pyc
[6.018s] running install_data
[6.020s] error: can't copy 'launch/predefined_path.launch.py': doesn't exist or not a regular file
[6.170s] Invoked command in '/home/lemmy/robotis_ws/src/wheels_control' returned '1': PYTHONPATH=/home/lemmy/robotis_ws/build/wheels_control/prefix_override:/home/lemmy/robotis_ws/install/wheels_control/lib/python3.10/site-packages:${PYTHONPATH} /usr/bin/python3 -W ignore:setup.py install is deprecated setup.py egg_info --egg-base ../../build/wheels_control build --build-base /home/lemmy/robotis_ws/build/wheels_control/build install --record /home/lemmy/robotis_ws/build/wheels_control/install.log --single-version-externally-managed install_data
