[8.739s] Invoking command in '/home/lemmy/robotis_ws/src/wheels_control': PS1=(venv) \[\e]0;\u@\h: \w\a\]${debian_chroot:+($debian_chroot)}\[\033[01;32m\]\u@\h\[\033[00m\]:\[\033[01;34m\]\w\[\033[00m\]\$ PYTHONPATH=/home/lemmy/robotis_ws/build/wheels_control/prefix_override:/home/lemmy/robotis_ws/install/wheels_control/lib/python3.10/site-packages:${PYTHONPATH} /usr/bin/python3 -W ignore:setup.py install is deprecated setup.py egg_info --egg-base ../../build/wheels_control build --build-base /home/lemmy/robotis_ws/build/wheels_control/build install --record /home/lemmy/robotis_ws/build/wheels_control/install.log --single-version-externally-managed install_data
[11.146s] running egg_info
[11.147s] writing ../../build/wheels_control/wheels_control.egg-info/PKG-INFO
[11.148s] writing dependency_links to ../../build/wheels_control/wheels_control.egg-info/dependency_links.txt
[11.150s] writing entry points to ../../build/wheels_control/wheels_control.egg-info/entry_points.txt
[11.151s] writing requirements to ../../build/wheels_control/wheels_control.egg-info/requires.txt
[11.157s] writing top-level names to ../../build/wheels_control/wheels_control.egg-info/top_level.txt
[11.170s] reading manifest file '../../build/wheels_control/wheels_control.egg-info/SOURCES.txt'
[11.174s] adding license file 'LICENSE'
[11.186s] writing manifest file '../../build/wheels_control/wheels_control.egg-info/SOURCES.txt'
[11.187s] running build
[11.188s] running build_py
[11.189s] running install
[11.191s] running install_lib
[11.205s] running install_data
[11.207s] running install_egg_info
[11.241s] removing '/home/lemmy/robotis_ws/install/wheels_control/lib/python3.10/site-packages/wheels_control-0.0.0-py3.10.egg-info' (and everything under it)
[11.242s] Copying ../../build/wheels_control/wheels_control.egg-info to /home/lemmy/robotis_ws/install/wheels_control/lib/python3.10/site-packages/wheels_control-0.0.0-py3.10.egg-info
[11.244s] running install_scripts
[11.384s] Installing wheels_control script to /home/lemmy/robotis_ws/install/wheels_control/lib/wheels_control
[11.387s] writing list of installed files to '/home/lemmy/robotis_ws/build/wheels_control/install.log'
[11.579s] Invoked command in '/home/lemmy/robotis_ws/src/wheels_control' returned '0': PS1=(venv) \[\e]0;\u@\h: \w\a\]${debian_chroot:+($debian_chroot)}\[\033[01;32m\]\u@\h\[\033[00m\]:\[\033[01;34m\]\w\[\033[00m\]\$ PYTHONPATH=/home/lemmy/robotis_ws/build/wheels_control/prefix_override:/home/lemmy/robotis_ws/install/wheels_control/lib/python3.10/site-packages:${PYTHONPATH} /usr/bin/python3 -W ignore:setup.py install is deprecated setup.py egg_info --egg-base ../../build/wheels_control build --build-base /home/lemmy/robotis_ws/build/wheels_control/build install --record /home/lemmy/robotis_ws/build/wheels_control/install.log --single-version-externally-managed install_data
