[19.570s] Invoking command in '/home/lemmy/robotis_ws/src/wheels_control': PYTHONPATH=/home/lemmy/robotis_ws/build/wheels_control/prefix_override:/home/lemmy/robotis_ws/install/wheels_control/lib/python3.10/site-packages:${PYTHONPATH} /usr/bin/python3 -W ignore:setup.py install is deprecated setup.py egg_info --egg-base ../../build/wheels_control build --build-base /home/lemmy/robotis_ws/build/wheels_control/build install --record /home/lemmy/robotis_ws/build/wheels_control/install.log --single-version-externally-managed install_data
[28.539s] running egg_info
[28.540s] writing ../../build/wheels_control/wheels_control.egg-info/PKG-INFO
[28.545s] writing dependency_links to ../../build/wheels_control/wheels_control.egg-info/dependency_links.txt
[28.551s] writing entry points to ../../build/wheels_control/wheels_control.egg-info/entry_points.txt
[28.553s] writing requirements to ../../build/wheels_control/wheels_control.egg-info/requires.txt
[28.554s] writing top-level names to ../../build/wheels_control/wheels_control.egg-info/top_level.txt
[28.565s] reading manifest file '../../build/wheels_control/wheels_control.egg-info/SOURCES.txt'
[28.568s] adding license file 'LICENSE'
[28.576s] writing manifest file '../../build/wheels_control/wheels_control.egg-info/SOURCES.txt'
[28.577s] running build
[28.579s] running build_py
[28.580s] running install
[28.583s] running install_lib
[28.604s] running install_data
[28.607s] running install_egg_info
[28.660s] removing '/home/lemmy/robotis_ws/install/wheels_control/lib/python3.10/site-packages/wheels_control-0.0.0-py3.10.egg-info' (and everything under it)
[28.663s] Copying ../../build/wheels_control/wheels_control.egg-info to /home/lemmy/robotis_ws/install/wheels_control/lib/python3.10/site-packages/wheels_control-0.0.0-py3.10.egg-info
[28.694s] running install_scripts
[29.127s] Installing wheels_control script to /home/lemmy/robotis_ws/install/wheels_control/lib/wheels_control
[29.130s] writing list of installed files to '/home/lemmy/robotis_ws/build/wheels_control/install.log'
[29.602s] Invoked command in '/home/lemmy/robotis_ws/src/wheels_control' returned '0': PYTHONPATH=/home/lemmy/robotis_ws/build/wheels_control/prefix_override:/home/lemmy/robotis_ws/install/wheels_control/lib/python3.10/site-packages:${PYTHONPATH} /usr/bin/python3 -W ignore:setup.py install is deprecated setup.py egg_info --egg-base ../../build/wheels_control build --build-base /home/lemmy/robotis_ws/build/wheels_control/build install --record /home/lemmy/robotis_ws/build/wheels_control/install.log --single-version-externally-managed install_data
