[0.102s] Invoking command in '/home/lemmy/robotis_ws/build/joystick_listener': CMAKE_PREFIX_PATH=/home/lemmy/robotis_ws/install/dynamixel_sdk_custom_interfaces:/home/lemmy/robotis_ws/install/joystick_listener:/home/lemmy/robotis_ws/install/dynamixel_sdk_examples:/home/lemmy/robotis_ws/install/dynamixel_sdk:/home/lemmy/ros2_ws/install/pantilt_bot_description:/home/lemmy/ros2_ws/install/open_manipulator_x_description:/home/lemmy/ros2_ws/install/dynamixel_hardware:/home/lemmy/robotis_ws/install/wheels_control:/home/lemmy/ros2_ws/install/my_robot_controller:/opt/ros/humble LD_LIBRARY_PATH=/home/lemmy/robotis_ws/install/dynamixel_sdk_custom_interfaces/lib:/home/lemmy/robotis_ws/install/joystick_listener/lib:/home/lemmy/robotis_ws/install/dynamixel_sdk/lib:/home/lemmy/ros2_ws/install/dynamixel_hardware/lib:/opt/ros/humble/opt/rviz_ogre_vendor/lib:/opt/ros/humble/lib/aarch64-linux-gnu:/opt/ros/humble/lib PYTHONPATH=/home/lemmy/robotis_ws/install/dynamixel_sdk_custom_interfaces/lib/python3.10/site-packages:/home/lemmy/robotis_ws/install/wheels_control/lib/python3.10/site-packages:/home/lemmy/robotis_ws/install/joystick_listener/lib/python3.10/site-packages:/home/lemmy/ros2_ws/install/my_robot_controller/lib/python3.10/site-packages:/opt/ros/humble/lib/python3.10/site-packages:/opt/ros/humble/local/lib/python3.10/dist-packages /usr/bin/cmake --build /home/lemmy/robotis_ws/build/joystick_listener -- -j4 -l4
[0.474s] [  3%] Built target joystick_listener__cpp
[0.537s] [  3%] Built target ament_cmake_python_copy_joystick_listener
[0.548s] [ 12%] Built target joystick_listener__rosidl_generator_c
[0.697s] [ 22%] Built target joystick_listener__rosidl_typesupport_fastrtps_cpp
[0.757s] [ 32%] Built target joystick_listener__rosidl_typesupport_introspection_cpp
[0.767s] [ 41%] Built target joystick_listener__rosidl_typesupport_cpp
[0.949s] [ 51%] Built target joystick_listener__rosidl_typesupport_fastrtps_c
[0.974s] [ 61%] Built target joystick_listener__rosidl_typesupport_introspection_c
[0.996s] [ 70%] Built target joystick_listener__rosidl_typesupport_c
[1.129s] [ 70%] Built target joystick_listener
[1.261s] [ 74%] Built target joystick_listener__py
[1.407s] [ 80%] Built target joystick_listener__rosidl_generator_py
[1.605s] [ 87%] Built target joystick_listener__rosidl_typesupport_fastrtps_c__pyext
[1.677s] [ 93%] Built target joystick_listener__rosidl_typesupport_c__pyext
[1.700s] [100%] Built target joystick_listener__rosidl_typesupport_introspection_c__pyext
[1.881s] running egg_info
[1.949s] writing joystick_listener.egg-info/PKG-INFO
[1.953s] writing dependency_links to joystick_listener.egg-info/dependency_links.txt
[1.955s] writing top-level names to joystick_listener.egg-info/top_level.txt
[2.186s] reading manifest file 'joystick_listener.egg-info/SOURCES.txt'
[2.192s] writing manifest file 'joystick_listener.egg-info/SOURCES.txt'
[2.362s] [100%] Built target ament_cmake_python_build_joystick_listener_egg
[2.413s] Invoked command in '/home/lemmy/robotis_ws/build/joystick_listener' returned '0': CMAKE_PREFIX_PATH=/home/lemmy/robotis_ws/install/dynamixel_sdk_custom_interfaces:/home/lemmy/robotis_ws/install/joystick_listener:/home/lemmy/robotis_ws/install/dynamixel_sdk_examples:/home/lemmy/robotis_ws/install/dynamixel_sdk:/home/lemmy/ros2_ws/install/pantilt_bot_description:/home/lemmy/ros2_ws/install/open_manipulator_x_description:/home/lemmy/ros2_ws/install/dynamixel_hardware:/home/lemmy/robotis_ws/install/wheels_control:/home/lemmy/ros2_ws/install/my_robot_controller:/opt/ros/humble LD_LIBRARY_PATH=/home/lemmy/robotis_ws/install/dynamixel_sdk_custom_interfaces/lib:/home/lemmy/robotis_ws/install/joystick_listener/lib:/home/lemmy/robotis_ws/install/dynamixel_sdk/lib:/home/lemmy/ros2_ws/install/dynamixel_hardware/lib:/opt/ros/humble/opt/rviz_ogre_vendor/lib:/opt/ros/humble/lib/aarch64-linux-gnu:/opt/ros/humble/lib PYTHONPATH=/home/lemmy/robotis_ws/install/dynamixel_sdk_custom_interfaces/lib/python3.10/site-packages:/home/lemmy/robotis_ws/install/wheels_control/lib/python3.10/site-packages:/home/lemmy/robotis_ws/install/joystick_listener/lib/python3.10/site-packages:/home/lemmy/ros2_ws/install/my_robot_controller/lib/python3.10/site-packages:/opt/ros/humble/lib/python3.10/site-packages:/opt/ros/humble/local/lib/python3.10/dist-packages /usr/bin/cmake --build /home/lemmy/robotis_ws/build/joystick_listener -- -j4 -l4
[2.900s] Invoking command in '/home/lemmy/robotis_ws/build/joystick_listener': CMAKE_PREFIX_PATH=/home/lemmy/robotis_ws/install/dynamixel_sdk_custom_interfaces:/home/lemmy/robotis_ws/install/joystick_listener:/home/lemmy/robotis_ws/install/dynamixel_sdk_examples:/home/lemmy/robotis_ws/install/dynamixel_sdk:/home/lemmy/ros2_ws/install/pantilt_bot_description:/home/lemmy/ros2_ws/install/open_manipulator_x_description:/home/lemmy/ros2_ws/install/dynamixel_hardware:/home/lemmy/robotis_ws/install/wheels_control:/home/lemmy/ros2_ws/install/my_robot_controller:/opt/ros/humble LD_LIBRARY_PATH=/home/lemmy/robotis_ws/install/dynamixel_sdk_custom_interfaces/lib:/home/lemmy/robotis_ws/install/joystick_listener/lib:/home/lemmy/robotis_ws/install/dynamixel_sdk/lib:/home/lemmy/ros2_ws/install/dynamixel_hardware/lib:/opt/ros/humble/opt/rviz_ogre_vendor/lib:/opt/ros/humble/lib/aarch64-linux-gnu:/opt/ros/humble/lib PYTHONPATH=/home/lemmy/robotis_ws/install/dynamixel_sdk_custom_interfaces/lib/python3.10/site-packages:/home/lemmy/robotis_ws/install/wheels_control/lib/python3.10/site-packages:/home/lemmy/robotis_ws/install/joystick_listener/lib/python3.10/site-packages:/home/lemmy/ros2_ws/install/my_robot_controller/lib/python3.10/site-packages:/opt/ros/humble/lib/python3.10/site-packages:/opt/ros/humble/local/lib/python3.10/dist-packages /usr/bin/cmake --install /home/lemmy/robotis_ws/build/joystick_listener
[2.938s] -- Install configuration: ""
[2.939s] -- Up-to-date: /home/lemmy/robotis_ws/install/joystick_listener/share/ament_index/resource_index/rosidl_interfaces/joystick_listener
[2.939s] -- Up-to-date: /home/lemmy/robotis_ws/install/joystick_listener/include/joystick_listener/joystick_listener
[2.940s] -- Up-to-date: /home/lemmy/robotis_ws/install/joystick_listener/include/joystick_listener/joystick_listener/msg
[2.940s] -- Up-to-date: /home/lemmy/robotis_ws/install/joystick_listener/include/joystick_listener/joystick_listener/msg/joystick_command.h
[2.941s] -- Up-to-date: /home/lemmy/robotis_ws/install/joystick_listener/include/joystick_listener/joystick_listener/msg/detail
[2.941s] -- Up-to-date: /home/lemmy/robotis_ws/install/joystick_listener/include/joystick_listener/joystick_listener/msg/detail/joystick_command__type_support.h
[2.942s] -- Up-to-date: /home/lemmy/robotis_ws/install/joystick_listener/include/joystick_listener/joystick_listener/msg/detail/joystick_command__functions.h
[2.942s] -- Up-to-date: /home/lemmy/robotis_ws/install/joystick_listener/include/joystick_listener/joystick_listener/msg/detail/joystick_command__functions.c
[2.943s] -- Up-to-date: /home/lemmy/robotis_ws/install/joystick_listener/include/joystick_listener/joystick_listener/msg/detail/joystick_command__struct.h
[2.943s] -- Up-to-date: /home/lemmy/robotis_ws/install/joystick_listener/include/joystick_listener/joystick_listener/msg/rosidl_generator_c__visibility_control.h
[2.944s] -- Up-to-date: /home/lemmy/robotis_ws/install/joystick_listener/share/joystick_listener/environment/library_path.sh
[2.944s] -- Up-to-date: /home/lemmy/robotis_ws/install/joystick_listener/share/joystick_listener/environment/library_path.dsv
[2.945s] -- Up-to-date: /home/lemmy/robotis_ws/install/joystick_listener/lib/libjoystick_listener__rosidl_generator_c.so
[2.946s] -- Up-to-date: /home/lemmy/robotis_ws/install/joystick_listener/include/joystick_listener/joystick_listener
[2.947s] -- Up-to-date: /home/lemmy/robotis_ws/install/joystick_listener/include/joystick_listener/joystick_listener/msg
[2.948s] -- Up-to-date: /home/lemmy/robotis_ws/install/joystick_listener/include/joystick_listener/joystick_listener/msg/rosidl_typesupport_fastrtps_c__visibility_control.h
[2.949s] -- Up-to-date: /home/lemmy/robotis_ws/install/joystick_listener/include/joystick_listener/joystick_listener/msg/detail
[2.949s] -- Up-to-date: /home/lemmy/robotis_ws/install/joystick_listener/include/joystick_listener/joystick_listener/msg/detail/joystick_command__rosidl_typesupport_fastrtps_c.h
[2.950s] -- Up-to-date: /home/lemmy/robotis_ws/install/joystick_listener/lib/libjoystick_listener__rosidl_typesupport_fastrtps_c.so
[2.952s] -- Up-to-date: /home/lemmy/robotis_ws/install/joystick_listener/include/joystick_listener/joystick_listener
[2.952s] -- Up-to-date: /home/lemmy/robotis_ws/install/joystick_listener/include/joystick_listener/joystick_listener/msg
[2.953s] -- Up-to-date: /home/lemmy/robotis_ws/install/joystick_listener/include/joystick_listener/joystick_listener/msg/joystick_command.hpp
[2.953s] -- Up-to-date: /home/lemmy/robotis_ws/install/joystick_listener/include/joystick_listener/joystick_listener/msg/detail
[2.954s] -- Up-to-date: /home/lemmy/robotis_ws/install/joystick_listener/include/joystick_listener/joystick_listener/msg/detail/joystick_command__builder.hpp
[2.955s] -- Up-to-date: /home/lemmy/robotis_ws/install/joystick_listener/include/joystick_listener/joystick_listener/msg/detail/joystick_command__traits.hpp
[2.956s] -- Up-to-date: /home/lemmy/robotis_ws/install/joystick_listener/include/joystick_listener/joystick_listener/msg/detail/joystick_command__struct.hpp
[2.956s] -- Up-to-date: /home/lemmy/robotis_ws/install/joystick_listener/include/joystick_listener/joystick_listener
[2.956s] -- Up-to-date: /home/lemmy/robotis_ws/install/joystick_listener/include/joystick_listener/joystick_listener/msg
[2.957s] -- Up-to-date: /home/lemmy/robotis_ws/install/joystick_listener/include/joystick_listener/joystick_listener/msg/rosidl_typesupport_fastrtps_cpp__visibility_control.h
[2.957s] -- Up-to-date: /home/lemmy/robotis_ws/install/joystick_listener/include/joystick_listener/joystick_listener/msg/detail
[2.957s] -- Up-to-date: /home/lemmy/robotis_ws/install/joystick_listener/include/joystick_listener/joystick_listener/msg/detail/dds_fastrtps
[2.958s] -- Up-to-date: /home/lemmy/robotis_ws/install/joystick_listener/include/joystick_listener/joystick_listener/msg/detail/joystick_command__rosidl_typesupport_fastrtps_cpp.hpp
[2.958s] -- Up-to-date: /home/lemmy/robotis_ws/install/joystick_listener/lib/libjoystick_listener__rosidl_typesupport_fastrtps_cpp.so
[2.960s] -- Up-to-date: /home/lemmy/robotis_ws/install/joystick_listener/include/joystick_listener/joystick_listener
[2.962s] -- Up-to-date: /home/lemmy/robotis_ws/install/joystick_listener/include/joystick_listener/joystick_listener/msg
[2.962s] -- Up-to-date: /home/lemmy/robotis_ws/install/joystick_listener/include/joystick_listener/joystick_listener/msg/detail
[2.962s] -- Up-to-date: /home/lemmy/robotis_ws/install/joystick_listener/include/joystick_listener/joystick_listener/msg/detail/joystick_command__type_support.c
[2.963s] -- Up-to-date: /home/lemmy/robotis_ws/install/joystick_listener/include/joystick_listener/joystick_listener/msg/detail/joystick_command__rosidl_typesupport_introspection_c.h
[2.963s] -- Up-to-date: /home/lemmy/robotis_ws/install/joystick_listener/include/joystick_listener/joystick_listener/msg/rosidl_typesupport_introspection_c__visibility_control.h
[2.964s] -- Up-to-date: /home/lemmy/robotis_ws/install/joystick_listener/lib/libjoystick_listener__rosidl_typesupport_introspection_c.so
[2.966s] -- Up-to-date: /home/lemmy/robotis_ws/install/joystick_listener/lib/libjoystick_listener__rosidl_typesupport_c.so
[2.967s] -- Up-to-date: /home/lemmy/robotis_ws/install/joystick_listener/include/joystick_listener/joystick_listener
[2.968s] -- Up-to-date: /home/lemmy/robotis_ws/install/joystick_listener/include/joystick_listener/joystick_listener/msg
[2.968s] -- Up-to-date: /home/lemmy/robotis_ws/install/joystick_listener/include/joystick_listener/joystick_listener/msg/detail
[2.969s] -- Up-to-date: /home/lemmy/robotis_ws/install/joystick_listener/include/joystick_listener/joystick_listener/msg/detail/joystick_command__type_support.cpp
[2.969s] -- Up-to-date: /home/lemmy/robotis_ws/install/joystick_listener/include/joystick_listener/joystick_listener/msg/detail/joystick_command__rosidl_typesupport_introspection_cpp.hpp
[2.971s] -- Up-to-date: /home/lemmy/robotis_ws/install/joystick_listener/lib/libjoystick_listener__rosidl_typesupport_introspection_cpp.so
[2.973s] -- Up-to-date: /home/lemmy/robotis_ws/install/joystick_listener/lib/libjoystick_listener__rosidl_typesupport_cpp.so
[2.975s] -- Up-to-date: /home/lemmy/robotis_ws/install/joystick_listener/share/joystick_listener/environment/pythonpath.sh
[2.975s] -- Up-to-date: /home/lemmy/robotis_ws/install/joystick_listener/share/joystick_listener/environment/pythonpath.dsv
[2.976s] -- Up-to-date: /home/lemmy/robotis_ws/install/joystick_listener/lib/python3.10/site-packages/joystick_listener-0.0.0-py3.10.egg-info
[2.976s] -- Installing: /home/lemmy/robotis_ws/install/joystick_listener/lib/python3.10/site-packages/joystick_listener-0.0.0-py3.10.egg-info/SOURCES.txt
[2.977s] -- Installing: /home/lemmy/robotis_ws/install/joystick_listener/lib/python3.10/site-packages/joystick_listener-0.0.0-py3.10.egg-info/dependency_links.txt
[2.979s] -- Installing: /home/lemmy/robotis_ws/install/joystick_listener/lib/python3.10/site-packages/joystick_listener-0.0.0-py3.10.egg-info/PKG-INFO
[2.980s] -- Installing: /home/lemmy/robotis_ws/install/joystick_listener/lib/python3.10/site-packages/joystick_listener-0.0.0-py3.10.egg-info/top_level.txt
[2.982s] -- Up-to-date: /home/lemmy/robotis_ws/install/joystick_listener/lib/python3.10/site-packages/joystick_listener
[2.983s] -- Up-to-date: /home/lemmy/robotis_ws/install/joystick_listener/lib/python3.10/site-packages/joystick_listener/__init__.py
[2.983s] -- Up-to-date: /home/lemmy/robotis_ws/install/joystick_listener/lib/python3.10/site-packages/joystick_listener/libjoystick_listener__rosidl_generator_py.so
[2.983s] -- Up-to-date: /home/lemmy/robotis_ws/install/joystick_listener/lib/python3.10/site-packages/joystick_listener/joystick_listener_s__rosidl_typesupport_c.cpython-310-aarch64-linux-gnu.so
[2.984s] -- Up-to-date: /home/lemmy/robotis_ws/install/joystick_listener/lib/python3.10/site-packages/joystick_listener/_joystick_listener_s.ep.rosidl_typesupport_c.c
[2.984s] -- Up-to-date: /home/lemmy/robotis_ws/install/joystick_listener/lib/python3.10/site-packages/joystick_listener/_joystick_listener_s.ep.rosidl_typesupport_introspection_c.c
[2.985s] -- Up-to-date: /home/lemmy/robotis_ws/install/joystick_listener/lib/python3.10/site-packages/joystick_listener/_joystick_listener_s.ep.rosidl_typesupport_fastrtps_c.c
[2.985s] -- Up-to-date: /home/lemmy/robotis_ws/install/joystick_listener/lib/python3.10/site-packages/joystick_listener/joystick_listener_s__rosidl_typesupport_fastrtps_c.cpython-310-aarch64-linux-gnu.so
[2.985s] -- Up-to-date: /home/lemmy/robotis_ws/install/joystick_listener/lib/python3.10/site-packages/joystick_listener/msg
[2.986s] -- Up-to-date: /home/lemmy/robotis_ws/install/joystick_listener/lib/python3.10/site-packages/joystick_listener/msg/__init__.py
[2.986s] -- Up-to-date: /home/lemmy/robotis_ws/install/joystick_listener/lib/python3.10/site-packages/joystick_listener/msg/_joystick_command_s.c
[2.987s] -- Up-to-date: /home/lemmy/robotis_ws/install/joystick_listener/lib/python3.10/site-packages/joystick_listener/msg/_joystick_command.py
[2.987s] -- Up-to-date: /home/lemmy/robotis_ws/install/joystick_listener/lib/python3.10/site-packages/joystick_listener/joystick_listener_s__rosidl_typesupport_introspection_c.cpython-310-aarch64-linux-gnu.so
[3.185s] Listing '/home/lemmy/robotis_ws/install/joystick_listener/lib/python3.10/site-packages/joystick_listener'...
[3.186s] Listing '/home/lemmy/robotis_ws/install/joystick_listener/lib/python3.10/site-packages/joystick_listener/msg'...
[3.212s] -- Up-to-date: /home/lemmy/robotis_ws/install/joystick_listener/lib/python3.10/site-packages/joystick_listener/joystick_listener_s__rosidl_typesupport_fastrtps_c.cpython-310-aarch64-linux-gnu.so
[3.215s] -- Up-to-date: /home/lemmy/robotis_ws/install/joystick_listener/lib/python3.10/site-packages/joystick_listener/joystick_listener_s__rosidl_typesupport_introspection_c.cpython-310-aarch64-linux-gnu.so
[3.218s] -- Up-to-date: /home/lemmy/robotis_ws/install/joystick_listener/lib/python3.10/site-packages/joystick_listener/joystick_listener_s__rosidl_typesupport_c.cpython-310-aarch64-linux-gnu.so
[3.221s] -- Up-to-date: /home/lemmy/robotis_ws/install/joystick_listener/lib/libjoystick_listener__rosidl_generator_py.so
[3.223s] -- Up-to-date: /home/lemmy/robotis_ws/install/joystick_listener/share/joystick_listener/msg/JoystickCommand.idl
[3.223s] -- Up-to-date: /home/lemmy/robotis_ws/install/joystick_listener/share/joystick_listener/msg/JoystickCommand.msg
[3.224s] -- Up-to-date: /home/lemmy/robotis_ws/install/joystick_listener/lib/joystick_listener/joystick_control.py
[3.225s] -- Up-to-date: /home/lemmy/robotis_ws/install/joystick_listener/share/joystick_listener/launch
[3.225s] -- Up-to-date: /home/lemmy/robotis_ws/install/joystick_listener/share/joystick_listener/launch/joystick_listener.launch.py
[3.226s] -- Up-to-date: /home/lemmy/robotis_ws/install/joystick_listener/share/ament_index/resource_index/package_run_dependencies/joystick_listener
[3.227s] -- Up-to-date: /home/lemmy/robotis_ws/install/joystick_listener/share/ament_index/resource_index/parent_prefix_path/joystick_listener
[3.228s] -- Up-to-date: /home/lemmy/robotis_ws/install/joystick_listener/share/joystick_listener/environment/ament_prefix_path.sh
[3.228s] -- Up-to-date: /home/lemmy/robotis_ws/install/joystick_listener/share/joystick_listener/environment/ament_prefix_path.dsv
[3.229s] -- Up-to-date: /home/lemmy/robotis_ws/install/joystick_listener/share/joystick_listener/environment/path.sh
[3.229s] -- Up-to-date: /home/lemmy/robotis_ws/install/joystick_listener/share/joystick_listener/environment/path.dsv
[3.230s] -- Up-to-date: /home/lemmy/robotis_ws/install/joystick_listener/share/joystick_listener/local_setup.bash
[3.230s] -- Up-to-date: /home/lemmy/robotis_ws/install/joystick_listener/share/joystick_listener/local_setup.sh
[3.231s] -- Up-to-date: /home/lemmy/robotis_ws/install/joystick_listener/share/joystick_listener/local_setup.zsh
[3.231s] -- Up-to-date: /home/lemmy/robotis_ws/install/joystick_listener/share/joystick_listener/local_setup.dsv
[3.232s] -- Installing: /home/lemmy/robotis_ws/install/joystick_listener/share/joystick_listener/package.dsv
[3.233s] -- Up-to-date: /home/lemmy/robotis_ws/install/joystick_listener/share/ament_index/resource_index/packages/joystick_listener
[3.233s] -- Up-to-date: /home/lemmy/robotis_ws/install/joystick_listener/share/joystick_listener/cmake/export_joystick_listener__rosidl_generator_cExport.cmake
[3.234s] -- Up-to-date: /home/lemmy/robotis_ws/install/joystick_listener/share/joystick_listener/cmake/export_joystick_listener__rosidl_generator_cExport-noconfig.cmake
[3.235s] -- Up-to-date: /home/lemmy/robotis_ws/install/joystick_listener/share/joystick_listener/cmake/export_joystick_listener__rosidl_typesupport_fastrtps_cExport.cmake
[3.235s] -- Up-to-date: /home/lemmy/robotis_ws/install/joystick_listener/share/joystick_listener/cmake/export_joystick_listener__rosidl_typesupport_fastrtps_cExport-noconfig.cmake
[3.236s] -- Up-to-date: /home/lemmy/robotis_ws/install/joystick_listener/share/joystick_listener/cmake/export_joystick_listener__rosidl_generator_cppExport.cmake
[3.238s] -- Up-to-date: /home/lemmy/robotis_ws/install/joystick_listener/share/joystick_listener/cmake/export_joystick_listener__rosidl_typesupport_fastrtps_cppExport.cmake
[3.238s] -- Up-to-date: /home/lemmy/robotis_ws/install/joystick_listener/share/joystick_listener/cmake/export_joystick_listener__rosidl_typesupport_fastrtps_cppExport-noconfig.cmake
[3.239s] -- Up-to-date: /home/lemmy/robotis_ws/install/joystick_listener/share/joystick_listener/cmake/joystick_listener__rosidl_typesupport_introspection_cExport.cmake
[3.240s] -- Up-to-date: /home/lemmy/robotis_ws/install/joystick_listener/share/joystick_listener/cmake/joystick_listener__rosidl_typesupport_introspection_cExport-noconfig.cmake
[3.241s] -- Up-to-date: /home/lemmy/robotis_ws/install/joystick_listener/share/joystick_listener/cmake/joystick_listener__rosidl_typesupport_cExport.cmake
[3.241s] -- Up-to-date: /home/lemmy/robotis_ws/install/joystick_listener/share/joystick_listener/cmake/joystick_listener__rosidl_typesupport_cExport-noconfig.cmake
[3.242s] -- Up-to-date: /home/lemmy/robotis_ws/install/joystick_listener/share/joystick_listener/cmake/joystick_listener__rosidl_typesupport_introspection_cppExport.cmake
[3.243s] -- Up-to-date: /home/lemmy/robotis_ws/install/joystick_listener/share/joystick_listener/cmake/joystick_listener__rosidl_typesupport_introspection_cppExport-noconfig.cmake
[3.244s] -- Up-to-date: /home/lemmy/robotis_ws/install/joystick_listener/share/joystick_listener/cmake/joystick_listener__rosidl_typesupport_cppExport.cmake
[3.244s] -- Up-to-date: /home/lemmy/robotis_ws/install/joystick_listener/share/joystick_listener/cmake/joystick_listener__rosidl_typesupport_cppExport-noconfig.cmake
[3.245s] -- Up-to-date: /home/lemmy/robotis_ws/install/joystick_listener/share/joystick_listener/cmake/export_joystick_listener__rosidl_generator_pyExport.cmake
[3.246s] -- Up-to-date: /home/lemmy/robotis_ws/install/joystick_listener/share/joystick_listener/cmake/export_joystick_listener__rosidl_generator_pyExport-noconfig.cmake
[3.246s] -- Up-to-date: /home/lemmy/robotis_ws/install/joystick_listener/share/joystick_listener/cmake/rosidl_cmake-extras.cmake
[3.247s] -- Up-to-date: /home/lemmy/robotis_ws/install/joystick_listener/share/joystick_listener/cmake/ament_cmake_export_include_directories-extras.cmake
[3.248s] -- Up-to-date: /home/lemmy/robotis_ws/install/joystick_listener/share/joystick_listener/cmake/ament_cmake_export_libraries-extras.cmake
[3.248s] -- Up-to-date: /home/lemmy/robotis_ws/install/joystick_listener/share/joystick_listener/cmake/ament_cmake_export_targets-extras.cmake
[3.249s] -- Up-to-date: /home/lemmy/robotis_ws/install/joystick_listener/share/joystick_listener/cmake/rosidl_cmake_export_typesupport_targets-extras.cmake
[3.249s] -- Up-to-date: /home/lemmy/robotis_ws/install/joystick_listener/share/joystick_listener/cmake/ament_cmake_export_dependencies-extras.cmake
[3.250s] -- Up-to-date: /home/lemmy/robotis_ws/install/joystick_listener/share/joystick_listener/cmake/rosidl_cmake_export_typesupport_libraries-extras.cmake
[3.250s] -- Up-to-date: /home/lemmy/robotis_ws/install/joystick_listener/share/joystick_listener/cmake/joystick_listenerConfig.cmake
[3.250s] -- Up-to-date: /home/lemmy/robotis_ws/install/joystick_listener/share/joystick_listener/cmake/joystick_listenerConfig-version.cmake
[3.251s] -- Up-to-date: /home/lemmy/robotis_ws/install/joystick_listener/share/joystick_listener/package.xml
[3.260s] Invoked command in '/home/lemmy/robotis_ws/build/joystick_listener' returned '0': CMAKE_PREFIX_PATH=/home/lemmy/robotis_ws/install/dynamixel_sdk_custom_interfaces:/home/lemmy/robotis_ws/install/joystick_listener:/home/lemmy/robotis_ws/install/dynamixel_sdk_examples:/home/lemmy/robotis_ws/install/dynamixel_sdk:/home/lemmy/ros2_ws/install/pantilt_bot_description:/home/lemmy/ros2_ws/install/open_manipulator_x_description:/home/lemmy/ros2_ws/install/dynamixel_hardware:/home/lemmy/robotis_ws/install/wheels_control:/home/lemmy/ros2_ws/install/my_robot_controller:/opt/ros/humble LD_LIBRARY_PATH=/home/lemmy/robotis_ws/install/dynamixel_sdk_custom_interfaces/lib:/home/lemmy/robotis_ws/install/joystick_listener/lib:/home/lemmy/robotis_ws/install/dynamixel_sdk/lib:/home/lemmy/ros2_ws/install/dynamixel_hardware/lib:/opt/ros/humble/opt/rviz_ogre_vendor/lib:/opt/ros/humble/lib/aarch64-linux-gnu:/opt/ros/humble/lib PYTHONPATH=/home/lemmy/robotis_ws/install/dynamixel_sdk_custom_interfaces/lib/python3.10/site-packages:/home/lemmy/robotis_ws/install/wheels_control/lib/python3.10/site-packages:/home/lemmy/robotis_ws/install/joystick_listener/lib/python3.10/site-packages:/home/lemmy/ros2_ws/install/my_robot_controller/lib/python3.10/site-packages:/opt/ros/humble/lib/python3.10/site-packages:/opt/ros/humble/local/lib/python3.10/dist-packages /usr/bin/cmake --install /home/lemmy/robotis_ws/build/joystick_listener
