[3.964s] Invoking command in '/home/lemmy/robotis_ws/src/wheels_control': PYTHONPATH=/home/lemmy/robotis_ws/build/wheels_control/prefix_override:/home/lemmy/robotis_ws/install/wheels_control/lib/python3.10/site-packages:${PYTHONPATH} /usr/bin/python3 -W ignore:setup.py install is deprecated setup.py egg_info --egg-base ../../build/wheels_control build --build-base /home/lemmy/robotis_ws/build/wheels_control/build install --record /home/lemmy/robotis_ws/build/wheels_control/install.log --single-version-externally-managed install_data
[5.351s] running egg_info
[5.360s] writing ../../build/wheels_control/wheels_control.egg-info/PKG-INFO
[5.363s] writing dependency_links to ../../build/wheels_control/wheels_control.egg-info/dependency_links.txt
[5.366s] writing entry points to ../../build/wheels_control/wheels_control.egg-info/entry_points.txt
[5.369s] writing requirements to ../../build/wheels_control/wheels_control.egg-info/requires.txt
[5.372s] writing top-level names to ../../build/wheels_control/wheels_control.egg-info/top_level.txt
[5.384s] reading manifest file '../../build/wheels_control/wheels_control.egg-info/SOURCES.txt'
[5.387s] adding license file 'LICENSE'
[5.390s] writing manifest file '../../build/wheels_control/wheels_control.egg-info/SOURCES.txt'
[5.391s] running build
[5.392s] running build_py
[5.393s] copying wheels_control/predefined_path.py -> /home/lemmy/robotis_ws/build/wheels_control/build/lib/wheels_control
[5.396s] running install
[5.398s] running install_lib
[5.404s] copying /home/lemmy/robotis_ws/build/wheels_control/build/lib/wheels_control/predefined_path.py -> /home/lemmy/robotis_ws/install/wheels_control/lib/python3.10/site-packages/wheels_control
[5.408s] byte-compiling /home/lemmy/robotis_ws/install/wheels_control/lib/python3.10/site-packages/wheels_control/predefined_path.py to predefined_path.cpython-310.pyc
[5.413s] running install_data
[5.415s] running install_egg_info
[5.432s] removing '/home/lemmy/robotis_ws/install/wheels_control/lib/python3.10/site-packages/wheels_control-0.0.0-py3.10.egg-info' (and everything under it)
[5.433s] Copying ../../build/wheels_control/wheels_control.egg-info to /home/lemmy/robotis_ws/install/wheels_control/lib/python3.10/site-packages/wheels_control-0.0.0-py3.10.egg-info
[5.436s] running install_scripts
[5.555s] Installing predefined_path script to /home/lemmy/robotis_ws/install/wheels_control/lib/wheels_control
[5.558s] Installing wheels_control script to /home/lemmy/robotis_ws/install/wheels_control/lib/wheels_control
[5.561s] writing list of installed files to '/home/lemmy/robotis_ws/build/wheels_control/install.log'
[5.750s] Invoked command in '/home/lemmy/robotis_ws/src/wheels_control' returned '0': PYTHONPATH=/home/lemmy/robotis_ws/build/wheels_control/prefix_override:/home/lemmy/robotis_ws/install/wheels_control/lib/python3.10/site-packages:${PYTHONPATH} /usr/bin/python3 -W ignore:setup.py install is deprecated setup.py egg_info --egg-base ../../build/wheels_control build --build-base /home/lemmy/robotis_ws/build/wheels_control/build install --record /home/lemmy/robotis_ws/build/wheels_control/install.log --single-version-externally-managed install_data
