running egg_info
writing ../../build/wheels_control/wheels_control.egg-info/PKG-INFO
writing dependency_links to ../../build/wheels_control/wheels_control.egg-info/dependency_links.txt
writing entry points to ../../build/wheels_control/wheels_control.egg-info/entry_points.txt
writing requirements to ../../build/wheels_control/wheels_control.egg-info/requires.txt
writing top-level names to ../../build/wheels_control/wheels_control.egg-info/top_level.txt
reading manifest file '../../build/wheels_control/wheels_control.egg-info/SOURCES.txt'
adding license file 'LICENSE'
writing manifest file '../../build/wheels_control/wheels_control.egg-info/SOURCES.txt'
running build
running build_py
copying wheels_control/predefined_path.py -> /home/lemmy/robotis_ws/build/wheels_control/build/lib/wheels_control
running install
running install_lib
copying /home/lemmy/robotis_ws/build/wheels_control/build/lib/wheels_control/predefined_path.py -> /home/lemmy/robotis_ws/install/wheels_control/lib/python3.10/site-packages/wheels_control
byte-compiling /home/lemmy/robotis_ws/install/wheels_control/lib/python3.10/site-packages/wheels_control/predefined_path.py to predefined_path.cpython-310.pyc
running install_data
running install_egg_info
removing '/home/lemmy/robotis_ws/install/wheels_control/lib/python3.10/site-packages/wheels_control-0.0.0-py3.10.egg-info' (and everything under it)
Copying ../../build/wheels_control/wheels_control.egg-info to /home/lemmy/robotis_ws/install/wheels_control/lib/python3.10/site-packages/wheels_control-0.0.0-py3.10.egg-info
running install_scripts
Installing predefined_path script to /home/lemmy/robotis_ws/install/wheels_control/lib/wheels_control
Installing wheels_control script to /home/lemmy/robotis_ws/install/wheels_control/lib/wheels_control
writing list of installed files to '/home/lemmy/robotis_ws/build/wheels_control/install.log'
