[5.263s] Invoking command in '/home/lemmy/robotis_ws/src/wheels_control': PYTHONPATH=/home/lemmy/robotis_ws/build/wheels_control/prefix_override:/home/lemmy/robotis_ws/install/wheels_control/lib/python3.10/site-packages:${PYTHONPATH} /usr/bin/python3 -W ignore:setup.py install is deprecated setup.py egg_info --egg-base ../../build/wheels_control build --build-base /home/lemmy/robotis_ws/build/wheels_control/build install --record /home/lemmy/robotis_ws/build/wheels_control/install.log --single-version-externally-managed install_data
[7.454s] running egg_info
[7.458s] writing ../../build/wheels_control/wheels_control.egg-info/PKG-INFO
[7.459s] writing dependency_links to ../../build/wheels_control/wheels_control.egg-info/dependency_links.txt
[7.460s] writing entry points to ../../build/wheels_control/wheels_control.egg-info/entry_points.txt
[7.461s] writing requirements to ../../build/wheels_control/wheels_control.egg-info/requires.txt
[7.462s] writing top-level names to ../../build/wheels_control/wheels_control.egg-info/top_level.txt
[7.472s] reading manifest file '../../build/wheels_control/wheels_control.egg-info/SOURCES.txt'
[7.474s] adding license file 'LICENSE'
[7.477s] writing manifest file '../../build/wheels_control/wheels_control.egg-info/SOURCES.txt'
[7.478s] running build
[7.479s] running build_py
[7.479s] copying wheels_control/wheels_control.py -> /home/lemmy/robotis_ws/build/wheels_control/build/lib/wheels_control
[7.481s] running install
[7.485s] running install_lib
[7.488s] copying /home/lemmy/robotis_ws/build/wheels_control/build/lib/wheels_control/wheels_control.py -> /home/lemmy/robotis_ws/install/wheels_control/lib/python3.10/site-packages/wheels_control
[7.491s] byte-compiling /home/lemmy/robotis_ws/install/wheels_control/lib/python3.10/site-packages/wheels_control/wheels_control.py to wheels_control.cpython-310.pyc
[7.494s] running install_data
[7.495s] running install_egg_info
[7.506s] removing '/home/lemmy/robotis_ws/install/wheels_control/lib/python3.10/site-packages/wheels_control-0.0.0-py3.10.egg-info' (and everything under it)
[7.507s] Copying ../../build/wheels_control/wheels_control.egg-info to /home/lemmy/robotis_ws/install/wheels_control/lib/python3.10/site-packages/wheels_control-0.0.0-py3.10.egg-info
[7.514s] running install_scripts
[7.616s] Installing wheels_control script to /home/lemmy/robotis_ws/install/wheels_control/lib/wheels_control
[7.618s] writing list of installed files to '/home/lemmy/robotis_ws/build/wheels_control/install.log'
[7.785s] Invoked command in '/home/lemmy/robotis_ws/src/wheels_control' returned '0': PYTHONPATH=/home/lemmy/robotis_ws/build/wheels_control/prefix_override:/home/lemmy/robotis_ws/install/wheels_control/lib/python3.10/site-packages:${PYTHONPATH} /usr/bin/python3 -W ignore:setup.py install is deprecated setup.py egg_info --egg-base ../../build/wheels_control build --build-base /home/lemmy/robotis_ws/build/wheels_control/build install --record /home/lemmy/robotis_ws/build/wheels_control/install.log --single-version-externally-managed install_data
