[4.366s] Invoking command in '/home/lemmy/robotis_ws/src/wheels_control': PYTHONPATH=/home/lemmy/robotis_ws/build/wheels_control/prefix_override:/home/lemmy/robotis_ws/install/wheels_control/lib/python3.10/site-packages:${PYTHONPATH} /usr/bin/python3 -W ignore:setup.py install is deprecated setup.py egg_info --egg-base ../../build/wheels_control build --build-base /home/lemmy/robotis_ws/build/wheels_control/build install --record /home/lemmy/robotis_ws/build/wheels_control/install.log --single-version-externally-managed install_data
[5.963s] running egg_info
[5.971s] writing ../../build/wheels_control/wheels_control.egg-info/PKG-INFO
[5.973s] writing dependency_links to ../../build/wheels_control/wheels_control.egg-info/dependency_links.txt
[5.975s] writing entry points to ../../build/wheels_control/wheels_control.egg-info/entry_points.txt
[5.976s] writing requirements to ../../build/wheels_control/wheels_control.egg-info/requires.txt
[5.977s] writing top-level names to ../../build/wheels_control/wheels_control.egg-info/top_level.txt
[5.990s] reading manifest file '../../build/wheels_control/wheels_control.egg-info/SOURCES.txt'
[5.992s] adding license file 'LICENSE'
[5.997s] writing manifest file '../../build/wheels_control/wheels_control.egg-info/SOURCES.txt'
[5.998s] running build
[5.999s] running build_py
[6.000s] copying wheels_control/predefined_path.py -> /home/lemmy/robotis_ws/build/wheels_control/build/lib/wheels_control
[6.002s] running install
[6.003s] running install_lib
[6.008s] copying /home/lemmy/robotis_ws/build/wheels_control/build/lib/wheels_control/predefined_path.py -> /home/lemmy/robotis_ws/install/wheels_control/lib/python3.10/site-packages/wheels_control
[6.013s] byte-compiling /home/lemmy/robotis_ws/install/wheels_control/lib/python3.10/site-packages/wheels_control/predefined_path.py to predefined_path.cpython-310.pyc
[6.019s] running install_data
[6.021s] running install_egg_info
[6.046s] removing '/home/lemmy/robotis_ws/install/wheels_control/lib/python3.10/site-packages/wheels_control-0.0.0-py3.10.egg-info' (and everything under it)
[6.050s] Copying ../../build/wheels_control/wheels_control.egg-info to /home/lemmy/robotis_ws/install/wheels_control/lib/python3.10/site-packages/wheels_control-0.0.0-py3.10.egg-info
[6.059s] running install_scripts
[6.183s] Installing predefined_path script to /home/lemmy/robotis_ws/install/wheels_control/lib/wheels_control
[6.185s] Installing wheels_control script to /home/lemmy/robotis_ws/install/wheels_control/lib/wheels_control
[6.187s] writing list of installed files to '/home/lemmy/robotis_ws/build/wheels_control/install.log'
[6.365s] Invoked command in '/home/lemmy/robotis_ws/src/wheels_control' returned '0': PYTHONPATH=/home/lemmy/robotis_ws/build/wheels_control/prefix_override:/home/lemmy/robotis_ws/install/wheels_control/lib/python3.10/site-packages:${PYTHONPATH} /usr/bin/python3 -W ignore:setup.py install is deprecated setup.py egg_info --egg-base ../../build/wheels_control build --build-base /home/lemmy/robotis_ws/build/wheels_control/build install --record /home/lemmy/robotis_ws/build/wheels_control/install.log --single-version-externally-managed install_data
