[0.226s] Invoking command in '/home/lemmy/robotis_ws/build/joystick_listener': CMAKE_PREFIX_PATH=${CMAKE_PREFIX_PATH}:/home/lemmy/robotis_ws/install/wheels_control:/home/lemmy/robotis_ws/install/joystick_control:/home/lemmy/ros2_ws/install/my_robot_controller:/opt/ros/humble PS1=(venv) \[\e]0;\u@\h: \w\a\]${debian_chroot:+($debian_chroot)}\[\033[01;32m\]\u@\h\[\033[00m\]:\[\033[01;34m\]\w\[\033[00m\]\$ /usr/bin/cmake /home/lemmy/robotis_ws/src/joystick_listener -DCMAKE_INSTALL_PREFIX=/home/lemmy/robotis_ws/install/joystick_listener
[0.749s] -- The C compiler identification is GNU 11.4.0
[1.549s] -- The CXX compiler identification is GNU 11.4.0
[1.639s] -- Detecting C compiler ABI info
[2.253s] -- Detecting C compiler ABI info - done
[2.331s] -- Check for working C compiler: /usr/bin/cc - skipped
[2.344s] -- Detecting C compile features
[2.365s] -- Detecting C compile features - done
[2.429s] -- Detecting CXX compiler ABI info
[3.447s] -- Detecting CXX compiler ABI info - done
[3.481s] -- Check for working CXX compiler: /usr/bin/c++ - skipped
[3.490s] -- Detecting CXX compile features
[3.498s] -- Detecting CXX compile features - done
[3.551s] -- Found ament_cmake: 1.3.8 (/opt/ros/humble/share/ament_cmake/cmake)
[7.735s] -- Found Python3: /home/lemmy/robotis_ws/venv/bin/python3 (found version "3.10.12") found components: Interpreter 
[8.992s] -- Found rclcpp: 16.0.8 (/opt/ros/humble/share/rclcpp/cmake)
[9.826s] -- Found rosidl_generator_c: 3.1.5 (/opt/ros/humble/share/rosidl_generator_c/cmake)
[9.893s] -- Found rosidl_adapter: 3.1.5 (/opt/ros/humble/share/rosidl_adapter/cmake)
[9.981s] -- Found rosidl_generator_cpp: 3.1.5 (/opt/ros/humble/share/rosidl_generator_cpp/cmake)
[10.114s] -- Using all available rosidl_typesupport_c: rosidl_typesupport_fastrtps_c;rosidl_typesupport_introspection_c
[10.302s] -- Using all available rosidl_typesupport_cpp: rosidl_typesupport_fastrtps_cpp;rosidl_typesupport_introspection_cpp
[10.905s] -- Found rmw_implementation_cmake: 6.1.1 (/opt/ros/humble/share/rmw_implementation_cmake/cmake)
[10.947s] -- Found rmw_fastrtps_cpp: 6.2.6 (/opt/ros/humble/share/rmw_fastrtps_cpp/cmake)
[12.247s] -- Found OpenSSL: /usr/lib/aarch64-linux-gnu/libcrypto.so (found version "3.0.2")  
[12.562s] -- Found FastRTPS: /opt/ros/humble/include  
[13.097s] -- Using RMW implementation 'rmw_fastrtps_cpp' as default
[13.225s] -- Looking for pthread.h
[13.916s] -- Looking for pthread.h - found
[13.920s] -- Performing Test CMAKE_HAVE_LIBC_PTHREAD
[14.570s] -- Performing Test CMAKE_HAVE_LIBC_PTHREAD - Success
[14.594s] -- Found Threads: TRUE  
[16.214s] -- Found rclpy: 3.3.12 (/opt/ros/humble/share/rclpy/cmake)
[16.240s] -- Found rosidl_default_generators: 1.2.0 (/opt/ros/humble/share/rosidl_default_generators/cmake)
[18.508s] -- Found ament_cmake_ros: 0.10.0 (/opt/ros/humble/share/ament_cmake_ros/cmake)
[21.322s] -- Using all available rosidl_typesupport_c: rosidl_typesupport_fastrtps_c;rosidl_typesupport_introspection_c
[22.496s] -- Using all available rosidl_typesupport_cpp: rosidl_typesupport_fastrtps_cpp;rosidl_typesupport_introspection_cpp
[22.689s] -- Found PythonInterp: /home/lemmy/robotis_ws/venv/bin/python3 (found suitable version "3.10.12", minimum required is "3.6") 
[22.727s] -- Found python_cmake_module: 0.10.0 (/opt/ros/humble/share/python_cmake_module/cmake)
[22.924s] -- Found PythonLibs: /usr/lib/aarch64-linux-gnu/libpython3.10.so (found suitable version "3.10.12", minimum required is "3.5") 
[22.925s] -- Using PYTHON_EXECUTABLE: /home/lemmy/robotis_ws/venv/bin/python3
[22.926s] -- Using PYTHON_INCLUDE_DIRS: /usr/include/python3.10
[22.926s] -- Using PYTHON_LIBRARIES: /usr/lib/aarch64-linux-gnu/libpython3.10.so
[23.102s] -- Found PythonExtra: .so  
[23.366s] [31mCMake Error at /opt/ros/humble/share/ament_cmake_python/cmake/ament_python_install_package.cmake:122 (add_custom_target):
[23.366s]   add_custom_target cannot create target
[23.367s]   "ament_cmake_python_copy_joystick_listener" because another target with the
[23.368s]   same name already exists.  The existing target is a custom target created
[23.368s]   in source directory "/home/lemmy/robotis_ws/src/joystick_listener".  See
[23.369s]   documentation for policy CMP0002 for more details.
[23.369s] Call Stack (most recent call first):
[23.370s]   /opt/ros/humble/share/ament_cmake_python/cmake/ament_python_install_package.cmake:39 (_ament_cmake_python_install_package)
[23.372s]   CMakeLists.txt:26 (ament_python_install_package)
[23.372s] 
[23.373s] [0m
[23.373s] [31mCMake Error at /opt/ros/humble/share/ament_cmake_python/cmake/ament_python_install_package.cmake:141 (add_custom_target):
[23.374s]   add_custom_target cannot create target
[23.374s]   "ament_cmake_python_build_joystick_listener_egg" because another target
[23.375s]   with the same name already exists.  The existing target is a custom target
[23.375s]   created in source directory "/home/lemmy/robotis_ws/src/joystick_listener".
[23.376s]   See documentation for policy CMP0002 for more details.
[23.376s] Call Stack (most recent call first):
[23.377s]   /opt/ros/humble/share/ament_cmake_python/cmake/ament_python_install_package.cmake:39 (_ament_cmake_python_install_package)
[23.377s]   CMakeLists.txt:26 (ament_python_install_package)
[23.378s] 
[23.378s] [0m
[23.394s] -- Found ament_lint_auto: 0.12.10 (/opt/ros/humble/share/ament_lint_auto/cmake)
[23.709s] -- Added test 'flake8' to check Python code syntax and style conventions
[23.716s] -- Added test 'lint_cmake' to check CMake code style
[23.737s] -- Added test 'pep257' to check Python code against some of the docstring style conventions in PEP 257
[23.761s] -- Added test 'xmllint' to check XML markup files
[23.794s] -- Configuring incomplete, errors occurred!
[23.809s] See also "/home/lemmy/robotis_ws/build/joystick_listener/CMakeFiles/CMakeOutput.log".
[23.917s] Invoked command in '/home/lemmy/robotis_ws/build/joystick_listener' returned '1': CMAKE_PREFIX_PATH=${CMAKE_PREFIX_PATH}:/home/lemmy/robotis_ws/install/wheels_control:/home/lemmy/robotis_ws/install/joystick_control:/home/lemmy/ros2_ws/install/my_robot_controller:/opt/ros/humble PS1=(venv) \[\e]0;\u@\h: \w\a\]${debian_chroot:+($debian_chroot)}\[\033[01;32m\]\u@\h\[\033[00m\]:\[\033[01;34m\]\w\[\033[00m\]\$ /usr/bin/cmake /home/lemmy/robotis_ws/src/joystick_listener -DCMAKE_INSTALL_PREFIX=/home/lemmy/robotis_ws/install/joystick_listener
