[4.859s] Invoking command in '/home/lemmy/robotis_ws/src/wheels_control': PYTHONPATH=/home/lemmy/robotis_ws/build/wheels_control/prefix_override:/home/lemmy/robotis_ws/install/wheels_control/lib/python3.10/site-packages:${PYTHONPATH} /usr/bin/python3 -W ignore:setup.py install is deprecated setup.py egg_info --egg-base ../../build/wheels_control build --build-base /home/lemmy/robotis_ws/build/wheels_control/build install --record /home/lemmy/robotis_ws/build/wheels_control/install.log --single-version-externally-managed install_data
[6.515s] running egg_info
[6.517s] writing ../../build/wheels_control/wheels_control.egg-info/PKG-INFO
[6.520s] writing dependency_links to ../../build/wheels_control/wheels_control.egg-info/dependency_links.txt
[6.521s] writing entry points to ../../build/wheels_control/wheels_control.egg-info/entry_points.txt
[6.522s] writing requirements to ../../build/wheels_control/wheels_control.egg-info/requires.txt
[6.523s] writing top-level names to ../../build/wheels_control/wheels_control.egg-info/top_level.txt
[6.536s] reading manifest file '../../build/wheels_control/wheels_control.egg-info/SOURCES.txt'
[6.536s] adding license file 'LICENSE'
[6.538s] writing manifest file '../../build/wheels_control/wheels_control.egg-info/SOURCES.txt'
[6.538s] running build
[6.539s] running build_py
[6.540s] copying wheels_control/predefined_path.py -> /home/lemmy/robotis_ws/build/wheels_control/build/lib/wheels_control
[6.544s] running install
[6.544s] running install_lib
[6.549s] copying /home/lemmy/robotis_ws/build/wheels_control/build/lib/wheels_control/predefined_path.py -> /home/lemmy/robotis_ws/install/wheels_control/lib/python3.10/site-packages/wheels_control
[6.553s] byte-compiling /home/lemmy/robotis_ws/install/wheels_control/lib/python3.10/site-packages/wheels_control/predefined_path.py to predefined_path.cpython-310.pyc
[6.558s] running install_data
[6.560s] running install_egg_info
[6.569s] removing '/home/lemmy/robotis_ws/install/wheels_control/lib/python3.10/site-packages/wheels_control-0.0.0-py3.10.egg-info' (and everything under it)
[6.571s] Copying ../../build/wheels_control/wheels_control.egg-info to /home/lemmy/robotis_ws/install/wheels_control/lib/python3.10/site-packages/wheels_control-0.0.0-py3.10.egg-info
[6.579s] running install_scripts
[6.697s] Installing predefined_path script to /home/lemmy/robotis_ws/install/wheels_control/lib/wheels_control
[6.700s] Installing wheels_control script to /home/lemmy/robotis_ws/install/wheels_control/lib/wheels_control
[6.703s] writing list of installed files to '/home/lemmy/robotis_ws/build/wheels_control/install.log'
[6.871s] Invoked command in '/home/lemmy/robotis_ws/src/wheels_control' returned '0': PYTHONPATH=/home/lemmy/robotis_ws/build/wheels_control/prefix_override:/home/lemmy/robotis_ws/install/wheels_control/lib/python3.10/site-packages:${PYTHONPATH} /usr/bin/python3 -W ignore:setup.py install is deprecated setup.py egg_info --egg-base ../../build/wheels_control build --build-base /home/lemmy/robotis_ws/build/wheels_control/build install --record /home/lemmy/robotis_ws/build/wheels_control/install.log --single-version-externally-managed install_data
