[4.205s] Invoking command in '/home/lemmy/robotis_ws/src/wheels_control': PYTHONPATH=/home/lemmy/robotis_ws/build/wheels_control/prefix_override:/home/lemmy/robotis_ws/install/wheels_control/lib/python3.10/site-packages:${PYTHONPATH} /usr/bin/python3 -W ignore:setup.py install is deprecated setup.py egg_info --egg-base ../../build/wheels_control build --build-base /home/lemmy/robotis_ws/build/wheels_control/build install --record /home/lemmy/robotis_ws/build/wheels_control/install.log --single-version-externally-managed install_data
[5.715s] running egg_info
[5.719s] writing ../../build/wheels_control/wheels_control.egg-info/PKG-INFO
[5.721s] writing dependency_links to ../../build/wheels_control/wheels_control.egg-info/dependency_links.txt
[5.722s] writing entry points to ../../build/wheels_control/wheels_control.egg-info/entry_points.txt
[5.724s] writing requirements to ../../build/wheels_control/wheels_control.egg-info/requires.txt
[5.725s] writing top-level names to ../../build/wheels_control/wheels_control.egg-info/top_level.txt
[5.738s] reading manifest file '../../build/wheels_control/wheels_control.egg-info/SOURCES.txt'
[5.740s] adding license file 'LICENSE'
[5.745s] writing manifest file '../../build/wheels_control/wheels_control.egg-info/SOURCES.txt'
[5.746s] running build
[5.747s] running build_py
[5.748s] copying wheels_control/predefined_path.py -> /home/lemmy/robotis_ws/build/wheels_control/build/lib/wheels_control
[5.751s] running install
[5.753s] running install_lib
[5.758s] copying /home/lemmy/robotis_ws/build/wheels_control/build/lib/wheels_control/predefined_path.py -> /home/lemmy/robotis_ws/install/wheels_control/lib/python3.10/site-packages/wheels_control
[5.762s] byte-compiling /home/lemmy/robotis_ws/install/wheels_control/lib/python3.10/site-packages/wheels_control/predefined_path.py to predefined_path.cpython-310.pyc
[5.770s] running install_data
[5.772s] running install_egg_info
[5.783s] removing '/home/lemmy/robotis_ws/install/wheels_control/lib/python3.10/site-packages/wheels_control-0.0.0-py3.10.egg-info' (and everything under it)
[5.787s] Copying ../../build/wheels_control/wheels_control.egg-info to /home/lemmy/robotis_ws/install/wheels_control/lib/python3.10/site-packages/wheels_control-0.0.0-py3.10.egg-info
[5.796s] running install_scripts
[5.921s] Installing predefined_path script to /home/lemmy/robotis_ws/install/wheels_control/lib/wheels_control
[5.922s] Installing wheels_control script to /home/lemmy/robotis_ws/install/wheels_control/lib/wheels_control
[5.926s] writing list of installed files to '/home/lemmy/robotis_ws/build/wheels_control/install.log'
[6.161s] Invoked command in '/home/lemmy/robotis_ws/src/wheels_control' returned '0': PYTHONPATH=/home/lemmy/robotis_ws/build/wheels_control/prefix_override:/home/lemmy/robotis_ws/install/wheels_control/lib/python3.10/site-packages:${PYTHONPATH} /usr/bin/python3 -W ignore:setup.py install is deprecated setup.py egg_info --egg-base ../../build/wheels_control build --build-base /home/lemmy/robotis_ws/build/wheels_control/build install --record /home/lemmy/robotis_ws/build/wheels_control/install.log --single-version-externally-managed install_data
