gmake[2]: *** Deleting file 'rosidl_typesupport_introspection_c/joystick_listener/msg/detail/joystick_command__rosidl_typesupport_introspection_c.h'
Traceback (most recent call last):
  File "/opt/ros/humble/lib/rosidl_typesupport_c/rosidl_typesupport_c", line 28, in <module>
    sys.exit(main())
  File "/opt/ros/humble/lib/rosidl_typesupport_c/rosidl_typesupport_c", line 24, in main
    generate_c(args.generator_arguments_file, args.typesupports)
  File "/opt/ros/humble/local/lib/python3.10/dist-packages/rosidl_typesupport_c/__init__.py", line 28, in generate_c
    return generate_files(
  File "/opt/ros/humble/local/lib/python3.10/dist-packages/rosidl_cmake/__init__.py", line 74, in generate_files
    idl_file = parse_idl_file(locator)
  File "/opt/ros/humble/local/lib/python3.10/dist-packages/rosidl_parser/parser.py", line 64, in parse_idl_file
    content = parse_idl_string(string, png_file=png_file)
  File "/opt/ros/humble/local/lib/python3.10/dist-packages/rosidl_parser/parser.py", line 72, in parse_idl_string
    tree = get_ast_from_idl_string(idl_string)
  File "/opt/ros/humble/local/lib/python3.10/dist-packages/rosidl_parser/parser.py", line 89, in get_ast_from_idl_string
    return _parser.parse(idl_string)
  File "/usr/lib/python3/dist-packages/lark/lark.py", line 619, in parse
gmake[2]: *** [CMakeFiles/joystick_listener__rosidl_typesupport_introspection_c.dir/build.make:82: rosidl_typesupport_introspection_c/joystick_listener/msg/detail/joystick_command__rosidl_typesupport_introspection_c.h] Interrupt
gmake[1]: *** [CMakeFiles/Makefile2:316: CMakeFiles/joystick_listener__rosidl_typesupport_introspection_c.dir/all] Interrupt
    return self.parser.parse(text, start=start, on_error=on_error)
  File "/usr/lib/python3/dist-packages/lark/parser_frontends.py", line 99, in parse
    return self.parser.parse(stream, chosen_start, **kw)
  File "/usr/lib/python3/dist-packages/lark/parsers/earley.py", line 292, in parse
    return transformer.transform(solutions[0])
  File "/usr/lib/python3/dist-packages/lark/parsers/earley_forest.py", line 395, in transform
    self.visit(root)
  File "/usr/lib/python3/dist-packages/lark/parsers/earley_forest.py", line 532, in visit
    super(ForestToParseTree, self).visit(root)
  File "/usr/lib/python3/dist-packages/lark/parsers/earley_forest.py", line 336, in visit
    vpno(current)
  File "/usr/lib/python3/dist-packages/lark/parsers/earley_forest.py", line 633, in visit_packed_node_out
    super(ForestToParseTree, self).visit_packed_node_out(node)
  File "/usr/lib/python3/dist-packages/lark/parsers/earley_forest.py", line 445, in visit_packed_node_out
    self._visit_node_out_helper(node, self.transform_packed_node)
  File "/usr/lib/python3/dist-packages/lark/parsers/earley_forest.py", line 433, in _visit_node_out_helper
    transformed = method(node, self.data[id(node)])
  File "/usr/lib/python3/dist-packages/lark/parsers/earley_forest.py", line 607, in transform_packed_node
    data = PackedData(node, data)
  File "/usr/lib/python3/dist-packages/lark/parsers/earley_forest.py", line 499, in __init__
    if len(data) > 1:
KeyboardInterrupt
gmake[2]: *** [CMakeFiles/joystick_listener__rosidl_typesupport_c.dir/build.make:80: rosidl_typesupport_c/joystick_listener/msg/joystick_command__type_support.cpp] Interrupt
gmake[1]: *** [CMakeFiles/Makefile2:342: CMakeFiles/joystick_listener__rosidl_typesupport_c.dir/all] Interrupt
gmake: *** [Makefile:146: all] Interrupt
