-- The C compiler identification is GNU 11.4.0
-- The CXX compiler identification is GNU 11.4.0
-- Detecting C compiler ABI info
-- Detecting C compiler ABI info - done
-- Check for working C compiler: /usr/bin/cc - skipped
-- Detecting C compile features
-- Detecting C compile features - done
-- Detecting CXX compiler ABI info
-- Detecting CXX compiler ABI info - done
-- Check for working CXX compiler: /usr/bin/c++ - skipped
-- Detecting CXX compile features
-- Detecting CXX compile features - done
-- Found ament_cmake: 1.3.8 (/opt/ros/humble/share/ament_cmake/cmake)
-- Found Python3: /usr/bin/python3 (found version "3.10.12") found components: Interpreter 
-- Found rclcpp: 16.0.8 (/opt/ros/humble/share/rclcpp/cmake)
-- Found rosidl_generator_c: 3.1.5 (/opt/ros/humble/share/rosidl_generator_c/cmake)
-- Found rosidl_adapter: 3.1.5 (/opt/ros/humble/share/rosidl_adapter/cmake)
-- Found rosidl_generator_cpp: 3.1.5 (/opt/ros/humble/share/rosidl_generator_cpp/cmake)
-- Using all available rosidl_typesupport_c: rosidl_typesupport_fastrtps_c;rosidl_typesupport_introspection_c
-- Using all available rosidl_typesupport_cpp: rosidl_typesupport_fastrtps_cpp;rosidl_typesupport_introspection_cpp
-- Found rmw_implementation_cmake: 6.1.1 (/opt/ros/humble/share/rmw_implementation_cmake/cmake)
-- Found rmw_fastrtps_cpp: 6.2.6 (/opt/ros/humble/share/rmw_fastrtps_cpp/cmake)
-- Found OpenSSL: /usr/lib/aarch64-linux-gnu/libcrypto.so (found version "3.0.2")  
-- Found FastRTPS: /opt/ros/humble/include  
-- Using RMW implementation 'rmw_fastrtps_cpp' as default
-- Looking for pthread.h
-- Looking for pthread.h - found
-- Performing Test CMAKE_HAVE_LIBC_PTHREAD
-- Performing Test CMAKE_HAVE_LIBC_PTHREAD - Success
-- Found Threads: TRUE  
-- Found rclpy: 3.3.12 (/opt/ros/humble/share/rclpy/cmake)
-- Found dynamixel_sdk_custom_interfaces: 3.7.60 (/home/lemmy/robotis_ws/install/dynamixel_sdk_custom_interfaces/share/dynamixel_sdk_custom_interfaces/cmake)
-- Found rosidl_default_generators: 1.2.0 (/opt/ros/humble/share/rosidl_default_generators/cmake)
-- Found ament_cmake_ros: 0.10.0 (/opt/ros/humble/share/ament_cmake_ros/cmake)
-- Using all available rosidl_typesupport_c: rosidl_typesupport_fastrtps_c;rosidl_typesupport_introspection_c
-- Using all available rosidl_typesupport_cpp: rosidl_typesupport_fastrtps_cpp;rosidl_typesupport_introspection_cpp
-- Found PythonInterp: /usr/bin/python3 (found suitable version "3.10.12", minimum required is "3.6") 
-- Found python_cmake_module: 0.10.0 (/opt/ros/humble/share/python_cmake_module/cmake)
-- Found PythonLibs: /usr/lib/aarch64-linux-gnu/libpython3.10.so (found suitable version "3.10.12", minimum required is "3.5") 
-- Using PYTHON_EXECUTABLE: /usr/bin/python3
-- Using PYTHON_INCLUDE_DIRS: /usr/include/python3.10
-- Using PYTHON_LIBRARIES: /usr/lib/aarch64-linux-gnu/libpython3.10.so
-- Found PythonExtra: .so  
-- Found ament_lint_auto: 0.12.10 (/opt/ros/humble/share/ament_lint_auto/cmake)
-- Added test 'flake8' to check Python code syntax and style conventions
-- Added test 'lint_cmake' to check CMake code style
-- Added test 'pep257' to check Python code against some of the docstring style conventions in PEP 257
-- Added test 'xmllint' to check XML markup files
-- Configuring done
-- Generating done
-- Build files have been written to: /home/lemmy/robotis_ws/build/joystick_listener
[  3%] [34m[1mGenerating C code for ROS interfaces[0m
[  3%] Built target ament_cmake_python_copy_joystick_listener
[  6%] [34m[1mGenerating C++ code for ROS interfaces[0m
[  9%] [32mBuilding C object CMakeFiles/joystick_listener__rosidl_generator_c.dir/rosidl_generator_c/joystick_listener/msg/detail/joystick_command__functions.c.o[0m
[  9%] Built target joystick_listener__cpp
[ 12%] [34m[1mGenerating C++ type support dispatch for ROS interfaces[0m
[ 16%] [34m[1mGenerating C++ type support for eProsima Fast-RTPS[0m
[ 19%] [32m[1mLinking C shared library libjoystick_listener__rosidl_generator_c.so[0m
[ 19%] Built target joystick_listener__rosidl_generator_c
running egg_info
creating joystick_listener.egg-info
writing joystick_listener.egg-info/PKG-INFO
writing dependency_links to joystick_listener.egg-info/dependency_links.txt
writing top-level names to joystick_listener.egg-info/top_level.txt
writing manifest file 'joystick_listener.egg-info/SOURCES.txt'
reading manifest file 'joystick_listener.egg-info/SOURCES.txt'
[ 22%] [34m[1mGenerating C++ introspection for ROS interfaces[0m
writing manifest file 'joystick_listener.egg-info/SOURCES.txt'
[ 22%] Built target ament_cmake_python_build_joystick_listener_egg
[ 25%] [34m[1mGenerating C type support for eProsima Fast-RTPS[0m
[ 29%] [32mBuilding CXX object CMakeFiles/joystick_listener__rosidl_typesupport_fastrtps_cpp.dir/rosidl_typesupport_fastrtps_cpp/joystick_listener/msg/detail/dds_fastrtps/joystick_command__type_support.cpp.o[0m
[ 32%] [32mBuilding CXX object CMakeFiles/joystick_listener__rosidl_typesupport_cpp.dir/rosidl_typesupport_cpp/joystick_listener/msg/joystick_command__type_support.cpp.o[0m
[ 35%] [32mBuilding CXX object CMakeFiles/joystick_listener__rosidl_typesupport_fastrtps_c.dir/rosidl_typesupport_fastrtps_c/joystick_listener/msg/detail/joystick_command__type_support_c.cpp.o[0m
[ 38%] [32mBuilding CXX object CMakeFiles/joystick_listener__rosidl_typesupport_introspection_cpp.dir/rosidl_typesupport_introspection_cpp/joystick_listener/msg/detail/joystick_command__type_support.cpp.o[0m
[ 41%] [32m[1mLinking CXX shared library libjoystick_listener__rosidl_typesupport_cpp.so[0m
[ 45%] [32m[1mLinking CXX shared library libjoystick_listener__rosidl_typesupport_introspection_cpp.so[0m
[ 48%] [32m[1mLinking CXX shared library libjoystick_listener__rosidl_typesupport_fastrtps_cpp.so[0m
[ 48%] Built target joystick_listener__rosidl_typesupport_cpp
[ 51%] [34m[1mGenerating C introspection for ROS interfaces[0m
[ 51%] Built target joystick_listener__rosidl_typesupport_introspection_cpp
[ 54%] [34m[1mGenerating C type support dispatch for ROS interfaces[0m
[ 58%] [32m[1mLinking CXX shared library libjoystick_listener__rosidl_typesupport_fastrtps_c.so[0m
[ 58%] Built target joystick_listener__rosidl_typesupport_fastrtps_cpp
[ 58%] Built target joystick_listener__rosidl_typesupport_fastrtps_c
gmake[2]: *** Deleting file 'rosidl_typesupport_introspection_c/joystick_listener/msg/detail/joystick_command__rosidl_typesupport_introspection_c.h'
Traceback (most recent call last):
  File "/opt/ros/humble/lib/rosidl_typesupport_c/rosidl_typesupport_c", line 28, in <module>
    sys.exit(main())
  File "/opt/ros/humble/lib/rosidl_typesupport_c/rosidl_typesupport_c", line 24, in main
    generate_c(args.generator_arguments_file, args.typesupports)
  File "/opt/ros/humble/local/lib/python3.10/dist-packages/rosidl_typesupport_c/__init__.py", line 28, in generate_c
    return generate_files(
  File "/opt/ros/humble/local/lib/python3.10/dist-packages/rosidl_cmake/__init__.py", line 74, in generate_files
    idl_file = parse_idl_file(locator)
  File "/opt/ros/humble/local/lib/python3.10/dist-packages/rosidl_parser/parser.py", line 64, in parse_idl_file
    content = parse_idl_string(string, png_file=png_file)
  File "/opt/ros/humble/local/lib/python3.10/dist-packages/rosidl_parser/parser.py", line 72, in parse_idl_string
    tree = get_ast_from_idl_string(idl_string)
  File "/opt/ros/humble/local/lib/python3.10/dist-packages/rosidl_parser/parser.py", line 89, in get_ast_from_idl_string
    return _parser.parse(idl_string)
  File "/usr/lib/python3/dist-packages/lark/lark.py", line 619, in parse
gmake[2]: *** [CMakeFiles/joystick_listener__rosidl_typesupport_introspection_c.dir/build.make:82: rosidl_typesupport_introspection_c/joystick_listener/msg/detail/joystick_command__rosidl_typesupport_introspection_c.h] Interrupt
gmake[1]: *** [CMakeFiles/Makefile2:316: CMakeFiles/joystick_listener__rosidl_typesupport_introspection_c.dir/all] Interrupt
    return self.parser.parse(text, start=start, on_error=on_error)
  File "/usr/lib/python3/dist-packages/lark/parser_frontends.py", line 99, in parse
    return self.parser.parse(stream, chosen_start, **kw)
  File "/usr/lib/python3/dist-packages/lark/parsers/earley.py", line 292, in parse
    return transformer.transform(solutions[0])
  File "/usr/lib/python3/dist-packages/lark/parsers/earley_forest.py", line 395, in transform
    self.visit(root)
  File "/usr/lib/python3/dist-packages/lark/parsers/earley_forest.py", line 532, in visit
    super(ForestToParseTree, self).visit(root)
  File "/usr/lib/python3/dist-packages/lark/parsers/earley_forest.py", line 336, in visit
    vpno(current)
  File "/usr/lib/python3/dist-packages/lark/parsers/earley_forest.py", line 633, in visit_packed_node_out
    super(ForestToParseTree, self).visit_packed_node_out(node)
  File "/usr/lib/python3/dist-packages/lark/parsers/earley_forest.py", line 445, in visit_packed_node_out
    self._visit_node_out_helper(node, self.transform_packed_node)
  File "/usr/lib/python3/dist-packages/lark/parsers/earley_forest.py", line 433, in _visit_node_out_helper
    transformed = method(node, self.data[id(node)])
  File "/usr/lib/python3/dist-packages/lark/parsers/earley_forest.py", line 607, in transform_packed_node
    data = PackedData(node, data)
  File "/usr/lib/python3/dist-packages/lark/parsers/earley_forest.py", line 499, in __init__
    if len(data) > 1:
KeyboardInterrupt
gmake[2]: *** [CMakeFiles/joystick_listener__rosidl_typesupport_c.dir/build.make:80: rosidl_typesupport_c/joystick_listener/msg/joystick_command__type_support.cpp] Interrupt
gmake[1]: *** [CMakeFiles/Makefile2:342: CMakeFiles/joystick_listener__rosidl_typesupport_c.dir/all] Interrupt
gmake: *** [Makefile:146: all] Interrupt
