[0.071s] Invoking command in '/home/lemmy/robotis_ws/build/joystick_listener': CMAKE_PREFIX_PATH=/home/lemmy/robotis_ws/install/dynamixel_sdk_custom_interfaces:/home/lemmy/robotis_ws/install/joystick_listener:/home/lemmy/robotis_ws/install/dynamixel_sdk_examples:/home/lemmy/robotis_ws/install/dynamixel_sdk:/home/lemmy/ros2_ws/install/pantilt_bot_description:/home/lemmy/ros2_ws/install/open_manipulator_x_description:/home/lemmy/ros2_ws/install/dynamixel_hardware:/home/lemmy/robotis_ws/install/wheels_control:/home/lemmy/ros2_ws/install/my_robot_controller:/opt/ros/humble LD_LIBRARY_PATH=/home/lemmy/robotis_ws/install/dynamixel_sdk_custom_interfaces/lib:/home/lemmy/robotis_ws/install/joystick_listener/lib:/home/lemmy/robotis_ws/install/dynamixel_sdk/lib:/home/lemmy/ros2_ws/install/dynamixel_hardware/lib:/opt/ros/humble/opt/rviz_ogre_vendor/lib:/opt/ros/humble/lib/aarch64-linux-gnu:/opt/ros/humble/lib /usr/bin/cmake /home/lemmy/robotis_ws/src/joystick_listener -DCMAKE_INSTALL_PREFIX=/home/lemmy/robotis_ws/install/joystick_listener
[0.358s] -- The C compiler identification is GNU 11.4.0
[0.654s] -- The CXX compiler identification is GNU 11.4.0
[0.684s] -- Detecting C compiler ABI info
[1.068s] -- Detecting C compiler ABI info - done
[1.093s] -- Check for working C compiler: /usr/bin/cc - skipped
[1.095s] -- Detecting C compile features
[1.096s] -- Detecting C compile features - done
[1.108s] -- Detecting CXX compiler ABI info
[1.507s] -- Detecting CXX compiler ABI info - done
[1.533s] -- Check for working CXX compiler: /usr/bin/c++ - skipped
[1.534s] -- Detecting CXX compile features
[1.536s] -- Detecting CXX compile features - done
[1.574s] -- Found ament_cmake: 1.3.8 (/opt/ros/humble/share/ament_cmake/cmake)
[2.533s] -- Found Python3: /usr/bin/python3 (found version "3.10.12") found components: Interpreter 
[3.322s] -- Found rclcpp: 16.0.8 (/opt/ros/humble/share/rclcpp/cmake)
[3.798s] -- Found rosidl_generator_c: 3.1.5 (/opt/ros/humble/share/rosidl_generator_c/cmake)
[3.862s] -- Found rosidl_adapter: 3.1.5 (/opt/ros/humble/share/rosidl_adapter/cmake)
[3.941s] -- Found rosidl_generator_cpp: 3.1.5 (/opt/ros/humble/share/rosidl_generator_cpp/cmake)
[4.043s] -- Using all available rosidl_typesupport_c: rosidl_typesupport_fastrtps_c;rosidl_typesupport_introspection_c
[4.195s] -- Using all available rosidl_typesupport_cpp: rosidl_typesupport_fastrtps_cpp;rosidl_typesupport_introspection_cpp
[4.744s] -- Found rmw_implementation_cmake: 6.1.1 (/opt/ros/humble/share/rmw_implementation_cmake/cmake)
[4.782s] -- Found rmw_fastrtps_cpp: 6.2.6 (/opt/ros/humble/share/rmw_fastrtps_cpp/cmake)
[5.589s] -- Found OpenSSL: /usr/lib/aarch64-linux-gnu/libcrypto.so (found version "3.0.2")  
[5.884s] -- Found FastRTPS: /opt/ros/humble/include  
[6.332s] -- Using RMW implementation 'rmw_fastrtps_cpp' as default
[6.463s] -- Looking for pthread.h
[6.852s] -- Looking for pthread.h - found
[6.854s] -- Performing Test CMAKE_HAVE_LIBC_PTHREAD
[7.230s] -- Performing Test CMAKE_HAVE_LIBC_PTHREAD - Success
[7.235s] -- Found Threads: TRUE  
[8.091s] -- Found rclpy: 3.3.12 (/opt/ros/humble/share/rclpy/cmake)
[8.094s] -- Found dynamixel_sdk_custom_interfaces: 3.7.60 (/home/lemmy/robotis_ws/install/dynamixel_sdk_custom_interfaces/share/dynamixel_sdk_custom_interfaces/cmake)
[8.275s] -- Found rosidl_default_generators: 1.2.0 (/opt/ros/humble/share/rosidl_default_generators/cmake)
[9.707s] -- Found ament_cmake_ros: 0.10.0 (/opt/ros/humble/share/ament_cmake_ros/cmake)
[11.455s] -- Using all available rosidl_typesupport_c: rosidl_typesupport_fastrtps_c;rosidl_typesupport_introspection_c
[12.271s] -- Using all available rosidl_typesupport_cpp: rosidl_typesupport_fastrtps_cpp;rosidl_typesupport_introspection_cpp
[12.446s] -- Found PythonInterp: /usr/bin/python3 (found suitable version "3.10.12", minimum required is "3.6") 
[12.482s] -- Found python_cmake_module: 0.10.0 (/opt/ros/humble/share/python_cmake_module/cmake)
[12.684s] -- Found PythonLibs: /usr/lib/aarch64-linux-gnu/libpython3.10.so (found suitable version "3.10.12", minimum required is "3.5") 
[12.685s] -- Using PYTHON_EXECUTABLE: /usr/bin/python3
[12.686s] -- Using PYTHON_INCLUDE_DIRS: /usr/include/python3.10
[12.687s] -- Using PYTHON_LIBRARIES: /usr/lib/aarch64-linux-gnu/libpython3.10.so
[12.848s] -- Found PythonExtra: .so  
[13.147s] -- Found ament_lint_auto: 0.12.10 (/opt/ros/humble/share/ament_lint_auto/cmake)
[13.457s] -- Added test 'flake8' to check Python code syntax and style conventions
[13.463s] -- Added test 'lint_cmake' to check CMake code style
[13.469s] -- Added test 'pep257' to check Python code against some of the docstring style conventions in PEP 257
[13.483s] -- Added test 'xmllint' to check XML markup files
[13.515s] -- Configuring done
[13.816s] -- Generating done
[13.847s] -- Build files have been written to: /home/lemmy/robotis_ws/build/joystick_listener
[13.926s] Invoked command in '/home/lemmy/robotis_ws/build/joystick_listener' returned '0': CMAKE_PREFIX_PATH=/home/lemmy/robotis_ws/install/dynamixel_sdk_custom_interfaces:/home/lemmy/robotis_ws/install/joystick_listener:/home/lemmy/robotis_ws/install/dynamixel_sdk_examples:/home/lemmy/robotis_ws/install/dynamixel_sdk:/home/lemmy/ros2_ws/install/pantilt_bot_description:/home/lemmy/ros2_ws/install/open_manipulator_x_description:/home/lemmy/ros2_ws/install/dynamixel_hardware:/home/lemmy/robotis_ws/install/wheels_control:/home/lemmy/ros2_ws/install/my_robot_controller:/opt/ros/humble LD_LIBRARY_PATH=/home/lemmy/robotis_ws/install/dynamixel_sdk_custom_interfaces/lib:/home/lemmy/robotis_ws/install/joystick_listener/lib:/home/lemmy/robotis_ws/install/dynamixel_sdk/lib:/home/lemmy/ros2_ws/install/dynamixel_hardware/lib:/opt/ros/humble/opt/rviz_ogre_vendor/lib:/opt/ros/humble/lib/aarch64-linux-gnu:/opt/ros/humble/lib /usr/bin/cmake /home/lemmy/robotis_ws/src/joystick_listener -DCMAKE_INSTALL_PREFIX=/home/lemmy/robotis_ws/install/joystick_listener
[13.935s] Invoking command in '/home/lemmy/robotis_ws/build/joystick_listener': CMAKE_PREFIX_PATH=/home/lemmy/robotis_ws/install/dynamixel_sdk_custom_interfaces:/home/lemmy/robotis_ws/install/joystick_listener:/home/lemmy/robotis_ws/install/dynamixel_sdk_examples:/home/lemmy/robotis_ws/install/dynamixel_sdk:/home/lemmy/ros2_ws/install/pantilt_bot_description:/home/lemmy/ros2_ws/install/open_manipulator_x_description:/home/lemmy/ros2_ws/install/dynamixel_hardware:/home/lemmy/robotis_ws/install/wheels_control:/home/lemmy/ros2_ws/install/my_robot_controller:/opt/ros/humble LD_LIBRARY_PATH=/home/lemmy/robotis_ws/install/dynamixel_sdk_custom_interfaces/lib:/home/lemmy/robotis_ws/install/joystick_listener/lib:/home/lemmy/robotis_ws/install/dynamixel_sdk/lib:/home/lemmy/ros2_ws/install/dynamixel_hardware/lib:/opt/ros/humble/opt/rviz_ogre_vendor/lib:/opt/ros/humble/lib/aarch64-linux-gnu:/opt/ros/humble/lib /usr/bin/cmake --build /home/lemmy/robotis_ws/build/joystick_listener -- -j4 -l4
[14.209s] [  3%] [34m[1mGenerating C code for ROS interfaces[0m
[14.358s] [  3%] Built target ament_cmake_python_copy_joystick_listener
[14.369s] [  6%] [34m[1mGenerating C++ code for ROS interfaces[0m
[16.438s] [  9%] [32mBuilding C object CMakeFiles/joystick_listener__rosidl_generator_c.dir/rosidl_generator_c/joystick_listener/msg/detail/joystick_command__functions.c.o[0m
[16.733s] [  9%] Built target joystick_listener__cpp
[16.847s] [ 12%] [34m[1mGenerating C++ type support dispatch for ROS interfaces[0m
[16.896s] [ 16%] [34m[1mGenerating C++ type support for eProsima Fast-RTPS[0m
[17.091s] [ 19%] [32m[1mLinking C shared library libjoystick_listener__rosidl_generator_c.so[0m
[17.604s] [ 19%] Built target joystick_listener__rosidl_generator_c
[17.729s] running egg_info
[17.733s] creating joystick_listener.egg-info
[17.735s] writing joystick_listener.egg-info/PKG-INFO
[17.736s] writing dependency_links to joystick_listener.egg-info/dependency_links.txt
[17.737s] writing top-level names to joystick_listener.egg-info/top_level.txt
[17.739s] writing manifest file 'joystick_listener.egg-info/SOURCES.txt'
[17.753s] reading manifest file 'joystick_listener.egg-info/SOURCES.txt'
[17.754s] [ 22%] [34m[1mGenerating C++ introspection for ROS interfaces[0m
[17.757s] writing manifest file 'joystick_listener.egg-info/SOURCES.txt'
[17.989s] [ 22%] Built target ament_cmake_python_build_joystick_listener_egg
[18.149s] [ 25%] [34m[1mGenerating C type support for eProsima Fast-RTPS[0m
[19.185s] [ 29%] [32mBuilding CXX object CMakeFiles/joystick_listener__rosidl_typesupport_fastrtps_cpp.dir/rosidl_typesupport_fastrtps_cpp/joystick_listener/msg/detail/dds_fastrtps/joystick_command__type_support.cpp.o[0m
[19.603s] [ 32%] [32mBuilding CXX object CMakeFiles/joystick_listener__rosidl_typesupport_cpp.dir/rosidl_typesupport_cpp/joystick_listener/msg/joystick_command__type_support.cpp.o[0m
[20.634s] [ 35%] [32mBuilding CXX object CMakeFiles/joystick_listener__rosidl_typesupport_fastrtps_c.dir/rosidl_typesupport_fastrtps_c/joystick_listener/msg/detail/joystick_command__type_support_c.cpp.o[0m
[20.820s] [ 38%] [32mBuilding CXX object CMakeFiles/joystick_listener__rosidl_typesupport_introspection_cpp.dir/rosidl_typesupport_introspection_cpp/joystick_listener/msg/detail/joystick_command__type_support.cpp.o[0m
[23.716s] [ 41%] [32m[1mLinking CXX shared library libjoystick_listener__rosidl_typesupport_cpp.so[0m
[23.837s] [ 45%] [32m[1mLinking CXX shared library libjoystick_listener__rosidl_typesupport_introspection_cpp.so[0m
[23.970s] [ 48%] [32m[1mLinking CXX shared library libjoystick_listener__rosidl_typesupport_fastrtps_cpp.so[0m
[24.184s] [ 48%] Built target joystick_listener__rosidl_typesupport_cpp
[24.333s] [ 51%] [34m[1mGenerating C introspection for ROS interfaces[0m
[24.510s] [ 51%] Built target joystick_listener__rosidl_typesupport_introspection_cpp
[24.707s] [ 54%] [34m[1mGenerating C type support dispatch for ROS interfaces[0m
[24.741s] [ 58%] [32m[1mLinking CXX shared library libjoystick_listener__rosidl_typesupport_fastrtps_c.so[0m
[24.773s] [ 58%] Built target joystick_listener__rosidl_typesupport_fastrtps_cpp
[25.544s] [ 58%] Built target joystick_listener__rosidl_typesupport_fastrtps_c
[26.458s] gmake[2]: *** Deleting file 'rosidl_typesupport_introspection_c/joystick_listener/msg/detail/joystick_command__rosidl_typesupport_introspection_c.h'
[26.467s] Traceback (most recent call last):
[26.471s]   File "/opt/ros/humble/lib/rosidl_typesupport_c/rosidl_typesupport_c", line 28, in <module>
[26.474s]     sys.exit(main())
[26.476s]   File "/opt/ros/humble/lib/rosidl_typesupport_c/rosidl_typesupport_c", line 24, in main
[26.479s]     generate_c(args.generator_arguments_file, args.typesupports)
[26.481s]   File "/opt/ros/humble/local/lib/python3.10/dist-packages/rosidl_typesupport_c/__init__.py", line 28, in generate_c
[26.484s]     return generate_files(
[26.486s]   File "/opt/ros/humble/local/lib/python3.10/dist-packages/rosidl_cmake/__init__.py", line 74, in generate_files
[26.489s]     idl_file = parse_idl_file(locator)
[26.492s]   File "/opt/ros/humble/local/lib/python3.10/dist-packages/rosidl_parser/parser.py", line 64, in parse_idl_file
[26.494s]     content = parse_idl_string(string, png_file=png_file)
[26.496s]   File "/opt/ros/humble/local/lib/python3.10/dist-packages/rosidl_parser/parser.py", line 72, in parse_idl_string
[26.497s]     tree = get_ast_from_idl_string(idl_string)
[26.498s]   File "/opt/ros/humble/local/lib/python3.10/dist-packages/rosidl_parser/parser.py", line 89, in get_ast_from_idl_string
[26.500s]     return _parser.parse(idl_string)
[26.503s]   File "/usr/lib/python3/dist-packages/lark/lark.py", line 619, in parse
[26.506s] gmake[2]: *** [CMakeFiles/joystick_listener__rosidl_typesupport_introspection_c.dir/build.make:82: rosidl_typesupport_introspection_c/joystick_listener/msg/detail/joystick_command__rosidl_typesupport_introspection_c.h] Interrupt
[26.508s] gmake[1]: *** [CMakeFiles/Makefile2:316: CMakeFiles/joystick_listener__rosidl_typesupport_introspection_c.dir/all] Interrupt
[26.511s]     return self.parser.parse(text, start=start, on_error=on_error)
[26.512s]   File "/usr/lib/python3/dist-packages/lark/parser_frontends.py", line 99, in parse
[26.515s]     return self.parser.parse(stream, chosen_start, **kw)
[26.517s]   File "/usr/lib/python3/dist-packages/lark/parsers/earley.py", line 292, in parse
[26.523s]     return transformer.transform(solutions[0])
[26.529s]   File "/usr/lib/python3/dist-packages/lark/parsers/earley_forest.py", line 395, in transform
[26.534s]     self.visit(root)
[26.535s]   File "/usr/lib/python3/dist-packages/lark/parsers/earley_forest.py", line 532, in visit
[26.536s]     super(ForestToParseTree, self).visit(root)
[26.537s]   File "/usr/lib/python3/dist-packages/lark/parsers/earley_forest.py", line 336, in visit
[26.538s]     vpno(current)
[26.539s]   File "/usr/lib/python3/dist-packages/lark/parsers/earley_forest.py", line 633, in visit_packed_node_out
[26.540s]     super(ForestToParseTree, self).visit_packed_node_out(node)
[26.541s]   File "/usr/lib/python3/dist-packages/lark/parsers/earley_forest.py", line 445, in visit_packed_node_out
[26.541s]     self._visit_node_out_helper(node, self.transform_packed_node)
[26.542s]   File "/usr/lib/python3/dist-packages/lark/parsers/earley_forest.py", line 433, in _visit_node_out_helper
[26.542s]     transformed = method(node, self.data[id(node)])
[26.543s]   File "/usr/lib/python3/dist-packages/lark/parsers/earley_forest.py", line 607, in transform_packed_node
[26.545s]     data = PackedData(node, data)
[26.546s]   File "/usr/lib/python3/dist-packages/lark/parsers/earley_forest.py", line 499, in __init__
[26.546s]     if len(data) > 1:
[26.547s] KeyboardInterrupt
[26.578s] gmake[2]: *** [CMakeFiles/joystick_listener__rosidl_typesupport_c.dir/build.make:80: rosidl_typesupport_c/joystick_listener/msg/joystick_command__type_support.cpp] Interrupt
[26.579s] gmake[1]: *** [CMakeFiles/Makefile2:342: CMakeFiles/joystick_listener__rosidl_typesupport_c.dir/all] Interrupt
[26.579s] gmake: *** [Makefile:146: all] Interrupt
[26.588s] Invoked command in '/home/lemmy/robotis_ws/build/joystick_listener' returned '-2': CMAKE_PREFIX_PATH=/home/lemmy/robotis_ws/install/dynamixel_sdk_custom_interfaces:/home/lemmy/robotis_ws/install/joystick_listener:/home/lemmy/robotis_ws/install/dynamixel_sdk_examples:/home/lemmy/robotis_ws/install/dynamixel_sdk:/home/lemmy/ros2_ws/install/pantilt_bot_description:/home/lemmy/ros2_ws/install/open_manipulator_x_description:/home/lemmy/ros2_ws/install/dynamixel_hardware:/home/lemmy/robotis_ws/install/wheels_control:/home/lemmy/ros2_ws/install/my_robot_controller:/opt/ros/humble LD_LIBRARY_PATH=/home/lemmy/robotis_ws/install/dynamixel_sdk_custom_interfaces/lib:/home/lemmy/robotis_ws/install/joystick_listener/lib:/home/lemmy/robotis_ws/install/dynamixel_sdk/lib:/home/lemmy/ros2_ws/install/dynamixel_hardware/lib:/opt/ros/humble/opt/rviz_ogre_vendor/lib:/opt/ros/humble/lib/aarch64-linux-gnu:/opt/ros/humble/lib /usr/bin/cmake --build /home/lemmy/robotis_ws/build/joystick_listener -- -j4 -l4
