running egg_info
creating ../../build/wheels_control/wheels_control.egg-info
writing ../../build/wheels_control/wheels_control.egg-info/PKG-INFO
writing dependency_links to ../../build/wheels_control/wheels_control.egg-info/dependency_links.txt
writing entry points to ../../build/wheels_control/wheels_control.egg-info/entry_points.txt
writing requirements to ../../build/wheels_control/wheels_control.egg-info/requires.txt
writing top-level names to ../../build/wheels_control/wheels_control.egg-info/top_level.txt
writing manifest file '../../build/wheels_control/wheels_control.egg-info/SOURCES.txt'
reading manifest file '../../build/wheels_control/wheels_control.egg-info/SOURCES.txt'
adding license file 'LICENSE'
writing manifest file '../../build/wheels_control/wheels_control.egg-info/SOURCES.txt'
running build
running build_py
creating /home/lemmy/robotis_ws/build/wheels_control/build
creating /home/lemmy/robotis_ws/build/wheels_control/build/lib
creating /home/lemmy/robotis_ws/build/wheels_control/build/lib/wheels_control
copying wheels_control/__init__.py -> /home/lemmy/robotis_ws/build/wheels_control/build/lib/wheels_control
copying wheels_control/wheels_control.py -> /home/lemmy/robotis_ws/build/wheels_control/build/lib/wheels_control
copying wheels_control/predefined_path.py -> /home/lemmy/robotis_ws/build/wheels_control/build/lib/wheels_control
running install
running install_lib
creating /home/lemmy/robotis_ws/install/wheels_control/lib/python3.10/site-packages/wheels_control
copying /home/lemmy/robotis_ws/build/wheels_control/build/lib/wheels_control/__init__.py -> /home/lemmy/robotis_ws/install/wheels_control/lib/python3.10/site-packages/wheels_control
copying /home/lemmy/robotis_ws/build/wheels_control/build/lib/wheels_control/wheels_control.py -> /home/lemmy/robotis_ws/install/wheels_control/lib/python3.10/site-packages/wheels_control
copying /home/lemmy/robotis_ws/build/wheels_control/build/lib/wheels_control/predefined_path.py -> /home/lemmy/robotis_ws/install/wheels_control/lib/python3.10/site-packages/wheels_control
byte-compiling /home/lemmy/robotis_ws/install/wheels_control/lib/python3.10/site-packages/wheels_control/__init__.py to __init__.cpython-310.pyc
byte-compiling /home/lemmy/robotis_ws/install/wheels_control/lib/python3.10/site-packages/wheels_control/wheels_control.py to wheels_control.cpython-310.pyc
byte-compiling /home/lemmy/robotis_ws/install/wheels_control/lib/python3.10/site-packages/wheels_control/predefined_path.py to predefined_path.cpython-310.pyc
running install_data
copying package.xml -> /home/lemmy/robotis_ws/install/wheels_control/share/wheels_control
creating /home/lemmy/robotis_ws/install/wheels_control/share/wheels_control/launch
copying launch/wheels_control.launch.py -> /home/lemmy/robotis_ws/install/wheels_control/share/wheels_control/launch
creating /home/lemmy/robotis_ws/install/wheels_control/share/ament_index
creating /home/lemmy/robotis_ws/install/wheels_control/share/ament_index/resource_index
creating /home/lemmy/robotis_ws/install/wheels_control/share/ament_index/resource_index/packages
copying resource/wheels_control -> /home/lemmy/robotis_ws/install/wheels_control/share/ament_index/resource_index/packages
running install_egg_info
Copying ../../build/wheels_control/wheels_control.egg-info to /home/lemmy/robotis_ws/install/wheels_control/lib/python3.10/site-packages/wheels_control-0.0.0-py3.10.egg-info
running install_scripts
Installing wheels_control script to /home/lemmy/robotis_ws/install/wheels_control/lib/wheels_control
writing list of installed files to '/home/lemmy/robotis_ws/build/wheels_control/install.log'
