[0.073s] Invoking command in '/home/lemmy/robotis_ws/build/joystick_listener': CMAKE_PREFIX_PATH=/home/lemmy/robotis_ws/install/dynamixel_sdk_custom_interfaces:/home/lemmy/robotis_ws/install/joystick_listener:/home/lemmy/robotis_ws/install/dynamixel_sdk_examples:/home/lemmy/robotis_ws/install/dynamixel_sdk:/home/lemmy/ros2_ws/install/pantilt_bot_description:/home/lemmy/ros2_ws/install/open_manipulator_x_description:/home/lemmy/ros2_ws/install/dynamixel_hardware:/home/lemmy/robotis_ws/install/wheels_control:/home/lemmy/ros2_ws/install/my_robot_controller:/opt/ros/humble LD_LIBRARY_PATH=/home/lemmy/robotis_ws/install/dynamixel_sdk_custom_interfaces/lib:/home/lemmy/robotis_ws/install/joystick_listener/lib:/home/lemmy/robotis_ws/install/dynamixel_sdk/lib:/home/lemmy/ros2_ws/install/dynamixel_hardware/lib:/opt/ros/humble/opt/rviz_ogre_vendor/lib:/opt/ros/humble/lib/aarch64-linux-gnu:/opt/ros/humble/lib PYTHONPATH=/home/lemmy/robotis_ws/install/dynamixel_sdk_custom_interfaces/lib/python3.10/site-packages:/home/lemmy/robotis_ws/install/wheels_control/lib/python3.10/site-packages:/home/lemmy/robotis_ws/install/joystick_listener/lib/python3.10/site-packages:/home/lemmy/ros2_ws/install/my_robot_controller/lib/python3.10/site-packages:/opt/ros/humble/lib/python3.10/site-packages:/opt/ros/humble/local/lib/python3.10/dist-packages /usr/bin/cmake --build /home/lemmy/robotis_ws/build/joystick_listener -- -j4 -l4
[0.426s] [  3%] Built target joystick_listener__cpp
[0.441s] [ 12%] Built target joystick_listener__rosidl_generator_c
[0.462s] [ 12%] Built target ament_cmake_python_copy_joystick_listener
[0.594s] [ 22%] Built target joystick_listener__rosidl_typesupport_introspection_cpp
[0.639s] [ 32%] Built target joystick_listener__rosidl_typesupport_fastrtps_c
[0.645s] [ 41%] Built target joystick_listener__rosidl_typesupport_cpp
[0.661s] [ 51%] Built target joystick_listener__rosidl_typesupport_fastrtps_cpp
[0.741s] [ 61%] Built target joystick_listener__rosidl_typesupport_introspection_c
[0.759s] [ 70%] Built target joystick_listener__rosidl_typesupport_c
[0.867s] [ 70%] Built target joystick_listener
[0.982s] [ 74%] Built target joystick_listener__py
[1.105s] [ 80%] Built target joystick_listener__rosidl_generator_py
[1.335s] [ 87%] Built target joystick_listener__rosidl_typesupport_fastrtps_c__pyext
[1.374s] [ 93%] Built target joystick_listener__rosidl_typesupport_c__pyext
[1.402s] [100%] Built target joystick_listener__rosidl_typesupport_introspection_c__pyext
[1.692s] running egg_info
[1.735s] writing joystick_listener.egg-info/PKG-INFO
[1.738s] writing dependency_links to joystick_listener.egg-info/dependency_links.txt
[1.739s] writing top-level names to joystick_listener.egg-info/top_level.txt
[1.860s] reading manifest file 'joystick_listener.egg-info/SOURCES.txt'
[1.863s] writing manifest file 'joystick_listener.egg-info/SOURCES.txt'
[2.002s] [100%] Built target ament_cmake_python_build_joystick_listener_egg
[2.046s] Invoked command in '/home/lemmy/robotis_ws/build/joystick_listener' returned '0': CMAKE_PREFIX_PATH=/home/lemmy/robotis_ws/install/dynamixel_sdk_custom_interfaces:/home/lemmy/robotis_ws/install/joystick_listener:/home/lemmy/robotis_ws/install/dynamixel_sdk_examples:/home/lemmy/robotis_ws/install/dynamixel_sdk:/home/lemmy/ros2_ws/install/pantilt_bot_description:/home/lemmy/ros2_ws/install/open_manipulator_x_description:/home/lemmy/ros2_ws/install/dynamixel_hardware:/home/lemmy/robotis_ws/install/wheels_control:/home/lemmy/ros2_ws/install/my_robot_controller:/opt/ros/humble LD_LIBRARY_PATH=/home/lemmy/robotis_ws/install/dynamixel_sdk_custom_interfaces/lib:/home/lemmy/robotis_ws/install/joystick_listener/lib:/home/lemmy/robotis_ws/install/dynamixel_sdk/lib:/home/lemmy/ros2_ws/install/dynamixel_hardware/lib:/opt/ros/humble/opt/rviz_ogre_vendor/lib:/opt/ros/humble/lib/aarch64-linux-gnu:/opt/ros/humble/lib PYTHONPATH=/home/lemmy/robotis_ws/install/dynamixel_sdk_custom_interfaces/lib/python3.10/site-packages:/home/lemmy/robotis_ws/install/wheels_control/lib/python3.10/site-packages:/home/lemmy/robotis_ws/install/joystick_listener/lib/python3.10/site-packages:/home/lemmy/ros2_ws/install/my_robot_controller/lib/python3.10/site-packages:/opt/ros/humble/lib/python3.10/site-packages:/opt/ros/humble/local/lib/python3.10/dist-packages /usr/bin/cmake --build /home/lemmy/robotis_ws/build/joystick_listener -- -j4 -l4
[2.422s] Invoking command in '/home/lemmy/robotis_ws/build/joystick_listener': CMAKE_PREFIX_PATH=/home/lemmy/robotis_ws/install/dynamixel_sdk_custom_interfaces:/home/lemmy/robotis_ws/install/joystick_listener:/home/lemmy/robotis_ws/install/dynamixel_sdk_examples:/home/lemmy/robotis_ws/install/dynamixel_sdk:/home/lemmy/ros2_ws/install/pantilt_bot_description:/home/lemmy/ros2_ws/install/open_manipulator_x_description:/home/lemmy/ros2_ws/install/dynamixel_hardware:/home/lemmy/robotis_ws/install/wheels_control:/home/lemmy/ros2_ws/install/my_robot_controller:/opt/ros/humble LD_LIBRARY_PATH=/home/lemmy/robotis_ws/install/dynamixel_sdk_custom_interfaces/lib:/home/lemmy/robotis_ws/install/joystick_listener/lib:/home/lemmy/robotis_ws/install/dynamixel_sdk/lib:/home/lemmy/ros2_ws/install/dynamixel_hardware/lib:/opt/ros/humble/opt/rviz_ogre_vendor/lib:/opt/ros/humble/lib/aarch64-linux-gnu:/opt/ros/humble/lib PYTHONPATH=/home/lemmy/robotis_ws/install/dynamixel_sdk_custom_interfaces/lib/python3.10/site-packages:/home/lemmy/robotis_ws/install/wheels_control/lib/python3.10/site-packages:/home/lemmy/robotis_ws/install/joystick_listener/lib/python3.10/site-packages:/home/lemmy/ros2_ws/install/my_robot_controller/lib/python3.10/site-packages:/opt/ros/humble/lib/python3.10/site-packages:/opt/ros/humble/local/lib/python3.10/dist-packages /usr/bin/cmake --install /home/lemmy/robotis_ws/build/joystick_listener
[2.457s] -- Install configuration: ""
[2.458s] -- Up-to-date: /home/lemmy/robotis_ws/install/joystick_listener/share/ament_index/resource_index/rosidl_interfaces/joystick_listener
[2.459s] -- Up-to-date: /home/lemmy/robotis_ws/install/joystick_listener/include/joystick_listener/joystick_listener
[2.460s] -- Up-to-date: /home/lemmy/robotis_ws/install/joystick_listener/include/joystick_listener/joystick_listener/msg
[2.460s] -- Up-to-date: /home/lemmy/robotis_ws/install/joystick_listener/include/joystick_listener/joystick_listener/msg/joystick_command.h
[2.461s] -- Up-to-date: /home/lemmy/robotis_ws/install/joystick_listener/include/joystick_listener/joystick_listener/msg/detail
[2.462s] -- Up-to-date: /home/lemmy/robotis_ws/install/joystick_listener/include/joystick_listener/joystick_listener/msg/detail/joystick_command__type_support.h
[2.463s] -- Up-to-date: /home/lemmy/robotis_ws/install/joystick_listener/include/joystick_listener/joystick_listener/msg/detail/joystick_command__functions.h
[2.463s] -- Up-to-date: /home/lemmy/robotis_ws/install/joystick_listener/include/joystick_listener/joystick_listener/msg/detail/joystick_command__functions.c
[2.464s] -- Up-to-date: /home/lemmy/robotis_ws/install/joystick_listener/include/joystick_listener/joystick_listener/msg/detail/joystick_command__struct.h
[2.465s] -- Up-to-date: /home/lemmy/robotis_ws/install/joystick_listener/include/joystick_listener/joystick_listener/msg/rosidl_generator_c__visibility_control.h
[2.465s] -- Up-to-date: /home/lemmy/robotis_ws/install/joystick_listener/share/joystick_listener/environment/library_path.sh
[2.466s] -- Up-to-date: /home/lemmy/robotis_ws/install/joystick_listener/share/joystick_listener/environment/library_path.dsv
[2.467s] -- Up-to-date: /home/lemmy/robotis_ws/install/joystick_listener/lib/libjoystick_listener__rosidl_generator_c.so
[2.468s] -- Up-to-date: /home/lemmy/robotis_ws/install/joystick_listener/include/joystick_listener/joystick_listener
[2.468s] -- Up-to-date: /home/lemmy/robotis_ws/install/joystick_listener/include/joystick_listener/joystick_listener/msg
[2.469s] -- Up-to-date: /home/lemmy/robotis_ws/install/joystick_listener/include/joystick_listener/joystick_listener/msg/rosidl_typesupport_fastrtps_c__visibility_control.h
[2.470s] -- Up-to-date: /home/lemmy/robotis_ws/install/joystick_listener/include/joystick_listener/joystick_listener/msg/detail
[2.471s] -- Up-to-date: /home/lemmy/robotis_ws/install/joystick_listener/include/joystick_listener/joystick_listener/msg/detail/joystick_command__rosidl_typesupport_fastrtps_c.h
[2.472s] -- Up-to-date: /home/lemmy/robotis_ws/install/joystick_listener/lib/libjoystick_listener__rosidl_typesupport_fastrtps_c.so
[2.473s] -- Up-to-date: /home/lemmy/robotis_ws/install/joystick_listener/include/joystick_listener/joystick_listener
[2.474s] -- Up-to-date: /home/lemmy/robotis_ws/install/joystick_listener/include/joystick_listener/joystick_listener/msg
[2.475s] -- Up-to-date: /home/lemmy/robotis_ws/install/joystick_listener/include/joystick_listener/joystick_listener/msg/joystick_command.hpp
[2.476s] -- Up-to-date: /home/lemmy/robotis_ws/install/joystick_listener/include/joystick_listener/joystick_listener/msg/detail
[2.476s] -- Up-to-date: /home/lemmy/robotis_ws/install/joystick_listener/include/joystick_listener/joystick_listener/msg/detail/joystick_command__builder.hpp
[2.477s] -- Up-to-date: /home/lemmy/robotis_ws/install/joystick_listener/include/joystick_listener/joystick_listener/msg/detail/joystick_command__traits.hpp
[2.477s] -- Up-to-date: /home/lemmy/robotis_ws/install/joystick_listener/include/joystick_listener/joystick_listener/msg/detail/joystick_command__struct.hpp
[2.478s] -- Up-to-date: /home/lemmy/robotis_ws/install/joystick_listener/include/joystick_listener/joystick_listener
[2.479s] -- Up-to-date: /home/lemmy/robotis_ws/install/joystick_listener/include/joystick_listener/joystick_listener/msg
[2.480s] -- Up-to-date: /home/lemmy/robotis_ws/install/joystick_listener/include/joystick_listener/joystick_listener/msg/rosidl_typesupport_fastrtps_cpp__visibility_control.h
[2.480s] -- Up-to-date: /home/lemmy/robotis_ws/install/joystick_listener/include/joystick_listener/joystick_listener/msg/detail
[2.481s] -- Up-to-date: /home/lemmy/robotis_ws/install/joystick_listener/include/joystick_listener/joystick_listener/msg/detail/dds_fastrtps
[2.482s] -- Up-to-date: /home/lemmy/robotis_ws/install/joystick_listener/include/joystick_listener/joystick_listener/msg/detail/joystick_command__rosidl_typesupport_fastrtps_cpp.hpp
[2.482s] -- Up-to-date: /home/lemmy/robotis_ws/install/joystick_listener/lib/libjoystick_listener__rosidl_typesupport_fastrtps_cpp.so
[2.483s] -- Up-to-date: /home/lemmy/robotis_ws/install/joystick_listener/include/joystick_listener/joystick_listener
[2.483s] -- Up-to-date: /home/lemmy/robotis_ws/install/joystick_listener/include/joystick_listener/joystick_listener/msg
[2.484s] -- Up-to-date: /home/lemmy/robotis_ws/install/joystick_listener/include/joystick_listener/joystick_listener/msg/detail
[2.484s] -- Up-to-date: /home/lemmy/robotis_ws/install/joystick_listener/include/joystick_listener/joystick_listener/msg/detail/joystick_command__type_support.c
[2.485s] -- Up-to-date: /home/lemmy/robotis_ws/install/joystick_listener/include/joystick_listener/joystick_listener/msg/detail/joystick_command__rosidl_typesupport_introspection_c.h
[2.486s] -- Up-to-date: /home/lemmy/robotis_ws/install/joystick_listener/include/joystick_listener/joystick_listener/msg/rosidl_typesupport_introspection_c__visibility_control.h
[2.487s] -- Up-to-date: /home/lemmy/robotis_ws/install/joystick_listener/lib/libjoystick_listener__rosidl_typesupport_introspection_c.so
[2.487s] -- Up-to-date: /home/lemmy/robotis_ws/install/joystick_listener/lib/libjoystick_listener__rosidl_typesupport_c.so
[2.488s] -- Up-to-date: /home/lemmy/robotis_ws/install/joystick_listener/include/joystick_listener/joystick_listener
[2.489s] -- Up-to-date: /home/lemmy/robotis_ws/install/joystick_listener/include/joystick_listener/joystick_listener/msg
[2.489s] -- Up-to-date: /home/lemmy/robotis_ws/install/joystick_listener/include/joystick_listener/joystick_listener/msg/detail
[2.490s] -- Up-to-date: /home/lemmy/robotis_ws/install/joystick_listener/include/joystick_listener/joystick_listener/msg/detail/joystick_command__type_support.cpp
[2.490s] -- Up-to-date: /home/lemmy/robotis_ws/install/joystick_listener/include/joystick_listener/joystick_listener/msg/detail/joystick_command__rosidl_typesupport_introspection_cpp.hpp
[2.491s] -- Up-to-date: /home/lemmy/robotis_ws/install/joystick_listener/lib/libjoystick_listener__rosidl_typesupport_introspection_cpp.so
[2.492s] -- Up-to-date: /home/lemmy/robotis_ws/install/joystick_listener/lib/libjoystick_listener__rosidl_typesupport_cpp.so
[2.493s] -- Up-to-date: /home/lemmy/robotis_ws/install/joystick_listener/share/joystick_listener/environment/pythonpath.sh
[2.494s] -- Up-to-date: /home/lemmy/robotis_ws/install/joystick_listener/share/joystick_listener/environment/pythonpath.dsv
[2.495s] -- Up-to-date: /home/lemmy/robotis_ws/install/joystick_listener/lib/python3.10/site-packages/joystick_listener-0.0.0-py3.10.egg-info
[2.495s] -- Installing: /home/lemmy/robotis_ws/install/joystick_listener/lib/python3.10/site-packages/joystick_listener-0.0.0-py3.10.egg-info/SOURCES.txt
[2.496s] -- Installing: /home/lemmy/robotis_ws/install/joystick_listener/lib/python3.10/site-packages/joystick_listener-0.0.0-py3.10.egg-info/dependency_links.txt
[2.497s] -- Installing: /home/lemmy/robotis_ws/install/joystick_listener/lib/python3.10/site-packages/joystick_listener-0.0.0-py3.10.egg-info/PKG-INFO
[2.499s] -- Installing: /home/lemmy/robotis_ws/install/joystick_listener/lib/python3.10/site-packages/joystick_listener-0.0.0-py3.10.egg-info/top_level.txt
[2.501s] -- Up-to-date: /home/lemmy/robotis_ws/install/joystick_listener/lib/python3.10/site-packages/joystick_listener
[2.502s] -- Up-to-date: /home/lemmy/robotis_ws/install/joystick_listener/lib/python3.10/site-packages/joystick_listener/__init__.py
[2.503s] -- Up-to-date: /home/lemmy/robotis_ws/install/joystick_listener/lib/python3.10/site-packages/joystick_listener/libjoystick_listener__rosidl_generator_py.so
[2.504s] -- Up-to-date: /home/lemmy/robotis_ws/install/joystick_listener/lib/python3.10/site-packages/joystick_listener/joystick_listener_s__rosidl_typesupport_c.cpython-310-aarch64-linux-gnu.so
[2.505s] -- Up-to-date: /home/lemmy/robotis_ws/install/joystick_listener/lib/python3.10/site-packages/joystick_listener/_joystick_listener_s.ep.rosidl_typesupport_c.c
[2.506s] -- Up-to-date: /home/lemmy/robotis_ws/install/joystick_listener/lib/python3.10/site-packages/joystick_listener/_joystick_listener_s.ep.rosidl_typesupport_introspection_c.c
[2.506s] -- Up-to-date: /home/lemmy/robotis_ws/install/joystick_listener/lib/python3.10/site-packages/joystick_listener/_joystick_listener_s.ep.rosidl_typesupport_fastrtps_c.c
[2.507s] -- Up-to-date: /home/lemmy/robotis_ws/install/joystick_listener/lib/python3.10/site-packages/joystick_listener/joystick_listener_s__rosidl_typesupport_fastrtps_c.cpython-310-aarch64-linux-gnu.so
[2.507s] -- Up-to-date: /home/lemmy/robotis_ws/install/joystick_listener/lib/python3.10/site-packages/joystick_listener/msg
[2.508s] -- Up-to-date: /home/lemmy/robotis_ws/install/joystick_listener/lib/python3.10/site-packages/joystick_listener/msg/__init__.py
[2.508s] -- Up-to-date: /home/lemmy/robotis_ws/install/joystick_listener/lib/python3.10/site-packages/joystick_listener/msg/_joystick_command_s.c
[2.509s] -- Up-to-date: /home/lemmy/robotis_ws/install/joystick_listener/lib/python3.10/site-packages/joystick_listener/msg/_joystick_command.py
[2.509s] -- Up-to-date: /home/lemmy/robotis_ws/install/joystick_listener/lib/python3.10/site-packages/joystick_listener/joystick_listener_s__rosidl_typesupport_introspection_c.cpython-310-aarch64-linux-gnu.so
[2.680s] Listing '/home/lemmy/robotis_ws/install/joystick_listener/lib/python3.10/site-packages/joystick_listener'...
[2.681s] Listing '/home/lemmy/robotis_ws/install/joystick_listener/lib/python3.10/site-packages/joystick_listener/msg'...
[2.705s] -- Up-to-date: /home/lemmy/robotis_ws/install/joystick_listener/lib/python3.10/site-packages/joystick_listener/joystick_listener_s__rosidl_typesupport_fastrtps_c.cpython-310-aarch64-linux-gnu.so
[2.708s] -- Up-to-date: /home/lemmy/robotis_ws/install/joystick_listener/lib/python3.10/site-packages/joystick_listener/joystick_listener_s__rosidl_typesupport_introspection_c.cpython-310-aarch64-linux-gnu.so
[2.710s] -- Up-to-date: /home/lemmy/robotis_ws/install/joystick_listener/lib/python3.10/site-packages/joystick_listener/joystick_listener_s__rosidl_typesupport_c.cpython-310-aarch64-linux-gnu.so
[2.713s] -- Up-to-date: /home/lemmy/robotis_ws/install/joystick_listener/lib/libjoystick_listener__rosidl_generator_py.so
[2.715s] -- Up-to-date: /home/lemmy/robotis_ws/install/joystick_listener/share/joystick_listener/msg/JoystickCommand.idl
[2.716s] -- Up-to-date: /home/lemmy/robotis_ws/install/joystick_listener/share/joystick_listener/msg/JoystickCommand.msg
[2.719s] -- Up-to-date: /home/lemmy/robotis_ws/install/joystick_listener/lib/joystick_listener/joystick_control.py
[2.720s] -- Up-to-date: /home/lemmy/robotis_ws/install/joystick_listener/share/joystick_listener/launch
[2.721s] -- Up-to-date: /home/lemmy/robotis_ws/install/joystick_listener/share/joystick_listener/launch/joystick_listener.launch.py
[2.721s] -- Up-to-date: /home/lemmy/robotis_ws/install/joystick_listener/share/ament_index/resource_index/package_run_dependencies/joystick_listener
[2.722s] -- Up-to-date: /home/lemmy/robotis_ws/install/joystick_listener/share/ament_index/resource_index/parent_prefix_path/joystick_listener
[2.722s] -- Up-to-date: /home/lemmy/robotis_ws/install/joystick_listener/share/joystick_listener/environment/ament_prefix_path.sh
[2.723s] -- Up-to-date: /home/lemmy/robotis_ws/install/joystick_listener/share/joystick_listener/environment/ament_prefix_path.dsv
[2.724s] -- Up-to-date: /home/lemmy/robotis_ws/install/joystick_listener/share/joystick_listener/environment/path.sh
[2.726s] -- Up-to-date: /home/lemmy/robotis_ws/install/joystick_listener/share/joystick_listener/environment/path.dsv
[2.727s] -- Up-to-date: /home/lemmy/robotis_ws/install/joystick_listener/share/joystick_listener/local_setup.bash
[2.728s] -- Up-to-date: /home/lemmy/robotis_ws/install/joystick_listener/share/joystick_listener/local_setup.sh
[2.728s] -- Up-to-date: /home/lemmy/robotis_ws/install/joystick_listener/share/joystick_listener/local_setup.zsh
[2.729s] -- Up-to-date: /home/lemmy/robotis_ws/install/joystick_listener/share/joystick_listener/local_setup.dsv
[2.729s] -- Installing: /home/lemmy/robotis_ws/install/joystick_listener/share/joystick_listener/package.dsv
[2.730s] -- Up-to-date: /home/lemmy/robotis_ws/install/joystick_listener/share/ament_index/resource_index/packages/joystick_listener
[2.731s] -- Up-to-date: /home/lemmy/robotis_ws/install/joystick_listener/share/joystick_listener/cmake/export_joystick_listener__rosidl_generator_cExport.cmake
[2.731s] -- Up-to-date: /home/lemmy/robotis_ws/install/joystick_listener/share/joystick_listener/cmake/export_joystick_listener__rosidl_generator_cExport-noconfig.cmake
[2.732s] -- Up-to-date: /home/lemmy/robotis_ws/install/joystick_listener/share/joystick_listener/cmake/export_joystick_listener__rosidl_typesupport_fastrtps_cExport.cmake
[2.732s] -- Up-to-date: /home/lemmy/robotis_ws/install/joystick_listener/share/joystick_listener/cmake/export_joystick_listener__rosidl_typesupport_fastrtps_cExport-noconfig.cmake
[2.733s] -- Up-to-date: /home/lemmy/robotis_ws/install/joystick_listener/share/joystick_listener/cmake/export_joystick_listener__rosidl_generator_cppExport.cmake
[2.734s] -- Up-to-date: /home/lemmy/robotis_ws/install/joystick_listener/share/joystick_listener/cmake/export_joystick_listener__rosidl_typesupport_fastrtps_cppExport.cmake
[2.734s] -- Up-to-date: /home/lemmy/robotis_ws/install/joystick_listener/share/joystick_listener/cmake/export_joystick_listener__rosidl_typesupport_fastrtps_cppExport-noconfig.cmake
[2.735s] -- Up-to-date: /home/lemmy/robotis_ws/install/joystick_listener/share/joystick_listener/cmake/joystick_listener__rosidl_typesupport_introspection_cExport.cmake
[2.735s] -- Up-to-date: /home/lemmy/robotis_ws/install/joystick_listener/share/joystick_listener/cmake/joystick_listener__rosidl_typesupport_introspection_cExport-noconfig.cmake
[2.737s] -- Up-to-date: /home/lemmy/robotis_ws/install/joystick_listener/share/joystick_listener/cmake/joystick_listener__rosidl_typesupport_cExport.cmake
[2.738s] -- Up-to-date: /home/lemmy/robotis_ws/install/joystick_listener/share/joystick_listener/cmake/joystick_listener__rosidl_typesupport_cExport-noconfig.cmake
[2.738s] -- Up-to-date: /home/lemmy/robotis_ws/install/joystick_listener/share/joystick_listener/cmake/joystick_listener__rosidl_typesupport_introspection_cppExport.cmake
[2.740s] -- Up-to-date: /home/lemmy/robotis_ws/install/joystick_listener/share/joystick_listener/cmake/joystick_listener__rosidl_typesupport_introspection_cppExport-noconfig.cmake
[2.741s] -- Up-to-date: /home/lemmy/robotis_ws/install/joystick_listener/share/joystick_listener/cmake/joystick_listener__rosidl_typesupport_cppExport.cmake
[2.742s] -- Up-to-date: /home/lemmy/robotis_ws/install/joystick_listener/share/joystick_listener/cmake/joystick_listener__rosidl_typesupport_cppExport-noconfig.cmake
[2.742s] -- Up-to-date: /home/lemmy/robotis_ws/install/joystick_listener/share/joystick_listener/cmake/export_joystick_listener__rosidl_generator_pyExport.cmake
[2.743s] -- Up-to-date: /home/lemmy/robotis_ws/install/joystick_listener/share/joystick_listener/cmake/export_joystick_listener__rosidl_generator_pyExport-noconfig.cmake
[2.743s] -- Up-to-date: /home/lemmy/robotis_ws/install/joystick_listener/share/joystick_listener/cmake/rosidl_cmake-extras.cmake
[2.744s] -- Up-to-date: /home/lemmy/robotis_ws/install/joystick_listener/share/joystick_listener/cmake/ament_cmake_export_include_directories-extras.cmake
[2.745s] -- Up-to-date: /home/lemmy/robotis_ws/install/joystick_listener/share/joystick_listener/cmake/ament_cmake_export_libraries-extras.cmake
[2.745s] -- Up-to-date: /home/lemmy/robotis_ws/install/joystick_listener/share/joystick_listener/cmake/ament_cmake_export_targets-extras.cmake
[2.746s] -- Up-to-date: /home/lemmy/robotis_ws/install/joystick_listener/share/joystick_listener/cmake/rosidl_cmake_export_typesupport_targets-extras.cmake
[2.748s] -- Up-to-date: /home/lemmy/robotis_ws/install/joystick_listener/share/joystick_listener/cmake/ament_cmake_export_dependencies-extras.cmake
[2.749s] -- Up-to-date: /home/lemmy/robotis_ws/install/joystick_listener/share/joystick_listener/cmake/rosidl_cmake_export_typesupport_libraries-extras.cmake
[2.750s] -- Up-to-date: /home/lemmy/robotis_ws/install/joystick_listener/share/joystick_listener/cmake/joystick_listenerConfig.cmake
[2.754s] -- Up-to-date: /home/lemmy/robotis_ws/install/joystick_listener/share/joystick_listener/cmake/joystick_listenerConfig-version.cmake
[2.755s] -- Up-to-date: /home/lemmy/robotis_ws/install/joystick_listener/share/joystick_listener/package.xml
[2.756s] Invoked command in '/home/lemmy/robotis_ws/build/joystick_listener' returned '0': CMAKE_PREFIX_PATH=/home/lemmy/robotis_ws/install/dynamixel_sdk_custom_interfaces:/home/lemmy/robotis_ws/install/joystick_listener:/home/lemmy/robotis_ws/install/dynamixel_sdk_examples:/home/lemmy/robotis_ws/install/dynamixel_sdk:/home/lemmy/ros2_ws/install/pantilt_bot_description:/home/lemmy/ros2_ws/install/open_manipulator_x_description:/home/lemmy/ros2_ws/install/dynamixel_hardware:/home/lemmy/robotis_ws/install/wheels_control:/home/lemmy/ros2_ws/install/my_robot_controller:/opt/ros/humble LD_LIBRARY_PATH=/home/lemmy/robotis_ws/install/dynamixel_sdk_custom_interfaces/lib:/home/lemmy/robotis_ws/install/joystick_listener/lib:/home/lemmy/robotis_ws/install/dynamixel_sdk/lib:/home/lemmy/ros2_ws/install/dynamixel_hardware/lib:/opt/ros/humble/opt/rviz_ogre_vendor/lib:/opt/ros/humble/lib/aarch64-linux-gnu:/opt/ros/humble/lib PYTHONPATH=/home/lemmy/robotis_ws/install/dynamixel_sdk_custom_interfaces/lib/python3.10/site-packages:/home/lemmy/robotis_ws/install/wheels_control/lib/python3.10/site-packages:/home/lemmy/robotis_ws/install/joystick_listener/lib/python3.10/site-packages:/home/lemmy/ros2_ws/install/my_robot_controller/lib/python3.10/site-packages:/opt/ros/humble/lib/python3.10/site-packages:/opt/ros/humble/local/lib/python3.10/dist-packages /usr/bin/cmake --install /home/lemmy/robotis_ws/build/joystick_listener
