[3.991s] Invoking command in '/home/lemmy/robotis_ws/src/wheels_control': PYTHONPATH=/home/lemmy/robotis_ws/build/wheels_control/prefix_override:/home/lemmy/robotis_ws/install/wheels_control/lib/python3.10/site-packages:${PYTHONPATH} /usr/bin/python3 -W ignore:setup.py install is deprecated setup.py egg_info --egg-base ../../build/wheels_control build --build-base /home/lemmy/robotis_ws/build/wheels_control/build install --record /home/lemmy/robotis_ws/build/wheels_control/install.log --single-version-externally-managed install_data
[5.699s] running egg_info
[5.702s] writing ../../build/wheels_control/wheels_control.egg-info/PKG-INFO
[5.703s] writing dependency_links to ../../build/wheels_control/wheels_control.egg-info/dependency_links.txt
[5.704s] writing entry points to ../../build/wheels_control/wheels_control.egg-info/entry_points.txt
[5.705s] writing requirements to ../../build/wheels_control/wheels_control.egg-info/requires.txt
[5.706s] writing top-level names to ../../build/wheels_control/wheels_control.egg-info/top_level.txt
[5.714s] reading manifest file '../../build/wheels_control/wheels_control.egg-info/SOURCES.txt'
[5.715s] adding license file 'LICENSE'
[5.718s] writing manifest file '../../build/wheels_control/wheels_control.egg-info/SOURCES.txt'
[5.719s] running build
[5.719s] running build_py
[5.720s] running install
[5.722s] running install_lib
[5.728s] running install_data
[5.729s] running install_egg_info
[5.736s] removing '/home/lemmy/robotis_ws/install/wheels_control/lib/python3.10/site-packages/wheels_control-0.0.0-py3.10.egg-info' (and everything under it)
[5.738s] Copying ../../build/wheels_control/wheels_control.egg-info to /home/lemmy/robotis_ws/install/wheels_control/lib/python3.10/site-packages/wheels_control-0.0.0-py3.10.egg-info
[5.744s] running install_scripts
[5.860s] Installing wheels_control script to /home/lemmy/robotis_ws/install/wheels_control/lib/wheels_control
[5.864s] writing list of installed files to '/home/lemmy/robotis_ws/build/wheels_control/install.log'
[6.010s] Invoked command in '/home/lemmy/robotis_ws/src/wheels_control' returned '0': PYTHONPATH=/home/lemmy/robotis_ws/build/wheels_control/prefix_override:/home/lemmy/robotis_ws/install/wheels_control/lib/python3.10/site-packages:${PYTHONPATH} /usr/bin/python3 -W ignore:setup.py install is deprecated setup.py egg_info --egg-base ../../build/wheels_control build --build-base /home/lemmy/robotis_ws/build/wheels_control/build install --record /home/lemmy/robotis_ws/build/wheels_control/install.log --single-version-externally-managed install_data
