[0.075s] Invoking command in '/home/lemmy/robotis_ws/build/dynamixel_sdk_examples': CMAKE_PREFIX_PATH=/home/lemmy/robotis_ws/install/dynamixel_sdk_custom_interfaces:/home/lemmy/robotis_ws/install/dynamixel_sdk:/home/lemmy/robotis_ws/install/joystick_listener:/home/lemmy/robotis_ws/install/dynamixel_sdk_examples:/home/lemmy/ros2_ws/install/pantilt_bot_description:/home/lemmy/ros2_ws/install/open_manipulator_x_description:/home/lemmy/ros2_ws/install/dynamixel_hardware:/home/lemmy/robotis_ws/install/wheels_control:/home/lemmy/ros2_ws/install/my_robot_controller:/opt/ros/humble LD_LIBRARY_PATH=/home/lemmy/robotis_ws/install/dynamixel_sdk_custom_interfaces/lib:/home/lemmy/robotis_ws/install/dynamixel_sdk/lib:/home/lemmy/robotis_ws/install/joystick_listener/lib:/home/lemmy/ros2_ws/install/dynamixel_hardware/lib:/opt/ros/humble/opt/rviz_ogre_vendor/lib:/opt/ros/humble/lib/aarch64-linux-gnu:/opt/ros/humble/lib PYTHONPATH=/home/lemmy/robotis_ws/install/dynamixel_sdk_custom_interfaces/lib/python3.10/site-packages:/home/lemmy/robotis_ws/install/wheels_control/lib/python3.10/site-packages:/home/lemmy/robotis_ws/install/joystick_listener/lib/python3.10/site-packages:/home/lemmy/ros2_ws/install/my_robot_controller/lib/python3.10/site-packages:/opt/ros/humble/lib/python3.10/site-packages:/opt/ros/humble/local/lib/python3.10/dist-packages /usr/bin/cmake --build /home/lemmy/robotis_ws/build/dynamixel_sdk_examples -- -j4 -l4
[0.297s] [35m[1mConsolidate compiler generated dependencies of target position_control_node[0m
[0.437s] [ 50%] Built target velocity_control_node
[0.487s] [ 75%] [32mBuilding CXX object CMakeFiles/position_control_node.dir/src/position_control_node.cpp.o[0m
[10.823s] [01m[K/home/lemmy/robotis_ws/src/DynamixelSDK/dynamixel_sdk_examples/src/position_control_node.cpp:[m[K In constructor ‘[01m[KPositionControlNode::PositionControlNode()[m[K’:
[10.823s] [01m[K/home/lemmy/robotis_ws/src/DynamixelSDK/dynamixel_sdk_examples/src/position_control_node.cpp:49:80:[m[K [01;31m[Kerror: [m[K‘[01m[Kqos[m[K’ was not declared in this scope; did you mean ‘[01m[Kcos[m[K’?
[10.824s]    49 |     moving_status_publisher_ = this->create_publisher<Status>("moving_status", [01;31m[Kqos[m[K);
[10.824s]       |                                                                                [01;31m[K^~~[m[K
[10.824s]       |                                                                                [32m[Kcos[m[K
[10.867s] [01m[K/home/lemmy/robotis_ws/src/DynamixelSDK/dynamixel_sdk_examples/src/position_control_node.cpp:[m[K In lambda function:
[10.868s] [01m[K/home/lemmy/robotis_ws/src/DynamixelSDK/dynamixel_sdk_examples/src/position_control_node.cpp:55:17:[m[K [01;31m[Kerror: [m[K‘[01m[Kupdate_motor_status[m[K’ was not declared in this scope
[10.868s]    55 |                 [01;31m[Kupdate_motor_status[m[K(msg->ids[0], msg->positions[0]);
[10.869s]       |                 [01;31m[K^~~~~~~~~~~~~~~~~~~[m[K
[10.869s] [01m[K/home/lemmy/robotis_ws/src/DynamixelSDK/dynamixel_sdk_examples/src/position_control_node.cpp:[m[K In constructor ‘[01m[KPositionControlNode::PositionControlNode()[m[K’:
[10.869s] [01m[K/home/lemmy/robotis_ws/src/DynamixelSDK/dynamixel_sdk_examples/src/position_control_node.cpp:60:50:[m[K [01;31m[Kerror: [m[Kqualified-id in declaration before ‘[01m[K([m[K’ token
[10.870s]    60 |     void PositionControlNode::update_motor_status[01;31m[K([m[Kuint8_t id, uint32_t position) {
[10.870s]       |                                                  [01;31m[K^[m[K
[13.040s] gmake[2]: *** [CMakeFiles/position_control_node.dir/build.make:76: CMakeFiles/position_control_node.dir/src/position_control_node.cpp.o] Error 1
[13.041s] gmake[1]: *** [CMakeFiles/Makefile2:165: CMakeFiles/position_control_node.dir/all] Error 2
[13.042s] gmake: *** [Makefile:146: all] Error 2
[13.048s] Invoked command in '/home/lemmy/robotis_ws/build/dynamixel_sdk_examples' returned '2': CMAKE_PREFIX_PATH=/home/lemmy/robotis_ws/install/dynamixel_sdk_custom_interfaces:/home/lemmy/robotis_ws/install/dynamixel_sdk:/home/lemmy/robotis_ws/install/joystick_listener:/home/lemmy/robotis_ws/install/dynamixel_sdk_examples:/home/lemmy/ros2_ws/install/pantilt_bot_description:/home/lemmy/ros2_ws/install/open_manipulator_x_description:/home/lemmy/ros2_ws/install/dynamixel_hardware:/home/lemmy/robotis_ws/install/wheels_control:/home/lemmy/ros2_ws/install/my_robot_controller:/opt/ros/humble LD_LIBRARY_PATH=/home/lemmy/robotis_ws/install/dynamixel_sdk_custom_interfaces/lib:/home/lemmy/robotis_ws/install/dynamixel_sdk/lib:/home/lemmy/robotis_ws/install/joystick_listener/lib:/home/lemmy/ros2_ws/install/dynamixel_hardware/lib:/opt/ros/humble/opt/rviz_ogre_vendor/lib:/opt/ros/humble/lib/aarch64-linux-gnu:/opt/ros/humble/lib PYTHONPATH=/home/lemmy/robotis_ws/install/dynamixel_sdk_custom_interfaces/lib/python3.10/site-packages:/home/lemmy/robotis_ws/install/wheels_control/lib/python3.10/site-packages:/home/lemmy/robotis_ws/install/joystick_listener/lib/python3.10/site-packages:/home/lemmy/ros2_ws/install/my_robot_controller/lib/python3.10/site-packages:/opt/ros/humble/lib/python3.10/site-packages:/opt/ros/humble/local/lib/python3.10/dist-packages /usr/bin/cmake --build /home/lemmy/robotis_ws/build/dynamixel_sdk_examples -- -j4 -l4
