[3.871s] Invoking command in '/home/lemmy/robotis_ws/src/wheels_control': PYTHONPATH=/home/lemmy/robotis_ws/build/wheels_control/prefix_override:/home/lemmy/robotis_ws/install/wheels_control/lib/python3.10/site-packages:${PYTHONPATH} /usr/bin/python3 -W ignore:setup.py install is deprecated setup.py egg_info --egg-base ../../build/wheels_control build --build-base /home/lemmy/robotis_ws/build/wheels_control/build install --record /home/lemmy/robotis_ws/build/wheels_control/install.log --single-version-externally-managed install_data
[5.246s] running egg_info
[5.249s] writing ../../build/wheels_control/wheels_control.egg-info/PKG-INFO
[5.252s] writing dependency_links to ../../build/wheels_control/wheels_control.egg-info/dependency_links.txt
[5.255s] writing entry points to ../../build/wheels_control/wheels_control.egg-info/entry_points.txt
[5.256s] writing requirements to ../../build/wheels_control/wheels_control.egg-info/requires.txt
[5.258s] writing top-level names to ../../build/wheels_control/wheels_control.egg-info/top_level.txt
[5.271s] reading manifest file '../../build/wheels_control/wheels_control.egg-info/SOURCES.txt'
[5.272s] adding license file 'LICENSE'
[5.277s] writing manifest file '../../build/wheels_control/wheels_control.egg-info/SOURCES.txt'
[5.278s] running build
[5.278s] running build_py
[5.279s] copying wheels_control/wheels_control.py -> /home/lemmy/robotis_ws/build/wheels_control/build/lib/wheels_control
[5.280s] running install
[5.282s] running install_lib
[5.287s] copying /home/lemmy/robotis_ws/build/wheels_control/build/lib/wheels_control/wheels_control.py -> /home/lemmy/robotis_ws/install/wheels_control/lib/python3.10/site-packages/wheels_control
[5.291s] byte-compiling /home/lemmy/robotis_ws/install/wheels_control/lib/python3.10/site-packages/wheels_control/wheels_control.py to wheels_control.cpython-310.pyc
[5.296s] running install_data
[5.297s] running install_egg_info
[5.307s] removing '/home/lemmy/robotis_ws/install/wheels_control/lib/python3.10/site-packages/wheels_control-0.0.0-py3.10.egg-info' (and everything under it)
[5.310s] Copying ../../build/wheels_control/wheels_control.egg-info to /home/lemmy/robotis_ws/install/wheels_control/lib/python3.10/site-packages/wheels_control-0.0.0-py3.10.egg-info
[5.319s] running install_scripts
[5.439s] Installing predefined_path script to /home/lemmy/robotis_ws/install/wheels_control/lib/wheels_control
[5.440s] Installing wheels_control script to /home/lemmy/robotis_ws/install/wheels_control/lib/wheels_control
[5.444s] writing list of installed files to '/home/lemmy/robotis_ws/build/wheels_control/install.log'
[5.621s] Invoked command in '/home/lemmy/robotis_ws/src/wheels_control' returned '0': PYTHONPATH=/home/lemmy/robotis_ws/build/wheels_control/prefix_override:/home/lemmy/robotis_ws/install/wheels_control/lib/python3.10/site-packages:${PYTHONPATH} /usr/bin/python3 -W ignore:setup.py install is deprecated setup.py egg_info --egg-base ../../build/wheels_control build --build-base /home/lemmy/robotis_ws/build/wheels_control/build install --record /home/lemmy/robotis_ws/build/wheels_control/install.log --single-version-externally-managed install_data
