[0.214s] Invoking command in '/home/lemmy/robotis_ws/build/dynamixel_sdk_custom_interfaces': CMAKE_PREFIX_PATH=${CMAKE_PREFIX_PATH}:/home/lemmy/robotis_ws/install/wheels_control:/home/lemmy/ros2_ws/install/my_robot_controller:/opt/ros/humble /usr/bin/cmake --build /home/lemmy/robotis_ws/build/dynamixel_sdk_custom_interfaces -- -j4 -l4
[4.441s] [  1%] Built target dynamixel_sdk_custom_interfaces__cpp
[4.443s] [ 12%] Built target dynamixel_sdk_custom_interfaces__rosidl_generator_c
[4.445s] [ 12%] Built target ament_cmake_python_copy_dynamixel_sdk_custom_interfaces
[4.446s] [ 23%] Built target dynamixel_sdk_custom_interfaces__rosidl_typesupport_cpp
[4.447s] [ 35%] Built target dynamixel_sdk_custom_interfaces__rosidl_typesupport_fastrtps_c
[4.454s] [ 46%] Built target dynamixel_sdk_custom_interfaces__rosidl_typesupport_fastrtps_cpp
[4.455s] [ 57%] Built target dynamixel_sdk_custom_interfaces__rosidl_typesupport_introspection_cpp
[4.456s] [ 69%] Built target dynamixel_sdk_custom_interfaces__rosidl_typesupport_introspection_c
[4.457s] [ 80%] Built target dynamixel_sdk_custom_interfaces__rosidl_typesupport_c
[4.457s] [ 80%] Built target dynamixel_sdk_custom_interfaces
[4.458s] [ 81%] Built target dynamixel_sdk_custom_interfaces__py
[4.459s] [ 91%] Built target dynamixel_sdk_custom_interfaces__rosidl_generator_py
[4.460s] [ 94%] Built target dynamixel_sdk_custom_interfaces__rosidl_typesupport_fastrtps_c__pyext
[4.465s] [ 97%] Built target dynamixel_sdk_custom_interfaces__rosidl_typesupport_introspection_c__pyext
[4.467s] [100%] Built target dynamixel_sdk_custom_interfaces__rosidl_typesupport_c__pyext
[4.468s] running egg_info
[4.471s] writing dynamixel_sdk_custom_interfaces.egg-info/PKG-INFO
[4.473s] writing dependency_links to dynamixel_sdk_custom_interfaces.egg-info/dependency_links.txt
[4.474s] writing top-level names to dynamixel_sdk_custom_interfaces.egg-info/top_level.txt
[4.498s] reading manifest file 'dynamixel_sdk_custom_interfaces.egg-info/SOURCES.txt'
[4.500s] writing manifest file 'dynamixel_sdk_custom_interfaces.egg-info/SOURCES.txt'
[4.502s] [100%] Built target ament_cmake_python_build_dynamixel_sdk_custom_interfaces_egg
[4.505s] Invoked command in '/home/lemmy/robotis_ws/build/dynamixel_sdk_custom_interfaces' returned '0': CMAKE_PREFIX_PATH=${CMAKE_PREFIX_PATH}:/home/lemmy/robotis_ws/install/wheels_control:/home/lemmy/ros2_ws/install/my_robot_controller:/opt/ros/humble /usr/bin/cmake --build /home/lemmy/robotis_ws/build/dynamixel_sdk_custom_interfaces -- -j4 -l4
[7.413s] Invoking command in '/home/lemmy/robotis_ws/build/dynamixel_sdk_custom_interfaces': CMAKE_PREFIX_PATH=${CMAKE_PREFIX_PATH}:/home/lemmy/robotis_ws/install/wheels_control:/home/lemmy/ros2_ws/install/my_robot_controller:/opt/ros/humble /usr/bin/cmake --install /home/lemmy/robotis_ws/build/dynamixel_sdk_custom_interfaces
[7.493s] -- Install configuration: ""
[7.495s] -- Up-to-date: /home/lemmy/robotis_ws/install/dynamixel_sdk_custom_interfaces/share/ament_index/resource_index/rosidl_interfaces/dynamixel_sdk_custom_interfaces
[7.497s] -- Up-to-date: /home/lemmy/robotis_ws/install/dynamixel_sdk_custom_interfaces/include/dynamixel_sdk_custom_interfaces/dynamixel_sdk_custom_interfaces
[7.497s] -- Up-to-date: /home/lemmy/robotis_ws/install/dynamixel_sdk_custom_interfaces/include/dynamixel_sdk_custom_interfaces/dynamixel_sdk_custom_interfaces/srv
[7.499s] -- Up-to-date: /home/lemmy/robotis_ws/install/dynamixel_sdk_custom_interfaces/include/dynamixel_sdk_custom_interfaces/dynamixel_sdk_custom_interfaces/srv/get_position.h
[7.501s] -- Up-to-date: /home/lemmy/robotis_ws/install/dynamixel_sdk_custom_interfaces/include/dynamixel_sdk_custom_interfaces/dynamixel_sdk_custom_interfaces/srv/get_velocity.h
[7.502s] -- Up-to-date: /home/lemmy/robotis_ws/install/dynamixel_sdk_custom_interfaces/include/dynamixel_sdk_custom_interfaces/dynamixel_sdk_custom_interfaces/srv/detail
[7.503s] -- Up-to-date: /home/lemmy/robotis_ws/install/dynamixel_sdk_custom_interfaces/include/dynamixel_sdk_custom_interfaces/dynamixel_sdk_custom_interfaces/srv/detail/get_velocity__functions.c
[7.504s] -- Up-to-date: /home/lemmy/robotis_ws/install/dynamixel_sdk_custom_interfaces/include/dynamixel_sdk_custom_interfaces/dynamixel_sdk_custom_interfaces/srv/detail/get_position__functions.h
[7.506s] -- Up-to-date: /home/lemmy/robotis_ws/install/dynamixel_sdk_custom_interfaces/include/dynamixel_sdk_custom_interfaces/dynamixel_sdk_custom_interfaces/srv/detail/get_velocity__functions.h
[7.530s] -- Up-to-date: /home/lemmy/robotis_ws/install/dynamixel_sdk_custom_interfaces/include/dynamixel_sdk_custom_interfaces/dynamixel_sdk_custom_interfaces/srv/detail/get_velocity__struct.h
[7.534s] -- Up-to-date: /home/lemmy/robotis_ws/install/dynamixel_sdk_custom_interfaces/include/dynamixel_sdk_custom_interfaces/dynamixel_sdk_custom_interfaces/srv/detail/get_position__functions.c
[7.536s] -- Up-to-date: /home/lemmy/robotis_ws/install/dynamixel_sdk_custom_interfaces/include/dynamixel_sdk_custom_interfaces/dynamixel_sdk_custom_interfaces/srv/detail/get_position__type_support.h
[7.538s] -- Up-to-date: /home/lemmy/robotis_ws/install/dynamixel_sdk_custom_interfaces/include/dynamixel_sdk_custom_interfaces/dynamixel_sdk_custom_interfaces/srv/detail/get_velocity__type_support.h
[7.539s] -- Up-to-date: /home/lemmy/robotis_ws/install/dynamixel_sdk_custom_interfaces/include/dynamixel_sdk_custom_interfaces/dynamixel_sdk_custom_interfaces/srv/detail/get_position__struct.h
[7.569s] -- Up-to-date: /home/lemmy/robotis_ws/install/dynamixel_sdk_custom_interfaces/include/dynamixel_sdk_custom_interfaces/dynamixel_sdk_custom_interfaces/msg
[7.571s] -- Up-to-date: /home/lemmy/robotis_ws/install/dynamixel_sdk_custom_interfaces/include/dynamixel_sdk_custom_interfaces/dynamixel_sdk_custom_interfaces/msg/present_load.h
[7.575s] -- Up-to-date: /home/lemmy/robotis_ws/install/dynamixel_sdk_custom_interfaces/include/dynamixel_sdk_custom_interfaces/dynamixel_sdk_custom_interfaces/msg/set_velocity.h
[7.576s] -- Up-to-date: /home/lemmy/robotis_ws/install/dynamixel_sdk_custom_interfaces/include/dynamixel_sdk_custom_interfaces/dynamixel_sdk_custom_interfaces/msg/moving_status.h
[7.578s] -- Up-to-date: /home/lemmy/robotis_ws/install/dynamixel_sdk_custom_interfaces/include/dynamixel_sdk_custom_interfaces/dynamixel_sdk_custom_interfaces/msg/status.h
[7.579s] -- Up-to-date: /home/lemmy/robotis_ws/install/dynamixel_sdk_custom_interfaces/include/dynamixel_sdk_custom_interfaces/dynamixel_sdk_custom_interfaces/msg/set_position.h
[7.581s] -- Up-to-date: /home/lemmy/robotis_ws/install/dynamixel_sdk_custom_interfaces/include/dynamixel_sdk_custom_interfaces/dynamixel_sdk_custom_interfaces/msg/detail
[7.581s] -- Up-to-date: /home/lemmy/robotis_ws/install/dynamixel_sdk_custom_interfaces/include/dynamixel_sdk_custom_interfaces/dynamixel_sdk_custom_interfaces/msg/detail/moving_status__type_support.h
[7.583s] -- Up-to-date: /home/lemmy/robotis_ws/install/dynamixel_sdk_custom_interfaces/include/dynamixel_sdk_custom_interfaces/dynamixel_sdk_custom_interfaces/msg/detail/set_position__type_support.h
[7.585s] -- Up-to-date: /home/lemmy/robotis_ws/install/dynamixel_sdk_custom_interfaces/include/dynamixel_sdk_custom_interfaces/dynamixel_sdk_custom_interfaces/msg/detail/present_load__functions.h
[7.586s] -- Up-to-date: /home/lemmy/robotis_ws/install/dynamixel_sdk_custom_interfaces/include/dynamixel_sdk_custom_interfaces/dynamixel_sdk_custom_interfaces/msg/detail/present_load__struct.h
[7.589s] -- Up-to-date: /home/lemmy/robotis_ws/install/dynamixel_sdk_custom_interfaces/include/dynamixel_sdk_custom_interfaces/dynamixel_sdk_custom_interfaces/msg/detail/present_load__type_support.h
[7.591s] -- Up-to-date: /home/lemmy/robotis_ws/install/dynamixel_sdk_custom_interfaces/include/dynamixel_sdk_custom_interfaces/dynamixel_sdk_custom_interfaces/msg/detail/set_velocity__functions.c
[7.592s] -- Up-to-date: /home/lemmy/robotis_ws/install/dynamixel_sdk_custom_interfaces/include/dynamixel_sdk_custom_interfaces/dynamixel_sdk_custom_interfaces/msg/detail/moving_status__struct.h
[7.594s] -- Up-to-date: /home/lemmy/robotis_ws/install/dynamixel_sdk_custom_interfaces/include/dynamixel_sdk_custom_interfaces/dynamixel_sdk_custom_interfaces/msg/detail/status__functions.h
[7.595s] -- Up-to-date: /home/lemmy/robotis_ws/install/dynamixel_sdk_custom_interfaces/include/dynamixel_sdk_custom_interfaces/dynamixel_sdk_custom_interfaces/msg/detail/set_velocity__struct.h
[7.596s] -- Up-to-date: /home/lemmy/robotis_ws/install/dynamixel_sdk_custom_interfaces/include/dynamixel_sdk_custom_interfaces/dynamixel_sdk_custom_interfaces/msg/detail/set_velocity__type_support.h
[7.596s] -- Up-to-date: /home/lemmy/robotis_ws/install/dynamixel_sdk_custom_interfaces/include/dynamixel_sdk_custom_interfaces/dynamixel_sdk_custom_interfaces/msg/detail/set_position__functions.h
[7.597s] -- Up-to-date: /home/lemmy/robotis_ws/install/dynamixel_sdk_custom_interfaces/include/dynamixel_sdk_custom_interfaces/dynamixel_sdk_custom_interfaces/msg/detail/present_load__functions.c
[7.598s] -- Up-to-date: /home/lemmy/robotis_ws/install/dynamixel_sdk_custom_interfaces/include/dynamixel_sdk_custom_interfaces/dynamixel_sdk_custom_interfaces/msg/detail/moving_status__functions.c
[7.599s] -- Up-to-date: /home/lemmy/robotis_ws/install/dynamixel_sdk_custom_interfaces/include/dynamixel_sdk_custom_interfaces/dynamixel_sdk_custom_interfaces/msg/detail/status__type_support.h
[7.600s] -- Up-to-date: /home/lemmy/robotis_ws/install/dynamixel_sdk_custom_interfaces/include/dynamixel_sdk_custom_interfaces/dynamixel_sdk_custom_interfaces/msg/detail/set_position__struct.h
[7.601s] -- Up-to-date: /home/lemmy/robotis_ws/install/dynamixel_sdk_custom_interfaces/include/dynamixel_sdk_custom_interfaces/dynamixel_sdk_custom_interfaces/msg/detail/moving_status__functions.h
[7.603s] -- Up-to-date: /home/lemmy/robotis_ws/install/dynamixel_sdk_custom_interfaces/include/dynamixel_sdk_custom_interfaces/dynamixel_sdk_custom_interfaces/msg/detail/status__functions.c
[7.603s] -- Up-to-date: /home/lemmy/robotis_ws/install/dynamixel_sdk_custom_interfaces/include/dynamixel_sdk_custom_interfaces/dynamixel_sdk_custom_interfaces/msg/detail/set_position__functions.c
[7.605s] -- Up-to-date: /home/lemmy/robotis_ws/install/dynamixel_sdk_custom_interfaces/include/dynamixel_sdk_custom_interfaces/dynamixel_sdk_custom_interfaces/msg/detail/set_velocity__functions.h
[7.606s] -- Up-to-date: /home/lemmy/robotis_ws/install/dynamixel_sdk_custom_interfaces/include/dynamixel_sdk_custom_interfaces/dynamixel_sdk_custom_interfaces/msg/detail/status__struct.h
[7.607s] -- Up-to-date: /home/lemmy/robotis_ws/install/dynamixel_sdk_custom_interfaces/include/dynamixel_sdk_custom_interfaces/dynamixel_sdk_custom_interfaces/msg/rosidl_generator_c__visibility_control.h
[7.609s] -- Up-to-date: /home/lemmy/robotis_ws/install/dynamixel_sdk_custom_interfaces/share/dynamixel_sdk_custom_interfaces/environment/library_path.sh
[7.610s] -- Up-to-date: /home/lemmy/robotis_ws/install/dynamixel_sdk_custom_interfaces/share/dynamixel_sdk_custom_interfaces/environment/library_path.dsv
[7.611s] -- Up-to-date: /home/lemmy/robotis_ws/install/dynamixel_sdk_custom_interfaces/lib/libdynamixel_sdk_custom_interfaces__rosidl_generator_c.so
[7.613s] -- Up-to-date: /home/lemmy/robotis_ws/install/dynamixel_sdk_custom_interfaces/include/dynamixel_sdk_custom_interfaces/dynamixel_sdk_custom_interfaces
[7.614s] -- Up-to-date: /home/lemmy/robotis_ws/install/dynamixel_sdk_custom_interfaces/include/dynamixel_sdk_custom_interfaces/dynamixel_sdk_custom_interfaces/srv
[7.615s] -- Up-to-date: /home/lemmy/robotis_ws/install/dynamixel_sdk_custom_interfaces/include/dynamixel_sdk_custom_interfaces/dynamixel_sdk_custom_interfaces/srv/detail
[7.616s] -- Up-to-date: /home/lemmy/robotis_ws/install/dynamixel_sdk_custom_interfaces/include/dynamixel_sdk_custom_interfaces/dynamixel_sdk_custom_interfaces/srv/detail/get_velocity__rosidl_typesupport_fastrtps_c.h
[7.617s] -- Up-to-date: /home/lemmy/robotis_ws/install/dynamixel_sdk_custom_interfaces/include/dynamixel_sdk_custom_interfaces/dynamixel_sdk_custom_interfaces/srv/detail/get_position__rosidl_typesupport_fastrtps_c.h
[7.618s] -- Up-to-date: /home/lemmy/robotis_ws/install/dynamixel_sdk_custom_interfaces/include/dynamixel_sdk_custom_interfaces/dynamixel_sdk_custom_interfaces/msg
[7.618s] -- Up-to-date: /home/lemmy/robotis_ws/install/dynamixel_sdk_custom_interfaces/include/dynamixel_sdk_custom_interfaces/dynamixel_sdk_custom_interfaces/msg/rosidl_typesupport_fastrtps_c__visibility_control.h
[7.619s] -- Up-to-date: /home/lemmy/robotis_ws/install/dynamixel_sdk_custom_interfaces/include/dynamixel_sdk_custom_interfaces/dynamixel_sdk_custom_interfaces/msg/detail
[7.620s] -- Up-to-date: /home/lemmy/robotis_ws/install/dynamixel_sdk_custom_interfaces/include/dynamixel_sdk_custom_interfaces/dynamixel_sdk_custom_interfaces/msg/detail/set_position__rosidl_typesupport_fastrtps_c.h
[7.620s] -- Up-to-date: /home/lemmy/robotis_ws/install/dynamixel_sdk_custom_interfaces/include/dynamixel_sdk_custom_interfaces/dynamixel_sdk_custom_interfaces/msg/detail/moving_status__rosidl_typesupport_fastrtps_c.h
[7.621s] -- Up-to-date: /home/lemmy/robotis_ws/install/dynamixel_sdk_custom_interfaces/include/dynamixel_sdk_custom_interfaces/dynamixel_sdk_custom_interfaces/msg/detail/set_velocity__rosidl_typesupport_fastrtps_c.h
[7.622s] -- Up-to-date: /home/lemmy/robotis_ws/install/dynamixel_sdk_custom_interfaces/include/dynamixel_sdk_custom_interfaces/dynamixel_sdk_custom_interfaces/msg/detail/present_load__rosidl_typesupport_fastrtps_c.h
[7.632s] -- Up-to-date: /home/lemmy/robotis_ws/install/dynamixel_sdk_custom_interfaces/include/dynamixel_sdk_custom_interfaces/dynamixel_sdk_custom_interfaces/msg/detail/status__rosidl_typesupport_fastrtps_c.h
[7.637s] -- Up-to-date: /home/lemmy/robotis_ws/install/dynamixel_sdk_custom_interfaces/lib/libdynamixel_sdk_custom_interfaces__rosidl_typesupport_fastrtps_c.so
[7.638s] -- Up-to-date: /home/lemmy/robotis_ws/install/dynamixel_sdk_custom_interfaces/include/dynamixel_sdk_custom_interfaces/dynamixel_sdk_custom_interfaces
[7.639s] -- Up-to-date: /home/lemmy/robotis_ws/install/dynamixel_sdk_custom_interfaces/include/dynamixel_sdk_custom_interfaces/dynamixel_sdk_custom_interfaces/srv
[7.640s] -- Up-to-date: /home/lemmy/robotis_ws/install/dynamixel_sdk_custom_interfaces/include/dynamixel_sdk_custom_interfaces/dynamixel_sdk_custom_interfaces/srv/get_velocity.hpp
[7.640s] -- Up-to-date: /home/lemmy/robotis_ws/install/dynamixel_sdk_custom_interfaces/include/dynamixel_sdk_custom_interfaces/dynamixel_sdk_custom_interfaces/srv/get_position.hpp
[7.641s] -- Up-to-date: /home/lemmy/robotis_ws/install/dynamixel_sdk_custom_interfaces/include/dynamixel_sdk_custom_interfaces/dynamixel_sdk_custom_interfaces/srv/detail
[7.641s] -- Up-to-date: /home/lemmy/robotis_ws/install/dynamixel_sdk_custom_interfaces/include/dynamixel_sdk_custom_interfaces/dynamixel_sdk_custom_interfaces/srv/detail/get_position__builder.hpp
[7.642s] -- Up-to-date: /home/lemmy/robotis_ws/install/dynamixel_sdk_custom_interfaces/include/dynamixel_sdk_custom_interfaces/dynamixel_sdk_custom_interfaces/srv/detail/get_velocity__traits.hpp
[7.643s] -- Up-to-date: /home/lemmy/robotis_ws/install/dynamixel_sdk_custom_interfaces/include/dynamixel_sdk_custom_interfaces/dynamixel_sdk_custom_interfaces/srv/detail/get_velocity__builder.hpp
[7.644s] -- Up-to-date: /home/lemmy/robotis_ws/install/dynamixel_sdk_custom_interfaces/include/dynamixel_sdk_custom_interfaces/dynamixel_sdk_custom_interfaces/srv/detail/get_velocity__struct.hpp
[7.645s] -- Up-to-date: /home/lemmy/robotis_ws/install/dynamixel_sdk_custom_interfaces/include/dynamixel_sdk_custom_interfaces/dynamixel_sdk_custom_interfaces/srv/detail/get_position__struct.hpp
[7.645s] -- Up-to-date: /home/lemmy/robotis_ws/install/dynamixel_sdk_custom_interfaces/include/dynamixel_sdk_custom_interfaces/dynamixel_sdk_custom_interfaces/srv/detail/get_position__traits.hpp
[7.647s] -- Up-to-date: /home/lemmy/robotis_ws/install/dynamixel_sdk_custom_interfaces/include/dynamixel_sdk_custom_interfaces/dynamixel_sdk_custom_interfaces/msg
[7.648s] -- Up-to-date: /home/lemmy/robotis_ws/install/dynamixel_sdk_custom_interfaces/include/dynamixel_sdk_custom_interfaces/dynamixel_sdk_custom_interfaces/msg/status.hpp
[7.650s] -- Up-to-date: /home/lemmy/robotis_ws/install/dynamixel_sdk_custom_interfaces/include/dynamixel_sdk_custom_interfaces/dynamixel_sdk_custom_interfaces/msg/set_velocity.hpp
[7.660s] -- Up-to-date: /home/lemmy/robotis_ws/install/dynamixel_sdk_custom_interfaces/include/dynamixel_sdk_custom_interfaces/dynamixel_sdk_custom_interfaces/msg/moving_status.hpp
[7.661s] -- Up-to-date: /home/lemmy/robotis_ws/install/dynamixel_sdk_custom_interfaces/include/dynamixel_sdk_custom_interfaces/dynamixel_sdk_custom_interfaces/msg/present_load.hpp
[7.662s] -- Up-to-date: /home/lemmy/robotis_ws/install/dynamixel_sdk_custom_interfaces/include/dynamixel_sdk_custom_interfaces/dynamixel_sdk_custom_interfaces/msg/set_position.hpp
[7.663s] -- Up-to-date: /home/lemmy/robotis_ws/install/dynamixel_sdk_custom_interfaces/include/dynamixel_sdk_custom_interfaces/dynamixel_sdk_custom_interfaces/msg/detail
[7.670s] -- Up-to-date: /home/lemmy/robotis_ws/install/dynamixel_sdk_custom_interfaces/include/dynamixel_sdk_custom_interfaces/dynamixel_sdk_custom_interfaces/msg/detail/set_velocity__traits.hpp
[7.672s] -- Up-to-date: /home/lemmy/robotis_ws/install/dynamixel_sdk_custom_interfaces/include/dynamixel_sdk_custom_interfaces/dynamixel_sdk_custom_interfaces/msg/detail/present_load__builder.hpp
[7.672s] -- Up-to-date: /home/lemmy/robotis_ws/install/dynamixel_sdk_custom_interfaces/include/dynamixel_sdk_custom_interfaces/dynamixel_sdk_custom_interfaces/msg/detail/set_velocity__builder.hpp
[7.675s] -- Up-to-date: /home/lemmy/robotis_ws/install/dynamixel_sdk_custom_interfaces/include/dynamixel_sdk_custom_interfaces/dynamixel_sdk_custom_interfaces/msg/detail/status__builder.hpp
[7.687s] -- Up-to-date: /home/lemmy/robotis_ws/install/dynamixel_sdk_custom_interfaces/include/dynamixel_sdk_custom_interfaces/dynamixel_sdk_custom_interfaces/msg/detail/set_velocity__struct.hpp
[7.689s] -- Up-to-date: /home/lemmy/robotis_ws/install/dynamixel_sdk_custom_interfaces/include/dynamixel_sdk_custom_interfaces/dynamixel_sdk_custom_interfaces/msg/detail/set_position__builder.hpp
[7.713s] -- Up-to-date: /home/lemmy/robotis_ws/install/dynamixel_sdk_custom_interfaces/include/dynamixel_sdk_custom_interfaces/dynamixel_sdk_custom_interfaces/msg/detail/status__traits.hpp
[7.714s] -- Up-to-date: /home/lemmy/robotis_ws/install/dynamixel_sdk_custom_interfaces/include/dynamixel_sdk_custom_interfaces/dynamixel_sdk_custom_interfaces/msg/detail/set_position__struct.hpp
[7.714s] -- Up-to-date: /home/lemmy/robotis_ws/install/dynamixel_sdk_custom_interfaces/include/dynamixel_sdk_custom_interfaces/dynamixel_sdk_custom_interfaces/msg/detail/status__struct.hpp
[7.715s] -- Up-to-date: /home/lemmy/robotis_ws/install/dynamixel_sdk_custom_interfaces/include/dynamixel_sdk_custom_interfaces/dynamixel_sdk_custom_interfaces/msg/detail/present_load__struct.hpp
[7.716s] -- Up-to-date: /home/lemmy/robotis_ws/install/dynamixel_sdk_custom_interfaces/include/dynamixel_sdk_custom_interfaces/dynamixel_sdk_custom_interfaces/msg/detail/moving_status__traits.hpp
[7.717s] -- Up-to-date: /home/lemmy/robotis_ws/install/dynamixel_sdk_custom_interfaces/include/dynamixel_sdk_custom_interfaces/dynamixel_sdk_custom_interfaces/msg/detail/set_position__traits.hpp
[7.717s] -- Up-to-date: /home/lemmy/robotis_ws/install/dynamixel_sdk_custom_interfaces/include/dynamixel_sdk_custom_interfaces/dynamixel_sdk_custom_interfaces/msg/detail/moving_status__struct.hpp
[7.718s] -- Up-to-date: /home/lemmy/robotis_ws/install/dynamixel_sdk_custom_interfaces/include/dynamixel_sdk_custom_interfaces/dynamixel_sdk_custom_interfaces/msg/detail/present_load__traits.hpp
[7.719s] -- Up-to-date: /home/lemmy/robotis_ws/install/dynamixel_sdk_custom_interfaces/include/dynamixel_sdk_custom_interfaces/dynamixel_sdk_custom_interfaces/msg/detail/moving_status__builder.hpp
[7.720s] -- Up-to-date: /home/lemmy/robotis_ws/install/dynamixel_sdk_custom_interfaces/include/dynamixel_sdk_custom_interfaces/dynamixel_sdk_custom_interfaces
[7.721s] -- Up-to-date: /home/lemmy/robotis_ws/install/dynamixel_sdk_custom_interfaces/include/dynamixel_sdk_custom_interfaces/dynamixel_sdk_custom_interfaces/srv
[7.722s] -- Up-to-date: /home/lemmy/robotis_ws/install/dynamixel_sdk_custom_interfaces/include/dynamixel_sdk_custom_interfaces/dynamixel_sdk_custom_interfaces/srv/detail
[7.723s] -- Up-to-date: /home/lemmy/robotis_ws/install/dynamixel_sdk_custom_interfaces/include/dynamixel_sdk_custom_interfaces/dynamixel_sdk_custom_interfaces/srv/detail/get_velocity__rosidl_typesupport_fastrtps_cpp.hpp
[7.724s] -- Up-to-date: /home/lemmy/robotis_ws/install/dynamixel_sdk_custom_interfaces/include/dynamixel_sdk_custom_interfaces/dynamixel_sdk_custom_interfaces/srv/detail/dds_fastrtps
[7.725s] -- Up-to-date: /home/lemmy/robotis_ws/install/dynamixel_sdk_custom_interfaces/include/dynamixel_sdk_custom_interfaces/dynamixel_sdk_custom_interfaces/srv/detail/get_position__rosidl_typesupport_fastrtps_cpp.hpp
[7.726s] -- Up-to-date: /home/lemmy/robotis_ws/install/dynamixel_sdk_custom_interfaces/include/dynamixel_sdk_custom_interfaces/dynamixel_sdk_custom_interfaces/msg
[7.726s] -- Up-to-date: /home/lemmy/robotis_ws/install/dynamixel_sdk_custom_interfaces/include/dynamixel_sdk_custom_interfaces/dynamixel_sdk_custom_interfaces/msg/rosidl_typesupport_fastrtps_cpp__visibility_control.h
[7.727s] -- Up-to-date: /home/lemmy/robotis_ws/install/dynamixel_sdk_custom_interfaces/include/dynamixel_sdk_custom_interfaces/dynamixel_sdk_custom_interfaces/msg/detail
[7.728s] -- Up-to-date: /home/lemmy/robotis_ws/install/dynamixel_sdk_custom_interfaces/include/dynamixel_sdk_custom_interfaces/dynamixel_sdk_custom_interfaces/msg/detail/present_load__rosidl_typesupport_fastrtps_cpp.hpp
[7.729s] -- Up-to-date: /home/lemmy/robotis_ws/install/dynamixel_sdk_custom_interfaces/include/dynamixel_sdk_custom_interfaces/dynamixel_sdk_custom_interfaces/msg/detail/set_position__rosidl_typesupport_fastrtps_cpp.hpp
[7.730s] -- Up-to-date: /home/lemmy/robotis_ws/install/dynamixel_sdk_custom_interfaces/include/dynamixel_sdk_custom_interfaces/dynamixel_sdk_custom_interfaces/msg/detail/moving_status__rosidl_typesupport_fastrtps_cpp.hpp
[7.731s] -- Up-to-date: /home/lemmy/robotis_ws/install/dynamixel_sdk_custom_interfaces/include/dynamixel_sdk_custom_interfaces/dynamixel_sdk_custom_interfaces/msg/detail/set_velocity__rosidl_typesupport_fastrtps_cpp.hpp
[7.732s] -- Up-to-date: /home/lemmy/robotis_ws/install/dynamixel_sdk_custom_interfaces/include/dynamixel_sdk_custom_interfaces/dynamixel_sdk_custom_interfaces/msg/detail/dds_fastrtps
[7.733s] -- Up-to-date: /home/lemmy/robotis_ws/install/dynamixel_sdk_custom_interfaces/include/dynamixel_sdk_custom_interfaces/dynamixel_sdk_custom_interfaces/msg/detail/status__rosidl_typesupport_fastrtps_cpp.hpp
[7.735s] -- Up-to-date: /home/lemmy/robotis_ws/install/dynamixel_sdk_custom_interfaces/lib/libdynamixel_sdk_custom_interfaces__rosidl_typesupport_fastrtps_cpp.so
[7.736s] -- Up-to-date: /home/lemmy/robotis_ws/install/dynamixel_sdk_custom_interfaces/include/dynamixel_sdk_custom_interfaces/dynamixel_sdk_custom_interfaces
[7.737s] -- Up-to-date: /home/lemmy/robotis_ws/install/dynamixel_sdk_custom_interfaces/include/dynamixel_sdk_custom_interfaces/dynamixel_sdk_custom_interfaces/srv
[7.738s] -- Up-to-date: /home/lemmy/robotis_ws/install/dynamixel_sdk_custom_interfaces/include/dynamixel_sdk_custom_interfaces/dynamixel_sdk_custom_interfaces/srv/detail
[7.738s] -- Up-to-date: /home/lemmy/robotis_ws/install/dynamixel_sdk_custom_interfaces/include/dynamixel_sdk_custom_interfaces/dynamixel_sdk_custom_interfaces/srv/detail/get_velocity__rosidl_typesupport_introspection_c.h
[7.739s] -- Up-to-date: /home/lemmy/robotis_ws/install/dynamixel_sdk_custom_interfaces/include/dynamixel_sdk_custom_interfaces/dynamixel_sdk_custom_interfaces/srv/detail/get_velocity__type_support.c
[7.740s] -- Up-to-date: /home/lemmy/robotis_ws/install/dynamixel_sdk_custom_interfaces/include/dynamixel_sdk_custom_interfaces/dynamixel_sdk_custom_interfaces/srv/detail/get_position__rosidl_typesupport_introspection_c.h
[7.741s] -- Up-to-date: /home/lemmy/robotis_ws/install/dynamixel_sdk_custom_interfaces/include/dynamixel_sdk_custom_interfaces/dynamixel_sdk_custom_interfaces/srv/detail/get_position__type_support.c
[7.741s] -- Up-to-date: /home/lemmy/robotis_ws/install/dynamixel_sdk_custom_interfaces/include/dynamixel_sdk_custom_interfaces/dynamixel_sdk_custom_interfaces/msg
[7.742s] -- Up-to-date: /home/lemmy/robotis_ws/install/dynamixel_sdk_custom_interfaces/include/dynamixel_sdk_custom_interfaces/dynamixel_sdk_custom_interfaces/msg/detail
[7.743s] -- Up-to-date: /home/lemmy/robotis_ws/install/dynamixel_sdk_custom_interfaces/include/dynamixel_sdk_custom_interfaces/dynamixel_sdk_custom_interfaces/msg/detail/moving_status__type_support.c
[7.744s] -- Up-to-date: /home/lemmy/robotis_ws/install/dynamixel_sdk_custom_interfaces/include/dynamixel_sdk_custom_interfaces/dynamixel_sdk_custom_interfaces/msg/detail/status__type_support.c
[7.745s] -- Up-to-date: /home/lemmy/robotis_ws/install/dynamixel_sdk_custom_interfaces/include/dynamixel_sdk_custom_interfaces/dynamixel_sdk_custom_interfaces/msg/detail/set_velocity__type_support.c
[7.745s] -- Up-to-date: /home/lemmy/robotis_ws/install/dynamixel_sdk_custom_interfaces/include/dynamixel_sdk_custom_interfaces/dynamixel_sdk_custom_interfaces/msg/detail/status__rosidl_typesupport_introspection_c.h
[7.746s] -- Up-to-date: /home/lemmy/robotis_ws/install/dynamixel_sdk_custom_interfaces/include/dynamixel_sdk_custom_interfaces/dynamixel_sdk_custom_interfaces/msg/detail/set_position__rosidl_typesupport_introspection_c.h
[7.746s] -- Up-to-date: /home/lemmy/robotis_ws/install/dynamixel_sdk_custom_interfaces/include/dynamixel_sdk_custom_interfaces/dynamixel_sdk_custom_interfaces/msg/detail/moving_status__rosidl_typesupport_introspection_c.h
[7.747s] -- Up-to-date: /home/lemmy/robotis_ws/install/dynamixel_sdk_custom_interfaces/include/dynamixel_sdk_custom_interfaces/dynamixel_sdk_custom_interfaces/msg/detail/present_load__rosidl_typesupport_introspection_c.h
[7.747s] -- Up-to-date: /home/lemmy/robotis_ws/install/dynamixel_sdk_custom_interfaces/include/dynamixel_sdk_custom_interfaces/dynamixel_sdk_custom_interfaces/msg/detail/present_load__type_support.c
[7.748s] -- Up-to-date: /home/lemmy/robotis_ws/install/dynamixel_sdk_custom_interfaces/include/dynamixel_sdk_custom_interfaces/dynamixel_sdk_custom_interfaces/msg/detail/set_position__type_support.c
[7.749s] -- Up-to-date: /home/lemmy/robotis_ws/install/dynamixel_sdk_custom_interfaces/include/dynamixel_sdk_custom_interfaces/dynamixel_sdk_custom_interfaces/msg/detail/set_velocity__rosidl_typesupport_introspection_c.h
[7.750s] -- Up-to-date: /home/lemmy/robotis_ws/install/dynamixel_sdk_custom_interfaces/include/dynamixel_sdk_custom_interfaces/dynamixel_sdk_custom_interfaces/msg/rosidl_typesupport_introspection_c__visibility_control.h
[7.751s] -- Up-to-date: /home/lemmy/robotis_ws/install/dynamixel_sdk_custom_interfaces/lib/libdynamixel_sdk_custom_interfaces__rosidl_typesupport_introspection_c.so
[7.751s] -- Up-to-date: /home/lemmy/robotis_ws/install/dynamixel_sdk_custom_interfaces/lib/libdynamixel_sdk_custom_interfaces__rosidl_typesupport_c.so
[7.752s] -- Up-to-date: /home/lemmy/robotis_ws/install/dynamixel_sdk_custom_interfaces/include/dynamixel_sdk_custom_interfaces/dynamixel_sdk_custom_interfaces
[7.753s] -- Up-to-date: /home/lemmy/robotis_ws/install/dynamixel_sdk_custom_interfaces/include/dynamixel_sdk_custom_interfaces/dynamixel_sdk_custom_interfaces/srv
[7.755s] -- Up-to-date: /home/lemmy/robotis_ws/install/dynamixel_sdk_custom_interfaces/include/dynamixel_sdk_custom_interfaces/dynamixel_sdk_custom_interfaces/srv/detail
[7.756s] -- Up-to-date: /home/lemmy/robotis_ws/install/dynamixel_sdk_custom_interfaces/include/dynamixel_sdk_custom_interfaces/dynamixel_sdk_custom_interfaces/srv/detail/get_position__type_support.cpp
[7.756s] -- Up-to-date: /home/lemmy/robotis_ws/install/dynamixel_sdk_custom_interfaces/include/dynamixel_sdk_custom_interfaces/dynamixel_sdk_custom_interfaces/srv/detail/get_position__rosidl_typesupport_introspection_cpp.hpp
[7.757s] -- Up-to-date: /home/lemmy/robotis_ws/install/dynamixel_sdk_custom_interfaces/include/dynamixel_sdk_custom_interfaces/dynamixel_sdk_custom_interfaces/srv/detail/get_velocity__rosidl_typesupport_introspection_cpp.hpp
[7.758s] -- Up-to-date: /home/lemmy/robotis_ws/install/dynamixel_sdk_custom_interfaces/include/dynamixel_sdk_custom_interfaces/dynamixel_sdk_custom_interfaces/srv/detail/get_velocity__type_support.cpp
[7.758s] -- Up-to-date: /home/lemmy/robotis_ws/install/dynamixel_sdk_custom_interfaces/include/dynamixel_sdk_custom_interfaces/dynamixel_sdk_custom_interfaces/msg
[7.759s] -- Up-to-date: /home/lemmy/robotis_ws/install/dynamixel_sdk_custom_interfaces/include/dynamixel_sdk_custom_interfaces/dynamixel_sdk_custom_interfaces/msg/detail
[7.760s] -- Up-to-date: /home/lemmy/robotis_ws/install/dynamixel_sdk_custom_interfaces/include/dynamixel_sdk_custom_interfaces/dynamixel_sdk_custom_interfaces/msg/detail/present_load__rosidl_typesupport_introspection_cpp.hpp
[7.761s] -- Up-to-date: /home/lemmy/robotis_ws/install/dynamixel_sdk_custom_interfaces/include/dynamixel_sdk_custom_interfaces/dynamixel_sdk_custom_interfaces/msg/detail/status__type_support.cpp
[7.761s] -- Up-to-date: /home/lemmy/robotis_ws/install/dynamixel_sdk_custom_interfaces/include/dynamixel_sdk_custom_interfaces/dynamixel_sdk_custom_interfaces/msg/detail/moving_status__type_support.cpp
[7.762s] -- Up-to-date: /home/lemmy/robotis_ws/install/dynamixel_sdk_custom_interfaces/include/dynamixel_sdk_custom_interfaces/dynamixel_sdk_custom_interfaces/msg/detail/set_position__type_support.cpp
[7.763s] -- Up-to-date: /home/lemmy/robotis_ws/install/dynamixel_sdk_custom_interfaces/include/dynamixel_sdk_custom_interfaces/dynamixel_sdk_custom_interfaces/msg/detail/set_velocity__type_support.cpp
[7.765s] -- Up-to-date: /home/lemmy/robotis_ws/install/dynamixel_sdk_custom_interfaces/include/dynamixel_sdk_custom_interfaces/dynamixel_sdk_custom_interfaces/msg/detail/set_velocity__rosidl_typesupport_introspection_cpp.hpp
[7.766s] -- Up-to-date: /home/lemmy/robotis_ws/install/dynamixel_sdk_custom_interfaces/include/dynamixel_sdk_custom_interfaces/dynamixel_sdk_custom_interfaces/msg/detail/moving_status__rosidl_typesupport_introspection_cpp.hpp
[7.767s] -- Up-to-date: /home/lemmy/robotis_ws/install/dynamixel_sdk_custom_interfaces/include/dynamixel_sdk_custom_interfaces/dynamixel_sdk_custom_interfaces/msg/detail/status__rosidl_typesupport_introspection_cpp.hpp
[7.767s] -- Up-to-date: /home/lemmy/robotis_ws/install/dynamixel_sdk_custom_interfaces/include/dynamixel_sdk_custom_interfaces/dynamixel_sdk_custom_interfaces/msg/detail/set_position__rosidl_typesupport_introspection_cpp.hpp
[7.768s] -- Up-to-date: /home/lemmy/robotis_ws/install/dynamixel_sdk_custom_interfaces/include/dynamixel_sdk_custom_interfaces/dynamixel_sdk_custom_interfaces/msg/detail/present_load__type_support.cpp
[7.769s] -- Up-to-date: /home/lemmy/robotis_ws/install/dynamixel_sdk_custom_interfaces/lib/libdynamixel_sdk_custom_interfaces__rosidl_typesupport_introspection_cpp.so
[7.770s] -- Up-to-date: /home/lemmy/robotis_ws/install/dynamixel_sdk_custom_interfaces/lib/libdynamixel_sdk_custom_interfaces__rosidl_typesupport_cpp.so
[7.772s] -- Up-to-date: /home/lemmy/robotis_ws/install/dynamixel_sdk_custom_interfaces/share/dynamixel_sdk_custom_interfaces/environment/pythonpath.sh
[7.774s] -- Up-to-date: /home/lemmy/robotis_ws/install/dynamixel_sdk_custom_interfaces/share/dynamixel_sdk_custom_interfaces/environment/pythonpath.dsv
[7.778s] -- Up-to-date: /home/lemmy/robotis_ws/install/dynamixel_sdk_custom_interfaces/lib/python3.10/site-packages/dynamixel_sdk_custom_interfaces-3.7.60-py3.10.egg-info
[7.781s] -- Installing: /home/lemmy/robotis_ws/install/dynamixel_sdk_custom_interfaces/lib/python3.10/site-packages/dynamixel_sdk_custom_interfaces-3.7.60-py3.10.egg-info/SOURCES.txt
[7.782s] -- Installing: /home/lemmy/robotis_ws/install/dynamixel_sdk_custom_interfaces/lib/python3.10/site-packages/dynamixel_sdk_custom_interfaces-3.7.60-py3.10.egg-info/dependency_links.txt
[7.784s] -- Installing: /home/lemmy/robotis_ws/install/dynamixel_sdk_custom_interfaces/lib/python3.10/site-packages/dynamixel_sdk_custom_interfaces-3.7.60-py3.10.egg-info/PKG-INFO
[7.785s] -- Installing: /home/lemmy/robotis_ws/install/dynamixel_sdk_custom_interfaces/lib/python3.10/site-packages/dynamixel_sdk_custom_interfaces-3.7.60-py3.10.egg-info/top_level.txt
[7.785s] -- Up-to-date: /home/lemmy/robotis_ws/install/dynamixel_sdk_custom_interfaces/lib/python3.10/site-packages/dynamixel_sdk_custom_interfaces
[7.786s] -- Up-to-date: /home/lemmy/robotis_ws/install/dynamixel_sdk_custom_interfaces/lib/python3.10/site-packages/dynamixel_sdk_custom_interfaces/__init__.py
[7.787s] -- Up-to-date: /home/lemmy/robotis_ws/install/dynamixel_sdk_custom_interfaces/lib/python3.10/site-packages/dynamixel_sdk_custom_interfaces/_dynamixel_sdk_custom_interfaces_s.ep.rosidl_typesupport_introspection_c.c
[7.788s] -- Up-to-date: /home/lemmy/robotis_ws/install/dynamixel_sdk_custom_interfaces/lib/python3.10/site-packages/dynamixel_sdk_custom_interfaces/dynamixel_sdk_custom_interfaces_s__rosidl_typesupport_introspection_c.cpython-310-aarch64-linux-gnu.so
[7.792s] -- Up-to-date: /home/lemmy/robotis_ws/install/dynamixel_sdk_custom_interfaces/lib/python3.10/site-packages/dynamixel_sdk_custom_interfaces/_dynamixel_sdk_custom_interfaces_s.ep.rosidl_typesupport_fastrtps_c.c
[7.793s] -- Up-to-date: /home/lemmy/robotis_ws/install/dynamixel_sdk_custom_interfaces/lib/python3.10/site-packages/dynamixel_sdk_custom_interfaces/dynamixel_sdk_custom_interfaces_s__rosidl_typesupport_fastrtps_c.cpython-310-aarch64-linux-gnu.so
[7.794s] -- Up-to-date: /home/lemmy/robotis_ws/install/dynamixel_sdk_custom_interfaces/lib/python3.10/site-packages/dynamixel_sdk_custom_interfaces/libdynamixel_sdk_custom_interfaces__rosidl_generator_py.so
[7.795s] -- Up-to-date: /home/lemmy/robotis_ws/install/dynamixel_sdk_custom_interfaces/lib/python3.10/site-packages/dynamixel_sdk_custom_interfaces/srv
[7.795s] -- Up-to-date: /home/lemmy/robotis_ws/install/dynamixel_sdk_custom_interfaces/lib/python3.10/site-packages/dynamixel_sdk_custom_interfaces/srv/__init__.py
[7.828s] -- Up-to-date: /home/lemmy/robotis_ws/install/dynamixel_sdk_custom_interfaces/lib/python3.10/site-packages/dynamixel_sdk_custom_interfaces/srv/_get_position_s.c
[7.830s] -- Up-to-date: /home/lemmy/robotis_ws/install/dynamixel_sdk_custom_interfaces/lib/python3.10/site-packages/dynamixel_sdk_custom_interfaces/srv/_get_position.py
[7.832s] -- Up-to-date: /home/lemmy/robotis_ws/install/dynamixel_sdk_custom_interfaces/lib/python3.10/site-packages/dynamixel_sdk_custom_interfaces/srv/_get_velocity.py
[7.833s] -- Up-to-date: /home/lemmy/robotis_ws/install/dynamixel_sdk_custom_interfaces/lib/python3.10/site-packages/dynamixel_sdk_custom_interfaces/srv/_get_velocity_s.c
[7.833s] -- Up-to-date: /home/lemmy/robotis_ws/install/dynamixel_sdk_custom_interfaces/lib/python3.10/site-packages/dynamixel_sdk_custom_interfaces/dynamixel_sdk_custom_interfaces_s__rosidl_typesupport_c.cpython-310-aarch64-linux-gnu.so
[7.836s] -- Up-to-date: /home/lemmy/robotis_ws/install/dynamixel_sdk_custom_interfaces/lib/python3.10/site-packages/dynamixel_sdk_custom_interfaces/msg
[7.836s] -- Up-to-date: /home/lemmy/robotis_ws/install/dynamixel_sdk_custom_interfaces/lib/python3.10/site-packages/dynamixel_sdk_custom_interfaces/msg/__init__.py
[7.837s] -- Up-to-date: /home/lemmy/robotis_ws/install/dynamixel_sdk_custom_interfaces/lib/python3.10/site-packages/dynamixel_sdk_custom_interfaces/msg/_present_load.py
[7.838s] -- Up-to-date: /home/lemmy/robotis_ws/install/dynamixel_sdk_custom_interfaces/lib/python3.10/site-packages/dynamixel_sdk_custom_interfaces/msg/_set_velocity_s.c
[7.838s] -- Up-to-date: /home/lemmy/robotis_ws/install/dynamixel_sdk_custom_interfaces/lib/python3.10/site-packages/dynamixel_sdk_custom_interfaces/msg/_moving_status_s.c
[7.839s] -- Up-to-date: /home/lemmy/robotis_ws/install/dynamixel_sdk_custom_interfaces/lib/python3.10/site-packages/dynamixel_sdk_custom_interfaces/msg/_status_s.c
[7.840s] -- Up-to-date: /home/lemmy/robotis_ws/install/dynamixel_sdk_custom_interfaces/lib/python3.10/site-packages/dynamixel_sdk_custom_interfaces/msg/_set_position.py
[7.840s] -- Up-to-date: /home/lemmy/robotis_ws/install/dynamixel_sdk_custom_interfaces/lib/python3.10/site-packages/dynamixel_sdk_custom_interfaces/msg/_set_position_s.c
[7.841s] -- Up-to-date: /home/lemmy/robotis_ws/install/dynamixel_sdk_custom_interfaces/lib/python3.10/site-packages/dynamixel_sdk_custom_interfaces/msg/_moving_status.py
[7.842s] -- Up-to-date: /home/lemmy/robotis_ws/install/dynamixel_sdk_custom_interfaces/lib/python3.10/site-packages/dynamixel_sdk_custom_interfaces/msg/_set_velocity.py
[7.843s] -- Up-to-date: /home/lemmy/robotis_ws/install/dynamixel_sdk_custom_interfaces/lib/python3.10/site-packages/dynamixel_sdk_custom_interfaces/msg/_present_load_s.c
[7.843s] -- Up-to-date: /home/lemmy/robotis_ws/install/dynamixel_sdk_custom_interfaces/lib/python3.10/site-packages/dynamixel_sdk_custom_interfaces/msg/_status.py
[7.844s] -- Up-to-date: /home/lemmy/robotis_ws/install/dynamixel_sdk_custom_interfaces/lib/python3.10/site-packages/dynamixel_sdk_custom_interfaces/_dynamixel_sdk_custom_interfaces_s.ep.rosidl_typesupport_c.c
[8.076s] Listing '/home/lemmy/robotis_ws/install/dynamixel_sdk_custom_interfaces/lib/python3.10/site-packages/dynamixel_sdk_custom_interfaces'...
[8.078s] Listing '/home/lemmy/robotis_ws/install/dynamixel_sdk_custom_interfaces/lib/python3.10/site-packages/dynamixel_sdk_custom_interfaces/msg'...
[8.079s] Listing '/home/lemmy/robotis_ws/install/dynamixel_sdk_custom_interfaces/lib/python3.10/site-packages/dynamixel_sdk_custom_interfaces/srv'...
[8.117s] -- Up-to-date: /home/lemmy/robotis_ws/install/dynamixel_sdk_custom_interfaces/lib/python3.10/site-packages/dynamixel_sdk_custom_interfaces/dynamixel_sdk_custom_interfaces_s__rosidl_typesupport_fastrtps_c.cpython-310-aarch64-linux-gnu.so
[8.122s] -- Up-to-date: /home/lemmy/robotis_ws/install/dynamixel_sdk_custom_interfaces/lib/python3.10/site-packages/dynamixel_sdk_custom_interfaces/dynamixel_sdk_custom_interfaces_s__rosidl_typesupport_introspection_c.cpython-310-aarch64-linux-gnu.so
[8.126s] -- Up-to-date: /home/lemmy/robotis_ws/install/dynamixel_sdk_custom_interfaces/lib/python3.10/site-packages/dynamixel_sdk_custom_interfaces/dynamixel_sdk_custom_interfaces_s__rosidl_typesupport_c.cpython-310-aarch64-linux-gnu.so
[8.130s] -- Up-to-date: /home/lemmy/robotis_ws/install/dynamixel_sdk_custom_interfaces/lib/libdynamixel_sdk_custom_interfaces__rosidl_generator_py.so
[8.133s] -- Up-to-date: /home/lemmy/robotis_ws/install/dynamixel_sdk_custom_interfaces/share/dynamixel_sdk_custom_interfaces/msg/SetVelocity.idl
[8.136s] -- Up-to-date: /home/lemmy/robotis_ws/install/dynamixel_sdk_custom_interfaces/share/dynamixel_sdk_custom_interfaces/msg/SetPosition.idl
[8.140s] -- Up-to-date: /home/lemmy/robotis_ws/install/dynamixel_sdk_custom_interfaces/share/dynamixel_sdk_custom_interfaces/msg/MovingStatus.idl
[8.153s] -- Up-to-date: /home/lemmy/robotis_ws/install/dynamixel_sdk_custom_interfaces/share/dynamixel_sdk_custom_interfaces/msg/PresentLoad.idl
[8.155s] -- Up-to-date: /home/lemmy/robotis_ws/install/dynamixel_sdk_custom_interfaces/share/dynamixel_sdk_custom_interfaces/srv/GetVelocity.idl
[8.168s] -- Up-to-date: /home/lemmy/robotis_ws/install/dynamixel_sdk_custom_interfaces/share/dynamixel_sdk_custom_interfaces/srv/GetPosition.idl
[8.169s] -- Up-to-date: /home/lemmy/robotis_ws/install/dynamixel_sdk_custom_interfaces/share/dynamixel_sdk_custom_interfaces/msg/SetVelocity.msg
[8.171s] -- Up-to-date: /home/lemmy/robotis_ws/install/dynamixel_sdk_custom_interfaces/share/dynamixel_sdk_custom_interfaces/msg/SetPosition.msg
[8.174s] -- Up-to-date: /home/lemmy/robotis_ws/install/dynamixel_sdk_custom_interfaces/share/dynamixel_sdk_custom_interfaces/msg/MovingStatus.msg
[8.175s] -- Up-to-date: /home/lemmy/robotis_ws/install/dynamixel_sdk_custom_interfaces/share/dynamixel_sdk_custom_interfaces/msg/PresentLoad.msg
[8.176s] -- Up-to-date: /home/lemmy/robotis_ws/install/dynamixel_sdk_custom_interfaces/share/dynamixel_sdk_custom_interfaces/srv/GetVelocity.srv
[8.177s] -- Up-to-date: /home/lemmy/robotis_ws/install/dynamixel_sdk_custom_interfaces/share/dynamixel_sdk_custom_interfaces/srv/GetVelocity_Request.msg
[8.178s] -- Up-to-date: /home/lemmy/robotis_ws/install/dynamixel_sdk_custom_interfaces/share/dynamixel_sdk_custom_interfaces/srv/GetVelocity_Response.msg
[8.179s] -- Up-to-date: /home/lemmy/robotis_ws/install/dynamixel_sdk_custom_interfaces/share/dynamixel_sdk_custom_interfaces/srv/GetPosition.srv
[8.180s] -- Up-to-date: /home/lemmy/robotis_ws/install/dynamixel_sdk_custom_interfaces/share/dynamixel_sdk_custom_interfaces/srv/GetPosition_Request.msg
[8.181s] -- Up-to-date: /home/lemmy/robotis_ws/install/dynamixel_sdk_custom_interfaces/share/dynamixel_sdk_custom_interfaces/srv/GetPosition_Response.msg
[8.195s] -- Up-to-date: /home/lemmy/robotis_ws/install/dynamixel_sdk_custom_interfaces/share/ament_index/resource_index/package_run_dependencies/dynamixel_sdk_custom_interfaces
[8.197s] -- Up-to-date: /home/lemmy/robotis_ws/install/dynamixel_sdk_custom_interfaces/share/ament_index/resource_index/parent_prefix_path/dynamixel_sdk_custom_interfaces
[8.200s] -- Up-to-date: /home/lemmy/robotis_ws/install/dynamixel_sdk_custom_interfaces/share/dynamixel_sdk_custom_interfaces/environment/ament_prefix_path.sh
[8.202s] -- Up-to-date: /home/lemmy/robotis_ws/install/dynamixel_sdk_custom_interfaces/share/dynamixel_sdk_custom_interfaces/environment/ament_prefix_path.dsv
[8.207s] -- Up-to-date: /home/lemmy/robotis_ws/install/dynamixel_sdk_custom_interfaces/share/dynamixel_sdk_custom_interfaces/environment/path.sh
[8.208s] -- Up-to-date: /home/lemmy/robotis_ws/install/dynamixel_sdk_custom_interfaces/share/dynamixel_sdk_custom_interfaces/environment/path.dsv
[8.208s] -- Up-to-date: /home/lemmy/robotis_ws/install/dynamixel_sdk_custom_interfaces/share/dynamixel_sdk_custom_interfaces/local_setup.bash
[8.209s] -- Up-to-date: /home/lemmy/robotis_ws/install/dynamixel_sdk_custom_interfaces/share/dynamixel_sdk_custom_interfaces/local_setup.sh
[8.210s] -- Up-to-date: /home/lemmy/robotis_ws/install/dynamixel_sdk_custom_interfaces/share/dynamixel_sdk_custom_interfaces/local_setup.zsh
[8.211s] -- Up-to-date: /home/lemmy/robotis_ws/install/dynamixel_sdk_custom_interfaces/share/dynamixel_sdk_custom_interfaces/local_setup.dsv
[8.212s] -- Installing: /home/lemmy/robotis_ws/install/dynamixel_sdk_custom_interfaces/share/dynamixel_sdk_custom_interfaces/package.dsv
[8.212s] -- Up-to-date: /home/lemmy/robotis_ws/install/dynamixel_sdk_custom_interfaces/share/ament_index/resource_index/packages/dynamixel_sdk_custom_interfaces
[8.214s] -- Up-to-date: /home/lemmy/robotis_ws/install/dynamixel_sdk_custom_interfaces/share/dynamixel_sdk_custom_interfaces/cmake/export_dynamixel_sdk_custom_interfaces__rosidl_generator_cExport.cmake
[8.216s] -- Up-to-date: /home/lemmy/robotis_ws/install/dynamixel_sdk_custom_interfaces/share/dynamixel_sdk_custom_interfaces/cmake/export_dynamixel_sdk_custom_interfaces__rosidl_generator_cExport-noconfig.cmake
[8.217s] -- Up-to-date: /home/lemmy/robotis_ws/install/dynamixel_sdk_custom_interfaces/share/dynamixel_sdk_custom_interfaces/cmake/export_dynamixel_sdk_custom_interfaces__rosidl_typesupport_fastrtps_cExport.cmake
[8.219s] -- Up-to-date: /home/lemmy/robotis_ws/install/dynamixel_sdk_custom_interfaces/share/dynamixel_sdk_custom_interfaces/cmake/export_dynamixel_sdk_custom_interfaces__rosidl_typesupport_fastrtps_cExport-noconfig.cmake
[8.221s] -- Up-to-date: /home/lemmy/robotis_ws/install/dynamixel_sdk_custom_interfaces/share/dynamixel_sdk_custom_interfaces/cmake/export_dynamixel_sdk_custom_interfaces__rosidl_generator_cppExport.cmake
[8.225s] -- Up-to-date: /home/lemmy/robotis_ws/install/dynamixel_sdk_custom_interfaces/share/dynamixel_sdk_custom_interfaces/cmake/export_dynamixel_sdk_custom_interfaces__rosidl_typesupport_fastrtps_cppExport.cmake
[8.226s] -- Up-to-date: /home/lemmy/robotis_ws/install/dynamixel_sdk_custom_interfaces/share/dynamixel_sdk_custom_interfaces/cmake/export_dynamixel_sdk_custom_interfaces__rosidl_typesupport_fastrtps_cppExport-noconfig.cmake
[8.228s] -- Up-to-date: /home/lemmy/robotis_ws/install/dynamixel_sdk_custom_interfaces/share/dynamixel_sdk_custom_interfaces/cmake/dynamixel_sdk_custom_interfaces__rosidl_typesupport_introspection_cExport.cmake
[8.229s] -- Up-to-date: /home/lemmy/robotis_ws/install/dynamixel_sdk_custom_interfaces/share/dynamixel_sdk_custom_interfaces/cmake/dynamixel_sdk_custom_interfaces__rosidl_typesupport_introspection_cExport-noconfig.cmake
[8.231s] -- Up-to-date: /home/lemmy/robotis_ws/install/dynamixel_sdk_custom_interfaces/share/dynamixel_sdk_custom_interfaces/cmake/dynamixel_sdk_custom_interfaces__rosidl_typesupport_cExport.cmake
[8.231s] -- Up-to-date: /home/lemmy/robotis_ws/install/dynamixel_sdk_custom_interfaces/share/dynamixel_sdk_custom_interfaces/cmake/dynamixel_sdk_custom_interfaces__rosidl_typesupport_cExport-noconfig.cmake
[8.233s] -- Up-to-date: /home/lemmy/robotis_ws/install/dynamixel_sdk_custom_interfaces/share/dynamixel_sdk_custom_interfaces/cmake/dynamixel_sdk_custom_interfaces__rosidl_typesupport_introspection_cppExport.cmake
[8.235s] -- Up-to-date: /home/lemmy/robotis_ws/install/dynamixel_sdk_custom_interfaces/share/dynamixel_sdk_custom_interfaces/cmake/dynamixel_sdk_custom_interfaces__rosidl_typesupport_introspection_cppExport-noconfig.cmake
[8.236s] -- Up-to-date: /home/lemmy/robotis_ws/install/dynamixel_sdk_custom_interfaces/share/dynamixel_sdk_custom_interfaces/cmake/dynamixel_sdk_custom_interfaces__rosidl_typesupport_cppExport.cmake
[8.238s] -- Up-to-date: /home/lemmy/robotis_ws/install/dynamixel_sdk_custom_interfaces/share/dynamixel_sdk_custom_interfaces/cmake/dynamixel_sdk_custom_interfaces__rosidl_typesupport_cppExport-noconfig.cmake
[8.239s] -- Up-to-date: /home/lemmy/robotis_ws/install/dynamixel_sdk_custom_interfaces/share/dynamixel_sdk_custom_interfaces/cmake/export_dynamixel_sdk_custom_interfaces__rosidl_generator_pyExport.cmake
[8.241s] -- Up-to-date: /home/lemmy/robotis_ws/install/dynamixel_sdk_custom_interfaces/share/dynamixel_sdk_custom_interfaces/cmake/export_dynamixel_sdk_custom_interfaces__rosidl_generator_pyExport-noconfig.cmake
[8.242s] -- Up-to-date: /home/lemmy/robotis_ws/install/dynamixel_sdk_custom_interfaces/share/dynamixel_sdk_custom_interfaces/cmake/rosidl_cmake-extras.cmake
[8.243s] -- Up-to-date: /home/lemmy/robotis_ws/install/dynamixel_sdk_custom_interfaces/share/dynamixel_sdk_custom_interfaces/cmake/ament_cmake_export_dependencies-extras.cmake
[8.244s] -- Up-to-date: /home/lemmy/robotis_ws/install/dynamixel_sdk_custom_interfaces/share/dynamixel_sdk_custom_interfaces/cmake/ament_cmake_export_include_directories-extras.cmake
[8.249s] -- Up-to-date: /home/lemmy/robotis_ws/install/dynamixel_sdk_custom_interfaces/share/dynamixel_sdk_custom_interfaces/cmake/ament_cmake_export_libraries-extras.cmake
[8.256s] -- Up-to-date: /home/lemmy/robotis_ws/install/dynamixel_sdk_custom_interfaces/share/dynamixel_sdk_custom_interfaces/cmake/ament_cmake_export_targets-extras.cmake
[8.259s] -- Up-to-date: /home/lemmy/robotis_ws/install/dynamixel_sdk_custom_interfaces/share/dynamixel_sdk_custom_interfaces/cmake/rosidl_cmake_export_typesupport_targets-extras.cmake
[8.262s] -- Up-to-date: /home/lemmy/robotis_ws/install/dynamixel_sdk_custom_interfaces/share/dynamixel_sdk_custom_interfaces/cmake/rosidl_cmake_export_typesupport_libraries-extras.cmake
[8.270s] -- Up-to-date: /home/lemmy/robotis_ws/install/dynamixel_sdk_custom_interfaces/share/dynamixel_sdk_custom_interfaces/cmake/dynamixel_sdk_custom_interfacesConfig.cmake
[8.272s] -- Up-to-date: /home/lemmy/robotis_ws/install/dynamixel_sdk_custom_interfaces/share/dynamixel_sdk_custom_interfaces/cmake/dynamixel_sdk_custom_interfacesConfig-version.cmake
[8.275s] -- Up-to-date: /home/lemmy/robotis_ws/install/dynamixel_sdk_custom_interfaces/share/dynamixel_sdk_custom_interfaces/package.xml
[8.305s] Invoked command in '/home/lemmy/robotis_ws/build/dynamixel_sdk_custom_interfaces' returned '0': CMAKE_PREFIX_PATH=${CMAKE_PREFIX_PATH}:/home/lemmy/robotis_ws/install/wheels_control:/home/lemmy/ros2_ws/install/my_robot_controller:/opt/ros/humble /usr/bin/cmake --install /home/lemmy/robotis_ws/build/dynamixel_sdk_custom_interfaces
