[0.072s] Invoking command in '/home/lemmy/robotis_ws/build/dynamixel_sdk_examples': CMAKE_PREFIX_PATH=/home/lemmy/robotis_ws/install/dynamixel_sdk_custom_interfaces:/home/lemmy/robotis_ws/install/dynamixel_sdk:/home/lemmy/robotis_ws/install/joystick_listener:/home/lemmy/robotis_ws/install/dynamixel_sdk_examples:/home/lemmy/ros2_ws/install/pantilt_bot_description:/home/lemmy/ros2_ws/install/open_manipulator_x_description:/home/lemmy/ros2_ws/install/dynamixel_hardware:/home/lemmy/robotis_ws/install/wheels_control:/home/lemmy/ros2_ws/install/my_robot_controller:/opt/ros/humble LD_LIBRARY_PATH=/home/lemmy/robotis_ws/install/dynamixel_sdk_custom_interfaces/lib:/home/lemmy/robotis_ws/install/dynamixel_sdk/lib:/home/lemmy/robotis_ws/install/joystick_listener/lib:/home/lemmy/ros2_ws/install/dynamixel_hardware/lib:/opt/ros/humble/opt/rviz_ogre_vendor/lib:/opt/ros/humble/lib/aarch64-linux-gnu:/opt/ros/humble/lib PYTHONPATH=/home/lemmy/robotis_ws/install/dynamixel_sdk_custom_interfaces/lib/python3.10/site-packages:/home/lemmy/robotis_ws/install/wheels_control/lib/python3.10/site-packages:/home/lemmy/robotis_ws/install/joystick_listener/lib/python3.10/site-packages:/home/lemmy/ros2_ws/install/my_robot_controller/lib/python3.10/site-packages:/opt/ros/humble/lib/python3.10/site-packages:/opt/ros/humble/local/lib/python3.10/dist-packages /usr/bin/cmake --build /home/lemmy/robotis_ws/build/dynamixel_sdk_examples -- -j4 -l4
[0.292s] [35m[1mConsolidate compiler generated dependencies of target position_control_node[0m
[0.391s] [ 50%] Built target velocity_control_node
[0.410s] [ 75%] [32mBuilding CXX object CMakeFiles/position_control_node.dir/src/position_control_node.cpp.o[0m
[10.847s] [01m[K/home/lemmy/robotis_ws/src/DynamixelSDK/dynamixel_sdk_examples/src/position_control_node.cpp:[m[K In constructor ‘[01m[KPositionControlNode::PositionControlNode()[m[K’:
[10.848s] [01m[K/home/lemmy/robotis_ws/src/DynamixelSDK/dynamixel_sdk_examples/src/position_control_node.cpp:54:51:[m[K [01;31m[Kerror: [m[Kno matching function for call to ‘[01m[KPositionControlNode::create_subscription<PositionControlNode::SetPosition>(const char [13], const rclcpp::QoS&, std::_Bind_helper<false, void (PositionControlNode::*)(std::shared_ptr<dynamixel_sdk_custom_interfaces::msg::SetPosition_<std::allocator<void> > >), PositionControlNode*, const std::_Placeholder<1>&>::type, PositionControlNode::PositionControlNode()::<lambda(dynamixel_sdk_custom_interfaces::msg::SetPosition_<std::allocator<void> >::SharedPtr)>)[m[K’
[10.848s]    54 |             [01;31m[Kthis->create_subscription<SetPosition>([m[K
[10.849s]       |             [01;31m[K~~~~~~~~~~~~~~~~~~~~~~~~~~~~~~~~~~~~~~^[m[K
[10.849s]    55 | [01;31m[K                    "set_position",[m[K
[10.849s]       |                     [01;31m[K~~~~~~~~~~~~~~~[m[K                
[10.850s]    56 | [01;31m[K                    QOS_RKL10V,[m[K
[10.850s]       |                     [01;31m[K~~~~~~~~~~~[m[K                    
[10.850s]    57 | [01;31m[K                    std::bind(&PositionControlNode::handle_position, this, std::placeholders::_1),[m[K
[10.851s]       |                     [01;31m[K~~~~~~~~~~~~~~~~~~~~~~~~~~~~~~~~~~~~~~~~~~~~~~~~~~~~~~~~~~~~~~~~~~~~~~~~~~~~~~[m[K
[10.851s]    58 | [01;31m[K                    [this](const dynamixel_sdk_custom_interfaces::msg::SetPosition::SharedPtr msg) -> void[m[K
[10.851s]       |                     [01;31m[K~~~~~~~~~~~~~~~~~~~~~~~~~~~~~~~~~~~~~~~~~~~~~~~~~~~~~~~~~~~~~~~~~~~~~~~~~~~~~~~~~~~~~~[m[K
[10.852s]    59 | [01;31m[K                    {[m[K
[10.852s]       |                     [01;31m[K~[m[K                              
[10.853s]    60 | [01;31m[K                        uint8_t dxl_error = 0;[m[K
[10.853s]       |                         [01;31m[K~~~~~~~~~~~~~~~~~~~~~~[m[K     
[10.853s]    61 | 
[10.853s]       |                                                    
[10.854s]    62 | [01;31m[K                        // Position Value of X series is 4 byte data.[m[K
[10.854s]       |                         [01;31m[K~~~~~~~~~~~~~~~~~~~~~~~~~~~~~~~~~~~~~~~~~~~~~[m[K
[10.855s]    63 | [01;31m[K                        // For AX & MX(1.0) use 2 byte data(uint16_t) for the Position Value.[m[K
[10.855s]       |                         [01;31m[K~~~~~~~~~~~~~~~~~~~~~~~~~~~~~~~~~~~~~~~~~~~~~~~~~~~~~~~~~~~~~~~~~~~~~[m[K
[10.855s]    64 | [01;31m[K                        uint32_t goal_position_1 = msg->positions[0];  // Convert int32 -> uint32[m[K
[10.856s]       |                         [01;31m[K~~~~~~~~~~~~~~~~~~~~~~~~~~~~~~~~~~~~~~~~~~~~~~~~~~~~~~~~~~~~~~~~~~~~~~~~~[m[K
[10.856s]    65 | [01;31m[K                        uint32_t goal_position_2 = msg->positions[1];[m[K
[10.856s]       |                         [01;31m[K~~~~~~~~~~~~~~~~~~~~~~~~~~~~~~~~~~~~~~~~~~~~~[m[K
[10.857s]    66 | 
[10.857s]       |                                                    
[10.857s]    67 | [01;31m[K                        // Write Goal Position (length : 4 bytes)[m[K
[10.858s]       |                         [01;31m[K~~~~~~~~~~~~~~~~~~~~~~~~~~~~~~~~~~~~~~~~~[m[K
[10.858s]    68 | [01;31m[K                        // When writing 2 byte data to AX / MX(1.0), use write2ByteTxRx() instead.[m[K
[10.858s]       |                         [01;31m[K~~~~~~~~~~~~~~~~~~~~~~~~~~~~~~~~~~~~~~~~~~~~~~~~~~~~~~~~~~~~~~~~~~~~~~~~~~[m[K
[10.859s]    69 | [01;31m[K                        dxl_comm_result =[m[K
[10.859s]       |                         [01;31m[K~~~~~~~~~~~~~~~~~[m[K          
[10.859s]    70 | [01;31m[K                                packetHandler->write4ByteTxRx([m[K
[10.860s]       |                                 [01;31m[K~~~~~~~~~~~~~~~~~~~~~~~~~~~~~~[m[K
[10.860s]    71 | [01;31m[K                                        portHandler,[m[K
[10.861s]       |                                         [01;31m[K~~~~~~~~~~~~[m[K
[10.861s]    72 | [01;31m[K                                        1,[m[K
[10.861s]       |                                         [01;31m[K~~[m[K         
[10.862s]    73 | [01;31m[K                                        ADDR_GOAL_POSITION,[m[K
[10.862s]       |                                         [01;31m[K~~~~~~~~~~~~~~~~~~~[m[K
[10.863s]    74 | [01;31m[K                                        goal_position_1,[m[K
[10.863s]       |                                         [01;31m[K~~~~~~~~~~~~~~~~[m[K
[10.863s]    75 | [01;31m[K                                        &dxl_error[m[K
[10.863s]       |                                         [01;31m[K~~~~~~~~~~[m[K 
[10.864s]    76 | [01;31m[K                                );[m[K
[10.864s]       |                                 [01;31m[K~~[m[K                 
[10.864s]    77 | [01;31m[K                        dxl_comm_result =[m[K
[10.865s]       |                         [01;31m[K~~~~~~~~~~~~~~~~~[m[K          
[10.865s]    78 | [01;31m[K                                packetHandler->write4ByteTxRx([m[K
[10.865s]       |                                 [01;31m[K~~~~~~~~~~~~~~~~~~~~~~~~~~~~~~[m[K
[10.866s]    79 | [01;31m[K                                        portHandler,[m[K
[10.866s]       |                                         [01;31m[K~~~~~~~~~~~~[m[K
[10.866s]    80 | [01;31m[K                                        2,[m[K
[10.867s]       |                                         [01;31m[K~~[m[K         
[10.867s]    81 | [01;31m[K                                        ADDR_GOAL_POSITION,[m[K
[10.867s]       |                                         [01;31m[K~~~~~~~~~~~~~~~~~~~[m[K
[10.868s]    82 | [01;31m[K                                        goal_position_2,[m[K
[10.868s]       |                                         [01;31m[K~~~~~~~~~~~~~~~~[m[K
[10.868s]    83 | [01;31m[K                                        &dxl_error[m[K
[10.869s]       |                                         [01;31m[K~~~~~~~~~~[m[K 
[10.869s]    84 | [01;31m[K                                );[m[K
[10.869s]       |                                 [01;31m[K~~[m[K                 
[10.870s]    85 | 
[10.870s]       |                                                    
[10.870s]    86 | [01;31m[K                        if (dxl_comm_result != COMM_SUCCESS) {[m[K
[10.871s]       |                         [01;31m[K~~~~~~~~~~~~~~~~~~~~~~~~~~~~~~~~~~~~~~[m[K
[10.871s]    87 | [01;31m[K                            RCLCPP_INFO(this->get_logger(), "%s", packetHandler->getTxRxResult(dxl_comm_result));[m[K
[10.871s]       |                             [01;31m[K~~~~~~~~~~~~~~~~~~~~~~~~~~~~~~~~~~~~~~~~~~~~~~~~~~~~~~~~~~~~~~~~~~~~~~~~~~~~~~~~~~~~~[m[K
[10.872s]    88 | [01;31m[K                        } else if (dxl_error != 0) {[m[K
[10.872s]       |                         [01;31m[K~~~~~~~~~~~~~~~~~~~~~~~~~~~~[m[K
[10.873s]    89 | [01;31m[K                            RCLCPP_INFO(this->get_logger(), "%s", packetHandler->getRxPacketError(dxl_error));[m[K
[10.873s]       |                             [01;31m[K~~~~~~~~~~~~~~~~~~~~~~~~~~~~~~~~~~~~~~~~~~~~~~~~~~~~~~~~~~~~~~~~~~~~~~~~~~~~~~~~~~[m[K
[10.873s]    90 | [01;31m[K                        } else {[m[K
[10.874s]       |                         [01;31m[K~~~~~~~~[m[K                   
[10.874s]    91 | [01;31m[K                            RCLCPP_INFO(this->get_logger(), "Set [ID: %d] [Goal Position: %d]", msg->ids[0], msg->positions[0]);[m[K
[10.874s]       |                             [01;31m[K~~~~~~~~~~~~~~~~~~~~~~~~~~~~~~~~~~~~~~~~~~~~~~~~~~~~~~~~~~~~~~~~~~~~~~~~~~~~~~~~~~~~~~~~~~~~~~~~~~~~[m[K
[10.875s]    92 | [01;31m[K                            RCLCPP_INFO(this->get_logger(), "Set [ID: %d] [Goal Position: %d]", msg->ids[1], msg->positions[1]);[m[K
[10.875s]       |                             [01;31m[K~~~~~~~~~~~~~~~~~~~~~~~~~~~~~~~~~~~~~~~~~~~~~~~~~~~~~~~~~~~~~~~~~~~~~~~~~~~~~~~~~~~~~~~~~~~~~~~~~~~~[m[K
[10.875s]    93 | [01;31m[K                        }[m[K
[10.876s]       |                         [01;31m[K~[m[K                          
[10.876s]    94 | [01;31m[K                    }[m[K
[10.876s]       |                     [01;31m[K~[m[K                              
[10.877s]    95 | [01;31m[K            )[m[K;
[10.877s]       |             [01;31m[K~[m[K                                      
[10.877s] In file included from [01m[K/opt/ros/humble/include/rclcpp/rclcpp/executors/single_threaded_executor.hpp:28[m[K,
[10.878s]                  from [01m[K/opt/ros/humble/include/rclcpp/rclcpp/executors.hpp:22[m[K,
[10.878s]                  from [01m[K/opt/ros/humble/include/rclcpp/rclcpp/rclcpp.hpp:155[m[K,
[10.878s]                  from [01m[K/home/lemmy/robotis_ws/src/DynamixelSDK/dynamixel_sdk_examples/src/position_control_node.cpp:10[m[K:
[10.879s] [01m[K/opt/ros/humble/include/rclcpp/rclcpp/node.hpp:219:3:[m[K [01;36m[Knote: [m[Kcandidate: ‘[01m[Ktemplate<class MessageT, class CallbackT, class AllocatorT, class SubscriptionT, class MessageMemoryStrategyT> std::shared_ptr<ROSMessageT> rclcpp::Node::create_subscription(const string&, const rclcpp::QoS&, CallbackT&&, const rclcpp::SubscriptionOptionsWithAllocator<AllocatorT>&, typename MessageMemoryStrategyT::SharedPtr)[m[K’
[10.879s]   219 |   [01;36m[Kcreate_subscription[m[K(
[10.879s]       |   [01;36m[K^~~~~~~~~~~~~~~~~~~[m[K
[10.880s] [01m[K/opt/ros/humble/include/rclcpp/rclcpp/node.hpp:219:3:[m[K [01;36m[Knote: [m[K  template argument deduction/substitution failed:
[10.880s] [01m[K/home/lemmy/robotis_ws/src/DynamixelSDK/dynamixel_sdk_examples/src/position_control_node.cpp:54:51:[m[K [01;36m[Knote: [m[K  ‘[01m[KPositionControlNode::PositionControlNode()::<lambda(dynamixel_sdk_custom_interfaces::msg::SetPosition_<std::allocator<void> >::SharedPtr)>[m[K’ is not derived from ‘[01m[Kconst rclcpp::SubscriptionOptionsWithAllocator<AllocatorT>[m[K’
[10.880s]    54 |             [01;36m[Kthis->create_subscription<SetPosition>([m[K
[10.881s]       |             [01;36m[K~~~~~~~~~~~~~~~~~~~~~~~~~~~~~~~~~~~~~~^[m[K
[10.881s]    55 | [01;36m[K                    "set_position",[m[K
[10.881s]       |                     [01;36m[K~~~~~~~~~~~~~~~[m[K                
[10.882s]    56 | [01;36m[K                    QOS_RKL10V,[m[K
[10.882s]       |                     [01;36m[K~~~~~~~~~~~[m[K                    
[10.883s]    57 | [01;36m[K                    std::bind(&PositionControlNode::handle_position, this, std::placeholders::_1),[m[K
[10.883s]       |                     [01;36m[K~~~~~~~~~~~~~~~~~~~~~~~~~~~~~~~~~~~~~~~~~~~~~~~~~~~~~~~~~~~~~~~~~~~~~~~~~~~~~~[m[K
[10.883s]    58 | [01;36m[K                    [this](const dynamixel_sdk_custom_interfaces::msg::SetPosition::SharedPtr msg) -> void[m[K
[10.884s]       |                     [01;36m[K~~~~~~~~~~~~~~~~~~~~~~~~~~~~~~~~~~~~~~~~~~~~~~~~~~~~~~~~~~~~~~~~~~~~~~~~~~~~~~~~~~~~~~[m[K
[10.884s]    59 | [01;36m[K                    {[m[K
[10.885s]       |                     [01;36m[K~[m[K                              
[10.885s]    60 | [01;36m[K                        uint8_t dxl_error = 0;[m[K
[10.885s]       |                         [01;36m[K~~~~~~~~~~~~~~~~~~~~~~[m[K     
[10.886s]    61 | 
[10.886s]       |                                                    
[10.887s]    62 | [01;36m[K                        // Position Value of X series is 4 byte data.[m[K
[10.887s]       |                         [01;36m[K~~~~~~~~~~~~~~~~~~~~~~~~~~~~~~~~~~~~~~~~~~~~~[m[K
[10.887s]    63 | [01;36m[K                        // For AX & MX(1.0) use 2 byte data(uint16_t) for the Position Value.[m[K
[10.887s]       |                         [01;36m[K~~~~~~~~~~~~~~~~~~~~~~~~~~~~~~~~~~~~~~~~~~~~~~~~~~~~~~~~~~~~~~~~~~~~~[m[K
[10.888s]    64 | [01;36m[K                        uint32_t goal_position_1 = msg->positions[0];  // Convert int32 -> uint32[m[K
[10.888s]       |                         [01;36m[K~~~~~~~~~~~~~~~~~~~~~~~~~~~~~~~~~~~~~~~~~~~~~~~~~~~~~~~~~~~~~~~~~~~~~~~~~[m[K
[10.888s]    65 | [01;36m[K                        uint32_t goal_position_2 = msg->positions[1];[m[K
[10.889s]       |                         [01;36m[K~~~~~~~~~~~~~~~~~~~~~~~~~~~~~~~~~~~~~~~~~~~~~[m[K
[10.889s]    66 | 
[10.889s]       |                                                    
[10.890s]    67 | [01;36m[K                        // Write Goal Position (length : 4 bytes)[m[K
[10.890s]       |                         [01;36m[K~~~~~~~~~~~~~~~~~~~~~~~~~~~~~~~~~~~~~~~~~[m[K
[10.890s]    68 | [01;36m[K                        // When writing 2 byte data to AX / MX(1.0), use write2ByteTxRx() instead.[m[K
[10.891s]       |                         [01;36m[K~~~~~~~~~~~~~~~~~~~~~~~~~~~~~~~~~~~~~~~~~~~~~~~~~~~~~~~~~~~~~~~~~~~~~~~~~~[m[K
[10.891s]    69 | [01;36m[K                        dxl_comm_result =[m[K
[10.892s]       |                         [01;36m[K~~~~~~~~~~~~~~~~~[m[K          
[10.892s]    70 | [01;36m[K                                packetHandler->write4ByteTxRx([m[K
[10.892s]       |                                 [01;36m[K~~~~~~~~~~~~~~~~~~~~~~~~~~~~~~[m[K
[10.893s]    71 | [01;36m[K                                        portHandler,[m[K
[10.893s]       |                                         [01;36m[K~~~~~~~~~~~~[m[K
[10.894s]    72 | [01;36m[K                                        1,[m[K
[10.894s]       |                                         [01;36m[K~~[m[K         
[10.894s]    73 | [01;36m[K                                        ADDR_GOAL_POSITION,[m[K
[10.895s]       |                                         [01;36m[K~~~~~~~~~~~~~~~~~~~[m[K
[10.895s]    74 | [01;36m[K                                        goal_position_1,[m[K
[10.895s]       |                                         [01;36m[K~~~~~~~~~~~~~~~~[m[K
[10.896s]    75 | [01;36m[K                                        &dxl_error[m[K
[10.896s]       |                                         [01;36m[K~~~~~~~~~~[m[K 
[10.896s]    76 | [01;36m[K                                );[m[K
[10.897s]       |                                 [01;36m[K~~[m[K                 
[10.897s]    77 | [01;36m[K                        dxl_comm_result =[m[K
[10.897s]       |                         [01;36m[K~~~~~~~~~~~~~~~~~[m[K          
[10.897s]    78 | [01;36m[K                                packetHandler->write4ByteTxRx([m[K
[10.898s]       |                                 [01;36m[K~~~~~~~~~~~~~~~~~~~~~~~~~~~~~~[m[K
[10.898s]    79 | [01;36m[K                                        portHandler,[m[K
[10.898s]       |                                         [01;36m[K~~~~~~~~~~~~[m[K
[10.899s]    80 | [01;36m[K                                        2,[m[K
[10.899s]       |                                         [01;36m[K~~[m[K         
[10.899s]    81 | [01;36m[K                                        ADDR_GOAL_POSITION,[m[K
[10.900s]       |                                         [01;36m[K~~~~~~~~~~~~~~~~~~~[m[K
[10.900s]    82 | [01;36m[K                                        goal_position_2,[m[K
[10.900s]       |                                         [01;36m[K~~~~~~~~~~~~~~~~[m[K
[10.901s]    83 | [01;36m[K                                        &dxl_error[m[K
[10.901s]       |                                         [01;36m[K~~~~~~~~~~[m[K 
[10.901s]    84 | [01;36m[K                                );[m[K
[10.902s]       |                                 [01;36m[K~~[m[K                 
[10.902s]    85 | 
[10.902s]       |                                                    
[10.903s]    86 | [01;36m[K                        if (dxl_comm_result != COMM_SUCCESS) {[m[K
[10.903s]       |                         [01;36m[K~~~~~~~~~~~~~~~~~~~~~~~~~~~~~~~~~~~~~~[m[K
[10.903s]    87 | [01;36m[K                            RCLCPP_INFO(this->get_logger(), "%s", packetHandler->getTxRxResult(dxl_comm_result));[m[K
[10.904s]       |                             [01;36m[K~~~~~~~~~~~~~~~~~~~~~~~~~~~~~~~~~~~~~~~~~~~~~~~~~~~~~~~~~~~~~~~~~~~~~~~~~~~~~~~~~~~~~[m[K
[10.904s]    88 | [01;36m[K                        } else if (dxl_error != 0) {[m[K
[10.904s]       |                         [01;36m[K~~~~~~~~~~~~~~~~~~~~~~~~~~~~[m[K
[10.905s]    89 | [01;36m[K                            RCLCPP_INFO(this->get_logger(), "%s", packetHandler->getRxPacketError(dxl_error));[m[K
[10.905s]       |                             [01;36m[K~~~~~~~~~~~~~~~~~~~~~~~~~~~~~~~~~~~~~~~~~~~~~~~~~~~~~~~~~~~~~~~~~~~~~~~~~~~~~~~~~~[m[K
[10.905s]    90 | [01;36m[K                        } else {[m[K
[10.906s]       |                         [01;36m[K~~~~~~~~[m[K                   
[10.906s]    91 | [01;36m[K                            RCLCPP_INFO(this->get_logger(), "Set [ID: %d] [Goal Position: %d]", msg->ids[0], msg->positions[0]);[m[K
[10.906s]       |                             [01;36m[K~~~~~~~~~~~~~~~~~~~~~~~~~~~~~~~~~~~~~~~~~~~~~~~~~~~~~~~~~~~~~~~~~~~~~~~~~~~~~~~~~~~~~~~~~~~~~~~~~~~~[m[K
[10.907s]    92 | [01;36m[K                            RCLCPP_INFO(this->get_logger(), "Set [ID: %d] [Goal Position: %d]", msg->ids[1], msg->positions[1]);[m[K
[10.907s]       |                             [01;36m[K~~~~~~~~~~~~~~~~~~~~~~~~~~~~~~~~~~~~~~~~~~~~~~~~~~~~~~~~~~~~~~~~~~~~~~~~~~~~~~~~~~~~~~~~~~~~~~~~~~~~[m[K
[10.908s]    93 | [01;36m[K                        }[m[K
[10.908s]       |                         [01;36m[K~[m[K                          
[10.908s]    94 | [01;36m[K                    }[m[K
[10.909s]       |                     [01;36m[K~[m[K                              
[10.909s]    95 | [01;36m[K            )[m[K;
[10.910s]       |             [01;36m[K~[m[K                                      
[14.912s] gmake[2]: *** [CMakeFiles/position_control_node.dir/build.make:76: CMakeFiles/position_control_node.dir/src/position_control_node.cpp.o] Error 1
[14.913s] gmake[1]: *** [CMakeFiles/Makefile2:165: CMakeFiles/position_control_node.dir/all] Error 2
[14.913s] gmake: *** [Makefile:146: all] Error 2
[14.920s] Invoked command in '/home/lemmy/robotis_ws/build/dynamixel_sdk_examples' returned '2': CMAKE_PREFIX_PATH=/home/lemmy/robotis_ws/install/dynamixel_sdk_custom_interfaces:/home/lemmy/robotis_ws/install/dynamixel_sdk:/home/lemmy/robotis_ws/install/joystick_listener:/home/lemmy/robotis_ws/install/dynamixel_sdk_examples:/home/lemmy/ros2_ws/install/pantilt_bot_description:/home/lemmy/ros2_ws/install/open_manipulator_x_description:/home/lemmy/ros2_ws/install/dynamixel_hardware:/home/lemmy/robotis_ws/install/wheels_control:/home/lemmy/ros2_ws/install/my_robot_controller:/opt/ros/humble LD_LIBRARY_PATH=/home/lemmy/robotis_ws/install/dynamixel_sdk_custom_interfaces/lib:/home/lemmy/robotis_ws/install/dynamixel_sdk/lib:/home/lemmy/robotis_ws/install/joystick_listener/lib:/home/lemmy/ros2_ws/install/dynamixel_hardware/lib:/opt/ros/humble/opt/rviz_ogre_vendor/lib:/opt/ros/humble/lib/aarch64-linux-gnu:/opt/ros/humble/lib PYTHONPATH=/home/lemmy/robotis_ws/install/dynamixel_sdk_custom_interfaces/lib/python3.10/site-packages:/home/lemmy/robotis_ws/install/wheels_control/lib/python3.10/site-packages:/home/lemmy/robotis_ws/install/joystick_listener/lib/python3.10/site-packages:/home/lemmy/ros2_ws/install/my_robot_controller/lib/python3.10/site-packages:/opt/ros/humble/lib/python3.10/site-packages:/opt/ros/humble/local/lib/python3.10/dist-packages /usr/bin/cmake --build /home/lemmy/robotis_ws/build/dynamixel_sdk_examples -- -j4 -l4
