[5.664s] Invoking command in '/home/lemmy/robotis_ws/src/wheels_control': PS1=(venv) \[\e]0;\u@\h: \w\a\]${debian_chroot:+($debian_chroot)}\[\033[01;32m\]\u@\h\[\033[00m\]:\[\033[01;34m\]\w\[\033[00m\]\$ PYTHONPATH=/home/lemmy/robotis_ws/build/wheels_control/prefix_override:/home/lemmy/robotis_ws/install/wheels_control/lib/python3.10/site-packages:${PYTHONPATH} /usr/bin/python3 -W ignore:setup.py install is deprecated setup.py egg_info --egg-base ../../build/wheels_control build --build-base /home/lemmy/robotis_ws/build/wheels_control/build install --record /home/lemmy/robotis_ws/build/wheels_control/install.log --single-version-externally-managed install_data
[7.806s] running egg_info
[7.814s] writing ../../build/wheels_control/wheels_control.egg-info/PKG-INFO
[7.816s] writing dependency_links to ../../build/wheels_control/wheels_control.egg-info/dependency_links.txt
[7.834s] writing entry points to ../../build/wheels_control/wheels_control.egg-info/entry_points.txt
[7.849s] writing requirements to ../../build/wheels_control/wheels_control.egg-info/requires.txt
[7.852s] writing top-level names to ../../build/wheels_control/wheels_control.egg-info/top_level.txt
[7.869s] reading manifest file '../../build/wheels_control/wheels_control.egg-info/SOURCES.txt'
[7.870s] adding license file 'LICENSE'
[7.871s] writing manifest file '../../build/wheels_control/wheels_control.egg-info/SOURCES.txt'
[7.874s] running build
[7.876s] running build_py
[7.894s] running install
[7.896s] running install_lib
[7.898s] running install_data
[7.901s] running install_egg_info
[7.909s] removing '/home/lemmy/robotis_ws/install/wheels_control/lib/python3.10/site-packages/wheels_control-0.0.0-py3.10.egg-info' (and everything under it)
[7.910s] Copying ../../build/wheels_control/wheels_control.egg-info to /home/lemmy/robotis_ws/install/wheels_control/lib/python3.10/site-packages/wheels_control-0.0.0-py3.10.egg-info
[7.911s] running install_scripts
[8.040s] Installing wheels_control script to /home/lemmy/robotis_ws/install/wheels_control/lib/wheels_control
[8.047s] writing list of installed files to '/home/lemmy/robotis_ws/build/wheels_control/install.log'
[8.282s] Invoked command in '/home/lemmy/robotis_ws/src/wheels_control' returned '0': PS1=(venv) \[\e]0;\u@\h: \w\a\]${debian_chroot:+($debian_chroot)}\[\033[01;32m\]\u@\h\[\033[00m\]:\[\033[01;34m\]\w\[\033[00m\]\$ PYTHONPATH=/home/lemmy/robotis_ws/build/wheels_control/prefix_override:/home/lemmy/robotis_ws/install/wheels_control/lib/python3.10/site-packages:${PYTHONPATH} /usr/bin/python3 -W ignore:setup.py install is deprecated setup.py egg_info --egg-base ../../build/wheels_control build --build-base /home/lemmy/robotis_ws/build/wheels_control/build install --record /home/lemmy/robotis_ws/build/wheels_control/install.log --single-version-externally-managed install_data
