[0.279s] Invoking command in '/home/lemmy/robotis_ws/build/dynamixel_sdk': CMAKE_PREFIX_PATH=${CMAKE_PREFIX_PATH}:/home/lemmy/robotis_ws/install/wheels_control:/home/lemmy/ros2_ws/install/my_robot_controller:/opt/ros/humble PS1=(venv) \[\e]0;\u@\h: \w\a\]${debian_chroot:+($debian_chroot)}\[\033[01;32m\]\u@\h\[\033[00m\]:\[\033[01;34m\]\w\[\033[00m\]\$ /usr/bin/cmake --build /home/lemmy/robotis_ws/build/dynamixel_sdk -- -j4 -l4
[0.910s] [100%] Built target dynamixel_sdk
[3.729s] Invoked command in '/home/lemmy/robotis_ws/build/dynamixel_sdk' returned '0': CMAKE_PREFIX_PATH=${CMAKE_PREFIX_PATH}:/home/lemmy/robotis_ws/install/wheels_control:/home/lemmy/ros2_ws/install/my_robot_controller:/opt/ros/humble PS1=(venv) \[\e]0;\u@\h: \w\a\]${debian_chroot:+($debian_chroot)}\[\033[01;32m\]\u@\h\[\033[00m\]:\[\033[01;34m\]\w\[\033[00m\]\$ /usr/bin/cmake --build /home/lemmy/robotis_ws/build/dynamixel_sdk -- -j4 -l4
[4.319s] Invoking command in '/home/lemmy/robotis_ws/build/dynamixel_sdk': CMAKE_PREFIX_PATH=${CMAKE_PREFIX_PATH}:/home/lemmy/robotis_ws/install/wheels_control:/home/lemmy/ros2_ws/install/my_robot_controller:/opt/ros/humble PS1=(venv) \[\e]0;\u@\h: \w\a\]${debian_chroot:+($debian_chroot)}\[\033[01;32m\]\u@\h\[\033[00m\]:\[\033[01;34m\]\w\[\033[00m\]\$ /usr/bin/cmake --install /home/lemmy/robotis_ws/build/dynamixel_sdk
[4.353s] -- Install configuration: ""
[4.354s] -- Up-to-date: /home/lemmy/robotis_ws/install/dynamixel_sdk/include/
[4.355s] -- Up-to-date: /home/lemmy/robotis_ws/install/dynamixel_sdk/include//dynamixel_sdk
[4.356s] -- Up-to-date: /home/lemmy/robotis_ws/install/dynamixel_sdk/include//dynamixel_sdk/port_handler.h
[4.357s] -- Up-to-date: /home/lemmy/robotis_ws/install/dynamixel_sdk/include//dynamixel_sdk/dynamixel_sdk.h
[4.358s] -- Up-to-date: /home/lemmy/robotis_ws/install/dynamixel_sdk/include//dynamixel_sdk/protocol2_packet_handler.h
[4.359s] -- Up-to-date: /home/lemmy/robotis_ws/install/dynamixel_sdk/include//dynamixel_sdk/port_handler_mac.h
[4.361s] -- Up-to-date: /home/lemmy/robotis_ws/install/dynamixel_sdk/include//dynamixel_sdk/port_handler_linux.h
[4.362s] -- Up-to-date: /home/lemmy/robotis_ws/install/dynamixel_sdk/include//dynamixel_sdk/protocol1_packet_handler.h
[4.372s] -- Up-to-date: /home/lemmy/robotis_ws/install/dynamixel_sdk/include//dynamixel_sdk/port_handler_windows.h
[4.373s] -- Up-to-date: /home/lemmy/robotis_ws/install/dynamixel_sdk/include//dynamixel_sdk/group_bulk_read.h
[4.374s] -- Up-to-date: /home/lemmy/robotis_ws/install/dynamixel_sdk/include//dynamixel_sdk/group_sync_write.h
[4.374s] -- Up-to-date: /home/lemmy/robotis_ws/install/dynamixel_sdk/include//dynamixel_sdk/group_sync_read.h
[4.375s] -- Up-to-date: /home/lemmy/robotis_ws/install/dynamixel_sdk/include//dynamixel_sdk/packet_handler.h
[4.376s] -- Up-to-date: /home/lemmy/robotis_ws/install/dynamixel_sdk/include//dynamixel_sdk/group_bulk_write.h
[4.382s] -- Up-to-date: /home/lemmy/robotis_ws/install/dynamixel_sdk/include//dynamixel_sdk/port_handler_arduino.h
[4.399s] -- Up-to-date: /home/lemmy/robotis_ws/install/dynamixel_sdk/lib/libdynamixel_sdk.so
[4.400s] -- Up-to-date: /home/lemmy/robotis_ws/install/dynamixel_sdk/share/dynamixel_sdk/environment/library_path.sh
[4.401s] -- Up-to-date: /home/lemmy/robotis_ws/install/dynamixel_sdk/share/dynamixel_sdk/environment/library_path.dsv
[4.405s] -- Up-to-date: /home/lemmy/robotis_ws/install/dynamixel_sdk/share/ament_index/resource_index/package_run_dependencies/dynamixel_sdk
[4.405s] -- Up-to-date: /home/lemmy/robotis_ws/install/dynamixel_sdk/share/ament_index/resource_index/parent_prefix_path/dynamixel_sdk
[4.406s] -- Up-to-date: /home/lemmy/robotis_ws/install/dynamixel_sdk/share/dynamixel_sdk/environment/ament_prefix_path.sh
[4.406s] -- Up-to-date: /home/lemmy/robotis_ws/install/dynamixel_sdk/share/dynamixel_sdk/environment/ament_prefix_path.dsv
[4.407s] -- Up-to-date: /home/lemmy/robotis_ws/install/dynamixel_sdk/share/dynamixel_sdk/environment/path.sh
[4.407s] -- Up-to-date: /home/lemmy/robotis_ws/install/dynamixel_sdk/share/dynamixel_sdk/environment/path.dsv
[4.408s] -- Up-to-date: /home/lemmy/robotis_ws/install/dynamixel_sdk/share/dynamixel_sdk/local_setup.bash
[4.408s] -- Up-to-date: /home/lemmy/robotis_ws/install/dynamixel_sdk/share/dynamixel_sdk/local_setup.sh
[4.410s] -- Up-to-date: /home/lemmy/robotis_ws/install/dynamixel_sdk/share/dynamixel_sdk/local_setup.zsh
[4.410s] -- Up-to-date: /home/lemmy/robotis_ws/install/dynamixel_sdk/share/dynamixel_sdk/local_setup.dsv
[4.411s] -- Installing: /home/lemmy/robotis_ws/install/dynamixel_sdk/share/dynamixel_sdk/package.dsv
[4.411s] -- Up-to-date: /home/lemmy/robotis_ws/install/dynamixel_sdk/share/ament_index/resource_index/packages/dynamixel_sdk
[4.412s] -- Up-to-date: /home/lemmy/robotis_ws/install/dynamixel_sdk/share/dynamixel_sdk/cmake/ament_cmake_export_include_directories-extras.cmake
[4.412s] -- Up-to-date: /home/lemmy/robotis_ws/install/dynamixel_sdk/share/dynamixel_sdk/cmake/ament_cmake_export_libraries-extras.cmake
[4.415s] -- Up-to-date: /home/lemmy/robotis_ws/install/dynamixel_sdk/share/dynamixel_sdk/cmake/dynamixel_sdkConfig.cmake
[4.436s] -- Up-to-date: /home/lemmy/robotis_ws/install/dynamixel_sdk/share/dynamixel_sdk/cmake/dynamixel_sdkConfig-version.cmake
[4.437s] -- Up-to-date: /home/lemmy/robotis_ws/install/dynamixel_sdk/share/dynamixel_sdk/package.xml
[4.438s] Invoked command in '/home/lemmy/robotis_ws/build/dynamixel_sdk' returned '0': CMAKE_PREFIX_PATH=${CMAKE_PREFIX_PATH}:/home/lemmy/robotis_ws/install/wheels_control:/home/lemmy/ros2_ws/install/my_robot_controller:/opt/ros/humble PS1=(venv) \[\e]0;\u@\h: \w\a\]${debian_chroot:+($debian_chroot)}\[\033[01;32m\]\u@\h\[\033[00m\]:\[\033[01;34m\]\w\[\033[00m\]\$ /usr/bin/cmake --install /home/lemmy/robotis_ws/build/dynamixel_sdk
